INFO: [HLS 200-0] Workspace Y:/Documents/MesDocuments/Cours_nsave/Enseirb-E3_nsave/pr310/git/Xavier_commit/hls/main_module/solution1 opened at Thu Jan 18 15:12:50 +0100 2018
Execute     config_clock -quiet -name default -period 10 -default=false 
INFO: [SYN 201-201] Setting up clock 'default' with a period of 10ns.
Command     config_clock returned 0; 0.001 sec.
Execute     open_platform DefaultPlatform 
Command     open_platform returned 0; 0 sec.
Execute     import_lib C:/Xilinx/Vivado/2017.3/common/technology/xilinx/artix7/artix7 
Execute       source C:/Xilinx/Vivado/2017.3/common/technology/xilinx/common/xilinx.lib 
Execute         source C:/Xilinx/Vivado/2017.3/common/technology/xilinx/interface/xilinx_interface.lib 
Execute           source C:/Xilinx/Vivado/2017.3/common/technology/xilinx/interface/plb46.lib 
Command           ap_source returned 0; 0 sec.
Execute           source C:/Xilinx/Vivado/2017.3/common/technology/xilinx/interface/fsl.lib 
Command           ap_source returned 0; 0 sec.
Execute           source C:/Xilinx/Vivado/2017.3/common/technology/xilinx/interface/axi4.lib 
Command           ap_source returned 0; 0 sec.
Execute           source C:/Xilinx/Vivado/2017.3/common/technology/xilinx/interface/maxi.lib 
Command           ap_source returned 0; 0.001 sec.
Execute           source C:/Xilinx/Vivado/2017.3/common/technology/xilinx/interface/saxilite.lib 
Command           ap_source returned 0; 0 sec.
Command         ap_source returned 0; 0.003 sec.
Execute         source C:/Xilinx/Vivado/2017.3/common/technology/xilinx/common/dsp48.lib 
Command         ap_source returned 0; 0 sec.
Execute         source C:/Xilinx/Vivado/2017.3/common/technology/xilinx/ip/dds_compiler.lib 
Command         ap_source returned 0; 0.001 sec.
Execute         source C:/Xilinx/Vivado/2017.3/common/technology/xilinx/ip/xfft.lib 
Command         ap_source returned 0; 0.001 sec.
Execute         source C:/Xilinx/Vivado/2017.3/common/technology/xilinx/ip/xfir.lib 
Command         ap_source returned 0; 0.001 sec.
Command       ap_source returned 0; 0.026 sec.
Execute       source C:/Xilinx/Vivado/2017.3/common/technology/xilinx/common/xilinx_old.lib 
Command       ap_source returned 0; 0.002 sec.
Execute       source C:/Xilinx/Vivado/2017.3/common/technology/xilinx/common/xilinx_vivado.lib 
Command       ap_source returned 0; 0.002 sec.
Execute       source C:/Xilinx/Vivado/2017.3/common/technology/xilinx/common/xilinx.hlp 
Execute         source C:/Xilinx/Vivado/2017.3/common/technology/xilinx/common/target_info.tcl 
Command         ap_source returned 0; 0.001 sec.
Execute         source C:/Xilinx/Vivado/2017.3/common/technology/xilinx/interface/xilinx_interface.hlp 
Execute           source C:/Xilinx/Vivado/2017.3/common/technology/xilinx/interface/maxi.hlp 
Command           ap_source returned 0; 0.001 sec.
Execute           source C:/Xilinx/Vivado/2017.3/common/technology/xilinx/interface/saxilite.hlp 
Command           ap_source returned 0; 0.001 sec.
Command         ap_source returned 0; 0.002 sec.
Execute         source C:/Xilinx/Vivado/2017.3/common/technology/xilinx/common/dsp48.hlp 
Command         ap_source returned 0; 0.002 sec.
Command       ap_source returned 0; 0.011 sec.
Execute       source C:/Xilinx/Vivado/2017.3/common/technology/xilinx/artix7/dsp48e1.hlp 
Command       ap_source returned 0; 0.001 sec.
Execute       get_default_platform 
Command       get_default_platform returned 0; 0 sec.
Execute       config_chip_info -quiet -resource  {SLICE 15850} {LUT 63400}     {FF 126800} {DSP48E 240}    {BRAM 270}  
Command       config_chip_info returned 0; 0 sec.
Execute       config_chip_info -quiet -speed medium 
Command       config_chip_info returned 0; 0 sec.
Execute       source C:/Xilinx/Vivado/2017.3/common/technology/xilinx/common/xilinx.hlp 
Execute         source C:/Xilinx/Vivado/2017.3/common/technology/xilinx/common/target_info.tcl 
Command         ap_source returned 0; 0.002 sec.
Execute         source C:/Xilinx/Vivado/2017.3/common/technology/xilinx/interface/xilinx_interface.hlp 
Execute           source C:/Xilinx/Vivado/2017.3/common/technology/xilinx/interface/maxi.hlp 
Command           ap_source returned 0; 0.001 sec.
Execute           source C:/Xilinx/Vivado/2017.3/common/technology/xilinx/interface/saxilite.hlp 
Command           ap_source returned 0; 0.001 sec.
Command         ap_source returned 0; 0.003 sec.
Execute         source C:/Xilinx/Vivado/2017.3/common/technology/xilinx/common/dsp48.hlp 
Command         ap_source returned 0; 0.004 sec.
Command       ap_source returned 0; 0.015 sec.
Command     import_lib returned 0; 0.074 sec.
Execute     source C:/Xilinx/Vivado/2017.3/common/technology/xilinx/artix7/artix7.gen 
Execute       source C:/Xilinx/Vivado/2017.3/common/technology/xilinx/common/virtex.gen 
Execute         source C:/Xilinx/Vivado/2017.3/common/technology/xilinx/common/xilinx.gen 
Execute           source C:/Xilinx/Vivado/2017.3/common/technology/xilinx/interface/plb46.gen 
Command           ap_source returned 0; 0.003 sec.
Execute           source C:/Xilinx/Vivado/2017.3/common/technology/xilinx/interface/fsl.gen 
Command           ap_source returned 0; 0.001 sec.
Execute           source C:/Xilinx/Vivado/2017.3/common/technology/xilinx/interface/axi4.gen 
Command           ap_source returned 0; 0.008 sec.
Execute           source C:/Xilinx/Vivado/2017.3/common/technology/xilinx/interface/nativeAXI4.gen 
Execute             source C:/Xilinx/Vivado/2017.3/common/technology/xilinx/interface/saxilite.gen 
Command             ap_source returned 0; 0.012 sec.
Execute             source C:/Xilinx/Vivado/2017.3/common/technology/xilinx/interface/maxi.gen 
Command             ap_source returned 0; 0.025 sec.
Command           ap_source returned 0; 0.044 sec.
Execute           source C:/Xilinx/Vivado/2017.3/common/technology/xilinx/scripts/xilinxcoregen.gen 
Command           ap_source returned 0; 0.028 sec.
Execute           source C:/Xilinx/Vivado/2017.3/common/technology/xilinx/interface/XilEDKCoreGen.gen 
Command           ap_source returned 0; 0.012 sec.
Execute           source C:/Xilinx/Vivado/2017.3/common/technology/xilinx/ip/dds_compiler.gen 
Command           ap_source returned 0; 0.009 sec.
Execute           source C:/Xilinx/Vivado/2017.3/common/technology/xilinx/ip/util.gen 
Command           ap_source returned 0; 0 sec.
Execute           source C:/Xilinx/Vivado/2017.3/common/technology/xilinx/ip/xfft.gen 
Command           ap_source returned 0; 0.241 sec.
Execute           source C:/Xilinx/Vivado/2017.3/common/technology/xilinx/ip/xfir.gen 
Command           ap_source returned 0; 0.001 sec.
Command         ap_source returned 0; 0.356 sec.
Execute         source C:/Xilinx/Vivado/2017.3/common/technology/xilinx/common/dsp48.gen 
Command         ap_source returned 0; 0 sec.
Command       ap_source returned 0; 0.361 sec.
Command     ap_source returned 0; 0.362 sec.
Execute     open_platform DefaultPlatform 
Command     open_platform returned 0; 0 sec.
Execute     import_lib C:/Xilinx/Vivado/2017.3/common/technology/xilinx/artix7/artix7_fpv6 
Execute       source C:/Xilinx/Vivado/2017.3/common/technology/xilinx/common/xilinx_fpv7.lib 
Execute         source C:/Xilinx/Vivado/2017.3/common/technology/xilinx/common/xilinx_hp.lib 
Command         ap_source returned 0; 0.001 sec.
Command       ap_source returned 0; 0.005 sec.
Execute       source C:/Xilinx/Vivado/2017.3/common/technology/xilinx/common/xilinx_fpv.hlp 
Execute         source C:/Xilinx/Vivado/2017.3/common/technology/xilinx/common/xilinx.hlp 
Execute           source C:/Xilinx/Vivado/2017.3/common/technology/xilinx/common/target_info.tcl 
Command           ap_source returned 0; 0.002 sec.
Execute           source C:/Xilinx/Vivado/2017.3/common/technology/xilinx/interface/xilinx_interface.hlp 
Execute             source C:/Xilinx/Vivado/2017.3/common/technology/xilinx/interface/maxi.hlp 
Command             ap_source returned 0; 0.001 sec.
Execute             source C:/Xilinx/Vivado/2017.3/common/technology/xilinx/interface/saxilite.hlp 
Command             ap_source returned 0; 0.001 sec.
Command           ap_source returned 0; 0.002 sec.
Execute           source C:/Xilinx/Vivado/2017.3/common/technology/xilinx/common/dsp48.hlp 
Command           ap_source returned 0; 0.001 sec.
Command         ap_source returned 0; 0.01 sec.
Command       ap_source returned 0; 0.012 sec.
Execute       source C:/Xilinx/Vivado/2017.3/common/technology/xilinx/artix7/artix7_hp.hlp 
Command       ap_source returned 0; 0.003 sec.
Command     import_lib returned 0; 0.047 sec.
Execute     source C:/Xilinx/Vivado/2017.3/common/technology/xilinx/artix7/artix7_fpv6.gen 
Execute       source C:/Xilinx/Vivado/2017.3/common/technology/xilinx/common/xilinx_fpv6.gen 
Command       ap_source returned 0; 0.003 sec.
Command     ap_source returned 0; 0.004 sec.
Execute     set_part xc7a100tcsg324-1 
Execute       add_library xilinx/artix7/artix7:xc7a100t:csg324:-1 
Execute         get_default_platform 
Command         get_default_platform returned 0; 0 sec.
Execute         license_isbetapart xc7a100t 
Command         license_isbetapart returned 1; 0.023 sec.
Execute         get_default_platform 
Command         get_default_platform returned 0; 0 sec.
Execute         config_chip_info -quiet -resource  {SLICE 15850} {LUT 63400}     {FF 126800} {DSP48E 240}    {BRAM 270}  
Command         config_chip_info returned 0; 0 sec.
Execute         config_chip_info -quiet -speed slow 
Command         config_chip_info returned 0; 0 sec.
Command       add_library returned 0; 0.053 sec.
Execute       add_library xilinx/artix7/artix7_fpv6 
Execute         get_default_platform 
Command         get_default_platform returned 0; 0 sec.
Command       add_library returned 0; 0.005 sec.
INFO: [HLS 200-10] Setting target device to 'xc7a100tcsg324-1'
Execute       get_default_platform 
Command       get_default_platform returned 0; 0 sec.
Command     set_part returned 0; 0.141 sec.
Execute     get_default_platform 
Command     get_default_platform returned 0; 0 sec.
Execute     config_chip_info -quiet -resource  {SLICE 15850} {LUT 63400}     {FF 126800} {DSP48E 240}    {BRAM 270}  
Command     config_chip_info returned 0; 0 sec.
Execute     config_chip_info -quiet -speed slow 
Command     config_chip_info returned 0; 0 sec.
Command   open_solution returned 0; 0.774 sec.
Execute   csim_design -quiet 
Execute     source Y:/Documents/MesDocuments/Cours_nsave/Enseirb-E3_nsave/pr310/git/Xavier_commit/hls/main_module/solution1/.autopilot/db/global.setting.tcl 
Command     ap_source returned 0; 0.007 sec.
INFO: [SIM 211-2] *************** CSIM start ***************
INFO: [SIM 211-4] CSIM will launch GCC as the compiler.
Execute     source csim/.lst_opt.tcl 
Command     ap_source returned 0; 0.009 sec.
Execute     is_encrypted Y:/Documents/MesDocuments/Cours_nsave/Enseirb-E3_nsave/pr310/git/Xavier_commit/hls/src/tb/tb_carre.cpp 
Command     is_encrypted returned 0; 0.001 sec.
Execute     is_xip Y:/Documents/MesDocuments/Cours_nsave/Enseirb-E3_nsave/pr310/git/Xavier_commit/hls/src/tb/tb_carre.cpp 
Command     is_xip returned 0; 0.001 sec.
Execute     is_encrypted Y:/Documents/MesDocuments/Cours_nsave/Enseirb-E3_nsave/pr310/git/Xavier_commit/hls/src/analyseur/sc_store.h 
Command     is_encrypted returned 0; 0.002 sec.
Execute     is_xip Y:/Documents/MesDocuments/Cours_nsave/Enseirb-E3_nsave/pr310/git/Xavier_commit/hls/src/analyseur/sc_store.h 
Command     is_xip returned 0; 0.001 sec.
Execute     is_encrypted Y:/Documents/MesDocuments/Cours_nsave/Enseirb-E3_nsave/pr310/git/Xavier_commit/hls/src/analyseur/sc_store.cpp 
Command     is_encrypted returned 0; 0.002 sec.
Execute     is_xip Y:/Documents/MesDocuments/Cours_nsave/Enseirb-E3_nsave/pr310/git/Xavier_commit/hls/src/analyseur/sc_store.cpp 
Command     is_xip returned 0; 0.001 sec.
Execute     is_encrypted Y:/Documents/MesDocuments/Cours_nsave/Enseirb-E3_nsave/pr310/git/Xavier_commit/hls/src/gene/gene.h 
Command     is_encrypted returned 0; 0.002 sec.
Execute     is_xip Y:/Documents/MesDocuments/Cours_nsave/Enseirb-E3_nsave/pr310/git/Xavier_commit/hls/src/gene/gene.h 
Command     is_xip returned 0; 0.001 sec.
Execute     is_encrypted Y:/Documents/MesDocuments/Cours_nsave/Enseirb-E3_nsave/pr310/git/Xavier_commit/hls/src/gene/gene.cpp 
Command     is_encrypted returned 0; 0.001 sec.
Execute     is_xip Y:/Documents/MesDocuments/Cours_nsave/Enseirb-E3_nsave/pr310/git/Xavier_commit/hls/src/gene/gene.cpp 
Command     is_xip returned 0; 0.001 sec.
Execute     is_encrypted Y:/Documents/MesDocuments/Cours_nsave/Enseirb-E3_nsave/pr310/git/Xavier_commit/hls/src/gene/carre_soft.h 
Command     is_encrypted returned 0; 0.001 sec.
Execute     is_xip Y:/Documents/MesDocuments/Cours_nsave/Enseirb-E3_nsave/pr310/git/Xavier_commit/hls/src/gene/carre_soft.h 
Command     is_xip returned 0; 0.001 sec.
Execute     is_encrypted Y:/Documents/MesDocuments/Cours_nsave/Enseirb-E3_nsave/pr310/git/Xavier_commit/hls/src/gene/carre_soft.cpp 
Command     is_encrypted returned 0; 0 sec.
Execute     is_xip Y:/Documents/MesDocuments/Cours_nsave/Enseirb-E3_nsave/pr310/git/Xavier_commit/hls/src/gene/carre_soft.cpp 
Command     is_xip returned 0; 0.001 sec.
Execute     is_encrypted Y:/Documents/MesDocuments/Cours_nsave/Enseirb-E3_nsave/pr310/git/Xavier_commit/hls/src/analyseur/analyseur.h 
Command     is_encrypted returned 0; 0.002 sec.
Execute     is_xip Y:/Documents/MesDocuments/Cours_nsave/Enseirb-E3_nsave/pr310/git/Xavier_commit/hls/src/analyseur/analyseur.h 
Command     is_xip returned 0; 0.001 sec.
Execute     is_encrypted Y:/Documents/MesDocuments/Cours_nsave/Enseirb-E3_nsave/pr310/git/Xavier_commit/hls/src/analyseur/analyseur.cpp 
Command     is_encrypted returned 0; 0.003 sec.
Execute     is_xip Y:/Documents/MesDocuments/Cours_nsave/Enseirb-E3_nsave/pr310/git/Xavier_commit/hls/src/analyseur/analyseur.cpp 
Command     is_xip returned 0; 0.001 sec.
Execute     is_encrypted Y:/Documents/MesDocuments/Cours_nsave/Enseirb-E3_nsave/pr310/git/Xavier_commit/hls/src/modules/UartModIn.cpp 
Command     is_encrypted returned 0; 0.001 sec.
Execute     is_xip Y:/Documents/MesDocuments/Cours_nsave/Enseirb-E3_nsave/pr310/git/Xavier_commit/hls/src/modules/UartModIn.cpp 
Command     is_xip returned 0; 0.001 sec.
Execute     is_encrypted Y:/Documents/MesDocuments/Cours_nsave/Enseirb-E3_nsave/pr310/git/Xavier_commit/hls/src/modules/UartModIn.h 
Command     is_encrypted returned 0; 0 sec.
Execute     is_xip Y:/Documents/MesDocuments/Cours_nsave/Enseirb-E3_nsave/pr310/git/Xavier_commit/hls/src/modules/UartModIn.h 
Command     is_xip returned 0; 0.001 sec.
Execute     is_encrypted Y:/Documents/MesDocuments/Cours_nsave/Enseirb-E3_nsave/pr310/git/Xavier_commit/hls/src/modules/UartModOut.cpp 
Command     is_encrypted returned 0; 0.002 sec.
Execute     is_xip Y:/Documents/MesDocuments/Cours_nsave/Enseirb-E3_nsave/pr310/git/Xavier_commit/hls/src/modules/UartModOut.cpp 
Command     is_xip returned 0; 0.001 sec.
Execute     is_encrypted Y:/Documents/MesDocuments/Cours_nsave/Enseirb-E3_nsave/pr310/git/Xavier_commit/hls/src/modules/UartModOut.h 
Command     is_encrypted returned 0; 0.002 sec.
Execute     is_xip Y:/Documents/MesDocuments/Cours_nsave/Enseirb-E3_nsave/pr310/git/Xavier_commit/hls/src/modules/UartModOut.h 
Command     is_xip returned 0; 0 sec.
Execute     is_encrypted Y:/Documents/MesDocuments/Cours_nsave/Enseirb-E3_nsave/pr310/git/Xavier_commit/hls/src/modules/carre.cpp 
Command     is_encrypted returned 0; 0.002 sec.
Execute     is_xip Y:/Documents/MesDocuments/Cours_nsave/Enseirb-E3_nsave/pr310/git/Xavier_commit/hls/src/modules/carre.cpp 
Command     is_xip returned 0; 0.001 sec.
Execute     is_encrypted Y:/Documents/MesDocuments/Cours_nsave/Enseirb-E3_nsave/pr310/git/Xavier_commit/hls/src/modules/carre.h 
Command     is_encrypted returned 0; 0.001 sec.
Execute     is_xip Y:/Documents/MesDocuments/Cours_nsave/Enseirb-E3_nsave/pr310/git/Xavier_commit/hls/src/modules/carre.h 
Command     is_xip returned 0; 0.001 sec.
Execute     is_encrypted Y:/Documents/MesDocuments/Cours_nsave/Enseirb-E3_nsave/pr310/git/Xavier_commit/hls/src/modules/comparateur.cpp 
Command     is_encrypted returned 0; 0.001 sec.
Execute     is_xip Y:/Documents/MesDocuments/Cours_nsave/Enseirb-E3_nsave/pr310/git/Xavier_commit/hls/src/modules/comparateur.cpp 
Command     is_xip returned 0; 0.001 sec.
Execute     is_encrypted Y:/Documents/MesDocuments/Cours_nsave/Enseirb-E3_nsave/pr310/git/Xavier_commit/hls/src/modules/comparateur.h 
Command     is_encrypted returned 0; 0.003 sec.
Execute     is_xip Y:/Documents/MesDocuments/Cours_nsave/Enseirb-E3_nsave/pr310/git/Xavier_commit/hls/src/modules/comparateur.h 
Command     is_xip returned 0; 0.002 sec.
Execute     is_encrypted Y:/Documents/MesDocuments/Cours_nsave/Enseirb-E3_nsave/pr310/git/Xavier_commit/hls/src/modules/constant.h 
Command     is_encrypted returned 0; 0.002 sec.
Execute     is_xip Y:/Documents/MesDocuments/Cours_nsave/Enseirb-E3_nsave/pr310/git/Xavier_commit/hls/src/modules/constant.h 
Command     is_xip returned 0; 0.001 sec.
Execute     is_encrypted Y:/Documents/MesDocuments/Cours_nsave/Enseirb-E3_nsave/pr310/git/Xavier_commit/hls/src/modules/doubleur.cpp 
Command     is_encrypted returned 0; 0.001 sec.
Execute     is_xip Y:/Documents/MesDocuments/Cours_nsave/Enseirb-E3_nsave/pr310/git/Xavier_commit/hls/src/modules/doubleur.cpp 
Command     is_xip returned 0; 0.001 sec.
Execute     is_encrypted Y:/Documents/MesDocuments/Cours_nsave/Enseirb-E3_nsave/pr310/git/Xavier_commit/hls/src/modules/doubleur.h 
Command     is_encrypted returned 0; 0.002 sec.
Execute     is_xip Y:/Documents/MesDocuments/Cours_nsave/Enseirb-E3_nsave/pr310/git/Xavier_commit/hls/src/modules/doubleur.h 
Command     is_xip returned 0; 0 sec.
Execute     is_encrypted Y:/Documents/MesDocuments/Cours_nsave/Enseirb-E3_nsave/pr310/git/Xavier_commit/hls/src/modules/filtre1.cpp 
Command     is_encrypted returned 0; 0.002 sec.
Execute     is_xip Y:/Documents/MesDocuments/Cours_nsave/Enseirb-E3_nsave/pr310/git/Xavier_commit/hls/src/modules/filtre1.cpp 
Command     is_xip returned 0; 0.001 sec.
Execute     is_encrypted Y:/Documents/MesDocuments/Cours_nsave/Enseirb-E3_nsave/pr310/git/Xavier_commit/hls/src/modules/filtre1.h 
Command     is_encrypted returned 0; 0.001 sec.
Execute     is_xip Y:/Documents/MesDocuments/Cours_nsave/Enseirb-E3_nsave/pr310/git/Xavier_commit/hls/src/modules/filtre1.h 
Command     is_xip returned 0; 0.001 sec.
Execute     is_encrypted Y:/Documents/MesDocuments/Cours_nsave/Enseirb-E3_nsave/pr310/git/Xavier_commit/hls/src/modules/filtre2.cpp 
Command     is_encrypted returned 0; 0.002 sec.
Execute     is_xip Y:/Documents/MesDocuments/Cours_nsave/Enseirb-E3_nsave/pr310/git/Xavier_commit/hls/src/modules/filtre2.cpp 
Command     is_xip returned 0; 0.001 sec.
Execute     is_encrypted Y:/Documents/MesDocuments/Cours_nsave/Enseirb-E3_nsave/pr310/git/Xavier_commit/hls/src/modules/filtre2.h 
Command     is_encrypted returned 0; 0.001 sec.
Execute     is_xip Y:/Documents/MesDocuments/Cours_nsave/Enseirb-E3_nsave/pr310/git/Xavier_commit/hls/src/modules/filtre2.h 
Command     is_xip returned 0; 0 sec.
Execute     is_encrypted Y:/Documents/MesDocuments/Cours_nsave/Enseirb-E3_nsave/pr310/git/Xavier_commit/hls/src/modules/oled_process.cpp 
Command     is_encrypted returned 0; 0.001 sec.
Execute     is_xip Y:/Documents/MesDocuments/Cours_nsave/Enseirb-E3_nsave/pr310/git/Xavier_commit/hls/src/modules/oled_process.cpp 
Command     is_xip returned 0; 0.001 sec.
Execute     is_encrypted Y:/Documents/MesDocuments/Cours_nsave/Enseirb-E3_nsave/pr310/git/Xavier_commit/hls/src/modules/oled_process.h 
Command     is_encrypted returned 0; 0.002 sec.
Execute     is_xip Y:/Documents/MesDocuments/Cours_nsave/Enseirb-E3_nsave/pr310/git/Xavier_commit/hls/src/modules/oled_process.h 
Command     is_xip returned 0; 0.001 sec.
Execute     is_encrypted Y:/Documents/MesDocuments/Cours_nsave/Enseirb-E3_nsave/pr310/git/Xavier_commit/hls/src/modules/racine.cpp 
Command     is_encrypted returned 0; 0.002 sec.
Execute     is_xip Y:/Documents/MesDocuments/Cours_nsave/Enseirb-E3_nsave/pr310/git/Xavier_commit/hls/src/modules/racine.cpp 
Command     is_xip returned 0; 0.001 sec.
Execute     is_encrypted Y:/Documents/MesDocuments/Cours_nsave/Enseirb-E3_nsave/pr310/git/Xavier_commit/hls/src/modules/racine.h 
Command     is_encrypted returned 0; 0.001 sec.
Execute     is_xip Y:/Documents/MesDocuments/Cours_nsave/Enseirb-E3_nsave/pr310/git/Xavier_commit/hls/src/modules/racine.h 
Command     is_xip returned 0; 0 sec.
Execute     is_encrypted Y:/Documents/MesDocuments/Cours_nsave/Enseirb-E3_nsave/pr310/git/Xavier_commit/hls/src/modules/top_level.cpp 
Command     is_encrypted returned 0; 0.001 sec.
Execute     is_xip Y:/Documents/MesDocuments/Cours_nsave/Enseirb-E3_nsave/pr310/git/Xavier_commit/hls/src/modules/top_level.cpp 
Command     is_xip returned 0; 0.001 sec.
Execute     is_encrypted Y:/Documents/MesDocuments/Cours_nsave/Enseirb-E3_nsave/pr310/git/Xavier_commit/hls/src/modules/top_level.h 
Command     is_encrypted returned 0; 0.001 sec.
Execute     is_xip Y:/Documents/MesDocuments/Cours_nsave/Enseirb-E3_nsave/pr310/git/Xavier_commit/hls/src/modules/top_level.h 
Command     is_xip returned 0; 0 sec.
Execute     is_encrypted Y:/Documents/MesDocuments/Cours_nsave/Enseirb-E3_nsave/pr310/git/Xavier_commit/hls/src/modules/uart_wrapper.cpp 
Command     is_encrypted returned 0; 0.001 sec.
Execute     is_xip Y:/Documents/MesDocuments/Cours_nsave/Enseirb-E3_nsave/pr310/git/Xavier_commit/hls/src/modules/uart_wrapper.cpp 
Command     is_xip returned 0; 0.001 sec.
Execute     is_encrypted Y:/Documents/MesDocuments/Cours_nsave/Enseirb-E3_nsave/pr310/git/Xavier_commit/hls/src/modules/uart_wrapper.h 
Command     is_encrypted returned 0; 0.001 sec.
Execute     is_xip Y:/Documents/MesDocuments/Cours_nsave/Enseirb-E3_nsave/pr310/git/Xavier_commit/hls/src/modules/uart_wrapper.h 
Command     is_xip returned 0; 0.001 sec.
Execute     is_encrypted Y:/Documents/MesDocuments/Cours_nsave/Enseirb-E3_nsave/pr310/git/Xavier_commit/hls/src/modules/uart_wrapper_oled.cpp 
Command     is_encrypted returned 0; 0.001 sec.
Execute     is_xip Y:/Documents/MesDocuments/Cours_nsave/Enseirb-E3_nsave/pr310/git/Xavier_commit/hls/src/modules/uart_wrapper_oled.cpp 
Command     is_xip returned 0; 0 sec.
Execute     is_encrypted Y:/Documents/MesDocuments/Cours_nsave/Enseirb-E3_nsave/pr310/git/Xavier_commit/hls/src/modules/uart_wrapper_oled.h 
Command     is_encrypted returned 0; 0 sec.
Execute     is_xip Y:/Documents/MesDocuments/Cours_nsave/Enseirb-E3_nsave/pr310/git/Xavier_commit/hls/src/modules/uart_wrapper_oled.h 
Command     is_xip returned 0; 0.001 sec.
Execute     get_default_platform 
Command     get_default_platform returned 0; 0 sec.
Execute     source run_sim.tcl 
Command     ap_source returned 0; 46.346 sec.
INFO: [SIM 211-1] CSim done with 0 errors.
INFO: [SIM 211-3] *************** CSIM finish ***************
Command   csim_design returned 0; 77.872 sec.
Command ap_source returned 0; 78.673 sec.
Execute cleanup_all 
Command cleanup_all returned 0; 0.001 sec.
