

================================================================
== Vivado HLS Report for 'carre'
================================================================
* Date:           Thu Dec 21 14:59:07 2017

* Version:        2017.3 (Build 2018833 on Wed Oct 04 20:30:40 MDT 2017)
* Project:        main_module
* Solution:       solution1
* Product family: artix7
* Target device:  xc7a100tcsg324-1


================================================================
== Performance Estimates
================================================================
+ Timing (ns): 
    * Summary: 
    +--------+-------+----------+------------+
    |  Clock | Target| Estimated| Uncertainty|
    +--------+-------+----------+------------+
    |ap_clk  |  10.00|      5.78|        1.25|
    +--------+-------+----------+------------+

+ Latency (clock cycles): 
    * Summary: 
    +-----+-----+-----+-----+---------+
    |  Latency  |  Interval | Pipeline|
    | min | max | min | max |   Type  |
    +-----+-----+-----+-----+---------+
    |    0|    8|    1|    9|   none  |
    +-----+-----+-----+-----+---------+

    + Detail: 
        * Instance: 
        +--------------------------+----------------+-----+-----+-----+-----+---------+
        |                          |                |  Latency  |  Interval | Pipeline|
        |         Instance         |     Module     | min | max | min | max |   Type  |
        +--------------------------+----------------+-----+-----+-----+-----+---------+
        |grp_carre_do_carre_fu_66  |carre_do_carre  |    7|    7|    7|    7|   none  |
        +--------------------------+----------------+-----+-----+-----+-----+---------+

        * Loop: 
        N/A



================================================================
== Utilization Estimates
================================================================
* Summary: 
+-----------------+---------+-------+--------+-------+
|       Name      | BRAM_18K| DSP48E|   FF   |  LUT  |
+-----------------+---------+-------+--------+-------+
|DSP              |        -|      -|       -|      -|
|Expression       |        -|      -|       -|      -|
|FIFO             |        -|      -|       -|      -|
|Instance         |        -|      3|     214|    196|
|Memory           |        -|      -|       -|      -|
|Multiplexer      |        -|      -|       -|      -|
|Register         |        -|      -|       -|      -|
+-----------------+---------+-------+--------+-------+
|Total            |        0|      3|     214|    196|
+-----------------+---------+-------+--------+-------+
|Available        |      270|    240|  126800|  63400|
+-----------------+---------+-------+--------+-------+
|Utilization (%)  |        0|      1|   ~0   |   ~0  |
+-----------------+---------+-------+--------+-------+

+ Detail: 
    * Instance: 
    +--------------------------+----------------+---------+-------+-----+-----+
    |         Instance         |     Module     | BRAM_18K| DSP48E|  FF | LUT |
    +--------------------------+----------------+---------+-------+-----+-----+
    |grp_carre_do_carre_fu_66  |carre_do_carre  |        0|      3|  214|  196|
    +--------------------------+----------------+---------+-------+-----+-----+
    |Total                     |                |        0|      3|  214|  196|
    +--------------------------+----------------+---------+-------+-----+-----+

    * DSP48: 
    N/A

    * Memory: 
    N/A

    * FIFO: 
    N/A

    * Expression: 
    N/A

    * Multiplexer: 
    N/A

    * Register: 
    N/A



================================================================
== Interface
================================================================
* Summary: 
+-----------+-----+-----+------------+----------------+--------------+
| RTL Ports | Dir | Bits|  Protocol  |  Source Object |    C Type    |
+-----------+-----+-----+------------+----------------+--------------+
|clk        |  in |    1| ap_ctrl_hs | carre::carre.1 | return value |
|reset      |  in |    1| ap_ctrl_hs | carre::carre.1 | return value |
|e_dout     |  in |   32|   ap_fifo  |        e       |    pointer   |
|e_empty_n  |  in |    1|   ap_fifo  |        e       |    pointer   |
|e_read     | out |    1|   ap_fifo  |        e       |    pointer   |
|s_din      | out |   32|   ap_fifo  |        s       |    pointer   |
|s_full_n   |  in |    1|   ap_fifo  |        s       |    pointer   |
|s_write    | out |    1|   ap_fifo  |        s       |    pointer   |
+-----------+-----+-----+------------+----------------+--------------+

============================================================
+ Verbose Summary: Synthesis Manager
============================================================
InlineROM: 1
ExposeGlobal: 0
============================================================
+ Verbose Summary: CDFG Model
============================================================
IsTopModel: 1
ResetActiveHigh: 1
IsCombinational: 2
IsDatapathOnly: 0
HasWiredReturn: 1
HasMFsm: 0
HasVarLatency: 1
IsPipeline: 0
IsRtlPipelined: 0
IsInstanceOverlapped: 0
IsDontTouch: 0
HasImplIP: 0
IsGatedGlobalClock: 0


============================================================
+ Verbose Summary: Schedule
============================================================
* Number of FSM states : 2
* Pipeline : 0
* Dataflow Pipeline: 0

* FSM state transitions: 
1 --> 
	2  / (carre_ssdm_thread)
2 --> 

* FSM state operations: 

 <State 1> : 0.00ns
ST_1 : Operation 3 [1/1] (0.00ns)   --->   "call void (...)* @_ssdm_op_SpecBitsMap(float* %carre_x), !map !765"
ST_1 : Operation 4 [1/1] (0.00ns)   --->   "call void (...)* @_ssdm_op_SpecBitsMap(i1* %clk), !map !769"
ST_1 : Operation 5 [1/1] (0.00ns)   --->   "call void (...)* @_ssdm_op_SpecBitsMap(i1* %reset), !map !773"
ST_1 : Operation 6 [1/1] (0.00ns)   --->   "call void (...)* @_ssdm_op_SpecBitsMap(float* %e), !map !777"
ST_1 : Operation 7 [1/1] (0.00ns)   --->   "call void (...)* @_ssdm_op_SpecBitsMap(float* %s), !map !781"
ST_1 : Operation 8 [1/1] (0.00ns)   --->   "call void (...)* @_ssdm_op_SpecInterface(float* %e, [8 x i8]* @p_str11, i32 0, i32 0, [1 x i8]* @p_str112, i32 0, i32 0, [1 x i8]* @p_str112, [1 x i8]* @p_str112, [1 x i8]* @p_str112, i32 0, i32 0, i32 0, i32 0, [1 x i8]* @p_str112, [1 x i8]* @p_str112) nounwind" [src/modules/carre.h:18]
ST_1 : Operation 9 [1/1] (0.00ns)   --->   "call void (...)* @_ssdm_op_SpecPort([1 x i8]* @p_str112, i32 4, [1 x i8]* @p_str112, [1 x i8]* @p_str112, i32 0, i32 0, float* %e) nounwind" [src/modules/carre.h:18]
ST_1 : Operation 10 [1/1] (0.00ns)   --->   "call void (...)* @_ssdm_op_SpecInterface(float* %s, [8 x i8]* @p_str, i32 0, i32 0, [1 x i8]* @p_str1, i32 0, i32 0, [1 x i8]* @p_str1, [1 x i8]* @p_str1, [1 x i8]* @p_str1, i32 0, i32 0, i32 0, i32 0, [1 x i8]* @p_str1, [1 x i8]* @p_str1) nounwind" [src/modules/carre.h:18]
ST_1 : Operation 11 [1/1] (0.00ns)   --->   "call void (...)* @_ssdm_op_SpecPort([1 x i8]* @p_str1, i32 5, [1 x i8]* @p_str1, [1 x i8]* @p_str1, i32 0, i32 0, float* %s) nounwind" [src/modules/carre.h:18]
ST_1 : Operation 12 [1/1] (0.00ns)   --->   "call void (...)* @_ssdm_op_SpecTopModule([6 x i8]* @p_str31, [6 x i8]* @p_str31) nounwind" [src/modules/carre.h:19]
ST_1 : Operation 13 [1/1] (0.00ns)   --->   "%carre_ssdm_thread = load i1* @carre_ssdm_thread_M_do_carre, align 1" [src/modules/carre.h:20]
ST_1 : Operation 14 [1/1] (0.00ns)   --->   "br i1 %carre_ssdm_thread, label %1, label %2" [src/modules/carre.h:20]
ST_1 : Operation 15 [1/1] (0.00ns)   --->   "call void (...)* @_ssdm_op_SpecProcessDecl([6 x i8]* @p_str31, i32 2, [9 x i8]* @p_str637) nounwind" [src/modules/carre.h:20]
ST_1 : Operation 16 [1/1] (0.00ns)   --->   "call void (...)* @_ssdm_op_SpecSensitive([9 x i8]* @p_str637, [4 x i8]* @p_str233, i1* %clk, i32 1) nounwind" [src/modules/carre.h:21]
ST_1 : Operation 17 [1/1] (0.00ns)   --->   "call void (...)* @_ssdm_op_SpecSensitive([9 x i8]* @p_str637, [6 x i8]* @p_str334, i1* %reset, i32 3) nounwind" [src/modules/carre.h:22]
ST_1 : Operation 18 [1/1] (0.00ns)   --->   "call void (...)* @_ssdm_op_SpecPort([6 x i8]* @p_str31, i32 0, [7 x i8]* @p_str132, [4 x i8]* @p_str233, i32 0, i32 0, i1* %clk) nounwind" [src/modules/carre.h:23]
ST_1 : Operation 19 [1/1] (0.00ns)   --->   "call void (...)* @_ssdm_op_SpecPort([6 x i8]* @p_str31, i32 0, [7 x i8]* @p_str132, [6 x i8]* @p_str334, i32 0, i32 0, i1* %reset) nounwind" [src/modules/carre.h:24]
ST_1 : Operation 20 [1/1] (0.00ns)   --->   "call void (...)* @_ssdm_op_SpecInterface(float* %e, [8 x i8]* @p_str435, i32 0, i32 0, [1 x i8]* @p_str536, i32 0, i32 0, [1 x i8]* @p_str536, [1 x i8]* @p_str536, [1 x i8]* @p_str536, i32 0, i32 0, i32 0, i32 0, [1 x i8]* @p_str536, [1 x i8]* @p_str536) nounwind" [src/modules/carre.h:25]
ST_1 : Operation 21 [1/1] (0.00ns)   --->   "call void (...)* @_ssdm_op_SpecPort([6 x i8]* @p_str31, i32 4, [8 x i8]* @p_str1444, [2 x i8]* @p_str940, i32 0, i32 0, float* %e) nounwind" [src/modules/carre.h:26]
ST_1 : Operation 22 [1/1] (0.00ns)   --->   "call void (...)* @_ssdm_op_SpecInterface(float* %s, [8 x i8]* @p_str435, i32 0, i32 0, [1 x i8]* @p_str536, i32 0, i32 0, [1 x i8]* @p_str536, [1 x i8]* @p_str536, [1 x i8]* @p_str536, i32 0, i32 0, i32 0, i32 0, [1 x i8]* @p_str536, [1 x i8]* @p_str536) nounwind" [src/modules/carre.h:27]
ST_1 : Operation 23 [1/1] (0.00ns)   --->   "call void (...)* @_ssdm_op_SpecPort([6 x i8]* @p_str31, i32 5, [8 x i8]* @p_str1444, [2 x i8]* @p_str1041, i32 0, i32 0, float* %s) nounwind" [src/modules/carre.h:28]
ST_1 : Operation 24 [1/1] (0.00ns)   --->   "ret void" [src/modules/carre.h:21]
ST_1 : Operation 25 [2/2] (0.00ns)   --->   "call void @"carre::do_carre"(float* %carre_x, i1* %clk, i1* %reset, float* %e, float* %s)" [src/modules/carre.h:20]   --->   Core 0 '' <Latency = 0> <II = 1> <Delay = 1.00> <Generic> <Opcode : >

 <State 2> : 0.00ns
ST_2 : Operation 26 [1/2] (0.00ns)   --->   "call void @"carre::do_carre"(float* %carre_x, i1* %clk, i1* %reset, float* %e, float* %s)" [src/modules/carre.h:20]   --->   Core 0 '' <Latency = 0> <II = 1> <Delay = 1.00> <Generic> <Opcode : >
ST_2 : Operation 27 [1/1] (0.00ns)   --->   "unreachable"


============================================================
+ Verbose Summary: Binding
============================================================
STG Binding: 
---------------- STG Properties BEGIN ----------------
- Is combinational: 0
- Is one-state seq: 0
- Is datapath-only: 0
- Is pipelined: 0
- Is top level: 1
Port [ Return ] is wired: 1; IO mode=ap_ctrl_hs:ce=0
Port [ carre_x]:  wired=1; compound=0; hidden=1; nouse=0; global=0; static=0; extern=0; dir=1; type=0; pingpong=0; private_global=0; IO mode=ap_vld:ce=0
Port [ clk]:  wired=1; compound=0; hidden=0; nouse=1; global=0; static=0; extern=0; dir=0; type=0; pingpong=0; private_global=0; IO mode=ap_none:ce=0
Port [ reset]:  wired=1; compound=0; hidden=0; nouse=1; global=0; static=0; extern=0; dir=0; type=0; pingpong=0; private_global=0; IO mode=ap_none:ce=0
Port [ e]:  wired=1; compound=1; hidden=0; nouse=0; global=0; static=0; extern=0; dir=0; type=3; pingpong=0; private_global=0; IO mode=ap_fifo:ce=0
Port [ s]:  wired=1; compound=1; hidden=0; nouse=0; global=0; static=0; extern=0; dir=1; type=3; pingpong=0; private_global=0; IO mode=ap_fifo:ce=0
Port [ carre_ssdm_thread_M_do_carre]:  wired=0; compound=0; hidden=1; nouse=0; global=1; static=0; extern=1; dir=0; type=0; pingpong=0; private_global=1; linkage=0; visibility=0; IO mode=ap_none:ce=0
---------------- STG Properties END ------------------

---------------- Datapath Model BEGIN ----------------

<LifeTime>
<method=bitvector/>
StgValue_3        (specbitsmap    ) [ 000]
StgValue_4        (specbitsmap    ) [ 000]
StgValue_5        (specbitsmap    ) [ 000]
StgValue_6        (specbitsmap    ) [ 000]
StgValue_7        (specbitsmap    ) [ 000]
StgValue_8        (specinterface  ) [ 000]
StgValue_9        (specport       ) [ 000]
StgValue_10       (specinterface  ) [ 000]
StgValue_11       (specport       ) [ 000]
StgValue_12       (spectopmodule  ) [ 000]
carre_ssdm_thread (load           ) [ 010]
StgValue_14       (br             ) [ 000]
StgValue_15       (specprocessdecl) [ 000]
StgValue_16       (specsensitive  ) [ 000]
StgValue_17       (specsensitive  ) [ 000]
StgValue_18       (specport       ) [ 000]
StgValue_19       (specport       ) [ 000]
StgValue_20       (specinterface  ) [ 000]
StgValue_21       (specport       ) [ 000]
StgValue_22       (specinterface  ) [ 000]
StgValue_23       (specport       ) [ 000]
StgValue_24       (ret            ) [ 000]
StgValue_26       (call           ) [ 000]
StgValue_27       (unreachable    ) [ 000]
</LifeTime>

<model>

<comp_list>
<comp id="0" class="1000" name="carre_x">
<pin_list>
<pin id="1" dir="1" index="0" bw="1" slack="0"/>
</pin_list>
<bind>
<StgValue><ssdm name="carre_x"/></StgValue>
</bind>
</comp>

<comp id="2" class="1000" name="clk">
<pin_list>
<pin id="3" dir="1" index="0" bw="1" slack="0"/>
</pin_list>
<bind>
<StgValue><ssdm name="clk"/></StgValue>
</bind>
</comp>

<comp id="4" class="1000" name="reset">
<pin_list>
<pin id="5" dir="1" index="0" bw="1" slack="0"/>
</pin_list>
<bind>
<StgValue><ssdm name="reset"/></StgValue>
</bind>
</comp>

<comp id="6" class="1000" name="e">
<pin_list>
<pin id="7" dir="1" index="0" bw="1" slack="0"/>
</pin_list>
<bind>
<StgValue><ssdm name="e"/></StgValue>
</bind>
</comp>

<comp id="8" class="1000" name="s">
<pin_list>
<pin id="9" dir="1" index="0" bw="1" slack="0"/>
</pin_list>
<bind>
<StgValue><ssdm name="s"/></StgValue>
</bind>
</comp>

<comp id="10" class="1000" name="carre_ssdm_thread_M_do_carre">
<pin_list>
<pin id="11" dir="1" index="0" bw="1" slack="0"/>
</pin_list>
<bind>
<StgValue><ssdm name="carre_ssdm_thread_M_do_carre"/></StgValue>
</bind>
</comp>

<comp id="12" class="1001" name="const_12">
<pin_list>
<pin id="13" dir="1" index="0" bw="1" slack="2147483647"/>
</pin_list>
<bind>
<StgValue><ssdm name="_ssdm_op_SpecBitsMap"/></StgValue>
</bind>
</comp>

<comp id="14" class="1001" name="const_14">
<pin_list>
<pin id="15" dir="1" index="0" bw="1" slack="2147483647"/>
</pin_list>
<bind>
<StgValue><ssdm name="_ssdm_op_SpecInterface"/></StgValue>
</bind>
</comp>

<comp id="16" class="1001" name="const_16">
<pin_list>
<pin id="17" dir="1" index="0" bw="1" slack="2147483647"/>
</pin_list>
<bind>
<StgValue><ssdm name="p_str11"/></StgValue>
</bind>
</comp>

<comp id="18" class="1001" name="const_18">
<pin_list>
<pin id="19" dir="1" index="0" bw="1" slack="2147483647"/>
</pin_list>
<bind>
<StgValue><ssdm name=""/></StgValue>
</bind>
</comp>

<comp id="20" class="1001" name="const_20">
<pin_list>
<pin id="21" dir="1" index="0" bw="1" slack="2147483647"/>
</pin_list>
<bind>
<StgValue><ssdm name="p_str112"/></StgValue>
</bind>
</comp>

<comp id="22" class="1001" name="const_22">
<pin_list>
<pin id="23" dir="1" index="0" bw="1" slack="2147483647"/>
</pin_list>
<bind>
<StgValue><ssdm name="_ssdm_op_SpecPort"/></StgValue>
</bind>
</comp>

<comp id="24" class="1001" name="const_24">
<pin_list>
<pin id="25" dir="1" index="0" bw="1" slack="2147483647"/>
</pin_list>
<bind>
<StgValue><ssdm name=""/></StgValue>
</bind>
</comp>

<comp id="26" class="1001" name="const_26">
<pin_list>
<pin id="27" dir="1" index="0" bw="1" slack="2147483647"/>
</pin_list>
<bind>
<StgValue><ssdm name="p_str"/></StgValue>
</bind>
</comp>

<comp id="28" class="1001" name="const_28">
<pin_list>
<pin id="29" dir="1" index="0" bw="1" slack="2147483647"/>
</pin_list>
<bind>
<StgValue><ssdm name="p_str1"/></StgValue>
</bind>
</comp>

<comp id="30" class="1001" name="const_30">
<pin_list>
<pin id="31" dir="1" index="0" bw="1" slack="2147483647"/>
</pin_list>
<bind>
<StgValue><ssdm name=""/></StgValue>
</bind>
</comp>

<comp id="32" class="1001" name="const_32">
<pin_list>
<pin id="33" dir="1" index="0" bw="1" slack="2147483647"/>
</pin_list>
<bind>
<StgValue><ssdm name="_ssdm_op_SpecTopModule"/></StgValue>
</bind>
</comp>

<comp id="34" class="1001" name="const_34">
<pin_list>
<pin id="35" dir="1" index="0" bw="1" slack="2147483647"/>
</pin_list>
<bind>
<StgValue><ssdm name="p_str31"/></StgValue>
</bind>
</comp>

<comp id="36" class="1001" name="const_36">
<pin_list>
<pin id="37" dir="1" index="0" bw="1" slack="2147483647"/>
</pin_list>
<bind>
<StgValue><ssdm name="_ssdm_op_SpecProcessDecl"/></StgValue>
</bind>
</comp>

<comp id="38" class="1001" name="const_38">
<pin_list>
<pin id="39" dir="1" index="0" bw="1" slack="2147483647"/>
</pin_list>
<bind>
<StgValue><ssdm name=""/></StgValue>
</bind>
</comp>

<comp id="40" class="1001" name="const_40">
<pin_list>
<pin id="41" dir="1" index="0" bw="1" slack="2147483647"/>
</pin_list>
<bind>
<StgValue><ssdm name="p_str637"/></StgValue>
</bind>
</comp>

<comp id="42" class="1001" name="const_42">
<pin_list>
<pin id="43" dir="1" index="0" bw="1" slack="2147483647"/>
</pin_list>
<bind>
<StgValue><ssdm name="_ssdm_op_SpecSensitive"/></StgValue>
</bind>
</comp>

<comp id="44" class="1001" name="const_44">
<pin_list>
<pin id="45" dir="1" index="0" bw="1" slack="2147483647"/>
</pin_list>
<bind>
<StgValue><ssdm name="p_str233"/></StgValue>
</bind>
</comp>

<comp id="46" class="1001" name="const_46">
<pin_list>
<pin id="47" dir="1" index="0" bw="1" slack="2147483647"/>
</pin_list>
<bind>
<StgValue><ssdm name=""/></StgValue>
</bind>
</comp>

<comp id="48" class="1001" name="const_48">
<pin_list>
<pin id="49" dir="1" index="0" bw="1" slack="2147483647"/>
</pin_list>
<bind>
<StgValue><ssdm name="p_str334"/></StgValue>
</bind>
</comp>

<comp id="50" class="1001" name="const_50">
<pin_list>
<pin id="51" dir="1" index="0" bw="1" slack="2147483647"/>
</pin_list>
<bind>
<StgValue><ssdm name=""/></StgValue>
</bind>
</comp>

<comp id="52" class="1001" name="const_52">
<pin_list>
<pin id="53" dir="1" index="0" bw="1" slack="2147483647"/>
</pin_list>
<bind>
<StgValue><ssdm name="p_str132"/></StgValue>
</bind>
</comp>

<comp id="54" class="1001" name="const_54">
<pin_list>
<pin id="55" dir="1" index="0" bw="1" slack="2147483647"/>
</pin_list>
<bind>
<StgValue><ssdm name="p_str435"/></StgValue>
</bind>
</comp>

<comp id="56" class="1001" name="const_56">
<pin_list>
<pin id="57" dir="1" index="0" bw="1" slack="2147483647"/>
</pin_list>
<bind>
<StgValue><ssdm name="p_str536"/></StgValue>
</bind>
</comp>

<comp id="58" class="1001" name="const_58">
<pin_list>
<pin id="59" dir="1" index="0" bw="1" slack="2147483647"/>
</pin_list>
<bind>
<StgValue><ssdm name="p_str1444"/></StgValue>
</bind>
</comp>

<comp id="60" class="1001" name="const_60">
<pin_list>
<pin id="61" dir="1" index="0" bw="1" slack="2147483647"/>
</pin_list>
<bind>
<StgValue><ssdm name="p_str940"/></StgValue>
</bind>
</comp>

<comp id="62" class="1001" name="const_62">
<pin_list>
<pin id="63" dir="1" index="0" bw="1" slack="2147483647"/>
</pin_list>
<bind>
<StgValue><ssdm name="p_str1041"/></StgValue>
</bind>
</comp>

<comp id="64" class="1001" name="const_64">
<pin_list>
<pin id="65" dir="1" index="0" bw="1" slack="0"/>
</pin_list>
<bind>
<StgValue><ssdm name="carre::do_carre"/></StgValue>
</bind>
</comp>

<comp id="66" class="1004" name="grp_carre_do_carre_fu_66">
<pin_list>
<pin id="67" dir="0" index="0" bw="0" slack="0"/>
<pin id="68" dir="0" index="1" bw="32" slack="0"/>
<pin id="69" dir="0" index="2" bw="1" slack="0"/>
<pin id="70" dir="0" index="3" bw="1" slack="0"/>
<pin id="71" dir="0" index="4" bw="32" slack="0"/>
<pin id="72" dir="0" index="5" bw="32" slack="0"/>
<pin id="73" dir="1" index="6" bw="0" slack="2147483647"/>
</pin_list>
<bind>
<opcode="call(48) " fcode="call"/>
<opset="StgValue_25/1 "/>
</bind>
</comp>

<comp id="80" class="1004" name="carre_ssdm_thread_load_fu_80">
<pin_list>
<pin id="81" dir="0" index="0" bw="1" slack="0"/>
<pin id="82" dir="1" index="1" bw="1" slack="2147483647"/>
</pin_list>
<bind>
<opcode="load(27) " fcode="load"/>
<opset="carre_ssdm_thread/1 "/>
</bind>
</comp>

</comp_list>

<net_list>
<net id="74"><net_src comp="64" pin="0"/><net_sink comp="66" pin=0"/></net>

<net id="75"><net_src comp="0" pin="0"/><net_sink comp="66" pin=1"/></net>

<net id="76"><net_src comp="2" pin="0"/><net_sink comp="66" pin=2"/></net>

<net id="77"><net_src comp="4" pin="0"/><net_sink comp="66" pin=3"/></net>

<net id="78"><net_src comp="6" pin="0"/><net_sink comp="66" pin=4"/></net>

<net id="79"><net_src comp="8" pin="0"/><net_sink comp="66" pin=5"/></net>

<net id="83"><net_src comp="10" pin="0"/><net_sink comp="80" pin=0"/></net>

</net_list>

</model> 
---------------- Datapath Model END ------------------

* FSMD analyzer results:
  - Output states:
	Port: carre_x | {1 2 }
	Port: s | {1 2 }
 - Input state : 
	Port: carre::carre.1 : e | {1 2 }
	Port: carre::carre.1 : carre_ssdm_thread_M_do_carre | {1 }
  - Chain level:
	State 1
		StgValue_14 : 1
	State 2


============================================================
+ Verbose Summary: Datapath Resource usage 
============================================================

* Functional unit list:
|----------|--------------------------|---------|---------|---------|
| Operation|      Functional Unit     |  DSP48E |    FF   |   LUT   |
|----------|--------------------------|---------|---------|---------|
|   call   | grp_carre_do_carre_fu_66 |    3    |   207   |   140   |
|----------|--------------------------|---------|---------|---------|
|   Total  |                          |    3    |   207   |   140   |
|----------|--------------------------|---------|---------|---------|

Memories:
N/A

* Register list:
N/A

* Multiplexer (MUX) list: 
|--------|------|------|------|--------|
|  Comp  |  Pin | Size |  BW  | S x BW |
|--------|------|------|------|--------|
|  Total |      |      |      |    0   |
|--------|------|------|------|--------|



* Summary:
+-----------+--------+--------+--------+
|           | DSP48E |   FF   |   LUT  |
+-----------+--------+--------+--------+
|  Function |    3   |   207  |   140  |
|   Memory  |    -   |    -   |    -   |
|Multiplexer|    -   |    -   |    -   |
|  Register |    -   |    -   |    -   |
+-----------+--------+--------+--------+
|   Total   |    3   |   207  |   140  |
+-----------+--------+--------+--------+
