

================================================================
== Vivado HLS Report for 'comparateur_do_comp'
================================================================
* Date:           Thu Dec 21 14:59:09 2017

* Version:        2017.3 (Build 2018833 on Wed Oct 04 20:30:40 MDT 2017)
* Project:        main_module
* Solution:       solution1
* Product family: artix7
* Target device:  xc7a100tcsg324-1


================================================================
== Performance Estimates
================================================================
+ Timing (ns): 
    * Summary: 
    +--------+-------+----------+------------+
    |  Clock | Target| Estimated| Uncertainty|
    +--------+-------+----------+------------+
    |ap_clk  |  10.00|      8.07|        1.25|
    +--------+-------+----------+------------+

+ Latency (clock cycles): 
    * Summary: 
    +-----+-----+-----+-----+---------+
    |  Latency  |  Interval | Pipeline|
    | min | max | min | max |   Type  |
    +-----+-----+-----+-----+---------+
    |   12|   12|   12|   12|   none  |
    +-----+-----+-----+-----+---------+

    + Detail: 
        * Instance: 
        N/A

        * Loop: 
        +----------+-----+-----+----------+-----------+-----------+------+----------+
        |          |  Latency  | Iteration|  Initiation Interval  | Trip |          |
        | Loop Name| min | max |  Latency |  achieved |   target  | Count| Pipelined|
        +----------+-----+-----+----------+-----------+-----------+------+----------+
        |- Loop 1  |   11|   11|        11|          -|          -|  inf |    no    |
        +----------+-----+-----+----------+-----------+-----------+------+----------+

============================================================
+ Verbose Summary: Synthesis Manager
============================================================
InlineROM: 1
ExposeGlobal: 0
============================================================
+ Verbose Summary: CDFG Model
============================================================
IsTopModel: 0
ResetActiveHigh: 1
IsCombinational: 0
IsDatapathOnly: 0
HasWiredReturn: 0
HasMFsm: 0
HasVarLatency: 1
IsPipeline: 0
IsRtlPipelined: 0
IsInstanceOverlapped: 0
IsDontTouch: 0
HasImplIP: 0
IsGatedGlobalClock: 0


============================================================
+ Verbose Summary: Schedule
============================================================
* Number of FSM states : 12
* Pipeline : 0
* Dataflow Pipeline: 0

* FSM state transitions: 
1 --> 
	2  / true
2 --> 
	3  / true
3 --> 
	4  / true
4 --> 
	5  / true
5 --> 
	6  / true
6 --> 
	7  / true
7 --> 
	8  / true
8 --> 
	9  / true
9 --> 
	10  / true
10 --> 
	11  / true
11 --> 
	12  / true
12 --> 
	2  / true

* FSM state operations: 

 <State 1> : 0.00ns
ST_1 : Operation 13 [1/1] (0.00ns)   --->   "call void (...)* @_ssdm_op_SpecBitsMap(float* %comparateur_in1), !map !765"
ST_1 : Operation 14 [1/1] (0.00ns)   --->   "call void (...)* @_ssdm_op_SpecBitsMap(float* %comparateur_seuil), !map !769"
ST_1 : Operation 15 [1/1] (0.00ns)   --->   "call void (...)* @_ssdm_op_SpecBitsMap(float* %comparateur_result), !map !773"
ST_1 : Operation 16 [1/1] (0.00ns)   --->   "call void (...)* @_ssdm_op_SpecBitsMap(i1* %clk), !map !777"
ST_1 : Operation 17 [1/1] (0.00ns)   --->   "call void (...)* @_ssdm_op_SpecBitsMap(i1* %reset), !map !781"
ST_1 : Operation 18 [1/1] (0.00ns)   --->   "call void (...)* @_ssdm_op_SpecBitsMap(float* %e1), !map !785"
ST_1 : Operation 19 [1/1] (0.00ns)   --->   "call void (...)* @_ssdm_op_SpecBitsMap(float* %e2), !map !789"
ST_1 : Operation 20 [1/1] (0.00ns)   --->   "call void (...)* @_ssdm_op_SpecBitsMap(float* %s), !map !793"
ST_1 : Operation 21 [1/1] (0.00ns)   --->   "call void (...)* @_ssdm_op_SpecPort([12 x i8]* @p_str50, i32 0, [7 x i8]* @p_str151, [4 x i8]* @p_str252, i32 0, i32 0, i1* %clk) nounwind" [src/modules/comparateur.cpp:4]
ST_1 : Operation 22 [1/1] (0.00ns)   --->   "call void (...)* @_ssdm_op_SpecPort([12 x i8]* @p_str50, i32 0, [7 x i8]* @p_str151, [6 x i8]* @p_str353, i32 0, i32 0, i1* %reset) nounwind" [src/modules/comparateur.cpp:5]
ST_1 : Operation 23 [1/1] (0.00ns)   --->   "call void (...)* @_ssdm_op_SpecInterface(float* %e1, [8 x i8]* @p_str454, i32 0, i32 0, [1 x i8]* @p_str555, i32 0, i32 0, [1 x i8]* @p_str555, [1 x i8]* @p_str555, [1 x i8]* @p_str555, i32 0, i32 0, i32 0, i32 0, [1 x i8]* @p_str555, [1 x i8]* @p_str555) nounwind" [src/modules/comparateur.cpp:6]
ST_1 : Operation 24 [1/1] (0.00ns)   --->   "call void (...)* @_ssdm_op_SpecInterface(float* %e2, [8 x i8]* @p_str454, i32 0, i32 0, [1 x i8]* @p_str555, i32 0, i32 0, [1 x i8]* @p_str555, [1 x i8]* @p_str555, [1 x i8]* @p_str555, i32 0, i32 0, i32 0, i32 0, [1 x i8]* @p_str555, [1 x i8]* @p_str555) nounwind" [src/modules/comparateur.cpp:7]
ST_1 : Operation 25 [1/1] (0.00ns)   --->   "call void (...)* @_ssdm_op_SpecInterface(float* %s, [8 x i8]* @p_str454, i32 0, i32 0, [1 x i8]* @p_str555, i32 0, i32 0, [1 x i8]* @p_str555, [1 x i8]* @p_str555, [1 x i8]* @p_str555, i32 0, i32 0, i32 0, i32 0, [1 x i8]* @p_str555, [1 x i8]* @p_str555) nounwind" [src/modules/comparateur.cpp:8]
ST_1 : Operation 26 [1/1] (0.00ns)   --->   "call void (...)* @_ssdm_op_SpecProcessDef([12 x i8]* @p_str50, i32 2, [8 x i8]* @p_str656) nounwind" [src/modules/comparateur.cpp:9]
ST_1 : Operation 27 [1/1] (0.00ns)   --->   "%tmp = call i32 (...)* @_ssdm_op_SpecRegionBegin([15 x i8]* @p_str757)" [src/modules/comparateur.cpp:9]
ST_1 : Operation 28 [1/1] (0.00ns)   --->   "call void (...)* @_ssdm_op_SpecProtocol(i32 1, [1 x i8]* @p_str555) nounwind" [src/modules/comparateur.cpp:9]
ST_1 : Operation 29 [1/1] (0.00ns)   --->   "%p_ssdm_reset_v = call i32 (...)* @_ssdm_op_SpecStateBegin(i32 0, i32 0, i32 1) nounwind" [src/modules/comparateur.cpp:9]
ST_1 : Operation 30 [1/1] (0.00ns)   --->   "%empty = call i32 (...)* @_ssdm_op_SpecStateEnd(i32 %p_ssdm_reset_v) nounwind" [src/modules/comparateur.cpp:18]
ST_1 : Operation 31 [1/1] (0.00ns)   --->   "%empty_14 = call i32 (...)* @_ssdm_op_SpecRegionEnd([15 x i8]* @p_str757, i32 %tmp)" [src/modules/comparateur.cpp:18]
ST_1 : Operation 32 [1/1] (0.00ns)   --->   "br label %"operator<<.exit.i"" [src/modules/comparateur.cpp:18]

 <State 2> : 3.91ns
ST_2 : Operation 33 [1/1] (3.90ns)   --->   "%val = call float @_ssdm_op_Read.ap_fifo.volatile.floatP(float* %e1)" [src/modules/comparateur.cpp:6]   --->   Core 36 'FIFO_SRL' <Latency = 0> <II = 1> <Delay = 3.90> <Storage> <Opcode : 'read' 'write' 'nbread' 'nbwrite'> <Ports = 0> <Width = 32> <Depth = 0> <FIFO>
ST_2 : Operation 34 [1/1] (3.90ns)   --->   "%val_1 = call float @_ssdm_op_Read.ap_fifo.volatile.floatP(float* %e2)" [src/modules/comparateur.cpp:7]   --->   Core 36 'FIFO_SRL' <Latency = 0> <II = 1> <Delay = 3.90> <Storage> <Opcode : 'read' 'write' 'nbread' 'nbwrite'> <Ports = 0> <Width = 32> <Depth = 0> <FIFO>

 <State 3> : 7.57ns
ST_3 : Operation 35 [1/1] (0.00ns)   --->   "%p_Val2_s = bitcast float %val to i32" [r:/builds/2017.3/nightly/2017_10_04_2018833/src/products/hls/src/technology/autopilot/header_files\utils/x_hls_utils.h:311->r:/builds/2017.3/nightly/2017_10_04_2018833/src/products/hls/src/technology/autopilot/header_files\utils/x_hls_utils.h:320->r:/builds/2017.3/nightly/2017_10_04_2018833/src/products/hls/hls_lib/hlsmath/src/../include/internal/hls_round.h:280->r:/builds/2017.3/nightly/2017_10_04_2018833/src/products/hls/hls_lib/hlsmath/src/../include/internal/hls_round.h:367->r:/builds/2017.3/nightly/2017_10_04_2018833/src/products/hls/hls_lib/hlsmath/src/lib_floatconversion.cpp:49->src/modules/comparateur.cpp:6]
ST_3 : Operation 36 [1/1] (0.00ns)   --->   "%p_Result_s = call i1 @_ssdm_op_BitSelect.i1.i32.i32(i32 %p_Val2_s, i32 31)" [r:/builds/2017.3/nightly/2017_10_04_2018833/src/products/hls/src/technology/autopilot/header_files\utils/x_hls_utils.h:317->r:/builds/2017.3/nightly/2017_10_04_2018833/src/products/hls/src/technology/autopilot/header_files\utils/x_hls_utils.h:320->r:/builds/2017.3/nightly/2017_10_04_2018833/src/products/hls/hls_lib/hlsmath/src/../include/internal/hls_round.h:280->r:/builds/2017.3/nightly/2017_10_04_2018833/src/products/hls/hls_lib/hlsmath/src/../include/internal/hls_round.h:367->r:/builds/2017.3/nightly/2017_10_04_2018833/src/products/hls/hls_lib/hlsmath/src/lib_floatconversion.cpp:49->src/modules/comparateur.cpp:6]
ST_3 : Operation 37 [1/1] (0.00ns)   --->   "%loc_V = call i8 @_ssdm_op_PartSelect.i8.i32.i32.i32(i32 %p_Val2_s, i32 23, i32 30)" [r:/builds/2017.3/nightly/2017_10_04_2018833/src/products/hls/src/technology/autopilot/header_files\utils/x_hls_utils.h:318->r:/builds/2017.3/nightly/2017_10_04_2018833/src/products/hls/src/technology/autopilot/header_files\utils/x_hls_utils.h:320->r:/builds/2017.3/nightly/2017_10_04_2018833/src/products/hls/hls_lib/hlsmath/src/../include/internal/hls_round.h:280->r:/builds/2017.3/nightly/2017_10_04_2018833/src/products/hls/hls_lib/hlsmath/src/../include/internal/hls_round.h:367->r:/builds/2017.3/nightly/2017_10_04_2018833/src/products/hls/hls_lib/hlsmath/src/lib_floatconversion.cpp:49->src/modules/comparateur.cpp:6]
ST_3 : Operation 38 [1/1] (0.00ns)   --->   "%loc_V_2 = trunc i32 %p_Val2_s to i23" [r:/builds/2017.3/nightly/2017_10_04_2018833/src/products/hls/src/technology/autopilot/header_files\utils/x_hls_utils.h:319->r:/builds/2017.3/nightly/2017_10_04_2018833/src/products/hls/src/technology/autopilot/header_files\utils/x_hls_utils.h:320->r:/builds/2017.3/nightly/2017_10_04_2018833/src/products/hls/hls_lib/hlsmath/src/../include/internal/hls_round.h:280->r:/builds/2017.3/nightly/2017_10_04_2018833/src/products/hls/hls_lib/hlsmath/src/../include/internal/hls_round.h:367->r:/builds/2017.3/nightly/2017_10_04_2018833/src/products/hls/hls_lib/hlsmath/src/lib_floatconversion.cpp:49->src/modules/comparateur.cpp:6]
ST_3 : Operation 39 [1/1] (0.00ns)   --->   "%tmp_s = call i25 @_ssdm_op_BitConcatenate.i25.i1.i23.i1(i1 true, i23 %loc_V_2, i1 false)" [r:/builds/2017.3/nightly/2017_10_04_2018833/src/products/hls/hls_lib/hlsmath/src/../include/internal/hls_round.h:282->r:/builds/2017.3/nightly/2017_10_04_2018833/src/products/hls/hls_lib/hlsmath/src/../include/internal/hls_round.h:367->r:/builds/2017.3/nightly/2017_10_04_2018833/src/products/hls/hls_lib/hlsmath/src/lib_floatconversion.cpp:49->src/modules/comparateur.cpp:6]
ST_3 : Operation 40 [1/1] (0.00ns) (grouped into LUT with out node p_Val2_6)   --->   "%tmp_10_cast2 = zext i25 %tmp_s to i79" [r:/builds/2017.3/nightly/2017_10_04_2018833/src/products/hls/hls_lib/hlsmath/src/../include/internal/hls_round.h:282->r:/builds/2017.3/nightly/2017_10_04_2018833/src/products/hls/hls_lib/hlsmath/src/../include/internal/hls_round.h:367->r:/builds/2017.3/nightly/2017_10_04_2018833/src/products/hls/hls_lib/hlsmath/src/lib_floatconversion.cpp:49->src/modules/comparateur.cpp:6]
ST_3 : Operation 41 [1/1] (0.00ns)   --->   "%tmp_11_cast1 = zext i8 %loc_V to i9" [r:/builds/2017.3/nightly/2017_10_04_2018833/src/products/hls/src/technology/autopilot/header_files\utils/x_hls_utils.h:340->r:/builds/2017.3/nightly/2017_10_04_2018833/src/products/hls/hls_lib/hlsmath/src/../include/internal/hls_round.h:285->r:/builds/2017.3/nightly/2017_10_04_2018833/src/products/hls/hls_lib/hlsmath/src/../include/internal/hls_round.h:367->r:/builds/2017.3/nightly/2017_10_04_2018833/src/products/hls/hls_lib/hlsmath/src/lib_floatconversion.cpp:49->src/modules/comparateur.cpp:6]
ST_3 : Operation 42 [1/1] (2.11ns)   --->   "%sh_assign = add i9 -127, %tmp_11_cast1" [r:/builds/2017.3/nightly/2017_10_04_2018833/src/products/hls/src/technology/autopilot/header_files\utils/x_hls_utils.h:340->r:/builds/2017.3/nightly/2017_10_04_2018833/src/products/hls/hls_lib/hlsmath/src/../include/internal/hls_round.h:285->r:/builds/2017.3/nightly/2017_10_04_2018833/src/products/hls/hls_lib/hlsmath/src/../include/internal/hls_round.h:367->r:/builds/2017.3/nightly/2017_10_04_2018833/src/products/hls/hls_lib/hlsmath/src/lib_floatconversion.cpp:49->src/modules/comparateur.cpp:6]   --->   Core 14 'AddSub' <Latency = 0> <II = 1> <Delay = 2.66> <FuncUnit> <Opcode : 'add' 'sub'> <InPorts = 2> <OutPorts = 1>
ST_3 : Operation 43 [1/1] (0.00ns)   --->   "%isNeg = call i1 @_ssdm_op_BitSelect.i1.i9.i32(i9 %sh_assign, i32 8)" [r:/builds/2017.3/nightly/2017_10_04_2018833/src/products/hls/hls_lib/hlsmath/src/../include/internal/hls_round.h:285->r:/builds/2017.3/nightly/2017_10_04_2018833/src/products/hls/hls_lib/hlsmath/src/../include/internal/hls_round.h:367->r:/builds/2017.3/nightly/2017_10_04_2018833/src/products/hls/hls_lib/hlsmath/src/lib_floatconversion.cpp:49->src/modules/comparateur.cpp:6]
ST_3 : Operation 44 [1/1] (2.11ns)   --->   "%tmp_1 = sub i8 127, %loc_V" [r:/builds/2017.3/nightly/2017_10_04_2018833/src/products/hls/hls_lib/hlsmath/src/../include/internal/hls_round.h:285->r:/builds/2017.3/nightly/2017_10_04_2018833/src/products/hls/hls_lib/hlsmath/src/../include/internal/hls_round.h:367->r:/builds/2017.3/nightly/2017_10_04_2018833/src/products/hls/hls_lib/hlsmath/src/lib_floatconversion.cpp:49->src/modules/comparateur.cpp:6]   --->   Core 14 'AddSub' <Latency = 0> <II = 1> <Delay = 2.66> <FuncUnit> <Opcode : 'add' 'sub'> <InPorts = 2> <OutPorts = 1>
ST_3 : Operation 45 [1/1] (0.00ns)   --->   "%tmp_12_cast = sext i8 %tmp_1 to i9" [r:/builds/2017.3/nightly/2017_10_04_2018833/src/products/hls/hls_lib/hlsmath/src/../include/internal/hls_round.h:285->r:/builds/2017.3/nightly/2017_10_04_2018833/src/products/hls/hls_lib/hlsmath/src/../include/internal/hls_round.h:367->r:/builds/2017.3/nightly/2017_10_04_2018833/src/products/hls/hls_lib/hlsmath/src/lib_floatconversion.cpp:49->src/modules/comparateur.cpp:6]
ST_3 : Operation 46 [1/1] (1.37ns)   --->   "%sh_assign_2 = select i1 %isNeg, i9 %tmp_12_cast, i9 %sh_assign" [r:/builds/2017.3/nightly/2017_10_04_2018833/src/products/hls/hls_lib/hlsmath/src/../include/internal/hls_round.h:285->r:/builds/2017.3/nightly/2017_10_04_2018833/src/products/hls/hls_lib/hlsmath/src/../include/internal/hls_round.h:367->r:/builds/2017.3/nightly/2017_10_04_2018833/src/products/hls/hls_lib/hlsmath/src/lib_floatconversion.cpp:49->src/modules/comparateur.cpp:6]   --->   Core 26 'Sel' <Latency = 0> <II = 1> <Delay = 1.37> <FuncUnit> <Opcode : 'select'> <InPorts = 3> <OutPorts = 1>
ST_3 : Operation 47 [1/1] (0.00ns) (grouped into LUT with out node p_Val2_6)   --->   "%sh_assign_2_cast = sext i9 %sh_assign_2 to i32" [r:/builds/2017.3/nightly/2017_10_04_2018833/src/products/hls/hls_lib/hlsmath/src/../include/internal/hls_round.h:285->r:/builds/2017.3/nightly/2017_10_04_2018833/src/products/hls/hls_lib/hlsmath/src/../include/internal/hls_round.h:367->r:/builds/2017.3/nightly/2017_10_04_2018833/src/products/hls/hls_lib/hlsmath/src/lib_floatconversion.cpp:49->src/modules/comparateur.cpp:6]
ST_3 : Operation 48 [1/1] (0.00ns) (grouped into LUT with out node p_Val2_6)   --->   "%sh_assign_2_cast_cas = sext i9 %sh_assign_2 to i25" [r:/builds/2017.3/nightly/2017_10_04_2018833/src/products/hls/hls_lib/hlsmath/src/../include/internal/hls_round.h:285->r:/builds/2017.3/nightly/2017_10_04_2018833/src/products/hls/hls_lib/hlsmath/src/../include/internal/hls_round.h:367->r:/builds/2017.3/nightly/2017_10_04_2018833/src/products/hls/hls_lib/hlsmath/src/lib_floatconversion.cpp:49->src/modules/comparateur.cpp:6]
ST_3 : Operation 49 [1/1] (0.00ns) (grouped into LUT with out node p_Val2_6)   --->   "%tmp_2 = zext i32 %sh_assign_2_cast to i79" [r:/builds/2017.3/nightly/2017_10_04_2018833/src/products/hls/hls_lib/hlsmath/src/../include/internal/hls_round.h:285->r:/builds/2017.3/nightly/2017_10_04_2018833/src/products/hls/hls_lib/hlsmath/src/../include/internal/hls_round.h:367->r:/builds/2017.3/nightly/2017_10_04_2018833/src/products/hls/hls_lib/hlsmath/src/lib_floatconversion.cpp:49->src/modules/comparateur.cpp:6]
ST_3 : Operation 50 [1/1] (0.00ns) (grouped into LUT with out node p_Val2_6)   --->   "%r_V = lshr i25 %tmp_s, %sh_assign_2_cast_cas" [r:/builds/2017.3/nightly/2017_10_04_2018833/src/products/hls/hls_lib/hlsmath/src/../include/internal/hls_round.h:285->r:/builds/2017.3/nightly/2017_10_04_2018833/src/products/hls/hls_lib/hlsmath/src/../include/internal/hls_round.h:367->r:/builds/2017.3/nightly/2017_10_04_2018833/src/products/hls/hls_lib/hlsmath/src/lib_floatconversion.cpp:49->src/modules/comparateur.cpp:6]   --->   Core 28 'Shift' <Latency = 0> <II = 1> <Delay = 4.08> <FuncUnit> <Opcode : 'shl' 'lshr' 'ashr'> <InPorts = 2> <OutPorts = 1>
ST_3 : Operation 51 [1/1] (0.00ns) (grouped into LUT with out node p_Val2_6)   --->   "%r_V_2 = shl i79 %tmp_10_cast2, %tmp_2" [r:/builds/2017.3/nightly/2017_10_04_2018833/src/products/hls/hls_lib/hlsmath/src/../include/internal/hls_round.h:285->r:/builds/2017.3/nightly/2017_10_04_2018833/src/products/hls/hls_lib/hlsmath/src/../include/internal/hls_round.h:367->r:/builds/2017.3/nightly/2017_10_04_2018833/src/products/hls/hls_lib/hlsmath/src/lib_floatconversion.cpp:49->src/modules/comparateur.cpp:6]   --->   Core 28 'Shift' <Latency = 0> <II = 1> <Delay = 4.08> <FuncUnit> <Opcode : 'shl' 'lshr' 'ashr'> <InPorts = 2> <OutPorts = 1>
ST_3 : Operation 52 [1/1] (0.00ns) (grouped into LUT with out node p_Val2_6)   --->   "%tmp_23 = call i1 @_ssdm_op_BitSelect.i1.i25.i32(i25 %r_V, i32 24)" [r:/builds/2017.3/nightly/2017_10_04_2018833/src/products/hls/hls_lib/hlsmath/src/../include/internal/hls_round.h:288->r:/builds/2017.3/nightly/2017_10_04_2018833/src/products/hls/hls_lib/hlsmath/src/../include/internal/hls_round.h:367->r:/builds/2017.3/nightly/2017_10_04_2018833/src/products/hls/hls_lib/hlsmath/src/lib_floatconversion.cpp:49->src/modules/comparateur.cpp:6]
ST_3 : Operation 53 [1/1] (0.00ns) (grouped into LUT with out node p_Val2_6)   --->   "%tmp_6 = zext i1 %tmp_23 to i31" [r:/builds/2017.3/nightly/2017_10_04_2018833/src/products/hls/hls_lib/hlsmath/src/../include/internal/hls_round.h:288->r:/builds/2017.3/nightly/2017_10_04_2018833/src/products/hls/hls_lib/hlsmath/src/../include/internal/hls_round.h:367->r:/builds/2017.3/nightly/2017_10_04_2018833/src/products/hls/hls_lib/hlsmath/src/lib_floatconversion.cpp:49->src/modules/comparateur.cpp:6]
ST_3 : Operation 54 [1/1] (0.00ns) (grouped into LUT with out node p_Val2_6)   --->   "%tmp_8 = call i31 @_ssdm_op_PartSelect.i31.i79.i32.i32(i79 %r_V_2, i32 24, i32 54)" [r:/builds/2017.3/nightly/2017_10_04_2018833/src/products/hls/hls_lib/hlsmath/src/../include/internal/hls_round.h:288->r:/builds/2017.3/nightly/2017_10_04_2018833/src/products/hls/hls_lib/hlsmath/src/../include/internal/hls_round.h:367->r:/builds/2017.3/nightly/2017_10_04_2018833/src/products/hls/hls_lib/hlsmath/src/lib_floatconversion.cpp:49->src/modules/comparateur.cpp:6]
ST_3 : Operation 55 [1/1] (4.08ns) (out node of the LUT)   --->   "%p_Val2_6 = select i1 %isNeg, i31 %tmp_6, i31 %tmp_8" [r:/builds/2017.3/nightly/2017_10_04_2018833/src/products/hls/hls_lib/hlsmath/src/../include/internal/hls_round.h:285->r:/builds/2017.3/nightly/2017_10_04_2018833/src/products/hls/hls_lib/hlsmath/src/../include/internal/hls_round.h:367->r:/builds/2017.3/nightly/2017_10_04_2018833/src/products/hls/hls_lib/hlsmath/src/lib_floatconversion.cpp:49->src/modules/comparateur.cpp:6]   --->   Core 26 'Sel' <Latency = 0> <II = 1> <Delay = 1.37> <FuncUnit> <Opcode : 'select'> <InPorts = 3> <OutPorts = 1>

 <State 4> : 8.07ns
ST_4 : Operation 56 [1/1] (0.00ns)   --->   "%result_V = zext i31 %p_Val2_6 to i32" [r:/builds/2017.3/nightly/2017_10_04_2018833/src/products/hls/hls_lib/hlsmath/src/../include/internal/hls_round.h:316->r:/builds/2017.3/nightly/2017_10_04_2018833/src/products/hls/hls_lib/hlsmath/src/../include/internal/hls_round.h:367->r:/builds/2017.3/nightly/2017_10_04_2018833/src/products/hls/hls_lib/hlsmath/src/lib_floatconversion.cpp:49->src/modules/comparateur.cpp:6]
ST_4 : Operation 57 [1/1] (2.66ns)   --->   "%result_V_2 = sub nsw i32 0, %result_V" [r:/builds/2017.3/nightly/2017_10_04_2018833/src/products/hls/hls_lib/hlsmath/src/../include/internal/hls_round.h:317->r:/builds/2017.3/nightly/2017_10_04_2018833/src/products/hls/hls_lib/hlsmath/src/../include/internal/hls_round.h:367->r:/builds/2017.3/nightly/2017_10_04_2018833/src/products/hls/hls_lib/hlsmath/src/lib_floatconversion.cpp:49->src/modules/comparateur.cpp:6]   --->   Core 14 'AddSub' <Latency = 0> <II = 1> <Delay = 2.66> <FuncUnit> <Opcode : 'add' 'sub'> <InPorts = 2> <OutPorts = 1>
ST_4 : Operation 58 [1/1] (1.37ns)   --->   "%result_V_5 = select i1 %p_Result_s, i32 %result_V_2, i32 %result_V" [r:/builds/2017.3/nightly/2017_10_04_2018833/src/products/hls/hls_lib/hlsmath/src/../include/internal/hls_round.h:317->r:/builds/2017.3/nightly/2017_10_04_2018833/src/products/hls/hls_lib/hlsmath/src/../include/internal/hls_round.h:367->r:/builds/2017.3/nightly/2017_10_04_2018833/src/products/hls/hls_lib/hlsmath/src/lib_floatconversion.cpp:49->src/modules/comparateur.cpp:6]   --->   Core 26 'Sel' <Latency = 0> <II = 1> <Delay = 1.37> <FuncUnit> <Opcode : 'select'> <InPorts = 3> <OutPorts = 1>
ST_4 : Operation 59 [1/1] (0.00ns)   --->   "%tmp_24 = trunc i32 %result_V_5 to i31" [r:/builds/2017.3/nightly/2017_10_04_2018833/src/products/hls/hls_lib/hlsmath/src/../include/internal/hls_round.h:317->r:/builds/2017.3/nightly/2017_10_04_2018833/src/products/hls/hls_lib/hlsmath/src/../include/internal/hls_round.h:367->r:/builds/2017.3/nightly/2017_10_04_2018833/src/products/hls/hls_lib/hlsmath/src/lib_floatconversion.cpp:49->src/modules/comparateur.cpp:6]
ST_4 : Operation 60 [1/1] (2.66ns)   --->   "%neg_cast = sub i31 0, %tmp_24" [r:/builds/2017.3/nightly/2017_10_04_2018833/src/products/hls/hls_lib/hlsmath/src/../include/internal/hls_round.h:317->r:/builds/2017.3/nightly/2017_10_04_2018833/src/products/hls/hls_lib/hlsmath/src/../include/internal/hls_round.h:367->r:/builds/2017.3/nightly/2017_10_04_2018833/src/products/hls/hls_lib/hlsmath/src/lib_floatconversion.cpp:49->src/modules/comparateur.cpp:6]   --->   Core 14 'AddSub' <Latency = 0> <II = 1> <Delay = 2.66> <FuncUnit> <Opcode : 'add' 'sub'> <InPorts = 2> <OutPorts = 1>
ST_4 : Operation 61 [1/1] (2.43ns)   --->   "%abscond = icmp sgt i32 %result_V_5, 0" [r:/builds/2017.3/nightly/2017_10_04_2018833/src/products/hls/hls_lib/hlsmath/src/../include/internal/hls_round.h:317->r:/builds/2017.3/nightly/2017_10_04_2018833/src/products/hls/hls_lib/hlsmath/src/../include/internal/hls_round.h:367->r:/builds/2017.3/nightly/2017_10_04_2018833/src/products/hls/hls_lib/hlsmath/src/lib_floatconversion.cpp:49->src/modules/comparateur.cpp:6]   --->   Core 25 'Cmp' <Latency = 0> <II = 1> <Delay = 2.40> <FuncUnit> <Opcode : 'icmp'> <InPorts = 2> <OutPorts = 1>
ST_4 : Operation 62 [1/1] (1.37ns)   --->   "%abs = select i1 %abscond, i31 %tmp_24, i31 %neg_cast" [r:/builds/2017.3/nightly/2017_10_04_2018833/src/products/hls/hls_lib/hlsmath/src/../include/internal/hls_round.h:317->r:/builds/2017.3/nightly/2017_10_04_2018833/src/products/hls/hls_lib/hlsmath/src/../include/internal/hls_round.h:367->r:/builds/2017.3/nightly/2017_10_04_2018833/src/products/hls/hls_lib/hlsmath/src/lib_floatconversion.cpp:49->src/modules/comparateur.cpp:6]   --->   Core 26 'Sel' <Latency = 0> <II = 1> <Delay = 1.37> <FuncUnit> <Opcode : 'select'> <InPorts = 3> <OutPorts = 1>

 <State 5> : 6.18ns
ST_5 : Operation 63 [1/1] (0.00ns)   --->   "%abs_cast = zext i31 %abs to i32" [r:/builds/2017.3/nightly/2017_10_04_2018833/src/products/hls/hls_lib/hlsmath/src/../include/internal/hls_round.h:317->r:/builds/2017.3/nightly/2017_10_04_2018833/src/products/hls/hls_lib/hlsmath/src/../include/internal/hls_round.h:367->r:/builds/2017.3/nightly/2017_10_04_2018833/src/products/hls/hls_lib/hlsmath/src/lib_floatconversion.cpp:49->src/modules/comparateur.cpp:6]
ST_5 : Operation 64 [6/6] (6.18ns)   --->   "%tmp_4 = sitofp i32 %abs_cast to float" [src/modules/comparateur.cpp:6]   --->   Core 104 'Int2Float' <Latency = 5> <II = 1> <Delay = 6.18> <FuncUnit> <Opcode : 'sitofp' 'uitofp'> <InPorts = 1> <OutPorts = 1>

 <State 6> : 6.18ns
ST_6 : Operation 65 [5/6] (6.18ns)   --->   "%tmp_4 = sitofp i32 %abs_cast to float" [src/modules/comparateur.cpp:6]   --->   Core 104 'Int2Float' <Latency = 5> <II = 1> <Delay = 6.18> <FuncUnit> <Opcode : 'sitofp' 'uitofp'> <InPorts = 1> <OutPorts = 1>

 <State 7> : 6.18ns
ST_7 : Operation 66 [4/6] (6.18ns)   --->   "%tmp_4 = sitofp i32 %abs_cast to float" [src/modules/comparateur.cpp:6]   --->   Core 104 'Int2Float' <Latency = 5> <II = 1> <Delay = 6.18> <FuncUnit> <Opcode : 'sitofp' 'uitofp'> <InPorts = 1> <OutPorts = 1>

 <State 8> : 6.18ns
ST_8 : Operation 67 [3/6] (6.18ns)   --->   "%tmp_4 = sitofp i32 %abs_cast to float" [src/modules/comparateur.cpp:6]   --->   Core 104 'Int2Float' <Latency = 5> <II = 1> <Delay = 6.18> <FuncUnit> <Opcode : 'sitofp' 'uitofp'> <InPorts = 1> <OutPorts = 1>

 <State 9> : 6.18ns
ST_9 : Operation 68 [2/6] (6.18ns)   --->   "%tmp_4 = sitofp i32 %abs_cast to float" [src/modules/comparateur.cpp:6]   --->   Core 104 'Int2Float' <Latency = 5> <II = 1> <Delay = 6.18> <FuncUnit> <Opcode : 'sitofp' 'uitofp'> <InPorts = 1> <OutPorts = 1>

 <State 10> : 6.18ns
ST_10 : Operation 69 [1/6] (6.18ns)   --->   "%tmp_4 = sitofp i32 %abs_cast to float" [src/modules/comparateur.cpp:6]   --->   Core 104 'Int2Float' <Latency = 5> <II = 1> <Delay = 6.18> <FuncUnit> <Opcode : 'sitofp' 'uitofp'> <InPorts = 1> <OutPorts = 1>

 <State 11> : 6.37ns
ST_11 : Operation 70 [1/1] (0.00ns)   --->   "call void @_ssdm_op_Write.ap_auto.floatP(float* %comparateur_in1, float %tmp_4)" [src/modules/comparateur.cpp:6]
ST_11 : Operation 71 [1/1] (0.00ns)   --->   "call void @_ssdm_op_Write.ap_auto.floatP(float* %comparateur_seuil, float %val_1)" [src/modules/comparateur.cpp:7]
ST_11 : Operation 72 [1/1] (0.00ns)   --->   "%tmp_30_to_int = bitcast float %val_1 to i32" [src/modules/comparateur.cpp:7]
ST_11 : Operation 73 [1/1] (0.00ns)   --->   "%tmp_3 = call i8 @_ssdm_op_PartSelect.i8.i32.i32.i32(i32 %tmp_30_to_int, i32 23, i32 30)" [src/modules/comparateur.cpp:7]
ST_11 : Operation 74 [1/1] (0.00ns)   --->   "%tmp_26 = trunc i32 %tmp_30_to_int to i23" [src/modules/comparateur.cpp:7]
ST_11 : Operation 75 [1/1] (0.00ns)   --->   "%tmp_15_to_int = bitcast float %tmp_4 to i32" [src/modules/comparateur.cpp:6]
ST_11 : Operation 76 [1/1] (0.00ns)   --->   "%tmp_7 = call i8 @_ssdm_op_PartSelect.i8.i32.i32.i32(i32 %tmp_15_to_int, i32 23, i32 30)" [src/modules/comparateur.cpp:6]
ST_11 : Operation 77 [1/1] (0.00ns)   --->   "%tmp_27 = trunc i32 %tmp_15_to_int to i23" [src/modules/comparateur.cpp:6]
ST_11 : Operation 78 [1/1] (1.47ns)   --->   "%notlhs = icmp ne i8 %tmp_3, -1" [src/modules/comparateur.cpp:7]   --->   Core 25 'Cmp' <Latency = 0> <II = 1> <Delay = 2.40> <FuncUnit> <Opcode : 'icmp'> <InPorts = 2> <OutPorts = 1>
ST_11 : Operation 79 [1/1] (2.40ns)   --->   "%notrhs = icmp eq i23 %tmp_26, 0" [src/modules/comparateur.cpp:7]   --->   Core 25 'Cmp' <Latency = 0> <II = 1> <Delay = 2.40> <FuncUnit> <Opcode : 'icmp'> <InPorts = 2> <OutPorts = 1>
ST_11 : Operation 80 [1/1] (1.47ns)   --->   "%notlhs3 = icmp ne i8 %tmp_7, -1" [src/modules/comparateur.cpp:6]   --->   Core 25 'Cmp' <Latency = 0> <II = 1> <Delay = 2.40> <FuncUnit> <Opcode : 'icmp'> <InPorts = 2> <OutPorts = 1>
ST_11 : Operation 81 [1/1] (2.40ns)   --->   "%notrhs4 = icmp eq i23 %tmp_27, 0" [src/modules/comparateur.cpp:6]   --->   Core 25 'Cmp' <Latency = 0> <II = 1> <Delay = 2.40> <FuncUnit> <Opcode : 'icmp'> <InPorts = 2> <OutPorts = 1>
ST_11 : Operation 82 [1/1] (6.36ns)   --->   "%tmp_12 = fcmp ole float %val_1, %tmp_4" [src/modules/comparateur.cpp:9]   --->   Core 103 'FCmp' <Latency = 0> <II = 1> <Delay = 6.36> <FuncUnit> <Opcode : 'fcmp'> <InPorts = 2> <OutPorts = 1>

 <State 12> : 5.28ns
ST_12 : Operation 83 [1/1] (0.00ns) (grouped into LUT with out node tmp_5)   --->   "%tmp_9 = or i1 %notrhs, %notlhs" [src/modules/comparateur.cpp:7]   --->   Core 27 'LogicGate' <Latency = 0> <II = 1> <Delay = 0.94> <FuncUnit> <Opcode : 'and' 'or' 'xor'> <InPorts = 2> <OutPorts = 1>
ST_12 : Operation 84 [1/1] (0.00ns) (grouped into LUT with out node tmp_5)   --->   "%tmp_10 = or i1 %notrhs4, %notlhs3" [src/modules/comparateur.cpp:6]   --->   Core 27 'LogicGate' <Latency = 0> <II = 1> <Delay = 0.94> <FuncUnit> <Opcode : 'and' 'or' 'xor'> <InPorts = 2> <OutPorts = 1>
ST_12 : Operation 85 [1/1] (0.00ns) (grouped into LUT with out node tmp_5)   --->   "%tmp_11 = and i1 %tmp_9, %tmp_10" [src/modules/comparateur.cpp:7]   --->   Core 27 'LogicGate' <Latency = 0> <II = 1> <Delay = 0.94> <FuncUnit> <Opcode : 'and' 'or' 'xor'> <InPorts = 2> <OutPorts = 1>
ST_12 : Operation 86 [1/1] (0.00ns) (grouped into LUT with out node tmp_5)   --->   "%tmp_13 = and i1 %tmp_11, %tmp_12" [src/modules/comparateur.cpp:9]   --->   Core 27 'LogicGate' <Latency = 0> <II = 1> <Delay = 0.94> <FuncUnit> <Opcode : 'and' 'or' 'xor'> <InPorts = 2> <OutPorts = 1>
ST_12 : Operation 87 [1/1] (1.37ns) (out node of the LUT)   --->   "%tmp_5 = select i1 %tmp_13, float 1.000000e+00, float 0.000000e+00" [src/modules/comparateur.cpp:9]   --->   Core 26 'Sel' <Latency = 0> <II = 1> <Delay = 1.37> <FuncUnit> <Opcode : 'select'> <InPorts = 3> <OutPorts = 1>
ST_12 : Operation 88 [1/1] (0.00ns)   --->   "call void @_ssdm_op_Write.ap_auto.floatP(float* %comparateur_result, float %tmp_5)" [src/modules/comparateur.cpp:12]
ST_12 : Operation 89 [1/1] (3.90ns)   --->   "call void @_ssdm_op_Write.ap_fifo.volatile.floatP(float* %s, float %tmp_5)" [src/modules/comparateur.cpp:14]   --->   Core 36 'FIFO_SRL' <Latency = 0> <II = 1> <Delay = 3.90> <Storage> <Opcode : 'read' 'write' 'nbread' 'nbwrite'> <Ports = 0> <Width = 32> <Depth = 0> <FIFO>
ST_12 : Operation 90 [1/1] (0.00ns)   --->   "br label %"operator<<.exit.i"" [src/modules/comparateur.cpp:15]


============================================================
+ Verbose Summary: Binding
============================================================
STG Binding: 
---------------- STG Properties BEGIN ----------------
- Is combinational: 0
- Is one-state seq: 0
- Is datapath-only: 0
- Is pipelined: 0
- Is top level: 0
Port [ Return ] is wired: 1; IO mode=ap_ctrl_hs:ce=0
Port [ comparateur_in1]:  wired=1; compound=0; hidden=0; nouse=0; global=0; static=0; extern=0; dir=1; type=0; pingpong=0; private_global=0; IO mode=ap_vld:ce=0
Port [ comparateur_seuil]:  wired=1; compound=0; hidden=0; nouse=0; global=0; static=0; extern=0; dir=1; type=0; pingpong=0; private_global=0; IO mode=ap_vld:ce=0
Port [ comparateur_result]:  wired=1; compound=0; hidden=0; nouse=0; global=0; static=0; extern=0; dir=1; type=0; pingpong=0; private_global=0; IO mode=ap_vld:ce=0
Port [ clk]:  wired=1; compound=0; hidden=1; nouse=1; global=0; static=0; extern=0; dir=0; type=0; pingpong=0; private_global=0; IO mode=ap_none:ce=0
Port [ reset]:  wired=1; compound=0; hidden=1; nouse=1; global=0; static=0; extern=0; dir=0; type=0; pingpong=0; private_global=0; IO mode=ap_none:ce=0
Port [ e1]:  wired=1; compound=1; hidden=0; nouse=0; global=0; static=0; extern=0; dir=0; type=3; pingpong=0; private_global=0; IO mode=ap_fifo:ce=0
Port [ e2]:  wired=1; compound=1; hidden=0; nouse=0; global=0; static=0; extern=0; dir=0; type=3; pingpong=0; private_global=0; IO mode=ap_fifo:ce=0
Port [ s]:  wired=1; compound=1; hidden=0; nouse=0; global=0; static=0; extern=0; dir=1; type=3; pingpong=0; private_global=0; IO mode=ap_fifo:ce=0
---------------- STG Properties END ------------------

---------------- Datapath Model BEGIN ----------------

<LifeTime>
<method=bitvector/>
StgValue_13          (specbitsmap    ) [ 0000000000000]
StgValue_14          (specbitsmap    ) [ 0000000000000]
StgValue_15          (specbitsmap    ) [ 0000000000000]
StgValue_16          (specbitsmap    ) [ 0000000000000]
StgValue_17          (specbitsmap    ) [ 0000000000000]
StgValue_18          (specbitsmap    ) [ 0000000000000]
StgValue_19          (specbitsmap    ) [ 0000000000000]
StgValue_20          (specbitsmap    ) [ 0000000000000]
StgValue_21          (specport       ) [ 0000000000000]
StgValue_22          (specport       ) [ 0000000000000]
StgValue_23          (specinterface  ) [ 0000000000000]
StgValue_24          (specinterface  ) [ 0000000000000]
StgValue_25          (specinterface  ) [ 0000000000000]
StgValue_26          (specprocessdef ) [ 0000000000000]
tmp                  (specregionbegin) [ 0000000000000]
StgValue_28          (specprotocol   ) [ 0000000000000]
p_ssdm_reset_v       (specstatebegin ) [ 0000000000000]
empty                (specstateend   ) [ 0000000000000]
empty_14             (specregionend  ) [ 0000000000000]
StgValue_32          (br             ) [ 0000000000000]
val                  (read           ) [ 0001000000000]
val_1                (read           ) [ 0001111111110]
p_Val2_s             (bitcast        ) [ 0000000000000]
p_Result_s           (bitselect      ) [ 0000100000000]
loc_V                (partselect     ) [ 0000000000000]
loc_V_2              (trunc          ) [ 0000000000000]
tmp_s                (bitconcatenate ) [ 0000000000000]
tmp_10_cast2         (zext           ) [ 0000000000000]
tmp_11_cast1         (zext           ) [ 0000000000000]
sh_assign            (add            ) [ 0000000000000]
isNeg                (bitselect      ) [ 0000000000000]
tmp_1                (sub            ) [ 0000000000000]
tmp_12_cast          (sext           ) [ 0000000000000]
sh_assign_2          (select         ) [ 0000000000000]
sh_assign_2_cast     (sext           ) [ 0000000000000]
sh_assign_2_cast_cas (sext           ) [ 0000000000000]
tmp_2                (zext           ) [ 0000000000000]
r_V                  (lshr           ) [ 0000000000000]
r_V_2                (shl            ) [ 0000000000000]
tmp_23               (bitselect      ) [ 0000000000000]
tmp_6                (zext           ) [ 0000000000000]
tmp_8                (partselect     ) [ 0000000000000]
p_Val2_6             (select         ) [ 0000100000000]
result_V             (zext           ) [ 0000000000000]
result_V_2           (sub            ) [ 0000000000000]
result_V_5           (select         ) [ 0000000000000]
tmp_24               (trunc          ) [ 0000000000000]
neg_cast             (sub            ) [ 0000000000000]
abscond              (icmp           ) [ 0000000000000]
abs                  (select         ) [ 0000010000000]
abs_cast             (zext           ) [ 0000001111100]
tmp_4                (sitofp         ) [ 0000000000010]
StgValue_70          (write          ) [ 0000000000000]
StgValue_71          (write          ) [ 0000000000000]
tmp_30_to_int        (bitcast        ) [ 0000000000000]
tmp_3                (partselect     ) [ 0000000000000]
tmp_26               (trunc          ) [ 0000000000000]
tmp_15_to_int        (bitcast        ) [ 0000000000000]
tmp_7                (partselect     ) [ 0000000000000]
tmp_27               (trunc          ) [ 0000000000000]
notlhs               (icmp           ) [ 0000000000001]
notrhs               (icmp           ) [ 0000000000001]
notlhs3              (icmp           ) [ 0000000000001]
notrhs4              (icmp           ) [ 0000000000001]
tmp_12               (fcmp           ) [ 0000000000001]
tmp_9                (or             ) [ 0000000000000]
tmp_10               (or             ) [ 0000000000000]
tmp_11               (and            ) [ 0000000000000]
tmp_13               (and            ) [ 0000000000000]
tmp_5                (select         ) [ 0000000000000]
StgValue_88          (write          ) [ 0000000000000]
StgValue_89          (write          ) [ 0000000000000]
StgValue_90          (br             ) [ 0000000000000]
</LifeTime>

<model>

<comp_list>
<comp id="0" class="1000" name="comparateur_in1">
<pin_list>
<pin id="1" dir="1" index="0" bw="1" slack="0"/>
</pin_list>
<bind>
<StgValue><ssdm name="comparateur_in1"/></StgValue>
</bind>
</comp>

<comp id="2" class="1000" name="comparateur_seuil">
<pin_list>
<pin id="3" dir="1" index="0" bw="1" slack="0"/>
</pin_list>
<bind>
<StgValue><ssdm name="comparateur_seuil"/></StgValue>
</bind>
</comp>

<comp id="4" class="1000" name="comparateur_result">
<pin_list>
<pin id="5" dir="1" index="0" bw="1" slack="0"/>
</pin_list>
<bind>
<StgValue><ssdm name="comparateur_result"/></StgValue>
</bind>
</comp>

<comp id="6" class="1000" name="clk">
<pin_list>
<pin id="7" dir="1" index="0" bw="1" slack="2147483647"/>
</pin_list>
<bind>
<StgValue><ssdm name="clk"/></StgValue>
</bind>
</comp>

<comp id="8" class="1000" name="reset">
<pin_list>
<pin id="9" dir="1" index="0" bw="1" slack="2147483647"/>
</pin_list>
<bind>
<StgValue><ssdm name="reset"/></StgValue>
</bind>
</comp>

<comp id="10" class="1000" name="e1">
<pin_list>
<pin id="11" dir="1" index="0" bw="1" slack="0"/>
</pin_list>
<bind>
<StgValue><ssdm name="e1"/></StgValue>
</bind>
</comp>

<comp id="12" class="1000" name="e2">
<pin_list>
<pin id="13" dir="1" index="0" bw="1" slack="0"/>
</pin_list>
<bind>
<StgValue><ssdm name="e2"/></StgValue>
</bind>
</comp>

<comp id="14" class="1000" name="s">
<pin_list>
<pin id="15" dir="1" index="0" bw="1" slack="0"/>
</pin_list>
<bind>
<StgValue><ssdm name="s"/></StgValue>
</bind>
</comp>

<comp id="16" class="1001" name="const_16">
<pin_list>
<pin id="17" dir="1" index="0" bw="1" slack="2147483647"/>
</pin_list>
<bind>
<StgValue><ssdm name="_ssdm_op_SpecBitsMap"/></StgValue>
</bind>
</comp>

<comp id="18" class="1001" name="const_18">
<pin_list>
<pin id="19" dir="1" index="0" bw="1" slack="2147483647"/>
</pin_list>
<bind>
<StgValue><ssdm name="_ssdm_op_SpecPort"/></StgValue>
</bind>
</comp>

<comp id="20" class="1001" name="const_20">
<pin_list>
<pin id="21" dir="1" index="0" bw="1" slack="2147483647"/>
</pin_list>
<bind>
<StgValue><ssdm name="p_str50"/></StgValue>
</bind>
</comp>

<comp id="22" class="1001" name="const_22">
<pin_list>
<pin id="23" dir="1" index="0" bw="1" slack="0"/>
</pin_list>
<bind>
<StgValue><ssdm name=""/></StgValue>
</bind>
</comp>

<comp id="24" class="1001" name="const_24">
<pin_list>
<pin id="25" dir="1" index="0" bw="1" slack="2147483647"/>
</pin_list>
<bind>
<StgValue><ssdm name="p_str151"/></StgValue>
</bind>
</comp>

<comp id="26" class="1001" name="const_26">
<pin_list>
<pin id="27" dir="1" index="0" bw="1" slack="2147483647"/>
</pin_list>
<bind>
<StgValue><ssdm name="p_str252"/></StgValue>
</bind>
</comp>

<comp id="28" class="1001" name="const_28">
<pin_list>
<pin id="29" dir="1" index="0" bw="1" slack="2147483647"/>
</pin_list>
<bind>
<StgValue><ssdm name="p_str353"/></StgValue>
</bind>
</comp>

<comp id="30" class="1001" name="const_30">
<pin_list>
<pin id="31" dir="1" index="0" bw="1" slack="2147483647"/>
</pin_list>
<bind>
<StgValue><ssdm name="_ssdm_op_SpecInterface"/></StgValue>
</bind>
</comp>

<comp id="32" class="1001" name="const_32">
<pin_list>
<pin id="33" dir="1" index="0" bw="1" slack="2147483647"/>
</pin_list>
<bind>
<StgValue><ssdm name="p_str454"/></StgValue>
</bind>
</comp>

<comp id="34" class="1001" name="const_34">
<pin_list>
<pin id="35" dir="1" index="0" bw="1" slack="2147483647"/>
</pin_list>
<bind>
<StgValue><ssdm name="p_str555"/></StgValue>
</bind>
</comp>

<comp id="36" class="1001" name="const_36">
<pin_list>
<pin id="37" dir="1" index="0" bw="1" slack="2147483647"/>
</pin_list>
<bind>
<StgValue><ssdm name="_ssdm_op_SpecProcessDef"/></StgValue>
</bind>
</comp>

<comp id="38" class="1001" name="const_38">
<pin_list>
<pin id="39" dir="1" index="0" bw="1" slack="2147483647"/>
</pin_list>
<bind>
<StgValue><ssdm name=""/></StgValue>
</bind>
</comp>

<comp id="40" class="1001" name="const_40">
<pin_list>
<pin id="41" dir="1" index="0" bw="1" slack="2147483647"/>
</pin_list>
<bind>
<StgValue><ssdm name="p_str656"/></StgValue>
</bind>
</comp>

<comp id="42" class="1001" name="const_42">
<pin_list>
<pin id="43" dir="1" index="0" bw="1" slack="2147483647"/>
</pin_list>
<bind>
<StgValue><ssdm name="_ssdm_op_SpecRegionBegin"/></StgValue>
</bind>
</comp>

<comp id="44" class="1001" name="const_44">
<pin_list>
<pin id="45" dir="1" index="0" bw="1" slack="2147483647"/>
</pin_list>
<bind>
<StgValue><ssdm name="p_str757"/></StgValue>
</bind>
</comp>

<comp id="46" class="1001" name="const_46">
<pin_list>
<pin id="47" dir="1" index="0" bw="1" slack="2147483647"/>
</pin_list>
<bind>
<StgValue><ssdm name="_ssdm_op_SpecProtocol"/></StgValue>
</bind>
</comp>

<comp id="48" class="1001" name="const_48">
<pin_list>
<pin id="49" dir="1" index="0" bw="1" slack="2147483647"/>
</pin_list>
<bind>
<StgValue><ssdm name=""/></StgValue>
</bind>
</comp>

<comp id="50" class="1001" name="const_50">
<pin_list>
<pin id="51" dir="1" index="0" bw="1" slack="2147483647"/>
</pin_list>
<bind>
<StgValue><ssdm name="_ssdm_op_SpecStateBegin"/></StgValue>
</bind>
</comp>

<comp id="52" class="1001" name="const_52">
<pin_list>
<pin id="53" dir="1" index="0" bw="1" slack="2147483647"/>
</pin_list>
<bind>
<StgValue><ssdm name="_ssdm_op_SpecStateEnd"/></StgValue>
</bind>
</comp>

<comp id="54" class="1001" name="const_54">
<pin_list>
<pin id="55" dir="1" index="0" bw="1" slack="2147483647"/>
</pin_list>
<bind>
<StgValue><ssdm name="_ssdm_op_SpecRegionEnd"/></StgValue>
</bind>
</comp>

<comp id="56" class="1001" name="const_56">
<pin_list>
<pin id="57" dir="1" index="0" bw="1" slack="0"/>
</pin_list>
<bind>
<StgValue><ssdm name="_ssdm_op_Read.ap_fifo.volatile.floatP"/></StgValue>
</bind>
</comp>

<comp id="58" class="1001" name="const_58">
<pin_list>
<pin id="59" dir="1" index="0" bw="1" slack="0"/>
</pin_list>
<bind>
<StgValue><ssdm name="_ssdm_op_BitSelect.i1.i32.i32"/></StgValue>
</bind>
</comp>

<comp id="60" class="1001" name="const_60">
<pin_list>
<pin id="61" dir="1" index="0" bw="1" slack="0"/>
</pin_list>
<bind>
<StgValue><ssdm name=""/></StgValue>
</bind>
</comp>

<comp id="62" class="1001" name="const_62">
<pin_list>
<pin id="63" dir="1" index="0" bw="1" slack="0"/>
</pin_list>
<bind>
<StgValue><ssdm name="_ssdm_op_PartSelect.i8.i32.i32.i32"/></StgValue>
</bind>
</comp>

<comp id="64" class="1001" name="const_64">
<pin_list>
<pin id="65" dir="1" index="0" bw="1" slack="0"/>
</pin_list>
<bind>
<StgValue><ssdm name=""/></StgValue>
</bind>
</comp>

<comp id="66" class="1001" name="const_66">
<pin_list>
<pin id="67" dir="1" index="0" bw="1" slack="0"/>
</pin_list>
<bind>
<StgValue><ssdm name=""/></StgValue>
</bind>
</comp>

<comp id="68" class="1001" name="const_68">
<pin_list>
<pin id="69" dir="1" index="0" bw="1" slack="0"/>
</pin_list>
<bind>
<StgValue><ssdm name="_ssdm_op_BitConcatenate.i25.i1.i23.i1"/></StgValue>
</bind>
</comp>

<comp id="70" class="1001" name="const_70">
<pin_list>
<pin id="71" dir="1" index="0" bw="1" slack="0"/>
</pin_list>
<bind>
<StgValue><ssdm name=""/></StgValue>
</bind>
</comp>

<comp id="72" class="1001" name="const_72">
<pin_list>
<pin id="73" dir="1" index="0" bw="1" slack="0"/>
</pin_list>
<bind>
<StgValue><ssdm name=""/></StgValue>
</bind>
</comp>

<comp id="74" class="1001" name="const_74">
<pin_list>
<pin id="75" dir="1" index="0" bw="1" slack="0"/>
</pin_list>
<bind>
<StgValue><ssdm name=""/></StgValue>
</bind>
</comp>

<comp id="76" class="1001" name="const_76">
<pin_list>
<pin id="77" dir="1" index="0" bw="1" slack="0"/>
</pin_list>
<bind>
<StgValue><ssdm name="_ssdm_op_BitSelect.i1.i9.i32"/></StgValue>
</bind>
</comp>

<comp id="78" class="1001" name="const_78">
<pin_list>
<pin id="79" dir="1" index="0" bw="1" slack="0"/>
</pin_list>
<bind>
<StgValue><ssdm name=""/></StgValue>
</bind>
</comp>

<comp id="80" class="1001" name="const_80">
<pin_list>
<pin id="81" dir="1" index="0" bw="1" slack="0"/>
</pin_list>
<bind>
<StgValue><ssdm name=""/></StgValue>
</bind>
</comp>

<comp id="82" class="1001" name="const_82">
<pin_list>
<pin id="83" dir="1" index="0" bw="1" slack="0"/>
</pin_list>
<bind>
<StgValue><ssdm name="_ssdm_op_BitSelect.i1.i25.i32"/></StgValue>
</bind>
</comp>

<comp id="84" class="1001" name="const_84">
<pin_list>
<pin id="85" dir="1" index="0" bw="1" slack="0"/>
</pin_list>
<bind>
<StgValue><ssdm name=""/></StgValue>
</bind>
</comp>

<comp id="86" class="1001" name="const_86">
<pin_list>
<pin id="87" dir="1" index="0" bw="1" slack="0"/>
</pin_list>
<bind>
<StgValue><ssdm name="_ssdm_op_PartSelect.i31.i79.i32.i32"/></StgValue>
</bind>
</comp>

<comp id="88" class="1001" name="const_88">
<pin_list>
<pin id="89" dir="1" index="0" bw="1" slack="0"/>
</pin_list>
<bind>
<StgValue><ssdm name=""/></StgValue>
</bind>
</comp>

<comp id="90" class="1001" name="const_90">
<pin_list>
<pin id="91" dir="1" index="0" bw="1" slack="0"/>
</pin_list>
<bind>
<StgValue><ssdm name=""/></StgValue>
</bind>
</comp>

<comp id="92" class="1001" name="const_92">
<pin_list>
<pin id="93" dir="1" index="0" bw="1" slack="0"/>
</pin_list>
<bind>
<StgValue><ssdm name="_ssdm_op_Write.ap_auto.floatP"/></StgValue>
</bind>
</comp>

<comp id="94" class="1001" name="const_94">
<pin_list>
<pin id="95" dir="1" index="0" bw="1" slack="0"/>
</pin_list>
<bind>
<StgValue><ssdm name=""/></StgValue>
</bind>
</comp>

<comp id="96" class="1001" name="const_96">
<pin_list>
<pin id="97" dir="1" index="0" bw="1" slack="0"/>
</pin_list>
<bind>
<StgValue><ssdm name=""/></StgValue>
</bind>
</comp>

<comp id="98" class="1001" name="const_98">
<pin_list>
<pin id="99" dir="1" index="0" bw="1" slack="0"/>
</pin_list>
<bind>
<StgValue><ssdm name=""/></StgValue>
</bind>
</comp>

<comp id="100" class="1001" name="const_100">
<pin_list>
<pin id="101" dir="1" index="0" bw="1" slack="0"/>
</pin_list>
<bind>
<StgValue><ssdm name=""/></StgValue>
</bind>
</comp>

<comp id="102" class="1001" name="const_102">
<pin_list>
<pin id="103" dir="1" index="0" bw="1" slack="0"/>
</pin_list>
<bind>
<StgValue><ssdm name="_ssdm_op_Write.ap_fifo.volatile.floatP"/></StgValue>
</bind>
</comp>

<comp id="104" class="1004" name="val_read_fu_104">
<pin_list>
<pin id="105" dir="0" index="0" bw="32" slack="0"/>
<pin id="106" dir="0" index="1" bw="32" slack="0"/>
<pin id="107" dir="1" index="2" bw="32" slack="1"/>
</pin_list>
<bind>
<opcode="read(1150) " fcode="read"/>
<opset="val/2 "/>
</bind>
</comp>

<comp id="110" class="1004" name="val_1_read_fu_110">
<pin_list>
<pin id="111" dir="0" index="0" bw="32" slack="0"/>
<pin id="112" dir="0" index="1" bw="32" slack="0"/>
<pin id="113" dir="1" index="2" bw="32" slack="9"/>
</pin_list>
<bind>
<opcode="read(1150) " fcode="read"/>
<opset="val_1/2 "/>
</bind>
</comp>

<comp id="116" class="1004" name="StgValue_70_write_fu_116">
<pin_list>
<pin id="117" dir="0" index="0" bw="0" slack="0"/>
<pin id="118" dir="0" index="1" bw="32" slack="0"/>
<pin id="119" dir="0" index="2" bw="32" slack="1"/>
<pin id="120" dir="1" index="3" bw="0" slack="2147483647"/>
</pin_list>
<bind>
<opcode="write(1151) " fcode="write"/>
<opset="StgValue_70/11 "/>
</bind>
</comp>

<comp id="123" class="1004" name="StgValue_71_write_fu_123">
<pin_list>
<pin id="124" dir="0" index="0" bw="0" slack="0"/>
<pin id="125" dir="0" index="1" bw="32" slack="0"/>
<pin id="126" dir="0" index="2" bw="32" slack="9"/>
<pin id="127" dir="1" index="3" bw="0" slack="2147483647"/>
</pin_list>
<bind>
<opcode="write(1151) " fcode="write"/>
<opset="StgValue_71/11 "/>
</bind>
</comp>

<comp id="130" class="1004" name="StgValue_88_write_fu_130">
<pin_list>
<pin id="131" dir="0" index="0" bw="0" slack="0"/>
<pin id="132" dir="0" index="1" bw="32" slack="0"/>
<pin id="133" dir="0" index="2" bw="32" slack="0"/>
<pin id="134" dir="1" index="3" bw="0" slack="2147483647"/>
</pin_list>
<bind>
<opcode="write(1151) " fcode="write"/>
<opset="StgValue_88/12 "/>
</bind>
</comp>

<comp id="137" class="1004" name="StgValue_89_write_fu_137">
<pin_list>
<pin id="138" dir="0" index="0" bw="0" slack="0"/>
<pin id="139" dir="0" index="1" bw="32" slack="0"/>
<pin id="140" dir="0" index="2" bw="32" slack="0"/>
<pin id="141" dir="1" index="3" bw="0" slack="2147483647"/>
</pin_list>
<bind>
<opcode="write(1151) " fcode="write"/>
<opset="StgValue_89/12 "/>
</bind>
</comp>

<comp id="144" class="1004" name="grp_fu_144">
<pin_list>
<pin id="145" dir="0" index="0" bw="31" slack="0"/>
<pin id="146" dir="1" index="1" bw="32" slack="1"/>
</pin_list>
<bind>
<opcode="sitofp(39) " fcode="sitofp"/>
<opset="tmp_4/5 "/>
</bind>
</comp>

<comp id="147" class="1004" name="tmp_12_fu_147">
<pin_list>
<pin id="148" dir="0" index="0" bw="32" slack="9"/>
<pin id="149" dir="0" index="1" bw="32" slack="1"/>
<pin id="150" dir="1" index="2" bw="1" slack="1"/>
</pin_list>
<bind>
<opcode="fcmp(46) " fcode="fcmp"/>
<opset="tmp_12/11 "/>
</bind>
</comp>

<comp id="151" class="1004" name="p_Val2_s_fu_151">
<pin_list>
<pin id="152" dir="0" index="0" bw="32" slack="1"/>
<pin id="153" dir="1" index="1" bw="32" slack="0"/>
</pin_list>
<bind>
<opcode="bitcast(44) " fcode="bitcast"/>
<opset="p_Val2_s/3 "/>
</bind>
</comp>

<comp id="154" class="1004" name="p_Result_s_fu_154">
<pin_list>
<pin id="155" dir="0" index="0" bw="1" slack="0"/>
<pin id="156" dir="0" index="1" bw="32" slack="0"/>
<pin id="157" dir="0" index="2" bw="6" slack="0"/>
<pin id="158" dir="1" index="3" bw="1" slack="1"/>
</pin_list>
<bind>
<opcode="bitselect(1000) " fcode="bitselect"/>
<opset="p_Result_s/3 "/>
</bind>
</comp>

<comp id="162" class="1004" name="loc_V_fu_162">
<pin_list>
<pin id="163" dir="0" index="0" bw="8" slack="0"/>
<pin id="164" dir="0" index="1" bw="32" slack="0"/>
<pin id="165" dir="0" index="2" bw="6" slack="0"/>
<pin id="166" dir="0" index="3" bw="6" slack="0"/>
<pin id="167" dir="1" index="4" bw="8" slack="0"/>
</pin_list>
<bind>
<opcode="partselect(1002) " fcode="partselect"/>
<opset="loc_V/3 "/>
</bind>
</comp>

<comp id="172" class="1004" name="loc_V_2_fu_172">
<pin_list>
<pin id="173" dir="0" index="0" bw="32" slack="0"/>
<pin id="174" dir="1" index="1" bw="23" slack="0"/>
</pin_list>
<bind>
<opcode="trunc(33) " fcode="trunc"/>
<opset="loc_V_2/3 "/>
</bind>
</comp>

<comp id="176" class="1004" name="tmp_s_fu_176">
<pin_list>
<pin id="177" dir="0" index="0" bw="25" slack="0"/>
<pin id="178" dir="0" index="1" bw="1" slack="0"/>
<pin id="179" dir="0" index="2" bw="23" slack="0"/>
<pin id="180" dir="0" index="3" bw="1" slack="0"/>
<pin id="181" dir="1" index="4" bw="25" slack="0"/>
</pin_list>
<bind>
<opcode="bitconcatenate(1004) " fcode="bitconcatenate"/>
<opset="tmp_s/3 "/>
</bind>
</comp>

<comp id="186" class="1004" name="tmp_10_cast2_fu_186">
<pin_list>
<pin id="187" dir="0" index="0" bw="25" slack="0"/>
<pin id="188" dir="1" index="1" bw="79" slack="0"/>
</pin_list>
<bind>
<opcode="zext(34) " fcode="zext"/>
<opset="tmp_10_cast2/3 "/>
</bind>
</comp>

<comp id="190" class="1004" name="tmp_11_cast1_fu_190">
<pin_list>
<pin id="191" dir="0" index="0" bw="8" slack="0"/>
<pin id="192" dir="1" index="1" bw="9" slack="0"/>
</pin_list>
<bind>
<opcode="zext(34) " fcode="zext"/>
<opset="tmp_11_cast1/3 "/>
</bind>
</comp>

<comp id="194" class="1004" name="sh_assign_fu_194">
<pin_list>
<pin id="195" dir="0" index="0" bw="8" slack="0"/>
<pin id="196" dir="0" index="1" bw="8" slack="0"/>
<pin id="197" dir="1" index="2" bw="9" slack="0"/>
</pin_list>
<bind>
<opcode="add(8) " fcode="add"/>
<opset="sh_assign/3 "/>
</bind>
</comp>

<comp id="200" class="1004" name="isNeg_fu_200">
<pin_list>
<pin id="201" dir="0" index="0" bw="1" slack="0"/>
<pin id="202" dir="0" index="1" bw="9" slack="0"/>
<pin id="203" dir="0" index="2" bw="5" slack="0"/>
<pin id="204" dir="1" index="3" bw="1" slack="0"/>
</pin_list>
<bind>
<opcode="bitselect(1000) " fcode="bitselect"/>
<opset="isNeg/3 "/>
</bind>
</comp>

<comp id="208" class="1004" name="tmp_1_fu_208">
<pin_list>
<pin id="209" dir="0" index="0" bw="8" slack="0"/>
<pin id="210" dir="0" index="1" bw="8" slack="0"/>
<pin id="211" dir="1" index="2" bw="8" slack="0"/>
</pin_list>
<bind>
<opcode="sub(10) " fcode="sub"/>
<opset="tmp_1/3 "/>
</bind>
</comp>

<comp id="214" class="1004" name="tmp_12_cast_fu_214">
<pin_list>
<pin id="215" dir="0" index="0" bw="8" slack="0"/>
<pin id="216" dir="1" index="1" bw="9" slack="0"/>
</pin_list>
<bind>
<opcode="sext(35) " fcode="sext"/>
<opset="tmp_12_cast/3 "/>
</bind>
</comp>

<comp id="218" class="1004" name="sh_assign_2_fu_218">
<pin_list>
<pin id="219" dir="0" index="0" bw="1" slack="0"/>
<pin id="220" dir="0" index="1" bw="8" slack="0"/>
<pin id="221" dir="0" index="2" bw="9" slack="0"/>
<pin id="222" dir="1" index="3" bw="9" slack="0"/>
</pin_list>
<bind>
<opcode="select(49) " fcode="select"/>
<opset="sh_assign_2/3 "/>
</bind>
</comp>

<comp id="226" class="1004" name="sh_assign_2_cast_fu_226">
<pin_list>
<pin id="227" dir="0" index="0" bw="9" slack="0"/>
<pin id="228" dir="1" index="1" bw="32" slack="0"/>
</pin_list>
<bind>
<opcode="sext(35) " fcode="sext"/>
<opset="sh_assign_2_cast/3 "/>
</bind>
</comp>

<comp id="230" class="1004" name="sh_assign_2_cast_cas_fu_230">
<pin_list>
<pin id="231" dir="0" index="0" bw="9" slack="0"/>
<pin id="232" dir="1" index="1" bw="25" slack="0"/>
</pin_list>
<bind>
<opcode="sext(35) " fcode="sext"/>
<opset="sh_assign_2_cast_cas/3 "/>
</bind>
</comp>

<comp id="234" class="1004" name="tmp_2_fu_234">
<pin_list>
<pin id="235" dir="0" index="0" bw="9" slack="0"/>
<pin id="236" dir="1" index="1" bw="79" slack="0"/>
</pin_list>
<bind>
<opcode="zext(34) " fcode="zext"/>
<opset="tmp_2/3 "/>
</bind>
</comp>

<comp id="238" class="1004" name="r_V_fu_238">
<pin_list>
<pin id="239" dir="0" index="0" bw="25" slack="0"/>
<pin id="240" dir="0" index="1" bw="9" slack="0"/>
<pin id="241" dir="1" index="2" bw="25" slack="0"/>
</pin_list>
<bind>
<opcode="lshr(21) " fcode="lshr"/>
<opset="r_V/3 "/>
</bind>
</comp>

<comp id="244" class="1004" name="r_V_2_fu_244">
<pin_list>
<pin id="245" dir="0" index="0" bw="25" slack="0"/>
<pin id="246" dir="0" index="1" bw="32" slack="0"/>
<pin id="247" dir="1" index="2" bw="79" slack="0"/>
</pin_list>
<bind>
<opcode="shl(20) " fcode="shl"/>
<opset="r_V_2/3 "/>
</bind>
</comp>

<comp id="250" class="1004" name="tmp_23_fu_250">
<pin_list>
<pin id="251" dir="0" index="0" bw="1" slack="0"/>
<pin id="252" dir="0" index="1" bw="25" slack="0"/>
<pin id="253" dir="0" index="2" bw="6" slack="0"/>
<pin id="254" dir="1" index="3" bw="1" slack="0"/>
</pin_list>
<bind>
<opcode="bitselect(1000) " fcode="bitselect"/>
<opset="tmp_23/3 "/>
</bind>
</comp>

<comp id="258" class="1004" name="tmp_6_fu_258">
<pin_list>
<pin id="259" dir="0" index="0" bw="1" slack="0"/>
<pin id="260" dir="1" index="1" bw="31" slack="0"/>
</pin_list>
<bind>
<opcode="zext(34) " fcode="zext"/>
<opset="tmp_6/3 "/>
</bind>
</comp>

<comp id="262" class="1004" name="tmp_8_fu_262">
<pin_list>
<pin id="263" dir="0" index="0" bw="31" slack="0"/>
<pin id="264" dir="0" index="1" bw="79" slack="0"/>
<pin id="265" dir="0" index="2" bw="6" slack="0"/>
<pin id="266" dir="0" index="3" bw="7" slack="0"/>
<pin id="267" dir="1" index="4" bw="31" slack="0"/>
</pin_list>
<bind>
<opcode="partselect(1002) " fcode="partselect"/>
<opset="tmp_8/3 "/>
</bind>
</comp>

<comp id="272" class="1004" name="p_Val2_6_fu_272">
<pin_list>
<pin id="273" dir="0" index="0" bw="1" slack="0"/>
<pin id="274" dir="0" index="1" bw="1" slack="0"/>
<pin id="275" dir="0" index="2" bw="31" slack="0"/>
<pin id="276" dir="1" index="3" bw="31" slack="1"/>
</pin_list>
<bind>
<opcode="select(49) " fcode="select"/>
<opset="p_Val2_6/3 "/>
</bind>
</comp>

<comp id="280" class="1004" name="result_V_fu_280">
<pin_list>
<pin id="281" dir="0" index="0" bw="31" slack="1"/>
<pin id="282" dir="1" index="1" bw="32" slack="0"/>
</pin_list>
<bind>
<opcode="zext(34) " fcode="zext"/>
<opset="result_V/4 "/>
</bind>
</comp>

<comp id="283" class="1004" name="result_V_2_fu_283">
<pin_list>
<pin id="284" dir="0" index="0" bw="1" slack="0"/>
<pin id="285" dir="0" index="1" bw="31" slack="0"/>
<pin id="286" dir="1" index="2" bw="32" slack="0"/>
</pin_list>
<bind>
<opcode="sub(10) " fcode="sub"/>
<opset="result_V_2/4 "/>
</bind>
</comp>

<comp id="289" class="1004" name="result_V_5_fu_289">
<pin_list>
<pin id="290" dir="0" index="0" bw="1" slack="1"/>
<pin id="291" dir="0" index="1" bw="32" slack="0"/>
<pin id="292" dir="0" index="2" bw="31" slack="0"/>
<pin id="293" dir="1" index="3" bw="32" slack="0"/>
</pin_list>
<bind>
<opcode="select(49) " fcode="select"/>
<opset="result_V_5/4 "/>
</bind>
</comp>

<comp id="296" class="1004" name="tmp_24_fu_296">
<pin_list>
<pin id="297" dir="0" index="0" bw="32" slack="0"/>
<pin id="298" dir="1" index="1" bw="31" slack="0"/>
</pin_list>
<bind>
<opcode="trunc(33) " fcode="trunc"/>
<opset="tmp_24/4 "/>
</bind>
</comp>

<comp id="300" class="1004" name="neg_cast_fu_300">
<pin_list>
<pin id="301" dir="0" index="0" bw="1" slack="0"/>
<pin id="302" dir="0" index="1" bw="31" slack="0"/>
<pin id="303" dir="1" index="2" bw="31" slack="0"/>
</pin_list>
<bind>
<opcode="sub(10) " fcode="sub"/>
<opset="neg_cast/4 "/>
</bind>
</comp>

<comp id="306" class="1004" name="abscond_fu_306">
<pin_list>
<pin id="307" dir="0" index="0" bw="32" slack="0"/>
<pin id="308" dir="0" index="1" bw="1" slack="0"/>
<pin id="309" dir="1" index="2" bw="1" slack="0"/>
</pin_list>
<bind>
<opcode="icmp(45) " fcode="icmp"/>
<opset="abscond/4 "/>
</bind>
</comp>

<comp id="312" class="1004" name="abs_fu_312">
<pin_list>
<pin id="313" dir="0" index="0" bw="1" slack="0"/>
<pin id="314" dir="0" index="1" bw="31" slack="0"/>
<pin id="315" dir="0" index="2" bw="31" slack="0"/>
<pin id="316" dir="1" index="3" bw="31" slack="1"/>
</pin_list>
<bind>
<opcode="select(49) " fcode="select"/>
<opset="abs/4 "/>
</bind>
</comp>

<comp id="320" class="1004" name="abs_cast_fu_320">
<pin_list>
<pin id="321" dir="0" index="0" bw="31" slack="1"/>
<pin id="322" dir="1" index="1" bw="32" slack="0"/>
</pin_list>
<bind>
<opcode="zext(34) " fcode="zext"/>
<opset="abs_cast/5 "/>
</bind>
</comp>

<comp id="324" class="1004" name="tmp_30_to_int_fu_324">
<pin_list>
<pin id="325" dir="0" index="0" bw="32" slack="9"/>
<pin id="326" dir="1" index="1" bw="32" slack="0"/>
</pin_list>
<bind>
<opcode="bitcast(44) " fcode="bitcast"/>
<opset="tmp_30_to_int/11 "/>
</bind>
</comp>

<comp id="327" class="1004" name="tmp_3_fu_327">
<pin_list>
<pin id="328" dir="0" index="0" bw="8" slack="0"/>
<pin id="329" dir="0" index="1" bw="32" slack="0"/>
<pin id="330" dir="0" index="2" bw="6" slack="0"/>
<pin id="331" dir="0" index="3" bw="6" slack="0"/>
<pin id="332" dir="1" index="4" bw="8" slack="0"/>
</pin_list>
<bind>
<opcode="partselect(1002) " fcode="partselect"/>
<opset="tmp_3/11 "/>
</bind>
</comp>

<comp id="337" class="1004" name="tmp_26_fu_337">
<pin_list>
<pin id="338" dir="0" index="0" bw="32" slack="0"/>
<pin id="339" dir="1" index="1" bw="23" slack="0"/>
</pin_list>
<bind>
<opcode="trunc(33) " fcode="trunc"/>
<opset="tmp_26/11 "/>
</bind>
</comp>

<comp id="341" class="1004" name="tmp_15_to_int_fu_341">
<pin_list>
<pin id="342" dir="0" index="0" bw="32" slack="1"/>
<pin id="343" dir="1" index="1" bw="32" slack="0"/>
</pin_list>
<bind>
<opcode="bitcast(44) " fcode="bitcast"/>
<opset="tmp_15_to_int/11 "/>
</bind>
</comp>

<comp id="344" class="1004" name="tmp_7_fu_344">
<pin_list>
<pin id="345" dir="0" index="0" bw="8" slack="0"/>
<pin id="346" dir="0" index="1" bw="32" slack="0"/>
<pin id="347" dir="0" index="2" bw="6" slack="0"/>
<pin id="348" dir="0" index="3" bw="6" slack="0"/>
<pin id="349" dir="1" index="4" bw="8" slack="0"/>
</pin_list>
<bind>
<opcode="partselect(1002) " fcode="partselect"/>
<opset="tmp_7/11 "/>
</bind>
</comp>

<comp id="354" class="1004" name="tmp_27_fu_354">
<pin_list>
<pin id="355" dir="0" index="0" bw="32" slack="0"/>
<pin id="356" dir="1" index="1" bw="23" slack="0"/>
</pin_list>
<bind>
<opcode="trunc(33) " fcode="trunc"/>
<opset="tmp_27/11 "/>
</bind>
</comp>

<comp id="358" class="1004" name="notlhs_fu_358">
<pin_list>
<pin id="359" dir="0" index="0" bw="8" slack="0"/>
<pin id="360" dir="0" index="1" bw="1" slack="0"/>
<pin id="361" dir="1" index="2" bw="1" slack="1"/>
</pin_list>
<bind>
<opcode="icmp(45) " fcode="icmp"/>
<opset="notlhs/11 "/>
</bind>
</comp>

<comp id="364" class="1004" name="notrhs_fu_364">
<pin_list>
<pin id="365" dir="0" index="0" bw="23" slack="0"/>
<pin id="366" dir="0" index="1" bw="1" slack="0"/>
<pin id="367" dir="1" index="2" bw="1" slack="1"/>
</pin_list>
<bind>
<opcode="icmp(45) " fcode="icmp"/>
<opset="notrhs/11 "/>
</bind>
</comp>

<comp id="370" class="1004" name="notlhs3_fu_370">
<pin_list>
<pin id="371" dir="0" index="0" bw="8" slack="0"/>
<pin id="372" dir="0" index="1" bw="1" slack="0"/>
<pin id="373" dir="1" index="2" bw="1" slack="1"/>
</pin_list>
<bind>
<opcode="icmp(45) " fcode="icmp"/>
<opset="notlhs3/11 "/>
</bind>
</comp>

<comp id="376" class="1004" name="notrhs4_fu_376">
<pin_list>
<pin id="377" dir="0" index="0" bw="23" slack="0"/>
<pin id="378" dir="0" index="1" bw="1" slack="0"/>
<pin id="379" dir="1" index="2" bw="1" slack="1"/>
</pin_list>
<bind>
<opcode="icmp(45) " fcode="icmp"/>
<opset="notrhs4/11 "/>
</bind>
</comp>

<comp id="382" class="1004" name="tmp_9_fu_382">
<pin_list>
<pin id="383" dir="0" index="0" bw="1" slack="1"/>
<pin id="384" dir="0" index="1" bw="1" slack="1"/>
<pin id="385" dir="1" index="2" bw="1" slack="0"/>
</pin_list>
<bind>
<opcode="or(24) " fcode="or"/>
<opset="tmp_9/12 "/>
</bind>
</comp>

<comp id="386" class="1004" name="tmp_10_fu_386">
<pin_list>
<pin id="387" dir="0" index="0" bw="1" slack="1"/>
<pin id="388" dir="0" index="1" bw="1" slack="1"/>
<pin id="389" dir="1" index="2" bw="1" slack="0"/>
</pin_list>
<bind>
<opcode="or(24) " fcode="or"/>
<opset="tmp_10/12 "/>
</bind>
</comp>

<comp id="390" class="1004" name="tmp_11_fu_390">
<pin_list>
<pin id="391" dir="0" index="0" bw="1" slack="0"/>
<pin id="392" dir="0" index="1" bw="1" slack="0"/>
<pin id="393" dir="1" index="2" bw="1" slack="0"/>
</pin_list>
<bind>
<opcode="and(23) " fcode="and"/>
<opset="tmp_11/12 "/>
</bind>
</comp>

<comp id="396" class="1004" name="tmp_13_fu_396">
<pin_list>
<pin id="397" dir="0" index="0" bw="1" slack="0"/>
<pin id="398" dir="0" index="1" bw="1" slack="1"/>
<pin id="399" dir="1" index="2" bw="1" slack="0"/>
</pin_list>
<bind>
<opcode="and(23) " fcode="and"/>
<opset="tmp_13/12 "/>
</bind>
</comp>

<comp id="401" class="1004" name="tmp_5_fu_401">
<pin_list>
<pin id="402" dir="0" index="0" bw="1" slack="0"/>
<pin id="403" dir="0" index="1" bw="32" slack="0"/>
<pin id="404" dir="0" index="2" bw="32" slack="0"/>
<pin id="405" dir="1" index="3" bw="32" slack="0"/>
</pin_list>
<bind>
<opcode="select(49) " fcode="select"/>
<opset="tmp_5/12 "/>
</bind>
</comp>

<comp id="411" class="1005" name="val_reg_411">
<pin_list>
<pin id="412" dir="0" index="0" bw="32" slack="1"/>
<pin id="413" dir="1" index="1" bw="32" slack="1"/>
</pin_list>
<bind>
<opset="val "/>
</bind>
</comp>

<comp id="416" class="1005" name="val_1_reg_416">
<pin_list>
<pin id="417" dir="0" index="0" bw="32" slack="9"/>
<pin id="418" dir="1" index="1" bw="32" slack="9"/>
</pin_list>
<bind>
<opset="val_1 "/>
</bind>
</comp>

<comp id="423" class="1005" name="p_Result_s_reg_423">
<pin_list>
<pin id="424" dir="0" index="0" bw="1" slack="1"/>
<pin id="425" dir="1" index="1" bw="1" slack="1"/>
</pin_list>
<bind>
<opset="p_Result_s "/>
</bind>
</comp>

<comp id="428" class="1005" name="p_Val2_6_reg_428">
<pin_list>
<pin id="429" dir="0" index="0" bw="31" slack="1"/>
<pin id="430" dir="1" index="1" bw="31" slack="1"/>
</pin_list>
<bind>
<opset="p_Val2_6 "/>
</bind>
</comp>

<comp id="433" class="1005" name="abs_reg_433">
<pin_list>
<pin id="434" dir="0" index="0" bw="31" slack="1"/>
<pin id="435" dir="1" index="1" bw="31" slack="1"/>
</pin_list>
<bind>
<opset="abs "/>
</bind>
</comp>

<comp id="438" class="1005" name="abs_cast_reg_438">
<pin_list>
<pin id="439" dir="0" index="0" bw="32" slack="1"/>
<pin id="440" dir="1" index="1" bw="32" slack="1"/>
</pin_list>
<bind>
<opset="abs_cast "/>
</bind>
</comp>

<comp id="443" class="1005" name="tmp_4_reg_443">
<pin_list>
<pin id="444" dir="0" index="0" bw="32" slack="1"/>
<pin id="445" dir="1" index="1" bw="32" slack="1"/>
</pin_list>
<bind>
<opset="tmp_4 "/>
</bind>
</comp>

<comp id="450" class="1005" name="notlhs_reg_450">
<pin_list>
<pin id="451" dir="0" index="0" bw="1" slack="1"/>
<pin id="452" dir="1" index="1" bw="1" slack="1"/>
</pin_list>
<bind>
<opset="notlhs "/>
</bind>
</comp>

<comp id="455" class="1005" name="notrhs_reg_455">
<pin_list>
<pin id="456" dir="0" index="0" bw="1" slack="1"/>
<pin id="457" dir="1" index="1" bw="1" slack="1"/>
</pin_list>
<bind>
<opset="notrhs "/>
</bind>
</comp>

<comp id="460" class="1005" name="notlhs3_reg_460">
<pin_list>
<pin id="461" dir="0" index="0" bw="1" slack="1"/>
<pin id="462" dir="1" index="1" bw="1" slack="1"/>
</pin_list>
<bind>
<opset="notlhs3 "/>
</bind>
</comp>

<comp id="465" class="1005" name="notrhs4_reg_465">
<pin_list>
<pin id="466" dir="0" index="0" bw="1" slack="1"/>
<pin id="467" dir="1" index="1" bw="1" slack="1"/>
</pin_list>
<bind>
<opset="notrhs4 "/>
</bind>
</comp>

<comp id="470" class="1005" name="tmp_12_reg_470">
<pin_list>
<pin id="471" dir="0" index="0" bw="1" slack="1"/>
<pin id="472" dir="1" index="1" bw="1" slack="1"/>
</pin_list>
<bind>
<opset="tmp_12 "/>
</bind>
</comp>

</comp_list>

<net_list>
<net id="108"><net_src comp="56" pin="0"/><net_sink comp="104" pin=0"/></net>

<net id="109"><net_src comp="10" pin="0"/><net_sink comp="104" pin=1"/></net>

<net id="114"><net_src comp="56" pin="0"/><net_sink comp="110" pin=0"/></net>

<net id="115"><net_src comp="12" pin="0"/><net_sink comp="110" pin=1"/></net>

<net id="121"><net_src comp="92" pin="0"/><net_sink comp="116" pin=0"/></net>

<net id="122"><net_src comp="0" pin="0"/><net_sink comp="116" pin=1"/></net>

<net id="128"><net_src comp="92" pin="0"/><net_sink comp="123" pin=0"/></net>

<net id="129"><net_src comp="2" pin="0"/><net_sink comp="123" pin=1"/></net>

<net id="135"><net_src comp="92" pin="0"/><net_sink comp="130" pin=0"/></net>

<net id="136"><net_src comp="4" pin="0"/><net_sink comp="130" pin=1"/></net>

<net id="142"><net_src comp="102" pin="0"/><net_sink comp="137" pin=0"/></net>

<net id="143"><net_src comp="14" pin="0"/><net_sink comp="137" pin=1"/></net>

<net id="159"><net_src comp="58" pin="0"/><net_sink comp="154" pin=0"/></net>

<net id="160"><net_src comp="151" pin="1"/><net_sink comp="154" pin=1"/></net>

<net id="161"><net_src comp="60" pin="0"/><net_sink comp="154" pin=2"/></net>

<net id="168"><net_src comp="62" pin="0"/><net_sink comp="162" pin=0"/></net>

<net id="169"><net_src comp="151" pin="1"/><net_sink comp="162" pin=1"/></net>

<net id="170"><net_src comp="64" pin="0"/><net_sink comp="162" pin=2"/></net>

<net id="171"><net_src comp="66" pin="0"/><net_sink comp="162" pin=3"/></net>

<net id="175"><net_src comp="151" pin="1"/><net_sink comp="172" pin=0"/></net>

<net id="182"><net_src comp="68" pin="0"/><net_sink comp="176" pin=0"/></net>

<net id="183"><net_src comp="70" pin="0"/><net_sink comp="176" pin=1"/></net>

<net id="184"><net_src comp="172" pin="1"/><net_sink comp="176" pin=2"/></net>

<net id="185"><net_src comp="72" pin="0"/><net_sink comp="176" pin=3"/></net>

<net id="189"><net_src comp="176" pin="4"/><net_sink comp="186" pin=0"/></net>

<net id="193"><net_src comp="162" pin="4"/><net_sink comp="190" pin=0"/></net>

<net id="198"><net_src comp="74" pin="0"/><net_sink comp="194" pin=0"/></net>

<net id="199"><net_src comp="190" pin="1"/><net_sink comp="194" pin=1"/></net>

<net id="205"><net_src comp="76" pin="0"/><net_sink comp="200" pin=0"/></net>

<net id="206"><net_src comp="194" pin="2"/><net_sink comp="200" pin=1"/></net>

<net id="207"><net_src comp="78" pin="0"/><net_sink comp="200" pin=2"/></net>

<net id="212"><net_src comp="80" pin="0"/><net_sink comp="208" pin=0"/></net>

<net id="213"><net_src comp="162" pin="4"/><net_sink comp="208" pin=1"/></net>

<net id="217"><net_src comp="208" pin="2"/><net_sink comp="214" pin=0"/></net>

<net id="223"><net_src comp="200" pin="3"/><net_sink comp="218" pin=0"/></net>

<net id="224"><net_src comp="214" pin="1"/><net_sink comp="218" pin=1"/></net>

<net id="225"><net_src comp="194" pin="2"/><net_sink comp="218" pin=2"/></net>

<net id="229"><net_src comp="218" pin="3"/><net_sink comp="226" pin=0"/></net>

<net id="233"><net_src comp="218" pin="3"/><net_sink comp="230" pin=0"/></net>

<net id="237"><net_src comp="226" pin="1"/><net_sink comp="234" pin=0"/></net>

<net id="242"><net_src comp="176" pin="4"/><net_sink comp="238" pin=0"/></net>

<net id="243"><net_src comp="230" pin="1"/><net_sink comp="238" pin=1"/></net>

<net id="248"><net_src comp="186" pin="1"/><net_sink comp="244" pin=0"/></net>

<net id="249"><net_src comp="234" pin="1"/><net_sink comp="244" pin=1"/></net>

<net id="255"><net_src comp="82" pin="0"/><net_sink comp="250" pin=0"/></net>

<net id="256"><net_src comp="238" pin="2"/><net_sink comp="250" pin=1"/></net>

<net id="257"><net_src comp="84" pin="0"/><net_sink comp="250" pin=2"/></net>

<net id="261"><net_src comp="250" pin="3"/><net_sink comp="258" pin=0"/></net>

<net id="268"><net_src comp="86" pin="0"/><net_sink comp="262" pin=0"/></net>

<net id="269"><net_src comp="244" pin="2"/><net_sink comp="262" pin=1"/></net>

<net id="270"><net_src comp="84" pin="0"/><net_sink comp="262" pin=2"/></net>

<net id="271"><net_src comp="88" pin="0"/><net_sink comp="262" pin=3"/></net>

<net id="277"><net_src comp="200" pin="3"/><net_sink comp="272" pin=0"/></net>

<net id="278"><net_src comp="258" pin="1"/><net_sink comp="272" pin=1"/></net>

<net id="279"><net_src comp="262" pin="4"/><net_sink comp="272" pin=2"/></net>

<net id="287"><net_src comp="22" pin="0"/><net_sink comp="283" pin=0"/></net>

<net id="288"><net_src comp="280" pin="1"/><net_sink comp="283" pin=1"/></net>

<net id="294"><net_src comp="283" pin="2"/><net_sink comp="289" pin=1"/></net>

<net id="295"><net_src comp="280" pin="1"/><net_sink comp="289" pin=2"/></net>

<net id="299"><net_src comp="289" pin="3"/><net_sink comp="296" pin=0"/></net>

<net id="304"><net_src comp="90" pin="0"/><net_sink comp="300" pin=0"/></net>

<net id="305"><net_src comp="296" pin="1"/><net_sink comp="300" pin=1"/></net>

<net id="310"><net_src comp="289" pin="3"/><net_sink comp="306" pin=0"/></net>

<net id="311"><net_src comp="22" pin="0"/><net_sink comp="306" pin=1"/></net>

<net id="317"><net_src comp="306" pin="2"/><net_sink comp="312" pin=0"/></net>

<net id="318"><net_src comp="296" pin="1"/><net_sink comp="312" pin=1"/></net>

<net id="319"><net_src comp="300" pin="2"/><net_sink comp="312" pin=2"/></net>

<net id="323"><net_src comp="320" pin="1"/><net_sink comp="144" pin=0"/></net>

<net id="333"><net_src comp="62" pin="0"/><net_sink comp="327" pin=0"/></net>

<net id="334"><net_src comp="324" pin="1"/><net_sink comp="327" pin=1"/></net>

<net id="335"><net_src comp="64" pin="0"/><net_sink comp="327" pin=2"/></net>

<net id="336"><net_src comp="66" pin="0"/><net_sink comp="327" pin=3"/></net>

<net id="340"><net_src comp="324" pin="1"/><net_sink comp="337" pin=0"/></net>

<net id="350"><net_src comp="62" pin="0"/><net_sink comp="344" pin=0"/></net>

<net id="351"><net_src comp="341" pin="1"/><net_sink comp="344" pin=1"/></net>

<net id="352"><net_src comp="64" pin="0"/><net_sink comp="344" pin=2"/></net>

<net id="353"><net_src comp="66" pin="0"/><net_sink comp="344" pin=3"/></net>

<net id="357"><net_src comp="341" pin="1"/><net_sink comp="354" pin=0"/></net>

<net id="362"><net_src comp="327" pin="4"/><net_sink comp="358" pin=0"/></net>

<net id="363"><net_src comp="94" pin="0"/><net_sink comp="358" pin=1"/></net>

<net id="368"><net_src comp="337" pin="1"/><net_sink comp="364" pin=0"/></net>

<net id="369"><net_src comp="96" pin="0"/><net_sink comp="364" pin=1"/></net>

<net id="374"><net_src comp="344" pin="4"/><net_sink comp="370" pin=0"/></net>

<net id="375"><net_src comp="94" pin="0"/><net_sink comp="370" pin=1"/></net>

<net id="380"><net_src comp="354" pin="1"/><net_sink comp="376" pin=0"/></net>

<net id="381"><net_src comp="96" pin="0"/><net_sink comp="376" pin=1"/></net>

<net id="394"><net_src comp="382" pin="2"/><net_sink comp="390" pin=0"/></net>

<net id="395"><net_src comp="386" pin="2"/><net_sink comp="390" pin=1"/></net>

<net id="400"><net_src comp="390" pin="2"/><net_sink comp="396" pin=0"/></net>

<net id="406"><net_src comp="396" pin="2"/><net_sink comp="401" pin=0"/></net>

<net id="407"><net_src comp="98" pin="0"/><net_sink comp="401" pin=1"/></net>

<net id="408"><net_src comp="100" pin="0"/><net_sink comp="401" pin=2"/></net>

<net id="409"><net_src comp="401" pin="3"/><net_sink comp="130" pin=2"/></net>

<net id="410"><net_src comp="401" pin="3"/><net_sink comp="137" pin=2"/></net>

<net id="414"><net_src comp="104" pin="2"/><net_sink comp="411" pin=0"/></net>

<net id="415"><net_src comp="411" pin="1"/><net_sink comp="151" pin=0"/></net>

<net id="419"><net_src comp="110" pin="2"/><net_sink comp="416" pin=0"/></net>

<net id="420"><net_src comp="416" pin="1"/><net_sink comp="123" pin=2"/></net>

<net id="421"><net_src comp="416" pin="1"/><net_sink comp="324" pin=0"/></net>

<net id="422"><net_src comp="416" pin="1"/><net_sink comp="147" pin=0"/></net>

<net id="426"><net_src comp="154" pin="3"/><net_sink comp="423" pin=0"/></net>

<net id="427"><net_src comp="423" pin="1"/><net_sink comp="289" pin=0"/></net>

<net id="431"><net_src comp="272" pin="3"/><net_sink comp="428" pin=0"/></net>

<net id="432"><net_src comp="428" pin="1"/><net_sink comp="280" pin=0"/></net>

<net id="436"><net_src comp="312" pin="3"/><net_sink comp="433" pin=0"/></net>

<net id="437"><net_src comp="433" pin="1"/><net_sink comp="320" pin=0"/></net>

<net id="441"><net_src comp="320" pin="1"/><net_sink comp="438" pin=0"/></net>

<net id="442"><net_src comp="438" pin="1"/><net_sink comp="144" pin=0"/></net>

<net id="446"><net_src comp="144" pin="1"/><net_sink comp="443" pin=0"/></net>

<net id="447"><net_src comp="443" pin="1"/><net_sink comp="116" pin=2"/></net>

<net id="448"><net_src comp="443" pin="1"/><net_sink comp="341" pin=0"/></net>

<net id="449"><net_src comp="443" pin="1"/><net_sink comp="147" pin=1"/></net>

<net id="453"><net_src comp="358" pin="2"/><net_sink comp="450" pin=0"/></net>

<net id="454"><net_src comp="450" pin="1"/><net_sink comp="382" pin=1"/></net>

<net id="458"><net_src comp="364" pin="2"/><net_sink comp="455" pin=0"/></net>

<net id="459"><net_src comp="455" pin="1"/><net_sink comp="382" pin=0"/></net>

<net id="463"><net_src comp="370" pin="2"/><net_sink comp="460" pin=0"/></net>

<net id="464"><net_src comp="460" pin="1"/><net_sink comp="386" pin=1"/></net>

<net id="468"><net_src comp="376" pin="2"/><net_sink comp="465" pin=0"/></net>

<net id="469"><net_src comp="465" pin="1"/><net_sink comp="386" pin=0"/></net>

<net id="473"><net_src comp="147" pin="2"/><net_sink comp="470" pin=0"/></net>

<net id="474"><net_src comp="470" pin="1"/><net_sink comp="396" pin=1"/></net>

</net_list>

</model> 
---------------- Datapath Model END ------------------

* FSMD analyzer results:
  - Output states:
	Port: comparateur_in1 | {11 }
	Port: comparateur_seuil | {11 }
	Port: comparateur_result | {12 }
	Port: s | {12 }
 - Input state : 
	Port: comparateur::do_comp : e1 | {2 }
	Port: comparateur::do_comp : e2 | {2 }
  - Chain level:
	State 1
		empty : 1
		empty_14 : 1
	State 2
	State 3
		p_Result_s : 1
		loc_V : 1
		loc_V_2 : 1
		tmp_s : 2
		tmp_10_cast2 : 3
		tmp_11_cast1 : 2
		sh_assign : 3
		isNeg : 4
		tmp_1 : 2
		tmp_12_cast : 3
		sh_assign_2 : 5
		sh_assign_2_cast : 6
		sh_assign_2_cast_cas : 6
		tmp_2 : 7
		r_V : 7
		r_V_2 : 8
		tmp_23 : 8
		tmp_6 : 9
		tmp_8 : 9
		p_Val2_6 : 10
	State 4
		result_V_2 : 1
		result_V_5 : 2
		tmp_24 : 3
		neg_cast : 4
		abscond : 3
		abs : 5
	State 5
		tmp_4 : 1
	State 6
	State 7
	State 8
	State 9
	State 10
	State 11
		tmp_3 : 1
		tmp_26 : 1
		tmp_7 : 1
		tmp_27 : 1
		notlhs : 2
		notrhs : 2
		notlhs3 : 2
		notrhs4 : 2
	State 12
		StgValue_88 : 1
		StgValue_89 : 1


============================================================
+ Verbose Summary: Datapath Resource usage 
============================================================

* Functional unit list:
|----------|-----------------------------|---------|---------|---------|
| Operation|       Functional Unit       |  DSP48E |    FF   |   LUT   |
|----------|-----------------------------|---------|---------|---------|
|  sitofp  |          grp_fu_144         |    0    |   339   |   373   |
|----------|-----------------------------|---------|---------|---------|
|   fcmp   |        tmp_12_fu_147        |    0    |    66   |    70   |
|----------|-----------------------------|---------|---------|---------|
|          |      sh_assign_2_fu_218     |    0    |    0    |    9    |
|          |       p_Val2_6_fu_272       |    0    |    0    |    31   |
|  select  |      result_V_5_fu_289      |    0    |    0    |    32   |
|          |          abs_fu_312         |    0    |    0    |    31   |
|          |         tmp_5_fu_401        |    0    |    0    |    32   |
|----------|-----------------------------|---------|---------|---------|
|    shl   |         r_V_2_fu_244        |    0    |    0    |   101   |
|----------|-----------------------------|---------|---------|---------|
|          |         tmp_1_fu_208        |    0    |    0    |    15   |
|    sub   |      result_V_2_fu_283      |    0    |    0    |    38   |
|          |       neg_cast_fu_300       |    0    |    0    |    38   |
|----------|-----------------------------|---------|---------|---------|
|          |        abscond_fu_306       |    0    |    0    |    18   |
|          |        notlhs_fu_358        |    0    |    0    |    11   |
|   icmp   |        notrhs_fu_364        |    0    |    0    |    18   |
|          |        notlhs3_fu_370       |    0    |    0    |    11   |
|          |        notrhs4_fu_376       |    0    |    0    |    18   |
|----------|-----------------------------|---------|---------|---------|
|   lshr   |          r_V_fu_238         |    0    |    0    |    73   |
|----------|-----------------------------|---------|---------|---------|
|    or    |         tmp_9_fu_382        |    0    |    0    |    8    |
|          |        tmp_10_fu_386        |    0    |    0    |    8    |
|----------|-----------------------------|---------|---------|---------|
|    and   |        tmp_11_fu_390        |    0    |    0    |    8    |
|          |        tmp_13_fu_396        |    0    |    0    |    8    |
|----------|-----------------------------|---------|---------|---------|
|    add   |       sh_assign_fu_194      |    0    |    0    |    15   |
|----------|-----------------------------|---------|---------|---------|
|   read   |       val_read_fu_104       |    0    |    0    |    0    |
|          |      val_1_read_fu_110      |    0    |    0    |    0    |
|----------|-----------------------------|---------|---------|---------|
|          |   StgValue_70_write_fu_116  |    0    |    0    |    0    |
|   write  |   StgValue_71_write_fu_123  |    0    |    0    |    0    |
|          |   StgValue_88_write_fu_130  |    0    |    0    |    0    |
|          |   StgValue_89_write_fu_137  |    0    |    0    |    0    |
|----------|-----------------------------|---------|---------|---------|
|          |      p_Result_s_fu_154      |    0    |    0    |    0    |
| bitselect|         isNeg_fu_200        |    0    |    0    |    0    |
|          |        tmp_23_fu_250        |    0    |    0    |    0    |
|----------|-----------------------------|---------|---------|---------|
|          |         loc_V_fu_162        |    0    |    0    |    0    |
|partselect|         tmp_8_fu_262        |    0    |    0    |    0    |
|          |         tmp_3_fu_327        |    0    |    0    |    0    |
|          |         tmp_7_fu_344        |    0    |    0    |    0    |
|----------|-----------------------------|---------|---------|---------|
|          |        loc_V_2_fu_172       |    0    |    0    |    0    |
|   trunc  |        tmp_24_fu_296        |    0    |    0    |    0    |
|          |        tmp_26_fu_337        |    0    |    0    |    0    |
|          |        tmp_27_fu_354        |    0    |    0    |    0    |
|----------|-----------------------------|---------|---------|---------|
|bitconcatenate|         tmp_s_fu_176        |    0    |    0    |    0    |
|----------|-----------------------------|---------|---------|---------|
|          |     tmp_10_cast2_fu_186     |    0    |    0    |    0    |
|          |     tmp_11_cast1_fu_190     |    0    |    0    |    0    |
|   zext   |         tmp_2_fu_234        |    0    |    0    |    0    |
|          |         tmp_6_fu_258        |    0    |    0    |    0    |
|          |       result_V_fu_280       |    0    |    0    |    0    |
|          |       abs_cast_fu_320       |    0    |    0    |    0    |
|----------|-----------------------------|---------|---------|---------|
|          |      tmp_12_cast_fu_214     |    0    |    0    |    0    |
|   sext   |   sh_assign_2_cast_fu_226   |    0    |    0    |    0    |
|          | sh_assign_2_cast_cas_fu_230 |    0    |    0    |    0    |
|----------|-----------------------------|---------|---------|---------|
|   Total  |                             |    0    |   405   |   966   |
|----------|-----------------------------|---------|---------|---------|

Memories:
N/A

* Register list:
+------------------+--------+
|                  |   FF   |
+------------------+--------+
| abs_cast_reg_438 |   32   |
|    abs_reg_433   |   31   |
|  notlhs3_reg_460 |    1   |
|  notlhs_reg_450  |    1   |
|  notrhs4_reg_465 |    1   |
|  notrhs_reg_455  |    1   |
|p_Result_s_reg_423|    1   |
| p_Val2_6_reg_428 |   31   |
|  tmp_12_reg_470  |    1   |
|   tmp_4_reg_443  |   32   |
|   val_1_reg_416  |   32   |
|    val_reg_411   |   32   |
+------------------+--------+
|       Total      |   196  |
+------------------+--------+

* Multiplexer (MUX) list: 
|------------|------|------|------|--------||---------||---------|
|    Comp    |  Pin | Size |  BW  | S x BW ||  Delay  ||   LUT   |
|------------|------|------|------|--------||---------||---------|
| grp_fu_144 |  p0  |   2  |  31  |   62   ||    9    |
|------------|------|------|------|--------||---------||---------|
|    Total   |      |      |      |   62   ||  1.664  ||    9    |
|------------|------|------|------|--------||---------||---------|



* Summary:
+-----------+--------+--------+--------+--------+
|           | DSP48E |  Delay |   FF   |   LUT  |
+-----------+--------+--------+--------+--------+
|  Function |    0   |    -   |   405  |   966  |
|   Memory  |    -   |    -   |    -   |    -   |
|Multiplexer|    -   |    1   |    -   |    9   |
|  Register |    -   |    -   |   196  |    -   |
+-----------+--------+--------+--------+--------+
|   Total   |    0   |    1   |   601  |   975  |
+-----------+--------+--------+--------+--------+
