

================================================================
== Vivado HLS Report for 'doubleur_do_split'
================================================================
* Date:           Wed Jan 17 14:57:52 2018

* Version:        2017.3 (Build 2018833 on Wed Oct 04 20:30:40 MDT 2017)
* Project:        main_module
* Solution:       solution1
* Product family: artix7
* Target device:  xc7a100tcsg324-1


================================================================
== Performance Estimates
================================================================
+ Timing (ns): 
    * Summary: 
    +--------+-------+----------+------------+
    |  Clock | Target| Estimated| Uncertainty|
    +--------+-------+----------+------------+
    |ap_clk  |  10.00|      7.82|        1.25|
    +--------+-------+----------+------------+

+ Latency (clock cycles): 
    * Summary: 
    +-----+-----+-----+-----+---------+
    |  Latency  |  Interval | Pipeline|
    | min | max | min | max |   Type  |
    +-----+-----+-----+-----+---------+
    |    2|    2|    2|    2|   none  |
    +-----+-----+-----+-----+---------+

    + Detail: 
        * Instance: 
        N/A

        * Loop: 
        +----------+-----+-----+----------+-----------+-----------+------+----------+
        |          |  Latency  | Iteration|  Initiation Interval  | Trip |          |
        | Loop Name| min | max |  Latency |  achieved |   target  | Count| Pipelined|
        +----------+-----+-----+----------+-----------+-----------+------+----------+
        |- Loop 1  |    1|    1|         1|          -|          -|  inf |    no    |
        +----------+-----+-----+----------+-----------+-----------+------+----------+

============================================================
+ Verbose Summary: Synthesis Manager
============================================================
InlineROM: 1
ExposeGlobal: 0
============================================================
+ Verbose Summary: CDFG Model
============================================================
IsTopModel: 0
ResetActiveHigh: 1
IsCombinational: 0
IsDatapathOnly: 0
HasWiredReturn: 0
HasMFsm: 0
HasVarLatency: 1
IsPipeline: 0
IsRtlPipelined: 0
IsInstanceOverlapped: 0
IsDontTouch: 0
HasImplIP: 0
IsGatedGlobalClock: 0


============================================================
+ Verbose Summary: Schedule
============================================================
* Number of FSM states : 2
* Pipeline : 0
* Dataflow Pipeline: 0

* FSM state transitions: 
1 --> 
	2  / true
2 --> 
	2  / true

* FSM state operations: 

 <State 1> : 0.00ns
ST_1 : Operation 3 [1/1] (0.00ns)   --->   "call void (...)* @_ssdm_op_SpecBitsMap(float* %doubleur_to_split), !map !1933"
ST_1 : Operation 4 [1/1] (0.00ns)   --->   "call void (...)* @_ssdm_op_SpecBitsMap(i1* %clk), !map !1937"
ST_1 : Operation 5 [1/1] (0.00ns)   --->   "call void (...)* @_ssdm_op_SpecBitsMap(i1* %reset), !map !1941"
ST_1 : Operation 6 [1/1] (0.00ns)   --->   "call void (...)* @_ssdm_op_SpecBitsMap(float* %e), !map !1945"
ST_1 : Operation 7 [1/1] (0.00ns)   --->   "call void (...)* @_ssdm_op_SpecBitsMap(float* %s1), !map !1949"
ST_1 : Operation 8 [1/1] (0.00ns)   --->   "call void (...)* @_ssdm_op_SpecBitsMap(float* %s2), !map !1953"
ST_1 : Operation 9 [1/1] (0.00ns)   --->   "call void (...)* @_ssdm_op_SpecPort([9 x i8]* @p_str234, i32 0, [7 x i8]* @p_str1235, [4 x i8]* @p_str2236, i32 0, i32 0, i1* %clk) nounwind" [src/modules/doubleur.cpp:4]
ST_1 : Operation 10 [1/1] (0.00ns)   --->   "call void (...)* @_ssdm_op_SpecPort([9 x i8]* @p_str234, i32 0, [7 x i8]* @p_str1235, [6 x i8]* @p_str3237, i32 0, i32 0, i1* %reset) nounwind" [src/modules/doubleur.cpp:5]
ST_1 : Operation 11 [1/1] (0.00ns)   --->   "call void (...)* @_ssdm_op_SpecInterface(float* %e, [8 x i8]* @p_str4238, i32 0, i32 0, [1 x i8]* @p_str5239, i32 0, i32 0, [1 x i8]* @p_str5239, [1 x i8]* @p_str5239, [1 x i8]* @p_str5239, i32 0, i32 0, i32 0, i32 0, [1 x i8]* @p_str5239, [1 x i8]* @p_str5239) nounwind" [src/modules/doubleur.cpp:6]
ST_1 : Operation 12 [1/1] (0.00ns)   --->   "call void (...)* @_ssdm_op_SpecInterface(float* %s1, [8 x i8]* @p_str4238, i32 0, i32 0, [1 x i8]* @p_str5239, i32 0, i32 0, [1 x i8]* @p_str5239, [1 x i8]* @p_str5239, [1 x i8]* @p_str5239, i32 0, i32 0, i32 0, i32 0, [1 x i8]* @p_str5239, [1 x i8]* @p_str5239) nounwind" [src/modules/doubleur.cpp:7]
ST_1 : Operation 13 [1/1] (0.00ns)   --->   "call void (...)* @_ssdm_op_SpecInterface(float* %s2, [8 x i8]* @p_str4238, i32 0, i32 0, [1 x i8]* @p_str5239, i32 0, i32 0, [1 x i8]* @p_str5239, [1 x i8]* @p_str5239, [1 x i8]* @p_str5239, i32 0, i32 0, i32 0, i32 0, [1 x i8]* @p_str5239, [1 x i8]* @p_str5239) nounwind" [src/modules/doubleur.cpp:8]
ST_1 : Operation 14 [1/1] (0.00ns)   --->   "call void (...)* @_ssdm_op_SpecProcessDef([9 x i8]* @p_str234, i32 2, [9 x i8]* @p_str6240) nounwind" [src/modules/doubleur.cpp:9]
ST_1 : Operation 15 [1/1] (0.00ns)   --->   "%tmp_s = call i32 (...)* @_ssdm_op_SpecRegionBegin([15 x i8]* @p_str7241)" [src/modules/doubleur.cpp:9]
ST_1 : Operation 16 [1/1] (0.00ns)   --->   "call void (...)* @_ssdm_op_SpecProtocol(i32 1, [1 x i8]* @p_str5239) nounwind" [src/modules/doubleur.cpp:9]
ST_1 : Operation 17 [1/1] (0.00ns)   --->   "%p_ssdm_reset_v = call i32 (...)* @_ssdm_op_SpecStateBegin(i32 0, i32 0, i32 1) nounwind" [src/modules/doubleur.cpp:9]
ST_1 : Operation 18 [1/1] (0.00ns)   --->   "%empty = call i32 (...)* @_ssdm_op_SpecStateEnd(i32 %p_ssdm_reset_v) nounwind" [src/modules/doubleur.cpp:16]
ST_1 : Operation 19 [1/1] (0.00ns)   --->   "%empty_15 = call i32 (...)* @_ssdm_op_SpecRegionEnd([15 x i8]* @p_str7241, i32 %tmp_s)" [src/modules/doubleur.cpp:16]
ST_1 : Operation 20 [1/1] (0.00ns)   --->   "br label %1" [src/modules/doubleur.cpp:16]

 <State 2> : 7.82ns
ST_2 : Operation 21 [1/1] (3.90ns)   --->   "%val = call float @_ssdm_op_Read.ap_fifo.volatile.floatP(float* %e)" [src/modules/doubleur.cpp:6]   --->   Core 36 'FIFO_SRL' <Latency = 0> <II = 1> <Delay = 3.90> <Storage> <Opcode : 'read' 'write' 'nbread' 'nbwrite'> <Ports = 0> <Width = 32> <Depth = 0> <FIFO>
ST_2 : Operation 22 [1/1] (0.00ns)   --->   "call void @_ssdm_op_Write.ap_auto.floatP(float* %doubleur_to_split, float %val)" [src/modules/doubleur.cpp:6]
ST_2 : Operation 23 [1/1] (3.90ns)   --->   "call void @_ssdm_op_Write.ap_fifo.volatile.floatP(float* %s1, float %val)" [src/modules/doubleur.cpp:8]   --->   Core 36 'FIFO_SRL' <Latency = 0> <II = 1> <Delay = 3.90> <Storage> <Opcode : 'read' 'write' 'nbread' 'nbwrite'> <Ports = 0> <Width = 32> <Depth = 0> <FIFO>
ST_2 : Operation 24 [1/1] (3.90ns)   --->   "call void @_ssdm_op_Write.ap_fifo.volatile.floatP(float* %s2, float %val)" [src/modules/doubleur.cpp:9]   --->   Core 36 'FIFO_SRL' <Latency = 0> <II = 1> <Delay = 3.90> <Storage> <Opcode : 'read' 'write' 'nbread' 'nbwrite'> <Ports = 0> <Width = 32> <Depth = 0> <FIFO>
ST_2 : Operation 25 [1/1] (0.00ns)   --->   "br label %1" [src/modules/doubleur.cpp:10]


============================================================
+ Verbose Summary: Timing violations
============================================================
Target clock period: 10ns, clock uncertainty: 1.25ns.

 <State 1>: 0ns
The critical path consists of the following:

 <State 2>: 7.82ns
The critical path consists of the following:
	fifo read on port 'e' (src/modules/doubleur.cpp:6) [26]  (3.91 ns)
	fifo write on port 's1' (src/modules/doubleur.cpp:8) [28]  (3.91 ns)


============================================================
+ Verbose Summary: Binding
============================================================
N/A
* FSMD analyzer results:
  - Output states:
 - Input state : 
  - Chain level:
	State 1
	State 2


============================================================
+ Verbose Summary: Datapath Resource usage 
============================================================
N/A
