

================================================================
== Vivado HLS Report for 'top_level'
================================================================
* Date:           Thu Dec 21 14:59:31 2017

* Version:        2017.3 (Build 2018833 on Wed Oct 04 20:30:40 MDT 2017)
* Project:        main_module
* Solution:       solution1
* Product family: artix7
* Target device:  xc7a100tcsg324-1


================================================================
== Performance Estimates
================================================================
+ Timing (ns): 
    * Summary: 
    +--------+-------+----------+------------+
    |  Clock | Target| Estimated| Uncertainty|
    +--------+-------+----------+------------+
    |ap_clk  |  10.00|      8.61|        1.25|
    +--------+-------+----------+------------+

+ Latency (clock cycles): 
    * Summary: 
    +-----+-----+-----+-----+---------+
    |  Latency  |  Interval | Pipeline|
    | min | max | min | max |   Type  |
    +-----+-----+-----+-----+---------+
    |    1|   49|    2|   50|   none  |
    +-----+-----+-----+-----+---------+

    + Detail: 
        * Instance: 
        +------------------------+-------------+-----+-----+-----+-----+---------+
        |                        |             |  Latency  |  Interval | Pipeline|
        |        Instance        |    Module   | min | max | min | max |   Type  |
        +------------------------+-------------+-----+-----+-----+-----+---------+
        |grp_UartModIn_fu_236    |UartModIn    |    0|    6|    1|    7|   none  |
        |grp_UartModOut_fu_250   |UartModOut   |    0|    6|    1|    7|   none  |
        |grp_doubleur_fu_264     |doubleur     |    0|    3|    1|    4|   none  |
        |grp_comparateur_fu_282  |comparateur  |    0|   13|    1|   14|   none  |
        |grp_filtre1_fu_304      |filtre1      |    0|   48|    1|   49|   none  |
        |grp_carre_fu_326        |carre        |    0|    8|    1|    9|   none  |
        |grp_filtre2_fu_342      |filtre2      |    0|   48|    1|   49|   none  |
        |grp_racine_fu_364       |racine       |    0|   28|    1|   29|   none  |
        +------------------------+-------------+-----+-----+-----+-----+---------+

        * Loop: 
        N/A



================================================================
== Utilization Estimates
================================================================
* Summary: 
+-----------------+---------+-------+--------+-------+
|       Name      | BRAM_18K| DSP48E|   FF   |  LUT  |
+-----------------+---------+-------+--------+-------+
|DSP              |        -|      -|       -|      -|
|Expression       |        -|      -|       -|      -|
|FIFO             |      112|      -|    1050|   3409|
|Instance         |        4|     31|    3846|   5041|
|Memory           |        -|      -|       -|      -|
|Multiplexer      |        -|      -|       -|      -|
|Register         |        -|      -|       -|      -|
+-----------------+---------+-------+--------+-------+
|Total            |      116|     31|    4896|   8450|
+-----------------+---------+-------+--------+-------+
|Available        |      270|    240|  126800|  63400|
+-----------------+---------+-------+--------+-------+
|Utilization (%)  |       42|     12|       3|     13|
+-----------------+---------+-------+--------+-------+

+ Detail: 
    * Instance: 
    +------------------------+-------------+---------+-------+------+------+
    |        Instance        |    Module   | BRAM_18K| DSP48E|  FF  |  LUT |
    +------------------------+-------------+---------+-------+------+------+
    |grp_UartModIn_fu_236    |UartModIn    |        0|      0|    29|    53|
    |grp_UartModOut_fu_250   |UartModOut   |        0|      0|    29|    80|
    |grp_carre_fu_326        |carre        |        0|      3|   214|   196|
    |grp_comparateur_fu_282  |comparateur  |        0|      0|   581|  1196|
    |grp_doubleur_fu_264     |doubleur     |        0|      0|     2|    44|
    |grp_filtre2_fu_342      |filtre2      |        4|     25|  1885|  1753|
    |grp_racine_fu_364       |racine       |        0|      3|  1106|  1719|
    +------------------------+-------------+---------+-------+------+------+
    |Total                   |             |        4|     31|  3846|  5041|
    +------------------------+-------------+---------+-------+------+------+

    * DSP48: 
    N/A

    * Memory: 
    N/A

    * FIFO: 
    +-----------------+---------+-----+-----+------+-----+---------+
    |       Name      | BRAM_18K|  FF | LUT | Depth| Bits| Size:D*B|
    +-----------------+---------+-----+-----+------+-----+---------+
    |doub1_1_fifo_U   |       16|  150|  487|  8192|   32|   262144|
    |doub2_1_fifo_U   |       16|  150|  487|  8192|   32|   262144|
    |fifo1_12_fifo_U  |       16|  150|  487|  8192|   32|   262144|
    |fifo2_13_fifo_U  |       16|  150|  487|  8192|   32|   262144|
    |fifo2_1_fifo_U   |       16|  150|  487|  8192|   32|   262144|
    |fifo3_1_fifo_U   |       16|  150|  487|  8192|   32|   262144|
    |fifo4_1_fifo_U   |       16|  150|  487|  8192|   32|   262144|
    +-----------------+---------+-----+-----+------+-----+---------+
    |Total            |      112| 1050| 3409| 57344|  224|  1835008|
    +-----------------+---------+-----+-----+------+-----+---------+

    * Expression: 
    N/A

    * Multiplexer: 
    N/A

    * Register: 
    N/A



================================================================
== Interface
================================================================
* Summary: 
+-----------+-----+-----+------------+----------------------+--------------+
| RTL Ports | Dir | Bits|  Protocol  |     Source Object    |    C Type    |
+-----------+-----+-----+------------+----------------------+--------------+
|clk        |  in |    1| ap_ctrl_hs | top_level::top_level | return value |
|reset      |  in |    1| ap_ctrl_hs | top_level::top_level | return value |
|e_dout     |  in |    8|   ap_fifo  |           e          |    pointer   |
|e_empty_n  |  in |    1|   ap_fifo  |           e          |    pointer   |
|e_read     | out |    1|   ap_fifo  |           e          |    pointer   |
|s_din      | out |    8|   ap_fifo  |           s          |    pointer   |
|s_full_n   |  in |    1|   ap_fifo  |           s          |    pointer   |
|s_write    | out |    1|   ap_fifo  |           s          |    pointer   |
+-----------+-----+-----+------------+----------------------+--------------+

============================================================
+ Verbose Summary: Synthesis Manager
============================================================
InlineROM: 1
ExposeGlobal: 0
============================================================
+ Verbose Summary: CDFG Model
============================================================
IsTopModel: 1
ResetActiveHigh: 1
IsCombinational: 2
IsDatapathOnly: 0
HasWiredReturn: 1
HasMFsm: 0
HasVarLatency: 1
IsPipeline: 0
IsRtlPipelined: 0
IsInstanceOverlapped: 0
IsDontTouch: 0
HasImplIP: 0
IsGatedGlobalClock: 0


============================================================
+ Verbose Summary: Schedule
============================================================
* Number of FSM states : 2
* Pipeline : 0
* Dataflow Pipeline: 0

* FSM state transitions: 
1 --> 
	2  / true
2 --> 

* FSM state operations: 

 <State 1> : 0.00ns
ST_1 : Operation 3 [2/2] (0.00ns)   --->   "call void @"UartModIn::UartModIn.1"(i8* %e_form, float* %fifo1_12_form, i1* %clk_form, i1* %reset_form)" [src/modules/UartModIn.h:26->src/modules/top_level.h:41]   --->   Core 0 '' <Latency = 0> <II = 1> <Delay = 1.00> <Generic> <Opcode : >
ST_1 : Operation 4 [2/2] (0.00ns)   --->   "call void @"UartModOut::UartModOut.1"(float* %fifo2_1_form24, i8* %s_form, i1* %clk_form4, i1* %reset_form5)" [src/modules/UartModOut.h:26->src/modules/top_level.h:41]   --->   Core 0 '' <Latency = 0> <II = 1> <Delay = 1.00> <Generic> <Opcode : >
ST_1 : Operation 5 [2/2] (0.00ns)   --->   "call void @"doubleur::doubleur.1"(float* %top_level_doub_to_split, i1* %clk_form6, i1* %reset_form7, float* %fifo1_12_form18, float* %doub1_1_form, float* %doub2_1_form)" [src/modules/doubleur.h:22->src/modules/top_level.h:41]   --->   Core 0 '' <Latency = 0> <II = 1> <Delay = 1.00> <Generic> <Opcode : >
ST_1 : Operation 6 [2/2] (0.00ns)   --->   "call void @"comparateur::comparateur.1"(float* %top_level_comp_in1, float* %top_level_comp_seuil, float* %top_level_comp_result, i1* %clk_form16, i1* %reset_form17, float* %doub1_1_form19, float* %fifo4_1_form23, float* %fifo2_1_form)" [src/modules/comparateur.h:27->src/modules/top_level.h:41]   --->   Core 0 '' <Latency = 0> <II = 1> <Delay = 1.00> <Generic> <Opcode : >
ST_1 : Operation 7 [2/2] (0.00ns)   --->   "call void @"filtre1::filtre1.1"(float* %top_level_f1_y0, float* %top_level_f1_x0, [2 x float]* %top_level_f1_mem_x, [2 x float]* %top_level_f1_mem_y, i1* %clk_form10, i1* %reset_form11, float* %top_level_f1_e_m_if_Val, float* %top_level_f1_s_m_if_Val)" [src/modules/filtre1.h:29->src/modules/top_level.h:41]   --->   Core 0 '' <Latency = 0> <II = 1> <Delay = 1.00> <Generic> <Opcode : >
ST_1 : Operation 8 [2/2] (0.00ns)   --->   "call void @"carre::carre.1"(float* %top_level_car_x, i1* %clk_form12, i1* %reset_form13, float* %doub2_1_form20, float* %fifo2_13_form)" [src/modules/carre.h:21->src/modules/top_level.h:41]   --->   Core 0 '' <Latency = 0> <II = 1> <Delay = 1.00> <Generic> <Opcode : >
ST_1 : Operation 9 [2/2] (0.00ns)   --->   "call void @"filtre2::filtre2.1"(float* %top_level_f2_y0, float* %top_level_f2_x0, [2 x float]* %top_level_f2_mem_x, [2 x float]* %top_level_f2_mem_y, i1* %clk_form14, i1* %reset_form15, float* %fifo2_13_form21, float* %fifo3_1_form)" [src/modules/filtre2.h:29->src/modules/top_level.h:41]   --->   Core 0 '' <Latency = 0> <II = 1> <Delay = 1.00> <Generic> <Opcode : >
ST_1 : Operation 10 [2/2] (0.00ns)   --->   "call void @"racine::racine.1"(float* %top_level_rac_x, i1* %top_level_rac_clk_m_if_Val, i1* %top_level_rac_reset_m_if_Val, float* %fifo3_1_form22, float* %fifo4_1_form)" [src/modules/racine.h:22->src/modules/top_level.h:41]   --->   Core 0 '' <Latency = 0> <II = 1> <Delay = 1.00> <Generic> <Opcode : >

 <State 2> : 0.00ns
ST_2 : Operation 11 [1/1] (0.00ns)   --->   "call void (...)* @_ssdm_op_SpecInterface(float* %fifo4_1_form, [8 x i8]* @p_str4140, i32 0, i32 0, [1 x i8]* @p_str5141, i32 0, i32 0, [1 x i8]* @p_str5141, [1 x i8]* @p_str5141, [1 x i8]* @p_str5141, i32 0, i32 0, i32 0, i32 0, [1 x i8]* @p_str5141, [1 x i8]* @p_str5141)"
ST_2 : Operation 12 [1/1] (0.00ns)   --->   "call void (...)* @_ssdm_op_SpecInterface(float* %fifo3_1_form22, [8 x i8]* @p_str4140, i32 0, i32 0, [1 x i8]* @p_str5141, i32 0, i32 0, [1 x i8]* @p_str5141, [1 x i8]* @p_str5141, [1 x i8]* @p_str5141, i32 0, i32 0, i32 0, i32 0, [1 x i8]* @p_str5141, [1 x i8]* @p_str5141)"
ST_2 : Operation 13 [1/1] (0.00ns)   --->   "call void (...)* @_ssdm_op_SpecInterface(float* %fifo3_1_form, [8 x i8]* @p_str4117, i32 0, i32 0, [1 x i8]* @p_str5118, i32 0, i32 0, [1 x i8]* @p_str5118, [1 x i8]* @p_str5118, [1 x i8]* @p_str5118, i32 0, i32 0, i32 0, i32 0, [1 x i8]* @p_str5118, [1 x i8]* @p_str5118)"
ST_2 : Operation 14 [1/1] (0.00ns)   --->   "call void (...)* @_ssdm_op_SpecInterface(float* %fifo2_13_form21, [8 x i8]* @p_str4117, i32 0, i32 0, [1 x i8]* @p_str5118, i32 0, i32 0, [1 x i8]* @p_str5118, [1 x i8]* @p_str5118, [1 x i8]* @p_str5118, i32 0, i32 0, i32 0, i32 0, [1 x i8]* @p_str5118, [1 x i8]* @p_str5118)"
ST_2 : Operation 15 [1/1] (0.00ns)   --->   "call void (...)* @_ssdm_op_SpecInterface(float* %fifo2_13_form, [8 x i8]* @p_str435, i32 0, i32 0, [1 x i8]* @p_str536, i32 0, i32 0, [1 x i8]* @p_str536, [1 x i8]* @p_str536, [1 x i8]* @p_str536, i32 0, i32 0, i32 0, i32 0, [1 x i8]* @p_str536, [1 x i8]* @p_str536)"
ST_2 : Operation 16 [1/1] (0.00ns)   --->   "call void (...)* @_ssdm_op_SpecInterface(float* %doub2_1_form20, [8 x i8]* @p_str435, i32 0, i32 0, [1 x i8]* @p_str536, i32 0, i32 0, [1 x i8]* @p_str536, [1 x i8]* @p_str536, [1 x i8]* @p_str536, i32 0, i32 0, i32 0, i32 0, [1 x i8]* @p_str536, [1 x i8]* @p_str536)"
ST_2 : Operation 17 [1/1] (0.00ns)   --->   "call void (...)* @_ssdm_op_SpecInterface(float* %top_level_f1_s_m_if_Val, [8 x i8]* @p_str493, i32 0, i32 0, [1 x i8]* @p_str594, i32 0, i32 0, [1 x i8]* @p_str594, [1 x i8]* @p_str594, [1 x i8]* @p_str594, i32 0, i32 0, i32 0, i32 0, [1 x i8]* @p_str594, [1 x i8]* @p_str594)"
ST_2 : Operation 18 [1/1] (0.00ns)   --->   "call void (...)* @_ssdm_op_SpecInterface(float* %top_level_f1_e_m_if_Val, [8 x i8]* @p_str493, i32 0, i32 0, [1 x i8]* @p_str594, i32 0, i32 0, [1 x i8]* @p_str594, [1 x i8]* @p_str594, [1 x i8]* @p_str594, i32 0, i32 0, i32 0, i32 0, [1 x i8]* @p_str594, [1 x i8]* @p_str594)"
ST_2 : Operation 19 [1/1] (0.00ns)   --->   "call void (...)* @_ssdm_op_SpecInterface(float* %fifo2_1_form, [8 x i8]* @p_str454, i32 0, i32 0, [1 x i8]* @p_str555, i32 0, i32 0, [1 x i8]* @p_str555, [1 x i8]* @p_str555, [1 x i8]* @p_str555, i32 0, i32 0, i32 0, i32 0, [1 x i8]* @p_str555, [1 x i8]* @p_str555)"
ST_2 : Operation 20 [1/1] (0.00ns)   --->   "call void (...)* @_ssdm_op_SpecInterface(float* %fifo4_1_form23, [8 x i8]* @p_str454, i32 0, i32 0, [1 x i8]* @p_str555, i32 0, i32 0, [1 x i8]* @p_str555, [1 x i8]* @p_str555, [1 x i8]* @p_str555, i32 0, i32 0, i32 0, i32 0, [1 x i8]* @p_str555, [1 x i8]* @p_str555)"
ST_2 : Operation 21 [1/1] (0.00ns)   --->   "call void (...)* @_ssdm_op_SpecInterface(float* %doub1_1_form19, [8 x i8]* @p_str454, i32 0, i32 0, [1 x i8]* @p_str555, i32 0, i32 0, [1 x i8]* @p_str555, [1 x i8]* @p_str555, [1 x i8]* @p_str555, i32 0, i32 0, i32 0, i32 0, [1 x i8]* @p_str555, [1 x i8]* @p_str555)"
ST_2 : Operation 22 [1/1] (0.00ns)   --->   "call void (...)* @_ssdm_op_SpecInterface(float* %doub2_1_form, [8 x i8]* @p_str474, i32 0, i32 0, [1 x i8]* @p_str575, i32 0, i32 0, [1 x i8]* @p_str575, [1 x i8]* @p_str575, [1 x i8]* @p_str575, i32 0, i32 0, i32 0, i32 0, [1 x i8]* @p_str575, [1 x i8]* @p_str575)"
ST_2 : Operation 23 [1/1] (0.00ns)   --->   "call void (...)* @_ssdm_op_SpecInterface(float* %doub1_1_form, [8 x i8]* @p_str474, i32 0, i32 0, [1 x i8]* @p_str575, i32 0, i32 0, [1 x i8]* @p_str575, [1 x i8]* @p_str575, [1 x i8]* @p_str575, i32 0, i32 0, i32 0, i32 0, [1 x i8]* @p_str575, [1 x i8]* @p_str575)"
ST_2 : Operation 24 [1/1] (0.00ns)   --->   "call void (...)* @_ssdm_op_SpecInterface(float* %fifo1_12_form18, [8 x i8]* @p_str474, i32 0, i32 0, [1 x i8]* @p_str575, i32 0, i32 0, [1 x i8]* @p_str575, [1 x i8]* @p_str575, [1 x i8]* @p_str575, i32 0, i32 0, i32 0, i32 0, [1 x i8]* @p_str575, [1 x i8]* @p_str575)"
ST_2 : Operation 25 [1/1] (0.00ns)   --->   "call void (...)* @_ssdm_op_SpecInterface(i8* %s_form, [8 x i8]* @p_str11, i32 0, i32 0, [1 x i8]* @p_str112, i32 0, i32 0, [1 x i8]* @p_str112, [1 x i8]* @p_str112, [1 x i8]* @p_str112, i32 0, i32 0, i32 0, i32 0, [1 x i8]* @p_str112, [1 x i8]* @p_str112)"
ST_2 : Operation 26 [1/1] (0.00ns)   --->   "call void (...)* @_ssdm_op_SpecInterface(float* %fifo2_1_form24, [8 x i8]* @p_str11, i32 0, i32 0, [1 x i8]* @p_str112, i32 0, i32 0, [1 x i8]* @p_str112, [1 x i8]* @p_str112, [1 x i8]* @p_str112, i32 0, i32 0, i32 0, i32 0, [1 x i8]* @p_str112, [1 x i8]* @p_str112)"
ST_2 : Operation 27 [1/1] (0.00ns)   --->   "call void (...)* @_ssdm_op_SpecInterface(float* %fifo1_12_form, [8 x i8]* @p_str, i32 0, i32 0, [1 x i8]* @p_str1, i32 0, i32 0, [1 x i8]* @p_str1, [1 x i8]* @p_str1, [1 x i8]* @p_str1, i32 0, i32 0, i32 0, i32 0, [1 x i8]* @p_str1, [1 x i8]* @p_str1)"
ST_2 : Operation 28 [1/1] (0.00ns)   --->   "call void (...)* @_ssdm_op_SpecInterface(i8* %e_form, [8 x i8]* @p_str, i32 0, i32 0, [1 x i8]* @p_str1, i32 0, i32 0, [1 x i8]* @p_str1, [1 x i8]* @p_str1, [1 x i8]* @p_str1, i32 0, i32 0, i32 0, i32 0, [1 x i8]* @p_str1, [1 x i8]* @p_str1)"
ST_2 : Operation 29 [1/1] (0.00ns)   --->   "call void (...)* @_ssdm_op_SpecBitsMap(i1* %clk), !map !765"
ST_2 : Operation 30 [1/1] (0.00ns)   --->   "call void (...)* @_ssdm_op_SpecBitsMap(i1* %reset), !map !769"
ST_2 : Operation 31 [1/1] (0.00ns)   --->   "call void (...)* @_ssdm_op_SpecBitsMap(i8* %e), !map !773"
ST_2 : Operation 32 [1/1] (0.00ns)   --->   "call void (...)* @_ssdm_op_SpecBitsMap(i8* %s), !map !777"
ST_2 : Operation 33 [1/1] (0.00ns)   --->   "call void (...)* @_ssdm_op_SpecBitsMap(i8* %e_form), !map !781"
ST_2 : Operation 34 [1/1] (0.00ns)   --->   "call void (...)* @_ssdm_op_SpecBitsMap(float* %fifo1_12_form), !map !785"
ST_2 : Operation 35 [1/1] (0.00ns)   --->   "call void (...)* @_ssdm_op_SpecBitsMap(i1* %clk_form), !map !789"
ST_2 : Operation 36 [1/1] (0.00ns)   --->   "call void (...)* @_ssdm_op_SpecBitsMap(i1* %reset_form), !map !793"
ST_2 : Operation 37 [1/1] (0.00ns)   --->   "call void (...)* @_ssdm_op_SpecBitsMap(float* %fifo2_1_form24), !map !797"
ST_2 : Operation 38 [1/1] (0.00ns)   --->   "call void (...)* @_ssdm_op_SpecBitsMap(i8* %s_form), !map !801"
ST_2 : Operation 39 [1/1] (0.00ns)   --->   "call void (...)* @_ssdm_op_SpecBitsMap(i1* %clk_form4), !map !805"
ST_2 : Operation 40 [1/1] (0.00ns)   --->   "call void (...)* @_ssdm_op_SpecBitsMap(i1* %reset_form5), !map !809"
ST_2 : Operation 41 [1/1] (0.00ns)   --->   "call void (...)* @_ssdm_op_SpecBitsMap(float* %top_level_doub_to_split), !map !813"
ST_2 : Operation 42 [1/1] (0.00ns)   --->   "call void (...)* @_ssdm_op_SpecBitsMap(i1* %clk_form6), !map !817"
ST_2 : Operation 43 [1/1] (0.00ns)   --->   "call void (...)* @_ssdm_op_SpecBitsMap(i1* %reset_form7), !map !821"
ST_2 : Operation 44 [1/1] (0.00ns)   --->   "call void (...)* @_ssdm_op_SpecBitsMap(float* %fifo1_12_form18), !map !825"
ST_2 : Operation 45 [1/1] (0.00ns)   --->   "call void (...)* @_ssdm_op_SpecBitsMap(float* %doub1_1_form), !map !829"
ST_2 : Operation 46 [1/1] (0.00ns)   --->   "call void (...)* @_ssdm_op_SpecBitsMap(float* %doub2_1_form), !map !833"
ST_2 : Operation 47 [1/1] (0.00ns)   --->   "call void (...)* @_ssdm_op_SpecBitsMap(float* %top_level_comp_in1), !map !837"
ST_2 : Operation 48 [1/1] (0.00ns)   --->   "call void (...)* @_ssdm_op_SpecBitsMap(float* %top_level_comp_seuil), !map !841"
ST_2 : Operation 49 [1/1] (0.00ns)   --->   "call void (...)* @_ssdm_op_SpecBitsMap(float* %top_level_comp_result), !map !845"
ST_2 : Operation 50 [1/1] (0.00ns)   --->   "call void (...)* @_ssdm_op_SpecBitsMap(i1* %clk_form16), !map !849"
ST_2 : Operation 51 [1/1] (0.00ns)   --->   "call void (...)* @_ssdm_op_SpecBitsMap(i1* %reset_form17), !map !853"
ST_2 : Operation 52 [1/1] (0.00ns)   --->   "call void (...)* @_ssdm_op_SpecBitsMap(float* %doub1_1_form19), !map !857"
ST_2 : Operation 53 [1/1] (0.00ns)   --->   "call void (...)* @_ssdm_op_SpecBitsMap(float* %fifo4_1_form23), !map !861"
ST_2 : Operation 54 [1/1] (0.00ns)   --->   "call void (...)* @_ssdm_op_SpecBitsMap(float* %fifo2_1_form), !map !865"
ST_2 : Operation 55 [1/1] (0.00ns)   --->   "call void (...)* @_ssdm_op_SpecBitsMap(float* %top_level_f1_y0), !map !869"
ST_2 : Operation 56 [1/1] (0.00ns)   --->   "call void (...)* @_ssdm_op_SpecBitsMap(float* %top_level_f1_x0), !map !873"
ST_2 : Operation 57 [1/1] (0.00ns)   --->   "call void (...)* @_ssdm_op_SpecBitsMap([2 x float]* %top_level_f1_mem_x), !map !877"
ST_2 : Operation 58 [1/1] (0.00ns)   --->   "call void (...)* @_ssdm_op_SpecBitsMap([2 x float]* %top_level_f1_mem_y), !map !881"
ST_2 : Operation 59 [1/1] (0.00ns)   --->   "call void (...)* @_ssdm_op_SpecBitsMap(i1* %clk_form10), !map !885"
ST_2 : Operation 60 [1/1] (0.00ns)   --->   "call void (...)* @_ssdm_op_SpecBitsMap(i1* %reset_form11), !map !889"
ST_2 : Operation 61 [1/1] (0.00ns)   --->   "call void (...)* @_ssdm_op_SpecBitsMap(float* %top_level_f1_e_m_if_Val), !map !893"
ST_2 : Operation 62 [1/1] (0.00ns)   --->   "call void (...)* @_ssdm_op_SpecBitsMap(float* %top_level_f1_s_m_if_Val), !map !897"
ST_2 : Operation 63 [1/1] (0.00ns)   --->   "call void (...)* @_ssdm_op_SpecBitsMap(float* %top_level_car_x), !map !901"
ST_2 : Operation 64 [1/1] (0.00ns)   --->   "call void (...)* @_ssdm_op_SpecBitsMap(i1* %clk_form12), !map !905"
ST_2 : Operation 65 [1/1] (0.00ns)   --->   "call void (...)* @_ssdm_op_SpecBitsMap(i1* %reset_form13), !map !909"
ST_2 : Operation 66 [1/1] (0.00ns)   --->   "call void (...)* @_ssdm_op_SpecBitsMap(float* %doub2_1_form20), !map !913"
ST_2 : Operation 67 [1/1] (0.00ns)   --->   "call void (...)* @_ssdm_op_SpecBitsMap(float* %fifo2_13_form), !map !917"
ST_2 : Operation 68 [1/1] (0.00ns)   --->   "call void (...)* @_ssdm_op_SpecBitsMap(float* %top_level_f2_y0), !map !921"
ST_2 : Operation 69 [1/1] (0.00ns)   --->   "call void (...)* @_ssdm_op_SpecBitsMap(float* %top_level_f2_x0), !map !925"
ST_2 : Operation 70 [1/1] (0.00ns)   --->   "call void (...)* @_ssdm_op_SpecBitsMap([2 x float]* %top_level_f2_mem_x), !map !929"
ST_2 : Operation 71 [1/1] (0.00ns)   --->   "call void (...)* @_ssdm_op_SpecBitsMap([2 x float]* %top_level_f2_mem_y), !map !933"
ST_2 : Operation 72 [1/1] (0.00ns)   --->   "call void (...)* @_ssdm_op_SpecBitsMap(i1* %clk_form14), !map !937"
ST_2 : Operation 73 [1/1] (0.00ns)   --->   "call void (...)* @_ssdm_op_SpecBitsMap(i1* %reset_form15), !map !941"
ST_2 : Operation 74 [1/1] (0.00ns)   --->   "call void (...)* @_ssdm_op_SpecBitsMap(float* %fifo2_13_form21), !map !945"
ST_2 : Operation 75 [1/1] (0.00ns)   --->   "call void (...)* @_ssdm_op_SpecBitsMap(float* %fifo3_1_form), !map !949"
ST_2 : Operation 76 [1/1] (0.00ns)   --->   "call void (...)* @_ssdm_op_SpecBitsMap(float* %top_level_rac_x), !map !953"
ST_2 : Operation 77 [1/1] (0.00ns)   --->   "call void (...)* @_ssdm_op_SpecBitsMap(i1* %top_level_rac_clk_m_if_Val), !map !957"
ST_2 : Operation 78 [1/1] (0.00ns)   --->   "call void (...)* @_ssdm_op_SpecBitsMap(i1* %top_level_rac_reset_m_if_Val), !map !961"
ST_2 : Operation 79 [1/1] (0.00ns)   --->   "call void (...)* @_ssdm_op_SpecBitsMap(float* %fifo3_1_form22), !map !965"
ST_2 : Operation 80 [1/1] (0.00ns)   --->   "call void (...)* @_ssdm_op_SpecBitsMap(float* %fifo4_1_form), !map !969"
ST_2 : Operation 81 [1/1] (0.00ns)   --->   "call void (...)* @_ssdm_op_SpecBitsMap(float* %fifo1_1), !map !973"
ST_2 : Operation 82 [1/1] (0.00ns)   --->   "call void (...)* @_ssdm_op_SpecBitsMap(float* %fifo2_1), !map !977"
ST_2 : Operation 83 [1/1] (0.00ns)   --->   "call void (...)* @_ssdm_op_SpecBitsMap(float* %fifo1_12), !map !981"
ST_2 : Operation 84 [1/1] (0.00ns)   --->   "call void (...)* @_ssdm_op_SpecBitsMap(float* %fifo2_13), !map !985"
ST_2 : Operation 85 [1/1] (0.00ns)   --->   "call void (...)* @_ssdm_op_SpecBitsMap(float* %fifo3_1), !map !989"
ST_2 : Operation 86 [1/1] (0.00ns)   --->   "call void (...)* @_ssdm_op_SpecBitsMap(float* %fifo4_1), !map !993"
ST_2 : Operation 87 [1/1] (0.00ns)   --->   "call void (...)* @_ssdm_op_SpecBitsMap(float* %doub1_1), !map !997"
ST_2 : Operation 88 [1/1] (0.00ns)   --->   "call void (...)* @_ssdm_op_SpecBitsMap(float* %doub2_1), !map !1001"
ST_2 : Operation 89 [1/1] (0.00ns)   --->   "call void (...)* @_ssdm_op_SpecInterface(i8* %e, [8 x i8]* @p_str, i32 0, i32 0, [1 x i8]* @p_str1, i32 0, i32 0, [1 x i8]* @p_str1, [1 x i8]* @p_str1, [1 x i8]* @p_str1, i32 0, i32 0, i32 0, i32 0, [1 x i8]* @p_str1, [1 x i8]* @p_str1) nounwind" [src/modules/top_level.h:41]
ST_2 : Operation 90 [1/1] (0.00ns)   --->   "call void (...)* @_ssdm_op_SpecPort([1 x i8]* @p_str1, i32 4, [1 x i8]* @p_str1, [1 x i8]* @p_str1, i32 0, i32 0, i8* %e) nounwind" [src/modules/top_level.h:41]
ST_2 : Operation 91 [1/1] (0.00ns)   --->   "call void (...)* @_ssdm_op_SpecInterface(i8* %s, [8 x i8]* @p_str11, i32 0, i32 0, [1 x i8]* @p_str112, i32 0, i32 0, [1 x i8]* @p_str112, [1 x i8]* @p_str112, [1 x i8]* @p_str112, i32 0, i32 0, i32 0, i32 0, [1 x i8]* @p_str112, [1 x i8]* @p_str112) nounwind" [src/modules/top_level.h:41]
ST_2 : Operation 92 [1/1] (0.00ns)   --->   "call void (...)* @_ssdm_op_SpecPort([1 x i8]* @p_str112, i32 5, [1 x i8]* @p_str112, [1 x i8]* @p_str112, i32 0, i32 0, i8* %s) nounwind" [src/modules/top_level.h:41]
ST_2 : Operation 93 [1/2] (0.00ns)   --->   "call void @"UartModIn::UartModIn.1"(i8* %e_form, float* %fifo1_12_form, i1* %clk_form, i1* %reset_form)" [src/modules/UartModIn.h:26->src/modules/top_level.h:41]   --->   Core 0 '' <Latency = 0> <II = 1> <Delay = 1.00> <Generic> <Opcode : >
ST_2 : Operation 94 [1/2] (0.00ns)   --->   "call void @"UartModOut::UartModOut.1"(float* %fifo2_1_form24, i8* %s_form, i1* %clk_form4, i1* %reset_form5)" [src/modules/UartModOut.h:26->src/modules/top_level.h:41]   --->   Core 0 '' <Latency = 0> <II = 1> <Delay = 1.00> <Generic> <Opcode : >
ST_2 : Operation 95 [1/2] (0.00ns)   --->   "call void @"doubleur::doubleur.1"(float* %top_level_doub_to_split, i1* %clk_form6, i1* %reset_form7, float* %fifo1_12_form18, float* %doub1_1_form, float* %doub2_1_form)" [src/modules/doubleur.h:22->src/modules/top_level.h:41]   --->   Core 0 '' <Latency = 0> <II = 1> <Delay = 1.00> <Generic> <Opcode : >
ST_2 : Operation 96 [1/2] (0.00ns)   --->   "call void @"comparateur::comparateur.1"(float* %top_level_comp_in1, float* %top_level_comp_seuil, float* %top_level_comp_result, i1* %clk_form16, i1* %reset_form17, float* %doub1_1_form19, float* %fifo4_1_form23, float* %fifo2_1_form)" [src/modules/comparateur.h:27->src/modules/top_level.h:41]   --->   Core 0 '' <Latency = 0> <II = 1> <Delay = 1.00> <Generic> <Opcode : >
ST_2 : Operation 97 [1/2] (0.00ns)   --->   "call void @"filtre1::filtre1.1"(float* %top_level_f1_y0, float* %top_level_f1_x0, [2 x float]* %top_level_f1_mem_x, [2 x float]* %top_level_f1_mem_y, i1* %clk_form10, i1* %reset_form11, float* %top_level_f1_e_m_if_Val, float* %top_level_f1_s_m_if_Val)" [src/modules/filtre1.h:29->src/modules/top_level.h:41]   --->   Core 0 '' <Latency = 0> <II = 1> <Delay = 1.00> <Generic> <Opcode : >
ST_2 : Operation 98 [1/2] (0.00ns)   --->   "call void @"carre::carre.1"(float* %top_level_car_x, i1* %clk_form12, i1* %reset_form13, float* %doub2_1_form20, float* %fifo2_13_form)" [src/modules/carre.h:21->src/modules/top_level.h:41]   --->   Core 0 '' <Latency = 0> <II = 1> <Delay = 1.00> <Generic> <Opcode : >
ST_2 : Operation 99 [1/2] (0.00ns)   --->   "call void @"filtre2::filtre2.1"(float* %top_level_f2_y0, float* %top_level_f2_x0, [2 x float]* %top_level_f2_mem_x, [2 x float]* %top_level_f2_mem_y, i1* %clk_form14, i1* %reset_form15, float* %fifo2_13_form21, float* %fifo3_1_form)" [src/modules/filtre2.h:29->src/modules/top_level.h:41]   --->   Core 0 '' <Latency = 0> <II = 1> <Delay = 1.00> <Generic> <Opcode : >
ST_2 : Operation 100 [1/2] (0.00ns)   --->   "call void @"racine::racine.1"(float* %top_level_rac_x, i1* %top_level_rac_clk_m_if_Val, i1* %top_level_rac_reset_m_if_Val, float* %fifo3_1_form22, float* %fifo4_1_form)" [src/modules/racine.h:22->src/modules/top_level.h:41]   --->   Core 0 '' <Latency = 0> <II = 1> <Delay = 1.00> <Generic> <Opcode : >
ST_2 : Operation 101 [1/1] (0.00ns)   --->   "call void (...)* @_ssdm_op_SpecChannel([1 x i8]* @p_str29, i32 1, [1 x i8]* @p_str29, [6 x i8]* @p_str18, i32 8192, i32 8192, float* %fifo1_1, float* %fifo1_1) nounwind" [src/modules/top_level.h:41]
ST_2 : Operation 102 [1/1] (0.00ns)   --->   "call void (...)* @_ssdm_op_SpecInterface(float* %fifo1_1, [8 x i8]* @p_str28, i32 0, i32 0, [1 x i8]* @p_str29, i32 0, i32 0, [1 x i8]* @p_str29, [1 x i8]* @p_str29, [1 x i8]* @p_str29, i32 0, i32 0, i32 0, i32 0, [1 x i8]* @p_str29, [1 x i8]* @p_str29) nounwind" [src/modules/top_level.h:41]
ST_2 : Operation 103 [1/1] (0.00ns)   --->   "call void (...)* @_ssdm_op_SpecChannel([1 x i8]* @p_str29, i32 1, [1 x i8]* @p_str29, [6 x i8]* @p_str19, i32 8192, i32 8192, float* %fifo2_1, float* %fifo2_1) nounwind" [src/modules/top_level.h:41]
ST_2 : Operation 104 [1/1] (0.00ns)   --->   "call void (...)* @_ssdm_op_SpecInterface(float* %fifo2_1, [8 x i8]* @p_str28, i32 0, i32 0, [1 x i8]* @p_str29, i32 0, i32 0, [1 x i8]* @p_str29, [1 x i8]* @p_str29, [1 x i8]* @p_str29, i32 0, i32 0, i32 0, i32 0, [1 x i8]* @p_str29, [1 x i8]* @p_str29) nounwind" [src/modules/top_level.h:41]
ST_2 : Operation 105 [1/1] (0.00ns)   --->   "call void (...)* @_ssdm_op_SpecChannel([1 x i8]* @p_str29, i32 1, [1 x i8]* @p_str29, [6 x i8]* @p_str18, i32 8192, i32 8192, float* %fifo1_12, float* %fifo1_12) nounwind" [src/modules/top_level.h:41]
ST_2 : Operation 106 [1/1] (0.00ns)   --->   "call void (...)* @_ssdm_op_SpecInterface(float* %fifo1_12, [8 x i8]* @p_str28, i32 0, i32 0, [1 x i8]* @p_str29, i32 0, i32 0, [1 x i8]* @p_str29, [1 x i8]* @p_str29, [1 x i8]* @p_str29, i32 0, i32 0, i32 0, i32 0, [1 x i8]* @p_str29, [1 x i8]* @p_str29) nounwind" [src/modules/top_level.h:41]
ST_2 : Operation 107 [1/1] (0.00ns)   --->   "call void (...)* @_ssdm_op_SpecChannel([1 x i8]* @p_str29, i32 1, [1 x i8]* @p_str29, [6 x i8]* @p_str19, i32 8192, i32 8192, float* %fifo2_13, float* %fifo2_13) nounwind" [src/modules/top_level.h:41]
ST_2 : Operation 108 [1/1] (0.00ns)   --->   "call void (...)* @_ssdm_op_SpecInterface(float* %fifo2_13, [8 x i8]* @p_str28, i32 0, i32 0, [1 x i8]* @p_str29, i32 0, i32 0, [1 x i8]* @p_str29, [1 x i8]* @p_str29, [1 x i8]* @p_str29, i32 0, i32 0, i32 0, i32 0, [1 x i8]* @p_str29, [1 x i8]* @p_str29) nounwind" [src/modules/top_level.h:41]
ST_2 : Operation 109 [1/1] (0.00ns)   --->   "call void (...)* @_ssdm_op_SpecChannel([1 x i8]* @p_str29, i32 1, [1 x i8]* @p_str29, [6 x i8]* @p_str20, i32 8192, i32 8192, float* %fifo3_1, float* %fifo3_1) nounwind" [src/modules/top_level.h:41]
ST_2 : Operation 110 [1/1] (0.00ns)   --->   "call void (...)* @_ssdm_op_SpecInterface(float* %fifo3_1, [8 x i8]* @p_str28, i32 0, i32 0, [1 x i8]* @p_str29, i32 0, i32 0, [1 x i8]* @p_str29, [1 x i8]* @p_str29, [1 x i8]* @p_str29, i32 0, i32 0, i32 0, i32 0, [1 x i8]* @p_str29, [1 x i8]* @p_str29) nounwind" [src/modules/top_level.h:41]
ST_2 : Operation 111 [1/1] (0.00ns)   --->   "call void (...)* @_ssdm_op_SpecChannel([1 x i8]* @p_str29, i32 1, [1 x i8]* @p_str29, [6 x i8]* @p_str21, i32 8192, i32 8192, float* %fifo4_1, float* %fifo4_1) nounwind" [src/modules/top_level.h:41]
ST_2 : Operation 112 [1/1] (0.00ns)   --->   "call void (...)* @_ssdm_op_SpecInterface(float* %fifo4_1, [8 x i8]* @p_str28, i32 0, i32 0, [1 x i8]* @p_str29, i32 0, i32 0, [1 x i8]* @p_str29, [1 x i8]* @p_str29, [1 x i8]* @p_str29, i32 0, i32 0, i32 0, i32 0, [1 x i8]* @p_str29, [1 x i8]* @p_str29) nounwind" [src/modules/top_level.h:41]
ST_2 : Operation 113 [1/1] (0.00ns)   --->   "call void (...)* @_ssdm_op_SpecChannel([1 x i8]* @p_str29, i32 1, [1 x i8]* @p_str29, [6 x i8]* @p_str22, i32 8192, i32 8192, float* %doub1_1, float* %doub1_1) nounwind" [src/modules/top_level.h:41]
ST_2 : Operation 114 [1/1] (0.00ns)   --->   "call void (...)* @_ssdm_op_SpecInterface(float* %doub1_1, [8 x i8]* @p_str28, i32 0, i32 0, [1 x i8]* @p_str29, i32 0, i32 0, [1 x i8]* @p_str29, [1 x i8]* @p_str29, [1 x i8]* @p_str29, i32 0, i32 0, i32 0, i32 0, [1 x i8]* @p_str29, [1 x i8]* @p_str29) nounwind" [src/modules/top_level.h:41]
ST_2 : Operation 115 [1/1] (0.00ns)   --->   "call void (...)* @_ssdm_op_SpecChannel([1 x i8]* @p_str29, i32 1, [1 x i8]* @p_str29, [6 x i8]* @p_str23, i32 8192, i32 8192, float* %doub2_1, float* %doub2_1) nounwind" [src/modules/top_level.h:41]
ST_2 : Operation 116 [1/1] (0.00ns)   --->   "call void (...)* @_ssdm_op_SpecInterface(float* %doub2_1, [8 x i8]* @p_str28, i32 0, i32 0, [1 x i8]* @p_str29, i32 0, i32 0, [1 x i8]* @p_str29, [1 x i8]* @p_str29, [1 x i8]* @p_str29, i32 0, i32 0, i32 0, i32 0, [1 x i8]* @p_str29, [1 x i8]* @p_str29) nounwind" [src/modules/top_level.h:41]
ST_2 : Operation 117 [1/1] (0.00ns)   --->   "call void (...)* @_ssdm_op_SpecTopModule([10 x i8]* @p_str24, [10 x i8]* @p_str24) nounwind" [src/modules/top_level.h:42]
ST_2 : Operation 118 [1/1] (0.00ns)   --->   "call void (...)* @_ssdm_op_SpecPort([10 x i8]* @p_str24, i32 0, [7 x i8]* @p_str25, [4 x i8]* @p_str26, i32 0, i32 0, i1* %clk) nounwind" [src/modules/top_level.h:43]
ST_2 : Operation 119 [1/1] (0.00ns)   --->   "call void (...)* @_ssdm_op_SpecPort([10 x i8]* @p_str24, i32 0, [7 x i8]* @p_str25, [6 x i8]* @p_str27, i32 0, i32 0, i1* %reset) nounwind" [src/modules/top_level.h:44]
ST_2 : Operation 120 [1/1] (0.00ns)   --->   "call void (...)* @_ssdm_op_SpecInterface(i8* %e, [8 x i8]* @p_str28, i32 0, i32 0, [1 x i8]* @p_str29, i32 0, i32 0, [1 x i8]* @p_str29, [1 x i8]* @p_str29, [1 x i8]* @p_str29, i32 0, i32 0, i32 0, i32 0, [1 x i8]* @p_str29, [1 x i8]* @p_str29) nounwind" [src/modules/top_level.h:45]
ST_2 : Operation 121 [1/1] (0.00ns)   --->   "call void (...)* @_ssdm_op_SpecPort([10 x i8]* @p_str24, i32 4, [16 x i8]* @p_str30, [2 x i8]* @p_str31165, i32 0, i32 0, i8* %e) nounwind" [src/modules/top_level.h:46]
ST_2 : Operation 122 [1/1] (0.00ns)   --->   "call void (...)* @_ssdm_op_SpecInterface(i8* %s, [8 x i8]* @p_str28, i32 0, i32 0, [1 x i8]* @p_str29, i32 0, i32 0, [1 x i8]* @p_str29, [1 x i8]* @p_str29, [1 x i8]* @p_str29, i32 0, i32 0, i32 0, i32 0, [1 x i8]* @p_str29, [1 x i8]* @p_str29) nounwind" [src/modules/top_level.h:47]
ST_2 : Operation 123 [1/1] (0.00ns)   --->   "call void (...)* @_ssdm_op_SpecPort([10 x i8]* @p_str24, i32 5, [16 x i8]* @p_str30, [2 x i8]* @p_str32, i32 0, i32 0, i8* %s) nounwind" [src/modules/top_level.h:48]
ST_2 : Operation 124 [1/1] (0.00ns)   --->   "call void (...)* @_ssdm_op_SpecPortMap(i1* %clk_form, i1* %clk) nounwind" [src/modules/top_level.h:49]
ST_2 : Operation 125 [1/1] (0.00ns)   --->   "call void (...)* @_ssdm_op_SpecPortMap(i1* %reset_form, i1* %reset) nounwind" [src/modules/top_level.h:50]
ST_2 : Operation 126 [1/1] (0.00ns)   --->   "call void (...)* @_ssdm_op_SpecPortMap(i1* %clk_form4, i1* %clk) nounwind" [src/modules/top_level.h:51]
ST_2 : Operation 127 [1/1] (0.00ns)   --->   "call void (...)* @_ssdm_op_SpecPortMap(i1* %reset_form5, i1* %reset) nounwind" [src/modules/top_level.h:52]
ST_2 : Operation 128 [1/1] (0.00ns)   --->   "call void (...)* @_ssdm_op_SpecPortMap(i1* %clk_form6, i1* %clk) nounwind" [src/modules/top_level.h:53]
ST_2 : Operation 129 [1/1] (0.00ns)   --->   "call void (...)* @_ssdm_op_SpecPortMap(i1* %reset_form7, i1* %reset) nounwind" [src/modules/top_level.h:54]
ST_2 : Operation 130 [1/1] (0.00ns)   --->   "call void (...)* @_ssdm_op_SpecPortMap(i1* %clk_form16, i1* %clk) nounwind" [src/modules/top_level.h:55]
ST_2 : Operation 131 [1/1] (0.00ns)   --->   "call void (...)* @_ssdm_op_SpecPortMap(i1* %reset_form17, i1* %reset) nounwind" [src/modules/top_level.h:56]
ST_2 : Operation 132 [1/1] (0.00ns)   --->   "call void (...)* @_ssdm_op_SpecPortMap(i1* %clk_form10, i1* %clk) nounwind" [src/modules/top_level.h:57]
ST_2 : Operation 133 [1/1] (0.00ns)   --->   "call void (...)* @_ssdm_op_SpecPortMap(i1* %reset_form11, i1* %reset) nounwind" [src/modules/top_level.h:58]
ST_2 : Operation 134 [1/1] (0.00ns)   --->   "call void (...)* @_ssdm_op_SpecPortMap(i1* %clk_form12, i1* %clk) nounwind" [src/modules/top_level.h:59]
ST_2 : Operation 135 [1/1] (0.00ns)   --->   "call void (...)* @_ssdm_op_SpecPortMap(i1* %reset_form13, i1* %reset) nounwind" [src/modules/top_level.h:60]
ST_2 : Operation 136 [1/1] (0.00ns)   --->   "call void (...)* @_ssdm_op_SpecPortMap(i1* %clk_form14, i1* %clk) nounwind" [src/modules/top_level.h:61]
ST_2 : Operation 137 [1/1] (0.00ns)   --->   "call void (...)* @_ssdm_op_SpecPortMap(i1* %reset_form15, i1* %reset) nounwind" [src/modules/top_level.h:62]
ST_2 : Operation 138 [1/1] (0.00ns)   --->   "call void (...)* @_ssdm_op_SpecPortMap(i1* %clk_form16, i1* %clk) nounwind" [src/modules/top_level.h:63]
ST_2 : Operation 139 [1/1] (0.00ns)   --->   "call void (...)* @_ssdm_op_SpecPortMap(i1* %reset_form17, i1* %reset) nounwind" [src/modules/top_level.h:64]
ST_2 : Operation 140 [1/1] (0.00ns)   --->   "call void (...)* @_ssdm_op_SpecPortMap(i8* %e_form, i8* %e) nounwind" [src/modules/top_level.h:65]
ST_2 : Operation 141 [1/1] (0.00ns)   --->   "call void (...)* @_ssdm_op_SpecPortMap(float* %fifo1_12_form, float* %fifo1_12) nounwind" [src/modules/top_level.h:66]
ST_2 : Operation 142 [1/1] (0.00ns)   --->   "call void (...)* @_ssdm_op_SpecPortMap(float* %fifo1_12_form18, float* %fifo1_12) nounwind" [src/modules/top_level.h:67]
ST_2 : Operation 143 [1/1] (0.00ns)   --->   "call void (...)* @_ssdm_op_SpecPortMap(float* %doub1_1_form, float* %doub1_1) nounwind" [src/modules/top_level.h:68]
ST_2 : Operation 144 [1/1] (0.00ns)   --->   "call void (...)* @_ssdm_op_SpecPortMap(float* %doub1_1_form19, float* %doub1_1) nounwind" [src/modules/top_level.h:69]
ST_2 : Operation 145 [1/1] (0.00ns)   --->   "call void (...)* @_ssdm_op_SpecPortMap(float* %doub2_1_form, float* %doub2_1) nounwind" [src/modules/top_level.h:70]
ST_2 : Operation 146 [1/1] (0.00ns)   --->   "call void (...)* @_ssdm_op_SpecPortMap(float* %doub2_1_form20, float* %doub2_1) nounwind" [src/modules/top_level.h:71]
ST_2 : Operation 147 [1/1] (0.00ns)   --->   "call void (...)* @_ssdm_op_SpecPortMap(float* %fifo2_13_form, float* %fifo2_13) nounwind" [src/modules/top_level.h:72]
ST_2 : Operation 148 [1/1] (0.00ns)   --->   "call void (...)* @_ssdm_op_SpecPortMap(float* %fifo2_13_form21, float* %fifo2_13) nounwind" [src/modules/top_level.h:73]
ST_2 : Operation 149 [1/1] (0.00ns)   --->   "call void (...)* @_ssdm_op_SpecPortMap(float* %fifo3_1_form, float* %fifo3_1) nounwind" [src/modules/top_level.h:74]
ST_2 : Operation 150 [1/1] (0.00ns)   --->   "call void (...)* @_ssdm_op_SpecPortMap(float* %fifo3_1_form22, float* %fifo3_1) nounwind" [src/modules/top_level.h:75]
ST_2 : Operation 151 [1/1] (0.00ns)   --->   "call void (...)* @_ssdm_op_SpecPortMap(float* %fifo4_1_form, float* %fifo4_1) nounwind" [src/modules/top_level.h:76]
ST_2 : Operation 152 [1/1] (0.00ns)   --->   "call void (...)* @_ssdm_op_SpecPortMap(float* %fifo4_1_form23, float* %fifo4_1) nounwind" [src/modules/top_level.h:77]
ST_2 : Operation 153 [1/1] (0.00ns)   --->   "call void (...)* @_ssdm_op_SpecPortMap(float* %fifo2_1_form, float* %fifo2_1) nounwind" [src/modules/top_level.h:78]
ST_2 : Operation 154 [1/1] (0.00ns)   --->   "call void (...)* @_ssdm_op_SpecPortMap(float* %fifo2_1_form24, float* %fifo2_1) nounwind" [src/modules/top_level.h:79]
ST_2 : Operation 155 [1/1] (0.00ns)   --->   "call void (...)* @_ssdm_op_SpecPortMap(i8* %s_form, i8* %s) nounwind" [src/modules/top_level.h:80]
ST_2 : Operation 156 [1/1] (0.00ns)   --->   "ret void" [src/modules/top_level.h:64]


============================================================
+ Verbose Summary: Binding
============================================================
STG Binding: 
---------------- STG Properties BEGIN ----------------
- Is combinational: 0
- Is one-state seq: 0
- Is datapath-only: 0
- Is pipelined: 0
- Is top level: 1
Port [ Return ] is wired: 1; IO mode=ap_ctrl_hs:ce=0
Port [ clk]:  wired=1; compound=0; hidden=0; nouse=1; global=0; static=0; extern=0; dir=0; type=0; pingpong=0; private_global=0; IO mode=ap_none:ce=0
Port [ reset]:  wired=1; compound=0; hidden=0; nouse=1; global=0; static=0; extern=0; dir=0; type=0; pingpong=0; private_global=0; IO mode=ap_none:ce=0
Port [ e]:  wired=1; compound=1; hidden=0; nouse=1; global=0; static=0; extern=0; dir=0; type=3; pingpong=0; private_global=0; IO mode=ap_fifo:ce=0
Port [ s]:  wired=1; compound=1; hidden=0; nouse=1; global=0; static=0; extern=0; dir=1; type=3; pingpong=0; private_global=0; IO mode=ap_fifo:ce=0
Port [ e_form]:  wired=1; compound=1; hidden=1; nouse=0; global=0; static=0; extern=0; dir=0; type=3; pingpong=0; private_global=0; IO mode=ap_fifo:ce=0
Port [ fifo1_12_form]:  wired=1; compound=1; hidden=1; nouse=0; global=0; static=0; extern=0; dir=1; type=3; pingpong=0; private_global=0; IO mode=ap_fifo:ce=0
Port [ clk_form]:  wired=1; compound=0; hidden=1; nouse=1; global=0; static=0; extern=0; dir=0; type=0; pingpong=0; private_global=0; IO mode=ap_none:ce=0
Port [ reset_form]:  wired=1; compound=0; hidden=1; nouse=1; global=0; static=0; extern=0; dir=0; type=0; pingpong=0; private_global=0; IO mode=ap_none:ce=0
Port [ fifo2_1_form24]:  wired=1; compound=1; hidden=1; nouse=0; global=0; static=0; extern=0; dir=0; type=3; pingpong=0; private_global=0; IO mode=ap_fifo:ce=0
Port [ s_form]:  wired=1; compound=1; hidden=1; nouse=0; global=0; static=0; extern=0; dir=1; type=3; pingpong=0; private_global=0; IO mode=ap_fifo:ce=0
Port [ clk_form4]:  wired=1; compound=0; hidden=1; nouse=1; global=0; static=0; extern=0; dir=0; type=0; pingpong=0; private_global=0; IO mode=ap_none:ce=0
Port [ reset_form5]:  wired=1; compound=0; hidden=1; nouse=1; global=0; static=0; extern=0; dir=0; type=0; pingpong=0; private_global=0; IO mode=ap_none:ce=0
Port [ top_level_doub_to_split]:  wired=1; compound=0; hidden=1; nouse=1; global=0; static=0; extern=0; dir=1; type=0; pingpong=0; private_global=0; IO mode=ap_vld:ce=0
Port [ clk_form6]:  wired=1; compound=0; hidden=1; nouse=1; global=0; static=0; extern=0; dir=0; type=0; pingpong=0; private_global=0; IO mode=ap_none:ce=0
Port [ reset_form7]:  wired=1; compound=0; hidden=1; nouse=1; global=0; static=0; extern=0; dir=0; type=0; pingpong=0; private_global=0; IO mode=ap_none:ce=0
Port [ fifo1_12_form18]:  wired=1; compound=1; hidden=1; nouse=0; global=0; static=0; extern=0; dir=0; type=3; pingpong=0; private_global=0; IO mode=ap_fifo:ce=0
Port [ doub1_1_form]:  wired=1; compound=1; hidden=1; nouse=0; global=0; static=0; extern=0; dir=1; type=3; pingpong=0; private_global=0; IO mode=ap_fifo:ce=0
Port [ doub2_1_form]:  wired=1; compound=1; hidden=1; nouse=0; global=0; static=0; extern=0; dir=1; type=3; pingpong=0; private_global=0; IO mode=ap_fifo:ce=0
Port [ top_level_comp_in1]:  wired=1; compound=0; hidden=1; nouse=1; global=0; static=0; extern=0; dir=1; type=0; pingpong=0; private_global=0; IO mode=ap_vld:ce=0
Port [ top_level_comp_seuil]:  wired=1; compound=0; hidden=1; nouse=1; global=0; static=0; extern=0; dir=1; type=0; pingpong=0; private_global=0; IO mode=ap_vld:ce=0
Port [ top_level_comp_result]:  wired=1; compound=0; hidden=1; nouse=1; global=0; static=0; extern=0; dir=1; type=0; pingpong=0; private_global=0; IO mode=ap_vld:ce=0
Port [ clk_form16]:  wired=1; compound=0; hidden=1; nouse=1; global=0; static=0; extern=0; dir=0; type=0; pingpong=0; private_global=0; IO mode=ap_none:ce=0
Port [ reset_form17]:  wired=1; compound=0; hidden=1; nouse=1; global=0; static=0; extern=0; dir=0; type=0; pingpong=0; private_global=0; IO mode=ap_none:ce=0
Port [ doub1_1_form19]:  wired=1; compound=1; hidden=1; nouse=0; global=0; static=0; extern=0; dir=0; type=3; pingpong=0; private_global=0; IO mode=ap_fifo:ce=0
Port [ fifo4_1_form23]:  wired=1; compound=1; hidden=1; nouse=0; global=0; static=0; extern=0; dir=0; type=3; pingpong=0; private_global=0; IO mode=ap_fifo:ce=0
Port [ fifo2_1_form]:  wired=1; compound=1; hidden=1; nouse=0; global=0; static=0; extern=0; dir=1; type=3; pingpong=0; private_global=0; IO mode=ap_fifo:ce=0
Port [ top_level_f1_y0]:  wired=1; compound=0; hidden=1; nouse=1; global=0; static=0; extern=0; dir=1; type=0; pingpong=0; private_global=0; IO mode=ap_vld:ce=0
Port [ top_level_f1_x0]:  wired=1; compound=0; hidden=1; nouse=1; global=0; static=0; extern=0; dir=1; type=0; pingpong=0; private_global=0; IO mode=ap_vld:ce=0
Port [ top_level_f1_mem_x]:  wired=1; compound=1; hidden=1; nouse=1; global=0; static=0; extern=0; dir=2; type=1; pingpong=0; private_global=0; MemPort=[20]; IO mode=ap_memory:ce=0
Port [ top_level_f1_mem_y]:  wired=1; compound=1; hidden=1; nouse=1; global=0; static=0; extern=0; dir=2; type=1; pingpong=0; private_global=0; MemPort=[20]; IO mode=ap_memory:ce=0
Port [ clk_form10]:  wired=1; compound=0; hidden=1; nouse=1; global=0; static=0; extern=0; dir=0; type=0; pingpong=0; private_global=0; IO mode=ap_none:ce=0
Port [ reset_form11]:  wired=1; compound=0; hidden=1; nouse=1; global=0; static=0; extern=0; dir=0; type=0; pingpong=0; private_global=0; IO mode=ap_none:ce=0
Port [ top_level_f1_e_m_if_Val]:  wired=1; compound=1; hidden=1; nouse=0; global=0; static=0; extern=0; dir=0; type=3; pingpong=0; private_global=0; IO mode=ap_fifo:ce=0
Port [ top_level_f1_s_m_if_Val]:  wired=1; compound=1; hidden=1; nouse=0; global=0; static=0; extern=0; dir=1; type=3; pingpong=0; private_global=0; IO mode=ap_fifo:ce=0
Port [ top_level_car_x]:  wired=1; compound=0; hidden=1; nouse=1; global=0; static=0; extern=0; dir=1; type=0; pingpong=0; private_global=0; IO mode=ap_vld:ce=0
Port [ clk_form12]:  wired=1; compound=0; hidden=1; nouse=1; global=0; static=0; extern=0; dir=0; type=0; pingpong=0; private_global=0; IO mode=ap_none:ce=0
Port [ reset_form13]:  wired=1; compound=0; hidden=1; nouse=1; global=0; static=0; extern=0; dir=0; type=0; pingpong=0; private_global=0; IO mode=ap_none:ce=0
Port [ doub2_1_form20]:  wired=1; compound=1; hidden=1; nouse=0; global=0; static=0; extern=0; dir=0; type=3; pingpong=0; private_global=0; IO mode=ap_fifo:ce=0
Port [ fifo2_13_form]:  wired=1; compound=1; hidden=1; nouse=0; global=0; static=0; extern=0; dir=1; type=3; pingpong=0; private_global=0; IO mode=ap_fifo:ce=0
Port [ top_level_f2_y0]:  wired=1; compound=0; hidden=1; nouse=1; global=0; static=0; extern=0; dir=1; type=0; pingpong=0; private_global=0; IO mode=ap_vld:ce=0
Port [ top_level_f2_x0]:  wired=1; compound=0; hidden=1; nouse=1; global=0; static=0; extern=0; dir=1; type=0; pingpong=0; private_global=0; IO mode=ap_vld:ce=0
Port [ top_level_f2_mem_x]:  wired=1; compound=1; hidden=1; nouse=1; global=0; static=0; extern=0; dir=2; type=1; pingpong=0; private_global=0; MemPort=[20]; IO mode=ap_memory:ce=0
Port [ top_level_f2_mem_y]:  wired=1; compound=1; hidden=1; nouse=1; global=0; static=0; extern=0; dir=2; type=1; pingpong=0; private_global=0; MemPort=[20]; IO mode=ap_memory:ce=0
Port [ clk_form14]:  wired=1; compound=0; hidden=1; nouse=1; global=0; static=0; extern=0; dir=0; type=0; pingpong=0; private_global=0; IO mode=ap_none:ce=0
Port [ reset_form15]:  wired=1; compound=0; hidden=1; nouse=1; global=0; static=0; extern=0; dir=0; type=0; pingpong=0; private_global=0; IO mode=ap_none:ce=0
Port [ fifo2_13_form21]:  wired=1; compound=1; hidden=1; nouse=0; global=0; static=0; extern=0; dir=0; type=3; pingpong=0; private_global=0; IO mode=ap_fifo:ce=0
Port [ fifo3_1_form]:  wired=1; compound=1; hidden=1; nouse=0; global=0; static=0; extern=0; dir=1; type=3; pingpong=0; private_global=0; IO mode=ap_fifo:ce=0
Port [ top_level_rac_x]:  wired=1; compound=0; hidden=1; nouse=1; global=0; static=0; extern=0; dir=1; type=0; pingpong=0; private_global=0; IO mode=ap_vld:ce=0
Port [ top_level_rac_clk_m_if_Val]:  wired=1; compound=0; hidden=1; nouse=1; global=0; static=0; extern=0; dir=0; type=0; pingpong=0; private_global=0; IO mode=ap_none:ce=0
Port [ top_level_rac_reset_m_if_Val]:  wired=1; compound=0; hidden=1; nouse=1; global=0; static=0; extern=0; dir=0; type=0; pingpong=0; private_global=0; IO mode=ap_none:ce=0
Port [ fifo3_1_form22]:  wired=1; compound=1; hidden=1; nouse=0; global=0; static=0; extern=0; dir=0; type=3; pingpong=0; private_global=0; IO mode=ap_fifo:ce=0
Port [ fifo4_1_form]:  wired=1; compound=1; hidden=1; nouse=0; global=0; static=0; extern=0; dir=1; type=3; pingpong=0; private_global=0; IO mode=ap_fifo:ce=0
Port [ fifo1_1]:  wired=1; compound=1; hidden=1; nouse=1; global=0; static=0; extern=0; dir=0; type=3; pingpong=0; private_global=0; IO mode=ap_fifo:ce=0
Port [ fifo2_1]:  wired=1; compound=1; hidden=1; nouse=1; global=0; static=0; extern=0; dir=2; type=3; pingpong=0; private_global=0; IO mode=ap_fifo:ce=0
Port [ fifo1_12]:  wired=1; compound=1; hidden=1; nouse=1; global=0; static=0; extern=0; dir=2; type=3; pingpong=0; private_global=0; IO mode=ap_fifo:ce=0
Port [ fifo2_13]:  wired=1; compound=1; hidden=1; nouse=1; global=0; static=0; extern=0; dir=2; type=3; pingpong=0; private_global=0; IO mode=ap_fifo:ce=0
Port [ fifo3_1]:  wired=1; compound=1; hidden=1; nouse=1; global=0; static=0; extern=0; dir=2; type=3; pingpong=0; private_global=0; IO mode=ap_fifo:ce=0
Port [ fifo4_1]:  wired=1; compound=1; hidden=1; nouse=1; global=0; static=0; extern=0; dir=2; type=3; pingpong=0; private_global=0; IO mode=ap_fifo:ce=0
Port [ doub1_1]:  wired=1; compound=1; hidden=1; nouse=1; global=0; static=0; extern=0; dir=2; type=3; pingpong=0; private_global=0; IO mode=ap_fifo:ce=0
Port [ doub2_1]:  wired=1; compound=1; hidden=1; nouse=1; global=0; static=0; extern=0; dir=2; type=3; pingpong=0; private_global=0; IO mode=ap_fifo:ce=0
Port [ UartModIn_ssdm_thread_M_do_recv]:  wired=0; compound=0; hidden=1; nouse=1; global=1; static=0; extern=1; dir=0; type=0; pingpong=0; private_global=0; linkage=0; visibility=0; IO mode=ap_none:ce=0
Port [ UartModOut_ssdm_thread_M_do_send]:  wired=0; compound=0; hidden=1; nouse=1; global=1; static=0; extern=1; dir=0; type=0; pingpong=0; private_global=0; linkage=0; visibility=0; IO mode=ap_none:ce=0
Port [ doubleur_ssdm_thread_M_do_split]:  wired=0; compound=0; hidden=1; nouse=1; global=1; static=0; extern=1; dir=0; type=0; pingpong=0; private_global=0; linkage=0; visibility=0; IO mode=ap_none:ce=0
Port [ comparateur_ssdm_thread_M_do_comp]:  wired=0; compound=0; hidden=1; nouse=1; global=1; static=0; extern=1; dir=0; type=0; pingpong=0; private_global=0; linkage=0; visibility=0; IO mode=ap_none:ce=0
Port [ filtre1_ssdm_thread_M_do_filtre]:  wired=0; compound=0; hidden=1; nouse=1; global=1; static=0; extern=1; dir=0; type=0; pingpong=0; private_global=0; linkage=0; visibility=0; IO mode=ap_none:ce=0
Port [ carre_ssdm_thread_M_do_carre]:  wired=0; compound=0; hidden=1; nouse=1; global=1; static=0; extern=1; dir=0; type=0; pingpong=0; private_global=0; linkage=0; visibility=0; IO mode=ap_none:ce=0
Port [ filtre2_ssdm_thread_M_do_filtre]:  wired=0; compound=0; hidden=1; nouse=1; global=1; static=0; extern=1; dir=0; type=0; pingpong=0; private_global=0; linkage=0; visibility=0; IO mode=ap_none:ce=0
Port [ racine_ssdm_thread_M_do_racine]:  wired=0; compound=0; hidden=1; nouse=1; global=1; static=0; extern=1; dir=0; type=0; pingpong=0; private_global=0; linkage=0; visibility=0; IO mode=ap_none:ce=0
---------------- STG Properties END ------------------

---------------- Datapath Model BEGIN ----------------

<LifeTime>
<method=bitvector/>
StgValue_11  (specinterface) [ 000]
StgValue_12  (specinterface) [ 000]
StgValue_13  (specinterface) [ 000]
StgValue_14  (specinterface) [ 000]
StgValue_15  (specinterface) [ 000]
StgValue_16  (specinterface) [ 000]
StgValue_17  (specinterface) [ 000]
StgValue_18  (specinterface) [ 000]
StgValue_19  (specinterface) [ 000]
StgValue_20  (specinterface) [ 000]
StgValue_21  (specinterface) [ 000]
StgValue_22  (specinterface) [ 000]
StgValue_23  (specinterface) [ 000]
StgValue_24  (specinterface) [ 000]
StgValue_25  (specinterface) [ 000]
StgValue_26  (specinterface) [ 000]
StgValue_27  (specinterface) [ 000]
StgValue_28  (specinterface) [ 000]
StgValue_29  (specbitsmap  ) [ 000]
StgValue_30  (specbitsmap  ) [ 000]
StgValue_31  (specbitsmap  ) [ 000]
StgValue_32  (specbitsmap  ) [ 000]
StgValue_33  (specbitsmap  ) [ 000]
StgValue_34  (specbitsmap  ) [ 000]
StgValue_35  (specbitsmap  ) [ 000]
StgValue_36  (specbitsmap  ) [ 000]
StgValue_37  (specbitsmap  ) [ 000]
StgValue_38  (specbitsmap  ) [ 000]
StgValue_39  (specbitsmap  ) [ 000]
StgValue_40  (specbitsmap  ) [ 000]
StgValue_41  (specbitsmap  ) [ 000]
StgValue_42  (specbitsmap  ) [ 000]
StgValue_43  (specbitsmap  ) [ 000]
StgValue_44  (specbitsmap  ) [ 000]
StgValue_45  (specbitsmap  ) [ 000]
StgValue_46  (specbitsmap  ) [ 000]
StgValue_47  (specbitsmap  ) [ 000]
StgValue_48  (specbitsmap  ) [ 000]
StgValue_49  (specbitsmap  ) [ 000]
StgValue_50  (specbitsmap  ) [ 000]
StgValue_51  (specbitsmap  ) [ 000]
StgValue_52  (specbitsmap  ) [ 000]
StgValue_53  (specbitsmap  ) [ 000]
StgValue_54  (specbitsmap  ) [ 000]
StgValue_55  (specbitsmap  ) [ 000]
StgValue_56  (specbitsmap  ) [ 000]
StgValue_57  (specbitsmap  ) [ 000]
StgValue_58  (specbitsmap  ) [ 000]
StgValue_59  (specbitsmap  ) [ 000]
StgValue_60  (specbitsmap  ) [ 000]
StgValue_61  (specbitsmap  ) [ 000]
StgValue_62  (specbitsmap  ) [ 000]
StgValue_63  (specbitsmap  ) [ 000]
StgValue_64  (specbitsmap  ) [ 000]
StgValue_65  (specbitsmap  ) [ 000]
StgValue_66  (specbitsmap  ) [ 000]
StgValue_67  (specbitsmap  ) [ 000]
StgValue_68  (specbitsmap  ) [ 000]
StgValue_69  (specbitsmap  ) [ 000]
StgValue_70  (specbitsmap  ) [ 000]
StgValue_71  (specbitsmap  ) [ 000]
StgValue_72  (specbitsmap  ) [ 000]
StgValue_73  (specbitsmap  ) [ 000]
StgValue_74  (specbitsmap  ) [ 000]
StgValue_75  (specbitsmap  ) [ 000]
StgValue_76  (specbitsmap  ) [ 000]
StgValue_77  (specbitsmap  ) [ 000]
StgValue_78  (specbitsmap  ) [ 000]
StgValue_79  (specbitsmap  ) [ 000]
StgValue_80  (specbitsmap  ) [ 000]
StgValue_81  (specbitsmap  ) [ 000]
StgValue_82  (specbitsmap  ) [ 000]
StgValue_83  (specbitsmap  ) [ 000]
StgValue_84  (specbitsmap  ) [ 000]
StgValue_85  (specbitsmap  ) [ 000]
StgValue_86  (specbitsmap  ) [ 000]
StgValue_87  (specbitsmap  ) [ 000]
StgValue_88  (specbitsmap  ) [ 000]
StgValue_89  (specinterface) [ 000]
StgValue_90  (specport     ) [ 000]
StgValue_91  (specinterface) [ 000]
StgValue_92  (specport     ) [ 000]
StgValue_93  (call         ) [ 000]
StgValue_94  (call         ) [ 000]
StgValue_95  (call         ) [ 000]
StgValue_96  (call         ) [ 000]
StgValue_97  (call         ) [ 000]
StgValue_98  (call         ) [ 000]
StgValue_99  (call         ) [ 000]
StgValue_100 (call         ) [ 000]
StgValue_101 (specchannel  ) [ 000]
StgValue_102 (specinterface) [ 000]
StgValue_103 (specchannel  ) [ 000]
StgValue_104 (specinterface) [ 000]
StgValue_105 (specchannel  ) [ 000]
StgValue_106 (specinterface) [ 000]
StgValue_107 (specchannel  ) [ 000]
StgValue_108 (specinterface) [ 000]
StgValue_109 (specchannel  ) [ 000]
StgValue_110 (specinterface) [ 000]
StgValue_111 (specchannel  ) [ 000]
StgValue_112 (specinterface) [ 000]
StgValue_113 (specchannel  ) [ 000]
StgValue_114 (specinterface) [ 000]
StgValue_115 (specchannel  ) [ 000]
StgValue_116 (specinterface) [ 000]
StgValue_117 (spectopmodule) [ 000]
StgValue_118 (specport     ) [ 000]
StgValue_119 (specport     ) [ 000]
StgValue_120 (specinterface) [ 000]
StgValue_121 (specport     ) [ 000]
StgValue_122 (specinterface) [ 000]
StgValue_123 (specport     ) [ 000]
StgValue_124 (specportmap  ) [ 000]
StgValue_125 (specportmap  ) [ 000]
StgValue_126 (specportmap  ) [ 000]
StgValue_127 (specportmap  ) [ 000]
StgValue_128 (specportmap  ) [ 000]
StgValue_129 (specportmap  ) [ 000]
StgValue_130 (specportmap  ) [ 000]
StgValue_131 (specportmap  ) [ 000]
StgValue_132 (specportmap  ) [ 000]
StgValue_133 (specportmap  ) [ 000]
StgValue_134 (specportmap  ) [ 000]
StgValue_135 (specportmap  ) [ 000]
StgValue_136 (specportmap  ) [ 000]
StgValue_137 (specportmap  ) [ 000]
StgValue_138 (specportmap  ) [ 000]
StgValue_139 (specportmap  ) [ 000]
StgValue_140 (specportmap  ) [ 000]
StgValue_141 (specportmap  ) [ 000]
StgValue_142 (specportmap  ) [ 000]
StgValue_143 (specportmap  ) [ 000]
StgValue_144 (specportmap  ) [ 000]
StgValue_145 (specportmap  ) [ 000]
StgValue_146 (specportmap  ) [ 000]
StgValue_147 (specportmap  ) [ 000]
StgValue_148 (specportmap  ) [ 000]
StgValue_149 (specportmap  ) [ 000]
StgValue_150 (specportmap  ) [ 000]
StgValue_151 (specportmap  ) [ 000]
StgValue_152 (specportmap  ) [ 000]
StgValue_153 (specportmap  ) [ 000]
StgValue_154 (specportmap  ) [ 000]
StgValue_155 (specportmap  ) [ 000]
StgValue_156 (ret          ) [ 000]
</LifeTime>

<model>

<comp_list>
<comp id="0" class="1000" name="clk">
<pin_list>
<pin id="1" dir="1" index="0" bw="1" slack="2147483647"/>
</pin_list>
<bind>
<StgValue><ssdm name="clk"/></StgValue>
</bind>
</comp>

<comp id="2" class="1000" name="reset">
<pin_list>
<pin id="3" dir="1" index="0" bw="1" slack="2147483647"/>
</pin_list>
<bind>
<StgValue><ssdm name="reset"/></StgValue>
</bind>
</comp>

<comp id="4" class="1000" name="e">
<pin_list>
<pin id="5" dir="1" index="0" bw="1" slack="2147483647"/>
</pin_list>
<bind>
<StgValue><ssdm name="e"/></StgValue>
</bind>
</comp>

<comp id="6" class="1000" name="s">
<pin_list>
<pin id="7" dir="1" index="0" bw="1" slack="2147483647"/>
</pin_list>
<bind>
<StgValue><ssdm name="s"/></StgValue>
</bind>
</comp>

<comp id="8" class="1000" name="e_form">
<pin_list>
<pin id="9" dir="1" index="0" bw="1" slack="0"/>
</pin_list>
<bind>
<StgValue><ssdm name="e_form"/></StgValue>
</bind>
</comp>

<comp id="10" class="1000" name="fifo1_12_form">
<pin_list>
<pin id="11" dir="1" index="0" bw="1" slack="0"/>
</pin_list>
<bind>
<StgValue><ssdm name="fifo1_12_form"/></StgValue>
</bind>
</comp>

<comp id="12" class="1000" name="clk_form">
<pin_list>
<pin id="13" dir="1" index="0" bw="1" slack="0"/>
</pin_list>
<bind>
<StgValue><ssdm name="clk_form"/></StgValue>
</bind>
</comp>

<comp id="14" class="1000" name="reset_form">
<pin_list>
<pin id="15" dir="1" index="0" bw="1" slack="0"/>
</pin_list>
<bind>
<StgValue><ssdm name="reset_form"/></StgValue>
</bind>
</comp>

<comp id="16" class="1000" name="fifo2_1_form24">
<pin_list>
<pin id="17" dir="1" index="0" bw="1" slack="0"/>
</pin_list>
<bind>
<StgValue><ssdm name="fifo2_1_form24"/></StgValue>
</bind>
</comp>

<comp id="18" class="1000" name="s_form">
<pin_list>
<pin id="19" dir="1" index="0" bw="1" slack="0"/>
</pin_list>
<bind>
<StgValue><ssdm name="s_form"/></StgValue>
</bind>
</comp>

<comp id="20" class="1000" name="clk_form4">
<pin_list>
<pin id="21" dir="1" index="0" bw="1" slack="0"/>
</pin_list>
<bind>
<StgValue><ssdm name="clk_form4"/></StgValue>
</bind>
</comp>

<comp id="22" class="1000" name="reset_form5">
<pin_list>
<pin id="23" dir="1" index="0" bw="1" slack="0"/>
</pin_list>
<bind>
<StgValue><ssdm name="reset_form5"/></StgValue>
</bind>
</comp>

<comp id="24" class="1000" name="top_level_doub_to_split">
<pin_list>
<pin id="25" dir="1" index="0" bw="1" slack="0"/>
</pin_list>
<bind>
<StgValue><ssdm name="top_level_doub_to_split"/></StgValue>
</bind>
</comp>

<comp id="26" class="1000" name="clk_form6">
<pin_list>
<pin id="27" dir="1" index="0" bw="1" slack="0"/>
</pin_list>
<bind>
<StgValue><ssdm name="clk_form6"/></StgValue>
</bind>
</comp>

<comp id="28" class="1000" name="reset_form7">
<pin_list>
<pin id="29" dir="1" index="0" bw="1" slack="0"/>
</pin_list>
<bind>
<StgValue><ssdm name="reset_form7"/></StgValue>
</bind>
</comp>

<comp id="30" class="1000" name="fifo1_12_form18">
<pin_list>
<pin id="31" dir="1" index="0" bw="1" slack="0"/>
</pin_list>
<bind>
<StgValue><ssdm name="fifo1_12_form18"/></StgValue>
</bind>
</comp>

<comp id="32" class="1000" name="doub1_1_form">
<pin_list>
<pin id="33" dir="1" index="0" bw="1" slack="0"/>
</pin_list>
<bind>
<StgValue><ssdm name="doub1_1_form"/></StgValue>
</bind>
</comp>

<comp id="34" class="1000" name="doub2_1_form">
<pin_list>
<pin id="35" dir="1" index="0" bw="1" slack="0"/>
</pin_list>
<bind>
<StgValue><ssdm name="doub2_1_form"/></StgValue>
</bind>
</comp>

<comp id="36" class="1000" name="top_level_comp_in1">
<pin_list>
<pin id="37" dir="1" index="0" bw="1" slack="0"/>
</pin_list>
<bind>
<StgValue><ssdm name="top_level_comp_in1"/></StgValue>
</bind>
</comp>

<comp id="38" class="1000" name="top_level_comp_seuil">
<pin_list>
<pin id="39" dir="1" index="0" bw="1" slack="0"/>
</pin_list>
<bind>
<StgValue><ssdm name="top_level_comp_seuil"/></StgValue>
</bind>
</comp>

<comp id="40" class="1000" name="top_level_comp_result">
<pin_list>
<pin id="41" dir="1" index="0" bw="1" slack="0"/>
</pin_list>
<bind>
<StgValue><ssdm name="top_level_comp_result"/></StgValue>
</bind>
</comp>

<comp id="42" class="1000" name="clk_form16">
<pin_list>
<pin id="43" dir="1" index="0" bw="1" slack="0"/>
</pin_list>
<bind>
<StgValue><ssdm name="clk_form16"/></StgValue>
</bind>
</comp>

<comp id="44" class="1000" name="reset_form17">
<pin_list>
<pin id="45" dir="1" index="0" bw="1" slack="0"/>
</pin_list>
<bind>
<StgValue><ssdm name="reset_form17"/></StgValue>
</bind>
</comp>

<comp id="46" class="1000" name="doub1_1_form19">
<pin_list>
<pin id="47" dir="1" index="0" bw="1" slack="0"/>
</pin_list>
<bind>
<StgValue><ssdm name="doub1_1_form19"/></StgValue>
</bind>
</comp>

<comp id="48" class="1000" name="fifo4_1_form23">
<pin_list>
<pin id="49" dir="1" index="0" bw="1" slack="0"/>
</pin_list>
<bind>
<StgValue><ssdm name="fifo4_1_form23"/></StgValue>
</bind>
</comp>

<comp id="50" class="1000" name="fifo2_1_form">
<pin_list>
<pin id="51" dir="1" index="0" bw="1" slack="0"/>
</pin_list>
<bind>
<StgValue><ssdm name="fifo2_1_form"/></StgValue>
</bind>
</comp>

<comp id="52" class="1000" name="top_level_f1_y0">
<pin_list>
<pin id="53" dir="1" index="0" bw="1" slack="0"/>
</pin_list>
<bind>
<StgValue><ssdm name="top_level_f1_y0"/></StgValue>
</bind>
</comp>

<comp id="54" class="1000" name="top_level_f1_x0">
<pin_list>
<pin id="55" dir="1" index="0" bw="1" slack="0"/>
</pin_list>
<bind>
<StgValue><ssdm name="top_level_f1_x0"/></StgValue>
</bind>
</comp>

<comp id="56" class="1000" name="top_level_f1_mem_x">
<pin_list>
<pin id="57" dir="1" index="0" bw="1" slack="0"/>
</pin_list>
<bind>
<StgValue><ssdm name="top_level_f1_mem_x"/><MemPortTyVec>2 0 </MemPortTyVec>
</StgValue>
</bind>
</comp>

<comp id="58" class="1000" name="top_level_f1_mem_y">
<pin_list>
<pin id="59" dir="1" index="0" bw="1" slack="0"/>
</pin_list>
<bind>
<StgValue><ssdm name="top_level_f1_mem_y"/><MemPortTyVec>2 0 </MemPortTyVec>
</StgValue>
</bind>
</comp>

<comp id="60" class="1000" name="clk_form10">
<pin_list>
<pin id="61" dir="1" index="0" bw="1" slack="0"/>
</pin_list>
<bind>
<StgValue><ssdm name="clk_form10"/></StgValue>
</bind>
</comp>

<comp id="62" class="1000" name="reset_form11">
<pin_list>
<pin id="63" dir="1" index="0" bw="1" slack="0"/>
</pin_list>
<bind>
<StgValue><ssdm name="reset_form11"/></StgValue>
</bind>
</comp>

<comp id="64" class="1000" name="top_level_f1_e_m_if_Val">
<pin_list>
<pin id="65" dir="1" index="0" bw="1" slack="0"/>
</pin_list>
<bind>
<StgValue><ssdm name="top_level_f1_e_m_if_Val"/></StgValue>
</bind>
</comp>

<comp id="66" class="1000" name="top_level_f1_s_m_if_Val">
<pin_list>
<pin id="67" dir="1" index="0" bw="1" slack="0"/>
</pin_list>
<bind>
<StgValue><ssdm name="top_level_f1_s_m_if_Val"/></StgValue>
</bind>
</comp>

<comp id="68" class="1000" name="top_level_car_x">
<pin_list>
<pin id="69" dir="1" index="0" bw="1" slack="0"/>
</pin_list>
<bind>
<StgValue><ssdm name="top_level_car_x"/></StgValue>
</bind>
</comp>

<comp id="70" class="1000" name="clk_form12">
<pin_list>
<pin id="71" dir="1" index="0" bw="1" slack="0"/>
</pin_list>
<bind>
<StgValue><ssdm name="clk_form12"/></StgValue>
</bind>
</comp>

<comp id="72" class="1000" name="reset_form13">
<pin_list>
<pin id="73" dir="1" index="0" bw="1" slack="0"/>
</pin_list>
<bind>
<StgValue><ssdm name="reset_form13"/></StgValue>
</bind>
</comp>

<comp id="74" class="1000" name="doub2_1_form20">
<pin_list>
<pin id="75" dir="1" index="0" bw="1" slack="0"/>
</pin_list>
<bind>
<StgValue><ssdm name="doub2_1_form20"/></StgValue>
</bind>
</comp>

<comp id="76" class="1000" name="fifo2_13_form">
<pin_list>
<pin id="77" dir="1" index="0" bw="1" slack="0"/>
</pin_list>
<bind>
<StgValue><ssdm name="fifo2_13_form"/></StgValue>
</bind>
</comp>

<comp id="78" class="1000" name="top_level_f2_y0">
<pin_list>
<pin id="79" dir="1" index="0" bw="1" slack="0"/>
</pin_list>
<bind>
<StgValue><ssdm name="top_level_f2_y0"/></StgValue>
</bind>
</comp>

<comp id="80" class="1000" name="top_level_f2_x0">
<pin_list>
<pin id="81" dir="1" index="0" bw="1" slack="0"/>
</pin_list>
<bind>
<StgValue><ssdm name="top_level_f2_x0"/></StgValue>
</bind>
</comp>

<comp id="82" class="1000" name="top_level_f2_mem_x">
<pin_list>
<pin id="83" dir="1" index="0" bw="1" slack="0"/>
</pin_list>
<bind>
<StgValue><ssdm name="top_level_f2_mem_x"/><MemPortTyVec>2 0 </MemPortTyVec>
</StgValue>
</bind>
</comp>

<comp id="84" class="1000" name="top_level_f2_mem_y">
<pin_list>
<pin id="85" dir="1" index="0" bw="1" slack="0"/>
</pin_list>
<bind>
<StgValue><ssdm name="top_level_f2_mem_y"/><MemPortTyVec>2 0 </MemPortTyVec>
</StgValue>
</bind>
</comp>

<comp id="86" class="1000" name="clk_form14">
<pin_list>
<pin id="87" dir="1" index="0" bw="1" slack="0"/>
</pin_list>
<bind>
<StgValue><ssdm name="clk_form14"/></StgValue>
</bind>
</comp>

<comp id="88" class="1000" name="reset_form15">
<pin_list>
<pin id="89" dir="1" index="0" bw="1" slack="0"/>
</pin_list>
<bind>
<StgValue><ssdm name="reset_form15"/></StgValue>
</bind>
</comp>

<comp id="90" class="1000" name="fifo2_13_form21">
<pin_list>
<pin id="91" dir="1" index="0" bw="1" slack="0"/>
</pin_list>
<bind>
<StgValue><ssdm name="fifo2_13_form21"/></StgValue>
</bind>
</comp>

<comp id="92" class="1000" name="fifo3_1_form">
<pin_list>
<pin id="93" dir="1" index="0" bw="1" slack="0"/>
</pin_list>
<bind>
<StgValue><ssdm name="fifo3_1_form"/></StgValue>
</bind>
</comp>

<comp id="94" class="1000" name="top_level_rac_x">
<pin_list>
<pin id="95" dir="1" index="0" bw="1" slack="0"/>
</pin_list>
<bind>
<StgValue><ssdm name="top_level_rac_x"/></StgValue>
</bind>
</comp>

<comp id="96" class="1000" name="top_level_rac_clk_m_if_Val">
<pin_list>
<pin id="97" dir="1" index="0" bw="1" slack="0"/>
</pin_list>
<bind>
<StgValue><ssdm name="top_level_rac_clk_m_if_Val"/></StgValue>
</bind>
</comp>

<comp id="98" class="1000" name="top_level_rac_reset_m_if_Val">
<pin_list>
<pin id="99" dir="1" index="0" bw="1" slack="0"/>
</pin_list>
<bind>
<StgValue><ssdm name="top_level_rac_reset_m_if_Val"/></StgValue>
</bind>
</comp>

<comp id="100" class="1000" name="fifo3_1_form22">
<pin_list>
<pin id="101" dir="1" index="0" bw="1" slack="0"/>
</pin_list>
<bind>
<StgValue><ssdm name="fifo3_1_form22"/></StgValue>
</bind>
</comp>

<comp id="102" class="1000" name="fifo4_1_form">
<pin_list>
<pin id="103" dir="1" index="0" bw="1" slack="0"/>
</pin_list>
<bind>
<StgValue><ssdm name="fifo4_1_form"/></StgValue>
</bind>
</comp>

<comp id="104" class="1000" name="fifo1_1">
<pin_list>
<pin id="105" dir="1" index="0" bw="1" slack="2147483647"/>
</pin_list>
<bind>
<StgValue><ssdm name="fifo1_1"/></StgValue>
</bind>
</comp>

<comp id="106" class="1000" name="fifo2_1">
<pin_list>
<pin id="107" dir="1" index="0" bw="1" slack="2147483647"/>
</pin_list>
<bind>
<StgValue><ssdm name="fifo2_1"/></StgValue>
</bind>
</comp>

<comp id="108" class="1000" name="fifo1_12">
<pin_list>
<pin id="109" dir="1" index="0" bw="1" slack="2147483647"/>
</pin_list>
<bind>
<StgValue><ssdm name="fifo1_12"/></StgValue>
</bind>
</comp>

<comp id="110" class="1000" name="fifo2_13">
<pin_list>
<pin id="111" dir="1" index="0" bw="1" slack="2147483647"/>
</pin_list>
<bind>
<StgValue><ssdm name="fifo2_13"/></StgValue>
</bind>
</comp>

<comp id="112" class="1000" name="fifo3_1">
<pin_list>
<pin id="113" dir="1" index="0" bw="1" slack="2147483647"/>
</pin_list>
<bind>
<StgValue><ssdm name="fifo3_1"/></StgValue>
</bind>
</comp>

<comp id="114" class="1000" name="fifo4_1">
<pin_list>
<pin id="115" dir="1" index="0" bw="1" slack="2147483647"/>
</pin_list>
<bind>
<StgValue><ssdm name="fifo4_1"/></StgValue>
</bind>
</comp>

<comp id="116" class="1000" name="doub1_1">
<pin_list>
<pin id="117" dir="1" index="0" bw="1" slack="2147483647"/>
</pin_list>
<bind>
<StgValue><ssdm name="doub1_1"/></StgValue>
</bind>
</comp>

<comp id="118" class="1000" name="doub2_1">
<pin_list>
<pin id="119" dir="1" index="0" bw="1" slack="2147483647"/>
</pin_list>
<bind>
<StgValue><ssdm name="doub2_1"/></StgValue>
</bind>
</comp>

<comp id="120" class="1000" name="UartModIn_ssdm_thread_M_do_recv">
<pin_list>
<pin id="121" dir="1" index="0" bw="1" slack="0"/>
</pin_list>
<bind>
<StgValue><ssdm name="UartModIn_ssdm_thread_M_do_recv"/></StgValue>
</bind>
</comp>

<comp id="122" class="1000" name="UartModOut_ssdm_thread_M_do_send">
<pin_list>
<pin id="123" dir="1" index="0" bw="1" slack="0"/>
</pin_list>
<bind>
<StgValue><ssdm name="UartModOut_ssdm_thread_M_do_send"/></StgValue>
</bind>
</comp>

<comp id="124" class="1000" name="doubleur_ssdm_thread_M_do_split">
<pin_list>
<pin id="125" dir="1" index="0" bw="1" slack="0"/>
</pin_list>
<bind>
<StgValue><ssdm name="doubleur_ssdm_thread_M_do_split"/></StgValue>
</bind>
</comp>

<comp id="126" class="1000" name="comparateur_ssdm_thread_M_do_comp">
<pin_list>
<pin id="127" dir="1" index="0" bw="1" slack="0"/>
</pin_list>
<bind>
<StgValue><ssdm name="comparateur_ssdm_thread_M_do_comp"/></StgValue>
</bind>
</comp>

<comp id="128" class="1000" name="filtre1_ssdm_thread_M_do_filtre">
<pin_list>
<pin id="129" dir="1" index="0" bw="1" slack="0"/>
</pin_list>
<bind>
<StgValue><ssdm name="filtre1_ssdm_thread_M_do_filtre"/></StgValue>
</bind>
</comp>

<comp id="130" class="1000" name="carre_ssdm_thread_M_do_carre">
<pin_list>
<pin id="131" dir="1" index="0" bw="1" slack="0"/>
</pin_list>
<bind>
<StgValue><ssdm name="carre_ssdm_thread_M_do_carre"/></StgValue>
</bind>
</comp>

<comp id="132" class="1000" name="filtre2_ssdm_thread_M_do_filtre">
<pin_list>
<pin id="133" dir="1" index="0" bw="1" slack="0"/>
</pin_list>
<bind>
<StgValue><ssdm name="filtre2_ssdm_thread_M_do_filtre"/></StgValue>
</bind>
</comp>

<comp id="134" class="1000" name="racine_ssdm_thread_M_do_racine">
<pin_list>
<pin id="135" dir="1" index="0" bw="1" slack="0"/>
</pin_list>
<bind>
<StgValue><ssdm name="racine_ssdm_thread_M_do_racine"/></StgValue>
</bind>
</comp>

<comp id="136" class="1001" name="const_136">
<pin_list>
<pin id="137" dir="1" index="0" bw="1" slack="0"/>
</pin_list>
<bind>
<StgValue><ssdm name="UartModIn::UartModIn.1"/></StgValue>
</bind>
</comp>

<comp id="138" class="1001" name="const_138">
<pin_list>
<pin id="139" dir="1" index="0" bw="1" slack="0"/>
</pin_list>
<bind>
<StgValue><ssdm name="UartModOut::UartModOut.1"/></StgValue>
</bind>
</comp>

<comp id="140" class="1001" name="const_140">
<pin_list>
<pin id="141" dir="1" index="0" bw="1" slack="0"/>
</pin_list>
<bind>
<StgValue><ssdm name="doubleur::doubleur.1"/></StgValue>
</bind>
</comp>

<comp id="142" class="1001" name="const_142">
<pin_list>
<pin id="143" dir="1" index="0" bw="1" slack="0"/>
</pin_list>
<bind>
<StgValue><ssdm name="comparateur::comparateur.1"/></StgValue>
</bind>
</comp>

<comp id="144" class="1001" name="const_144">
<pin_list>
<pin id="145" dir="1" index="0" bw="1" slack="0"/>
</pin_list>
<bind>
<StgValue><ssdm name="filtre1::filtre1.1"/></StgValue>
</bind>
</comp>

<comp id="146" class="1001" name="const_146">
<pin_list>
<pin id="147" dir="1" index="0" bw="1" slack="0"/>
</pin_list>
<bind>
<StgValue><ssdm name="carre::carre.1"/></StgValue>
</bind>
</comp>

<comp id="148" class="1001" name="const_148">
<pin_list>
<pin id="149" dir="1" index="0" bw="1" slack="0"/>
</pin_list>
<bind>
<StgValue><ssdm name="filtre2::filtre2.1"/></StgValue>
</bind>
</comp>

<comp id="150" class="1001" name="const_150">
<pin_list>
<pin id="151" dir="1" index="0" bw="1" slack="0"/>
</pin_list>
<bind>
<StgValue><ssdm name="racine::racine.1"/></StgValue>
</bind>
</comp>

<comp id="152" class="1001" name="const_152">
<pin_list>
<pin id="153" dir="1" index="0" bw="1" slack="2147483647"/>
</pin_list>
<bind>
<StgValue><ssdm name="_ssdm_op_SpecInterface"/></StgValue>
</bind>
</comp>

<comp id="154" class="1001" name="const_154">
<pin_list>
<pin id="155" dir="1" index="0" bw="1" slack="2147483647"/>
</pin_list>
<bind>
<StgValue><ssdm name="p_str4140"/></StgValue>
</bind>
</comp>

<comp id="156" class="1001" name="const_156">
<pin_list>
<pin id="157" dir="1" index="0" bw="1" slack="2147483647"/>
</pin_list>
<bind>
<StgValue><ssdm name=""/></StgValue>
</bind>
</comp>

<comp id="158" class="1001" name="const_158">
<pin_list>
<pin id="159" dir="1" index="0" bw="1" slack="2147483647"/>
</pin_list>
<bind>
<StgValue><ssdm name="p_str5141"/></StgValue>
</bind>
</comp>

<comp id="160" class="1001" name="const_160">
<pin_list>
<pin id="161" dir="1" index="0" bw="1" slack="2147483647"/>
</pin_list>
<bind>
<StgValue><ssdm name="p_str4117"/></StgValue>
</bind>
</comp>

<comp id="162" class="1001" name="const_162">
<pin_list>
<pin id="163" dir="1" index="0" bw="1" slack="2147483647"/>
</pin_list>
<bind>
<StgValue><ssdm name="p_str5118"/></StgValue>
</bind>
</comp>

<comp id="164" class="1001" name="const_164">
<pin_list>
<pin id="165" dir="1" index="0" bw="1" slack="2147483647"/>
</pin_list>
<bind>
<StgValue><ssdm name="p_str435"/></StgValue>
</bind>
</comp>

<comp id="166" class="1001" name="const_166">
<pin_list>
<pin id="167" dir="1" index="0" bw="1" slack="2147483647"/>
</pin_list>
<bind>
<StgValue><ssdm name="p_str536"/></StgValue>
</bind>
</comp>

<comp id="168" class="1001" name="const_168">
<pin_list>
<pin id="169" dir="1" index="0" bw="1" slack="2147483647"/>
</pin_list>
<bind>
<StgValue><ssdm name="p_str493"/></StgValue>
</bind>
</comp>

<comp id="170" class="1001" name="const_170">
<pin_list>
<pin id="171" dir="1" index="0" bw="1" slack="2147483647"/>
</pin_list>
<bind>
<StgValue><ssdm name="p_str594"/></StgValue>
</bind>
</comp>

<comp id="172" class="1001" name="const_172">
<pin_list>
<pin id="173" dir="1" index="0" bw="1" slack="2147483647"/>
</pin_list>
<bind>
<StgValue><ssdm name="p_str454"/></StgValue>
</bind>
</comp>

<comp id="174" class="1001" name="const_174">
<pin_list>
<pin id="175" dir="1" index="0" bw="1" slack="2147483647"/>
</pin_list>
<bind>
<StgValue><ssdm name="p_str555"/></StgValue>
</bind>
</comp>

<comp id="176" class="1001" name="const_176">
<pin_list>
<pin id="177" dir="1" index="0" bw="1" slack="2147483647"/>
</pin_list>
<bind>
<StgValue><ssdm name="p_str474"/></StgValue>
</bind>
</comp>

<comp id="178" class="1001" name="const_178">
<pin_list>
<pin id="179" dir="1" index="0" bw="1" slack="2147483647"/>
</pin_list>
<bind>
<StgValue><ssdm name="p_str575"/></StgValue>
</bind>
</comp>

<comp id="180" class="1001" name="const_180">
<pin_list>
<pin id="181" dir="1" index="0" bw="1" slack="2147483647"/>
</pin_list>
<bind>
<StgValue><ssdm name="p_str11"/></StgValue>
</bind>
</comp>

<comp id="182" class="1001" name="const_182">
<pin_list>
<pin id="183" dir="1" index="0" bw="1" slack="2147483647"/>
</pin_list>
<bind>
<StgValue><ssdm name="p_str112"/></StgValue>
</bind>
</comp>

<comp id="184" class="1001" name="const_184">
<pin_list>
<pin id="185" dir="1" index="0" bw="1" slack="2147483647"/>
</pin_list>
<bind>
<StgValue><ssdm name="p_str"/></StgValue>
</bind>
</comp>

<comp id="186" class="1001" name="const_186">
<pin_list>
<pin id="187" dir="1" index="0" bw="1" slack="2147483647"/>
</pin_list>
<bind>
<StgValue><ssdm name="p_str1"/></StgValue>
</bind>
</comp>

<comp id="188" class="1001" name="const_188">
<pin_list>
<pin id="189" dir="1" index="0" bw="1" slack="2147483647"/>
</pin_list>
<bind>
<StgValue><ssdm name="_ssdm_op_SpecBitsMap"/></StgValue>
</bind>
</comp>

<comp id="190" class="1001" name="const_190">
<pin_list>
<pin id="191" dir="1" index="0" bw="1" slack="2147483647"/>
</pin_list>
<bind>
<StgValue><ssdm name="_ssdm_op_SpecPort"/></StgValue>
</bind>
</comp>

<comp id="192" class="1001" name="const_192">
<pin_list>
<pin id="193" dir="1" index="0" bw="1" slack="2147483647"/>
</pin_list>
<bind>
<StgValue><ssdm name=""/></StgValue>
</bind>
</comp>

<comp id="194" class="1001" name="const_194">
<pin_list>
<pin id="195" dir="1" index="0" bw="1" slack="2147483647"/>
</pin_list>
<bind>
<StgValue><ssdm name=""/></StgValue>
</bind>
</comp>

<comp id="196" class="1001" name="const_196">
<pin_list>
<pin id="197" dir="1" index="0" bw="1" slack="2147483647"/>
</pin_list>
<bind>
<StgValue><ssdm name="_ssdm_op_SpecChannel"/></StgValue>
</bind>
</comp>

<comp id="198" class="1001" name="const_198">
<pin_list>
<pin id="199" dir="1" index="0" bw="1" slack="2147483647"/>
</pin_list>
<bind>
<StgValue><ssdm name="p_str29"/></StgValue>
</bind>
</comp>

<comp id="200" class="1001" name="const_200">
<pin_list>
<pin id="201" dir="1" index="0" bw="1" slack="2147483647"/>
</pin_list>
<bind>
<StgValue><ssdm name=""/></StgValue>
</bind>
</comp>

<comp id="202" class="1001" name="const_202">
<pin_list>
<pin id="203" dir="1" index="0" bw="1" slack="2147483647"/>
</pin_list>
<bind>
<StgValue><ssdm name="p_str18"/></StgValue>
</bind>
</comp>

<comp id="204" class="1001" name="const_204">
<pin_list>
<pin id="205" dir="1" index="0" bw="1" slack="2147483647"/>
</pin_list>
<bind>
<StgValue><ssdm name=""/></StgValue>
</bind>
</comp>

<comp id="206" class="1001" name="const_206">
<pin_list>
<pin id="207" dir="1" index="0" bw="1" slack="2147483647"/>
</pin_list>
<bind>
<StgValue><ssdm name="p_str28"/></StgValue>
</bind>
</comp>

<comp id="208" class="1001" name="const_208">
<pin_list>
<pin id="209" dir="1" index="0" bw="1" slack="2147483647"/>
</pin_list>
<bind>
<StgValue><ssdm name="p_str19"/></StgValue>
</bind>
</comp>

<comp id="210" class="1001" name="const_210">
<pin_list>
<pin id="211" dir="1" index="0" bw="1" slack="2147483647"/>
</pin_list>
<bind>
<StgValue><ssdm name="p_str20"/></StgValue>
</bind>
</comp>

<comp id="212" class="1001" name="const_212">
<pin_list>
<pin id="213" dir="1" index="0" bw="1" slack="2147483647"/>
</pin_list>
<bind>
<StgValue><ssdm name="p_str21"/></StgValue>
</bind>
</comp>

<comp id="214" class="1001" name="const_214">
<pin_list>
<pin id="215" dir="1" index="0" bw="1" slack="2147483647"/>
</pin_list>
<bind>
<StgValue><ssdm name="p_str22"/></StgValue>
</bind>
</comp>

<comp id="216" class="1001" name="const_216">
<pin_list>
<pin id="217" dir="1" index="0" bw="1" slack="2147483647"/>
</pin_list>
<bind>
<StgValue><ssdm name="p_str23"/></StgValue>
</bind>
</comp>

<comp id="218" class="1001" name="const_218">
<pin_list>
<pin id="219" dir="1" index="0" bw="1" slack="2147483647"/>
</pin_list>
<bind>
<StgValue><ssdm name="_ssdm_op_SpecTopModule"/></StgValue>
</bind>
</comp>

<comp id="220" class="1001" name="const_220">
<pin_list>
<pin id="221" dir="1" index="0" bw="1" slack="2147483647"/>
</pin_list>
<bind>
<StgValue><ssdm name="p_str24"/></StgValue>
</bind>
</comp>

<comp id="222" class="1001" name="const_222">
<pin_list>
<pin id="223" dir="1" index="0" bw="1" slack="2147483647"/>
</pin_list>
<bind>
<StgValue><ssdm name="p_str25"/></StgValue>
</bind>
</comp>

<comp id="224" class="1001" name="const_224">
<pin_list>
<pin id="225" dir="1" index="0" bw="1" slack="2147483647"/>
</pin_list>
<bind>
<StgValue><ssdm name="p_str26"/></StgValue>
</bind>
</comp>

<comp id="226" class="1001" name="const_226">
<pin_list>
<pin id="227" dir="1" index="0" bw="1" slack="2147483647"/>
</pin_list>
<bind>
<StgValue><ssdm name="p_str27"/></StgValue>
</bind>
</comp>

<comp id="228" class="1001" name="const_228">
<pin_list>
<pin id="229" dir="1" index="0" bw="1" slack="2147483647"/>
</pin_list>
<bind>
<StgValue><ssdm name="p_str30"/></StgValue>
</bind>
</comp>

<comp id="230" class="1001" name="const_230">
<pin_list>
<pin id="231" dir="1" index="0" bw="1" slack="2147483647"/>
</pin_list>
<bind>
<StgValue><ssdm name="p_str31165"/></StgValue>
</bind>
</comp>

<comp id="232" class="1001" name="const_232">
<pin_list>
<pin id="233" dir="1" index="0" bw="1" slack="2147483647"/>
</pin_list>
<bind>
<StgValue><ssdm name="p_str32"/></StgValue>
</bind>
</comp>

<comp id="234" class="1001" name="const_234">
<pin_list>
<pin id="235" dir="1" index="0" bw="1" slack="2147483647"/>
</pin_list>
<bind>
<StgValue><ssdm name="_ssdm_op_SpecPortMap"/></StgValue>
</bind>
</comp>

<comp id="236" class="1004" name="grp_UartModIn_fu_236">
<pin_list>
<pin id="237" dir="0" index="0" bw="0" slack="0"/>
<pin id="238" dir="0" index="1" bw="8" slack="0"/>
<pin id="239" dir="0" index="2" bw="32" slack="0"/>
<pin id="240" dir="0" index="3" bw="1" slack="0"/>
<pin id="241" dir="0" index="4" bw="1" slack="0"/>
<pin id="242" dir="0" index="5" bw="1" slack="0"/>
<pin id="243" dir="1" index="6" bw="0" slack="2147483647"/>
</pin_list>
<bind>
<opcode="call(48) " fcode="call"/>
<opset="StgValue_3/1 "/>
</bind>
</comp>

<comp id="250" class="1004" name="grp_UartModOut_fu_250">
<pin_list>
<pin id="251" dir="0" index="0" bw="0" slack="0"/>
<pin id="252" dir="0" index="1" bw="32" slack="0"/>
<pin id="253" dir="0" index="2" bw="8" slack="0"/>
<pin id="254" dir="0" index="3" bw="1" slack="0"/>
<pin id="255" dir="0" index="4" bw="1" slack="0"/>
<pin id="256" dir="0" index="5" bw="1" slack="0"/>
<pin id="257" dir="1" index="6" bw="0" slack="2147483647"/>
</pin_list>
<bind>
<opcode="call(48) " fcode="call"/>
<opset="StgValue_4/1 "/>
</bind>
</comp>

<comp id="264" class="1004" name="grp_doubleur_fu_264">
<pin_list>
<pin id="265" dir="0" index="0" bw="0" slack="0"/>
<pin id="266" dir="0" index="1" bw="32" slack="0"/>
<pin id="267" dir="0" index="2" bw="1" slack="0"/>
<pin id="268" dir="0" index="3" bw="1" slack="0"/>
<pin id="269" dir="0" index="4" bw="32" slack="0"/>
<pin id="270" dir="0" index="5" bw="32" slack="0"/>
<pin id="271" dir="0" index="6" bw="32" slack="0"/>
<pin id="272" dir="0" index="7" bw="1" slack="0"/>
<pin id="273" dir="1" index="8" bw="0" slack="2147483647"/>
</pin_list>
<bind>
<opcode="call(48) " fcode="call"/>
<opset="StgValue_5/1 "/>
</bind>
</comp>

<comp id="282" class="1004" name="grp_comparateur_fu_282">
<pin_list>
<pin id="283" dir="0" index="0" bw="0" slack="0"/>
<pin id="284" dir="0" index="1" bw="32" slack="0"/>
<pin id="285" dir="0" index="2" bw="32" slack="0"/>
<pin id="286" dir="0" index="3" bw="32" slack="0"/>
<pin id="287" dir="0" index="4" bw="1" slack="0"/>
<pin id="288" dir="0" index="5" bw="1" slack="0"/>
<pin id="289" dir="0" index="6" bw="32" slack="0"/>
<pin id="290" dir="0" index="7" bw="32" slack="0"/>
<pin id="291" dir="0" index="8" bw="32" slack="0"/>
<pin id="292" dir="0" index="9" bw="1" slack="0"/>
<pin id="293" dir="1" index="10" bw="0" slack="2147483647"/>
</pin_list>
<bind>
<opcode="call(48) " fcode="call"/>
<opset="StgValue_6/1 "/>
</bind>
</comp>

<comp id="304" class="1004" name="grp_filtre1_fu_304">
<pin_list>
<pin id="305" dir="0" index="0" bw="0" slack="0"/>
<pin id="306" dir="0" index="1" bw="32" slack="0"/>
<pin id="307" dir="0" index="2" bw="32" slack="0"/>
<pin id="308" dir="0" index="3" bw="32" slack="0"/>
<pin id="309" dir="0" index="4" bw="32" slack="0"/>
<pin id="310" dir="0" index="5" bw="1" slack="0"/>
<pin id="311" dir="0" index="6" bw="1" slack="0"/>
<pin id="312" dir="0" index="7" bw="32" slack="0"/>
<pin id="313" dir="0" index="8" bw="32" slack="0"/>
<pin id="314" dir="0" index="9" bw="1" slack="0"/>
<pin id="315" dir="1" index="10" bw="0" slack="2147483647"/>
</pin_list>
<bind>
<opcode="call(48) " fcode="call"/>
<opset="StgValue_7/1 "/>
</bind>
</comp>

<comp id="326" class="1004" name="grp_carre_fu_326">
<pin_list>
<pin id="327" dir="0" index="0" bw="0" slack="0"/>
<pin id="328" dir="0" index="1" bw="32" slack="0"/>
<pin id="329" dir="0" index="2" bw="1" slack="0"/>
<pin id="330" dir="0" index="3" bw="1" slack="0"/>
<pin id="331" dir="0" index="4" bw="32" slack="0"/>
<pin id="332" dir="0" index="5" bw="32" slack="0"/>
<pin id="333" dir="0" index="6" bw="1" slack="0"/>
<pin id="334" dir="1" index="7" bw="0" slack="2147483647"/>
</pin_list>
<bind>
<opcode="call(48) " fcode="call"/>
<opset="StgValue_8/1 "/>
</bind>
</comp>

<comp id="342" class="1004" name="grp_filtre2_fu_342">
<pin_list>
<pin id="343" dir="0" index="0" bw="0" slack="0"/>
<pin id="344" dir="0" index="1" bw="32" slack="0"/>
<pin id="345" dir="0" index="2" bw="32" slack="0"/>
<pin id="346" dir="0" index="3" bw="32" slack="0"/>
<pin id="347" dir="0" index="4" bw="32" slack="0"/>
<pin id="348" dir="0" index="5" bw="1" slack="0"/>
<pin id="349" dir="0" index="6" bw="1" slack="0"/>
<pin id="350" dir="0" index="7" bw="32" slack="0"/>
<pin id="351" dir="0" index="8" bw="32" slack="0"/>
<pin id="352" dir="0" index="9" bw="1" slack="0"/>
<pin id="353" dir="1" index="10" bw="0" slack="2147483647"/>
</pin_list>
<bind>
<opcode="call(48) " fcode="call"/>
<opset="StgValue_9/1 "/>
</bind>
</comp>

<comp id="364" class="1004" name="grp_racine_fu_364">
<pin_list>
<pin id="365" dir="0" index="0" bw="0" slack="0"/>
<pin id="366" dir="0" index="1" bw="32" slack="0"/>
<pin id="367" dir="0" index="2" bw="1" slack="0"/>
<pin id="368" dir="0" index="3" bw="1" slack="0"/>
<pin id="369" dir="0" index="4" bw="32" slack="0"/>
<pin id="370" dir="0" index="5" bw="32" slack="0"/>
<pin id="371" dir="0" index="6" bw="1" slack="0"/>
<pin id="372" dir="1" index="7" bw="0" slack="2147483647"/>
</pin_list>
<bind>
<opcode="call(48) " fcode="call"/>
<opset="StgValue_10/1 "/>
</bind>
</comp>

</comp_list>

<net_list>
<net id="244"><net_src comp="136" pin="0"/><net_sink comp="236" pin=0"/></net>

<net id="245"><net_src comp="8" pin="0"/><net_sink comp="236" pin=1"/></net>

<net id="246"><net_src comp="10" pin="0"/><net_sink comp="236" pin=2"/></net>

<net id="247"><net_src comp="12" pin="0"/><net_sink comp="236" pin=3"/></net>

<net id="248"><net_src comp="14" pin="0"/><net_sink comp="236" pin=4"/></net>

<net id="249"><net_src comp="120" pin="0"/><net_sink comp="236" pin=5"/></net>

<net id="258"><net_src comp="138" pin="0"/><net_sink comp="250" pin=0"/></net>

<net id="259"><net_src comp="16" pin="0"/><net_sink comp="250" pin=1"/></net>

<net id="260"><net_src comp="18" pin="0"/><net_sink comp="250" pin=2"/></net>

<net id="261"><net_src comp="20" pin="0"/><net_sink comp="250" pin=3"/></net>

<net id="262"><net_src comp="22" pin="0"/><net_sink comp="250" pin=4"/></net>

<net id="263"><net_src comp="122" pin="0"/><net_sink comp="250" pin=5"/></net>

<net id="274"><net_src comp="140" pin="0"/><net_sink comp="264" pin=0"/></net>

<net id="275"><net_src comp="24" pin="0"/><net_sink comp="264" pin=1"/></net>

<net id="276"><net_src comp="26" pin="0"/><net_sink comp="264" pin=2"/></net>

<net id="277"><net_src comp="28" pin="0"/><net_sink comp="264" pin=3"/></net>

<net id="278"><net_src comp="30" pin="0"/><net_sink comp="264" pin=4"/></net>

<net id="279"><net_src comp="32" pin="0"/><net_sink comp="264" pin=5"/></net>

<net id="280"><net_src comp="34" pin="0"/><net_sink comp="264" pin=6"/></net>

<net id="281"><net_src comp="124" pin="0"/><net_sink comp="264" pin=7"/></net>

<net id="294"><net_src comp="142" pin="0"/><net_sink comp="282" pin=0"/></net>

<net id="295"><net_src comp="36" pin="0"/><net_sink comp="282" pin=1"/></net>

<net id="296"><net_src comp="38" pin="0"/><net_sink comp="282" pin=2"/></net>

<net id="297"><net_src comp="40" pin="0"/><net_sink comp="282" pin=3"/></net>

<net id="298"><net_src comp="42" pin="0"/><net_sink comp="282" pin=4"/></net>

<net id="299"><net_src comp="44" pin="0"/><net_sink comp="282" pin=5"/></net>

<net id="300"><net_src comp="46" pin="0"/><net_sink comp="282" pin=6"/></net>

<net id="301"><net_src comp="48" pin="0"/><net_sink comp="282" pin=7"/></net>

<net id="302"><net_src comp="50" pin="0"/><net_sink comp="282" pin=8"/></net>

<net id="303"><net_src comp="126" pin="0"/><net_sink comp="282" pin=9"/></net>

<net id="316"><net_src comp="144" pin="0"/><net_sink comp="304" pin=0"/></net>

<net id="317"><net_src comp="52" pin="0"/><net_sink comp="304" pin=1"/></net>

<net id="318"><net_src comp="54" pin="0"/><net_sink comp="304" pin=2"/></net>

<net id="319"><net_src comp="56" pin="0"/><net_sink comp="304" pin=3"/></net>

<net id="320"><net_src comp="58" pin="0"/><net_sink comp="304" pin=4"/></net>

<net id="321"><net_src comp="60" pin="0"/><net_sink comp="304" pin=5"/></net>

<net id="322"><net_src comp="62" pin="0"/><net_sink comp="304" pin=6"/></net>

<net id="323"><net_src comp="64" pin="0"/><net_sink comp="304" pin=7"/></net>

<net id="324"><net_src comp="66" pin="0"/><net_sink comp="304" pin=8"/></net>

<net id="325"><net_src comp="128" pin="0"/><net_sink comp="304" pin=9"/></net>

<net id="335"><net_src comp="146" pin="0"/><net_sink comp="326" pin=0"/></net>

<net id="336"><net_src comp="68" pin="0"/><net_sink comp="326" pin=1"/></net>

<net id="337"><net_src comp="70" pin="0"/><net_sink comp="326" pin=2"/></net>

<net id="338"><net_src comp="72" pin="0"/><net_sink comp="326" pin=3"/></net>

<net id="339"><net_src comp="74" pin="0"/><net_sink comp="326" pin=4"/></net>

<net id="340"><net_src comp="76" pin="0"/><net_sink comp="326" pin=5"/></net>

<net id="341"><net_src comp="130" pin="0"/><net_sink comp="326" pin=6"/></net>

<net id="354"><net_src comp="148" pin="0"/><net_sink comp="342" pin=0"/></net>

<net id="355"><net_src comp="78" pin="0"/><net_sink comp="342" pin=1"/></net>

<net id="356"><net_src comp="80" pin="0"/><net_sink comp="342" pin=2"/></net>

<net id="357"><net_src comp="82" pin="0"/><net_sink comp="342" pin=3"/></net>

<net id="358"><net_src comp="84" pin="0"/><net_sink comp="342" pin=4"/></net>

<net id="359"><net_src comp="86" pin="0"/><net_sink comp="342" pin=5"/></net>

<net id="360"><net_src comp="88" pin="0"/><net_sink comp="342" pin=6"/></net>

<net id="361"><net_src comp="90" pin="0"/><net_sink comp="342" pin=7"/></net>

<net id="362"><net_src comp="92" pin="0"/><net_sink comp="342" pin=8"/></net>

<net id="363"><net_src comp="132" pin="0"/><net_sink comp="342" pin=9"/></net>

<net id="373"><net_src comp="150" pin="0"/><net_sink comp="364" pin=0"/></net>

<net id="374"><net_src comp="94" pin="0"/><net_sink comp="364" pin=1"/></net>

<net id="375"><net_src comp="96" pin="0"/><net_sink comp="364" pin=2"/></net>

<net id="376"><net_src comp="98" pin="0"/><net_sink comp="364" pin=3"/></net>

<net id="377"><net_src comp="100" pin="0"/><net_sink comp="364" pin=4"/></net>

<net id="378"><net_src comp="102" pin="0"/><net_sink comp="364" pin=5"/></net>

<net id="379"><net_src comp="134" pin="0"/><net_sink comp="364" pin=6"/></net>

</net_list>

</model> 
---------------- Datapath Model END ------------------

* FSMD analyzer results:
  - Output states:
	Port: fifo1_12_form | {1 2 }
	Port: s_form | {1 2 }
	Port: top_level_doub_to_split | {1 2 }
	Port: doub1_1_form | {1 2 }
	Port: doub2_1_form | {1 2 }
	Port: top_level_comp_in1 | {1 2 }
	Port: top_level_comp_seuil | {1 2 }
	Port: top_level_comp_result | {1 2 }
	Port: fifo2_1_form | {1 2 }
	Port: top_level_f1_y0 | {1 2 }
	Port: top_level_f1_x0 | {1 2 }
	Port: top_level_f1_mem_x | {1 2 }
	Port: top_level_f1_mem_y | {1 2 }
	Port: top_level_f1_s_m_if_Val | {1 2 }
	Port: top_level_car_x | {1 2 }
	Port: fifo2_13_form | {1 2 }
	Port: top_level_f2_y0 | {1 2 }
	Port: top_level_f2_x0 | {1 2 }
	Port: top_level_f2_mem_x | {1 2 }
	Port: top_level_f2_mem_y | {1 2 }
	Port: fifo3_1_form | {1 2 }
	Port: top_level_rac_x | {1 2 }
	Port: fifo4_1_form | {1 2 }
 - Input state : 
	Port: top_level::top_level : e_form | {1 2 }
	Port: top_level::top_level : fifo2_1_form24 | {1 2 }
	Port: top_level::top_level : fifo1_12_form18 | {1 2 }
	Port: top_level::top_level : doub1_1_form19 | {1 2 }
	Port: top_level::top_level : fifo4_1_form23 | {1 2 }
	Port: top_level::top_level : top_level_f1_mem_x | {1 2 }
	Port: top_level::top_level : top_level_f1_mem_y | {1 2 }
	Port: top_level::top_level : top_level_f1_e_m_if_Val | {1 2 }
	Port: top_level::top_level : doub2_1_form20 | {1 2 }
	Port: top_level::top_level : top_level_f2_mem_x | {1 2 }
	Port: top_level::top_level : top_level_f2_mem_y | {1 2 }
	Port: top_level::top_level : fifo2_13_form21 | {1 2 }
	Port: top_level::top_level : fifo3_1_form22 | {1 2 }
	Port: top_level::top_level : UartModIn_ssdm_thread_M_do_recv | {1 2 }
	Port: top_level::top_level : UartModOut_ssdm_thread_M_do_send | {1 2 }
	Port: top_level::top_level : doubleur_ssdm_thread_M_do_split | {1 2 }
	Port: top_level::top_level : comparateur_ssdm_thread_M_do_comp | {1 2 }
	Port: top_level::top_level : filtre1_ssdm_thread_M_do_filtre | {1 2 }
	Port: top_level::top_level : carre_ssdm_thread_M_do_carre | {1 2 }
	Port: top_level::top_level : filtre2_ssdm_thread_M_do_filtre | {1 2 }
	Port: top_level::top_level : racine_ssdm_thread_M_do_racine | {1 2 }
  - Chain level:
	State 1
	State 2


============================================================
+ Verbose Summary: Datapath Resource usage 
============================================================

* Functional unit list:
|----------|------------------------|---------|---------|---------|---------|---------|
| Operation|     Functional Unit    |   BRAM  |  DSP48E |  Delay  |    FF   |   LUT   |
|----------|------------------------|---------|---------|---------|---------|---------|
|          |  grp_UartModIn_fu_236  |    0    |    0    |    0    |    24   |    0    |
|          |  grp_UartModOut_fu_250 |    0    |    0    |  1.7535 |    24   |    21   |
|          |   grp_doubleur_fu_264  |    0    |    0    |    0    |    0    |    0    |
|   call   | grp_comparateur_fu_282 |    0    |    0    |  1.664  |   601   |   975   |
|          |   grp_filtre1_fu_304   |    4    |    25   | 16.6847 |   1861  |   1541  |
|          |    grp_carre_fu_326    |    0    |    3    |    0    |   207   |   140   |
|          |   grp_filtre2_fu_342   |    4    |    25   | 16.6847 |   1861  |   1541  |
|          |    grp_racine_fu_364   |    0    |    3    |  1.664  |   1111  |   1441  |
|----------|------------------------|---------|---------|---------|---------|---------|
|   Total  |                        |    8    |    56   |  38.451 |   5689  |   5659  |
|----------|------------------------|---------|---------|---------|---------|---------|

Memories:
+------------------+--------+--------+--------+
|                  |  BRAM  |   FF   |   LUT  |
+------------------+--------+--------+--------+
|top_level_f1_mem_x|    2   |    0   |    0   |
|top_level_f1_mem_y|    2   |    0   |    0   |
|top_level_f2_mem_x|    2   |    0   |    0   |
|top_level_f2_mem_y|    2   |    0   |    0   |
+------------------+--------+--------+--------+
|       Total      |    8   |    0   |    0   |
+------------------+--------+--------+--------+

* Register list:
N/A

* Multiplexer (MUX) list: 
|--------|------|------|------|--------|
|  Comp  |  Pin | Size |  BW  | S x BW |
|--------|------|------|------|--------|
|  Total |      |      |      |    0   |
|--------|------|------|------|--------|



* Summary:
+-----------+--------+--------+--------+--------+--------+
|           |  BRAM  | DSP48E |  Delay |   FF   |   LUT  |
+-----------+--------+--------+--------+--------+--------+
|  Function |    8   |   56   |   38   |  5689  |  5659  |
|   Memory  |    8   |    -   |    -   |    0   |    0   |
|Multiplexer|    -   |    -   |    -   |    -   |    -   |
|  Register |    -   |    -   |    -   |    -   |    -   |
+-----------+--------+--------+--------+--------+--------+
|   Total   |   16   |   56   |   38   |  5689  |  5659  |
+-----------+--------+--------+--------+--------+--------+
