

================================================================
== Vivado HLS Report for 'uart_wrapper_do_action1'
================================================================
* Date:           Wed Jan 17 14:58:15 2018

* Version:        2017.3 (Build 2018833 on Wed Oct 04 20:30:40 MDT 2017)
* Project:        main_module
* Solution:       solution1
* Product family: artix7
* Target device:  xc7a100tcsg324-1


================================================================
== Performance Estimates
================================================================
+ Timing (ns): 
    * Summary: 
    +--------+-------+----------+------------+
    |  Clock | Target| Estimated| Uncertainty|
    +--------+-------+----------+------------+
    |ap_clk  |  10.00|      7.82|        1.25|
    +--------+-------+----------+------------+

+ Latency (clock cycles): 
    * Summary: 
    +-----+-----+-----+-----+---------+
    |  Latency  |  Interval | Pipeline|
    | min | max | min | max |   Type  |
    +-----+-----+-----+-----+---------+
    |    5|    5|    5|    5|   none  |
    +-----+-----+-----+-----+---------+

    + Detail: 
        * Instance: 
        N/A

        * Loop: 
        +----------+-----+-----+----------+-----------+-----------+------+----------+
        |          |  Latency  | Iteration|  Initiation Interval  | Trip |          |
        | Loop Name| min | max |  Latency |  achieved |   target  | Count| Pipelined|
        +----------+-----+-----+----------+-----------+-----------+------+----------+
        |- Loop 1  |    4|    4|         4|          -|          -|  inf |    no    |
        +----------+-----+-----+----------+-----------+-----------+------+----------+

============================================================
+ Verbose Summary: Synthesis Manager
============================================================
InlineROM: 1
ExposeGlobal: 0
============================================================
+ Verbose Summary: CDFG Model
============================================================
IsTopModel: 0
ResetActiveHigh: 1
IsCombinational: 0
IsDatapathOnly: 0
HasWiredReturn: 0
HasMFsm: 0
HasVarLatency: 1
IsPipeline: 0
IsRtlPipelined: 0
IsInstanceOverlapped: 0
IsDontTouch: 0
HasImplIP: 0
IsGatedGlobalClock: 0


============================================================
+ Verbose Summary: Schedule
============================================================
* Number of FSM states : 5
* Pipeline : 0
* Dataflow Pipeline: 0

* FSM state transitions: 
1 --> 
	2  / true
2 --> 
	3  / true
3 --> 
	4  / true
4 --> 
	5  / true
5 --> 
	2  / true

* FSM state operations: 

 <State 1> : 0.00ns
ST_1 : Operation 6 [1/1] (0.00ns)   --->   "call void (...)* @_ssdm_op_SpecInterface(float* %uart_wrapper_c_e_m_if_Val, [8 x i8]* @p_str18, i32 0, i32 0, [1 x i8]* @p_str19, i32 0, i32 0, [1 x i8]* @p_str19, [1 x i8]* @p_str19, [1 x i8]* @p_str19, i32 0, i32 0, i32 0, i32 0, [1 x i8]* @p_str19, [1 x i8]* @p_str19)"
ST_1 : Operation 7 [1/1] (0.00ns)   --->   "call void (...)* @_ssdm_op_SpecInterface(float* %uart_wrapper_c_s_m_if_Val, [8 x i8]* @p_str18, i32 0, i32 0, [1 x i8]* @p_str19, i32 0, i32 0, [1 x i8]* @p_str19, [1 x i8]* @p_str19, [1 x i8]* @p_str19, i32 0, i32 0, i32 0, i32 0, [1 x i8]* @p_str19, [1 x i8]* @p_str19)"
ST_1 : Operation 8 [1/1] (0.00ns)   --->   "call void (...)* @_ssdm_op_SpecInterface(float* %uart_wrapper_c_doub_e_m_if_Val, [8 x i8]* @p_str18, i32 0, i32 0, [1 x i8]* @p_str19, i32 0, i32 0, [1 x i8]* @p_str19, [1 x i8]* @p_str19, [1 x i8]* @p_str19, i32 0, i32 0, i32 0, i32 0, [1 x i8]* @p_str19, [1 x i8]* @p_str19)"
ST_1 : Operation 9 [1/1] (0.00ns)   --->   "call void (...)* @_ssdm_op_SpecInterface(float* %uart_wrapper_c_doub_s1_m_if_Val, [8 x i8]* @p_str18, i32 0, i32 0, [1 x i8]* @p_str19, i32 0, i32 0, [1 x i8]* @p_str19, [1 x i8]* @p_str19, [1 x i8]* @p_str19, i32 0, i32 0, i32 0, i32 0, [1 x i8]* @p_str19, [1 x i8]* @p_str19)"
ST_1 : Operation 10 [1/1] (0.00ns)   --->   "call void (...)* @_ssdm_op_SpecInterface(float* %uart_wrapper_c_doub_s2_m_if_Val, [8 x i8]* @p_str18, i32 0, i32 0, [1 x i8]* @p_str19, i32 0, i32 0, [1 x i8]* @p_str19, [1 x i8]* @p_str19, [1 x i8]* @p_str19, i32 0, i32 0, i32 0, i32 0, [1 x i8]* @p_str19, [1 x i8]* @p_str19)"
ST_1 : Operation 11 [1/1] (0.00ns)   --->   "call void (...)* @_ssdm_op_SpecInterface(float* %uart_wrapper_c_comp_e1_m_if_Val, [8 x i8]* @p_str18, i32 0, i32 0, [1 x i8]* @p_str19, i32 0, i32 0, [1 x i8]* @p_str19, [1 x i8]* @p_str19, [1 x i8]* @p_str19, i32 0, i32 0, i32 0, i32 0, [1 x i8]* @p_str19, [1 x i8]* @p_str19)"
ST_1 : Operation 12 [1/1] (0.00ns)   --->   "call void (...)* @_ssdm_op_SpecInterface(float* %uart_wrapper_c_comp_e2_m_if_Val, [8 x i8]* @p_str18, i32 0, i32 0, [1 x i8]* @p_str19, i32 0, i32 0, [1 x i8]* @p_str19, [1 x i8]* @p_str19, [1 x i8]* @p_str19, i32 0, i32 0, i32 0, i32 0, [1 x i8]* @p_str19, [1 x i8]* @p_str19)"
ST_1 : Operation 13 [1/1] (0.00ns)   --->   "call void (...)* @_ssdm_op_SpecInterface(float* %uart_wrapper_c_comp_s_m_if_Val, [8 x i8]* @p_str18, i32 0, i32 0, [1 x i8]* @p_str19, i32 0, i32 0, [1 x i8]* @p_str19, [1 x i8]* @p_str19, [1 x i8]* @p_str19, i32 0, i32 0, i32 0, i32 0, [1 x i8]* @p_str19, [1 x i8]* @p_str19)"
ST_1 : Operation 14 [1/1] (0.00ns)   --->   "call void (...)* @_ssdm_op_SpecInterface(float* %uart_wrapper_c_f1_e_m_if_Val, [8 x i8]* @p_str18, i32 0, i32 0, [1 x i8]* @p_str19, i32 0, i32 0, [1 x i8]* @p_str19, [1 x i8]* @p_str19, [1 x i8]* @p_str19, i32 0, i32 0, i32 0, i32 0, [1 x i8]* @p_str19, [1 x i8]* @p_str19)"
ST_1 : Operation 15 [1/1] (0.00ns)   --->   "call void (...)* @_ssdm_op_SpecInterface(float* %uart_wrapper_c_f1_s_m_if_Val, [8 x i8]* @p_str18, i32 0, i32 0, [1 x i8]* @p_str19, i32 0, i32 0, [1 x i8]* @p_str19, [1 x i8]* @p_str19, [1 x i8]* @p_str19, i32 0, i32 0, i32 0, i32 0, [1 x i8]* @p_str19, [1 x i8]* @p_str19)"
ST_1 : Operation 16 [1/1] (0.00ns)   --->   "call void (...)* @_ssdm_op_SpecInterface(float* %uart_wrapper_c_car_e_m_if_Val, [8 x i8]* @p_str18, i32 0, i32 0, [1 x i8]* @p_str19, i32 0, i32 0, [1 x i8]* @p_str19, [1 x i8]* @p_str19, [1 x i8]* @p_str19, i32 0, i32 0, i32 0, i32 0, [1 x i8]* @p_str19, [1 x i8]* @p_str19)"
ST_1 : Operation 17 [1/1] (0.00ns)   --->   "call void (...)* @_ssdm_op_SpecInterface(float* %uart_wrapper_c_car_s_m_if_Val, [8 x i8]* @p_str18, i32 0, i32 0, [1 x i8]* @p_str19, i32 0, i32 0, [1 x i8]* @p_str19, [1 x i8]* @p_str19, [1 x i8]* @p_str19, i32 0, i32 0, i32 0, i32 0, [1 x i8]* @p_str19, [1 x i8]* @p_str19)"
ST_1 : Operation 18 [1/1] (0.00ns)   --->   "call void (...)* @_ssdm_op_SpecInterface(float* %uart_wrapper_c_f2_e_m_if_Val, [8 x i8]* @p_str18, i32 0, i32 0, [1 x i8]* @p_str19, i32 0, i32 0, [1 x i8]* @p_str19, [1 x i8]* @p_str19, [1 x i8]* @p_str19, i32 0, i32 0, i32 0, i32 0, [1 x i8]* @p_str19, [1 x i8]* @p_str19)"
ST_1 : Operation 19 [1/1] (0.00ns)   --->   "call void (...)* @_ssdm_op_SpecInterface(float* %uart_wrapper_c_f2_s_m_if_Val, [8 x i8]* @p_str18, i32 0, i32 0, [1 x i8]* @p_str19, i32 0, i32 0, [1 x i8]* @p_str19, [1 x i8]* @p_str19, [1 x i8]* @p_str19, i32 0, i32 0, i32 0, i32 0, [1 x i8]* @p_str19, [1 x i8]* @p_str19)"
ST_1 : Operation 20 [1/1] (0.00ns)   --->   "call void (...)* @_ssdm_op_SpecInterface(float* %uart_wrapper_c_rac_e_m_if_Val, [8 x i8]* @p_str18, i32 0, i32 0, [1 x i8]* @p_str19, i32 0, i32 0, [1 x i8]* @p_str19, [1 x i8]* @p_str19, [1 x i8]* @p_str19, i32 0, i32 0, i32 0, i32 0, [1 x i8]* @p_str19, [1 x i8]* @p_str19)"
ST_1 : Operation 21 [1/1] (0.00ns)   --->   "call void (...)* @_ssdm_op_SpecInterface(float* %uart_wrapper_c_rac_s_m_if_Val, [8 x i8]* @p_str18, i32 0, i32 0, [1 x i8]* @p_str19, i32 0, i32 0, [1 x i8]* @p_str19, [1 x i8]* @p_str19, [1 x i8]* @p_str19, i32 0, i32 0, i32 0, i32 0, [1 x i8]* @p_str19, [1 x i8]* @p_str19)"
ST_1 : Operation 22 [1/1] (0.00ns)   --->   "call void (...)* @_ssdm_op_SpecInterface(float* %uart_wrapper_c_sig1_Val, [8 x i8]* @p_str18, i32 0, i32 0, [1 x i8]* @p_str19, i32 0, i32 0, [1 x i8]* @p_str19, [1 x i8]* @p_str19, [1 x i8]* @p_str19, i32 0, i32 0, i32 0, i32 0, [1 x i8]* @p_str19, [1 x i8]* @p_str19)"
ST_1 : Operation 23 [1/1] (0.00ns)   --->   "call void (...)* @_ssdm_op_SpecInterface(float* %uart_wrapper_c_sig2_Val, [8 x i8]* @p_str18, i32 0, i32 0, [1 x i8]* @p_str19, i32 0, i32 0, [1 x i8]* @p_str19, [1 x i8]* @p_str19, [1 x i8]* @p_str19, i32 0, i32 0, i32 0, i32 0, [1 x i8]* @p_str19, [1 x i8]* @p_str19)"
ST_1 : Operation 24 [1/1] (0.00ns)   --->   "call void (...)* @_ssdm_op_SpecInterface(float* %uart_wrapper_c_sig3_Val, [8 x i8]* @p_str18, i32 0, i32 0, [1 x i8]* @p_str19, i32 0, i32 0, [1 x i8]* @p_str19, [1 x i8]* @p_str19, [1 x i8]* @p_str19, i32 0, i32 0, i32 0, i32 0, [1 x i8]* @p_str19, [1 x i8]* @p_str19)"
ST_1 : Operation 25 [1/1] (0.00ns)   --->   "call void (...)* @_ssdm_op_SpecInterface(float* %uart_wrapper_c_sig4_Val, [8 x i8]* @p_str18, i32 0, i32 0, [1 x i8]* @p_str19, i32 0, i32 0, [1 x i8]* @p_str19, [1 x i8]* @p_str19, [1 x i8]* @p_str19, i32 0, i32 0, i32 0, i32 0, [1 x i8]* @p_str19, [1 x i8]* @p_str19)"
ST_1 : Operation 26 [1/1] (0.00ns)   --->   "call void (...)* @_ssdm_op_SpecInterface(float* %uart_wrapper_c_doub1_Val, [8 x i8]* @p_str18, i32 0, i32 0, [1 x i8]* @p_str19, i32 0, i32 0, [1 x i8]* @p_str19, [1 x i8]* @p_str19, [1 x i8]* @p_str19, i32 0, i32 0, i32 0, i32 0, [1 x i8]* @p_str19, [1 x i8]* @p_str19)"
ST_1 : Operation 27 [1/1] (0.00ns)   --->   "call void (...)* @_ssdm_op_SpecInterface(float* %uart_wrapper_c_doub2_Val, [8 x i8]* @p_str18, i32 0, i32 0, [1 x i8]* @p_str19, i32 0, i32 0, [1 x i8]* @p_str19, [1 x i8]* @p_str19, [1 x i8]* @p_str19, i32 0, i32 0, i32 0, i32 0, [1 x i8]* @p_str19, [1 x i8]* @p_str19)"
ST_1 : Operation 28 [1/1] (0.00ns)   --->   "call void (...)* @_ssdm_op_SpecInterface(float* %FIFO_O_1, [8 x i8]* @p_str18, i32 0, i32 0, [1 x i8]* @p_str19, i32 0, i32 0, [1 x i8]* @p_str19, [1 x i8]* @p_str19, [1 x i8]* @p_str19, i32 0, i32 0, i32 0, i32 0, [1 x i8]* @p_str19, [1 x i8]* @p_str19)"
ST_1 : Operation 29 [1/1] (0.00ns)   --->   "call void (...)* @_ssdm_op_SpecInterface(float* %FIFO_I_1, [8 x i8]* @p_str18, i32 0, i32 0, [1 x i8]* @p_str19, i32 0, i32 0, [1 x i8]* @p_str19, [1 x i8]* @p_str19, [1 x i8]* @p_str19, i32 0, i32 0, i32 0, i32 0, [1 x i8]* @p_str19, [1 x i8]* @p_str19)"
ST_1 : Operation 30 [1/1] (0.00ns)   --->   "call void (...)* @_ssdm_op_SpecBitsMap(i1* %clk), !map !1933"
ST_1 : Operation 31 [1/1] (0.00ns)   --->   "call void (...)* @_ssdm_op_SpecBitsMap(i1* %reset), !map !1937"
ST_1 : Operation 32 [1/1] (0.00ns)   --->   "call void (...)* @_ssdm_op_SpecBitsMap(i8* %e), !map !1941"
ST_1 : Operation 33 [1/1] (0.00ns)   --->   "call void (...)* @_ssdm_op_SpecBitsMap(i8* %s), !map !1945"
ST_1 : Operation 34 [1/1] (0.00ns)   --->   "call void (...)* @_ssdm_op_SpecBitsMap(i1* %uart_wrapper_c_clk_m_if_Val), !map !1949"
ST_1 : Operation 35 [1/1] (0.00ns)   --->   "call void (...)* @_ssdm_op_SpecBitsMap(i1* %uart_wrapper_c_reset_m_if_Val), !map !1953"
ST_1 : Operation 36 [1/1] (0.00ns)   --->   "call void (...)* @_ssdm_op_SpecBitsMap(float* %uart_wrapper_c_e_m_if_Val), !map !1957"
ST_1 : Operation 37 [1/1] (0.00ns)   --->   "call void (...)* @_ssdm_op_SpecBitsMap(float* %uart_wrapper_c_s_m_if_Val), !map !1961"
ST_1 : Operation 38 [1/1] (0.00ns)   --->   "call void (...)* @_ssdm_op_SpecBitsMap(float* %uart_wrapper_c_doub_to_split), !map !1965"
ST_1 : Operation 39 [1/1] (0.00ns)   --->   "call void (...)* @_ssdm_op_SpecBitsMap(i1* %uart_wrapper_c_doub_clk_m_if_Val), !map !1969"
ST_1 : Operation 40 [1/1] (0.00ns)   --->   "call void (...)* @_ssdm_op_SpecBitsMap(i1* %uart_wrapper_c_doub_reset_m_if_Val), !map !1973"
ST_1 : Operation 41 [1/1] (0.00ns)   --->   "call void (...)* @_ssdm_op_SpecBitsMap(float* %uart_wrapper_c_doub_e_m_if_Val), !map !1977"
ST_1 : Operation 42 [1/1] (0.00ns)   --->   "call void (...)* @_ssdm_op_SpecBitsMap(float* %uart_wrapper_c_doub_s1_m_if_Val), !map !1981"
ST_1 : Operation 43 [1/1] (0.00ns)   --->   "call void (...)* @_ssdm_op_SpecBitsMap(float* %uart_wrapper_c_doub_s2_m_if_Val), !map !1985"
ST_1 : Operation 44 [1/1] (0.00ns)   --->   "call void (...)* @_ssdm_op_SpecBitsMap(float* %uart_wrapper_c_comp_in1), !map !1989"
ST_1 : Operation 45 [1/1] (0.00ns)   --->   "call void (...)* @_ssdm_op_SpecBitsMap(float* %uart_wrapper_c_comp_seuil), !map !1993"
ST_1 : Operation 46 [1/1] (0.00ns)   --->   "call void (...)* @_ssdm_op_SpecBitsMap(float* %uart_wrapper_c_comp_result), !map !1997"
ST_1 : Operation 47 [1/1] (0.00ns)   --->   "call void (...)* @_ssdm_op_SpecBitsMap(i1* %uart_wrapper_c_comp_clk_m_if_Val), !map !2001"
ST_1 : Operation 48 [1/1] (0.00ns)   --->   "call void (...)* @_ssdm_op_SpecBitsMap(i1* %uart_wrapper_c_comp_reset_m_if_Val), !map !2005"
ST_1 : Operation 49 [1/1] (0.00ns)   --->   "call void (...)* @_ssdm_op_SpecBitsMap(float* %uart_wrapper_c_comp_e1_m_if_Val), !map !2009"
ST_1 : Operation 50 [1/1] (0.00ns)   --->   "call void (...)* @_ssdm_op_SpecBitsMap(float* %uart_wrapper_c_comp_e2_m_if_Val), !map !2013"
ST_1 : Operation 51 [1/1] (0.00ns)   --->   "call void (...)* @_ssdm_op_SpecBitsMap(float* %uart_wrapper_c_comp_s_m_if_Val), !map !2017"
ST_1 : Operation 52 [1/1] (0.00ns)   --->   "call void (...)* @_ssdm_op_SpecBitsMap(float* %uart_wrapper_c_f1_y0), !map !2021"
ST_1 : Operation 53 [1/1] (0.00ns)   --->   "call void (...)* @_ssdm_op_SpecBitsMap(float* %uart_wrapper_c_f1_x0), !map !2025"
ST_1 : Operation 54 [1/1] (0.00ns)   --->   "call void (...)* @_ssdm_op_SpecBitsMap([1 x float]* %uart_wrapper_c_f1_mem_x), !map !2029"
ST_1 : Operation 55 [1/1] (0.00ns)   --->   "call void (...)* @_ssdm_op_SpecBitsMap([1 x float]* %uart_wrapper_c_f1_mem_y), !map !2033"
ST_1 : Operation 56 [1/1] (0.00ns)   --->   "call void (...)* @_ssdm_op_SpecBitsMap(i1* %uart_wrapper_c_f1_clk_m_if_Val), !map !2037"
ST_1 : Operation 57 [1/1] (0.00ns)   --->   "call void (...)* @_ssdm_op_SpecBitsMap(i1* %uart_wrapper_c_f1_reset_m_if_Val), !map !2041"
ST_1 : Operation 58 [1/1] (0.00ns)   --->   "call void (...)* @_ssdm_op_SpecBitsMap(float* %uart_wrapper_c_f1_e_m_if_Val), !map !2045"
ST_1 : Operation 59 [1/1] (0.00ns)   --->   "call void (...)* @_ssdm_op_SpecBitsMap(float* %uart_wrapper_c_f1_s_m_if_Val), !map !2049"
ST_1 : Operation 60 [1/1] (0.00ns)   --->   "call void (...)* @_ssdm_op_SpecBitsMap(float* %uart_wrapper_c_car_x), !map !2053"
ST_1 : Operation 61 [1/1] (0.00ns)   --->   "call void (...)* @_ssdm_op_SpecBitsMap(i1* %uart_wrapper_c_car_clk_m_if_Val), !map !2057"
ST_1 : Operation 62 [1/1] (0.00ns)   --->   "call void (...)* @_ssdm_op_SpecBitsMap(i1* %uart_wrapper_c_car_reset_m_if_Val), !map !2061"
ST_1 : Operation 63 [1/1] (0.00ns)   --->   "call void (...)* @_ssdm_op_SpecBitsMap(float* %uart_wrapper_c_car_e_m_if_Val), !map !2065"
ST_1 : Operation 64 [1/1] (0.00ns)   --->   "call void (...)* @_ssdm_op_SpecBitsMap(float* %uart_wrapper_c_car_s_m_if_Val), !map !2069"
ST_1 : Operation 65 [1/1] (0.00ns)   --->   "call void (...)* @_ssdm_op_SpecBitsMap(float* %uart_wrapper_c_f2_y0), !map !2073"
ST_1 : Operation 66 [1/1] (0.00ns)   --->   "call void (...)* @_ssdm_op_SpecBitsMap(float* %uart_wrapper_c_f2_x0), !map !2077"
ST_1 : Operation 67 [1/1] (0.00ns)   --->   "call void (...)* @_ssdm_op_SpecBitsMap([1 x float]* %uart_wrapper_c_f2_mem_x), !map !2081"
ST_1 : Operation 68 [1/1] (0.00ns)   --->   "call void (...)* @_ssdm_op_SpecBitsMap([1 x float]* %uart_wrapper_c_f2_mem_y), !map !2085"
ST_1 : Operation 69 [1/1] (0.00ns)   --->   "call void (...)* @_ssdm_op_SpecBitsMap(i1* %uart_wrapper_c_f2_clk_m_if_Val), !map !2089"
ST_1 : Operation 70 [1/1] (0.00ns)   --->   "call void (...)* @_ssdm_op_SpecBitsMap(i1* %uart_wrapper_c_f2_reset_m_if_Val), !map !2093"
ST_1 : Operation 71 [1/1] (0.00ns)   --->   "call void (...)* @_ssdm_op_SpecBitsMap(float* %uart_wrapper_c_f2_e_m_if_Val), !map !2097"
ST_1 : Operation 72 [1/1] (0.00ns)   --->   "call void (...)* @_ssdm_op_SpecBitsMap(float* %uart_wrapper_c_f2_s_m_if_Val), !map !2101"
ST_1 : Operation 73 [1/1] (0.00ns)   --->   "call void (...)* @_ssdm_op_SpecBitsMap(float* %uart_wrapper_c_rac_x), !map !2105"
ST_1 : Operation 74 [1/1] (0.00ns)   --->   "call void (...)* @_ssdm_op_SpecBitsMap(i1* %uart_wrapper_c_rac_clk_m_if_Val), !map !2109"
ST_1 : Operation 75 [1/1] (0.00ns)   --->   "call void (...)* @_ssdm_op_SpecBitsMap(i1* %uart_wrapper_c_rac_reset_m_if_Val), !map !2113"
ST_1 : Operation 76 [1/1] (0.00ns)   --->   "call void (...)* @_ssdm_op_SpecBitsMap(float* %uart_wrapper_c_rac_e_m_if_Val), !map !2117"
ST_1 : Operation 77 [1/1] (0.00ns)   --->   "call void (...)* @_ssdm_op_SpecBitsMap(float* %uart_wrapper_c_rac_s_m_if_Val), !map !2121"
ST_1 : Operation 78 [1/1] (0.00ns)   --->   "call void (...)* @_ssdm_op_SpecBitsMap(float* %uart_wrapper_c_sig1_Val), !map !2125"
ST_1 : Operation 79 [1/1] (0.00ns)   --->   "call void (...)* @_ssdm_op_SpecBitsMap(float* %uart_wrapper_c_sig2_Val), !map !2129"
ST_1 : Operation 80 [1/1] (0.00ns)   --->   "call void (...)* @_ssdm_op_SpecBitsMap(float* %uart_wrapper_c_sig3_Val), !map !2133"
ST_1 : Operation 81 [1/1] (0.00ns)   --->   "call void (...)* @_ssdm_op_SpecBitsMap(float* %uart_wrapper_c_sig4_Val), !map !2137"
ST_1 : Operation 82 [1/1] (0.00ns)   --->   "call void (...)* @_ssdm_op_SpecBitsMap(float* %uart_wrapper_c_doub1_Val), !map !2141"
ST_1 : Operation 83 [1/1] (0.00ns)   --->   "call void (...)* @_ssdm_op_SpecBitsMap(float* %uart_wrapper_c_doub2_Val), !map !2145"
ST_1 : Operation 84 [1/1] (0.00ns)   --->   "call void (...)* @_ssdm_op_SpecBitsMap(float* %FIFO_I_1), !map !2149"
ST_1 : Operation 85 [1/1] (0.00ns)   --->   "call void (...)* @_ssdm_op_SpecBitsMap(float* %FIFO_O_1), !map !2153"
ST_1 : Operation 86 [1/1] (0.00ns)   --->   "call void (...)* @_ssdm_op_SpecPort([13 x i8]* @p_str12, i32 0, [7 x i8]* @p_str17, [4 x i8]* @p_str14, i32 0, i32 0, i1* %clk) nounwind" [src/modules/uart_wrapper.h:47]
ST_1 : Operation 87 [1/1] (0.00ns)   --->   "call void (...)* @_ssdm_op_SpecPort([13 x i8]* @p_str12, i32 0, [7 x i8]* @p_str17, [6 x i8]* @p_str15, i32 0, i32 0, i1* %reset) nounwind" [src/modules/uart_wrapper.h:48]
ST_1 : Operation 88 [1/1] (0.00ns)   --->   "call void (...)* @_ssdm_op_SpecInterface(i8* %e, [8 x i8]* @p_str18, i32 0, i32 0, [1 x i8]* @p_str19, i32 0, i32 0, [1 x i8]* @p_str19, [1 x i8]* @p_str19, [1 x i8]* @p_str19, i32 0, i32 0, i32 0, i32 0, [1 x i8]* @p_str19, [1 x i8]* @p_str19) nounwind" [src/modules/uart_wrapper.h:49]
ST_1 : Operation 89 [1/1] (0.00ns)   --->   "call void (...)* @_ssdm_op_SpecInterface(i8* %s, [8 x i8]* @p_str18, i32 0, i32 0, [1 x i8]* @p_str19, i32 0, i32 0, [1 x i8]* @p_str19, [1 x i8]* @p_str19, [1 x i8]* @p_str19, i32 0, i32 0, i32 0, i32 0, [1 x i8]* @p_str19, [1 x i8]* @p_str19) nounwind" [src/modules/uart_wrapper.h:50]
ST_1 : Operation 90 [1/1] (0.00ns)   --->   "call void (...)* @_ssdm_op_SpecProcessDef([13 x i8]* @p_str12, i32 2, [11 x i8]* @p_str13) nounwind" [src/modules/uart_wrapper.h:51]
ST_1 : Operation 91 [1/1] (0.00ns)   --->   "%tmp_9 = call i32 (...)* @_ssdm_op_SpecRegionBegin([15 x i8]* @p_str27)" [src/modules/uart_wrapper.h:51]
ST_1 : Operation 92 [1/1] (0.00ns)   --->   "call void (...)* @_ssdm_op_SpecProtocol(i32 1, [1 x i8]* @p_str19) nounwind" [src/modules/uart_wrapper.h:51]
ST_1 : Operation 93 [1/1] (0.00ns)   --->   "%p_ssdm_reset_v = call i32 (...)* @_ssdm_op_SpecStateBegin(i32 0, i32 0, i32 1) nounwind" [src/modules/uart_wrapper.h:51]
ST_1 : Operation 94 [1/1] (0.00ns)   --->   "%empty = call i32 (...)* @_ssdm_op_SpecStateEnd(i32 %p_ssdm_reset_v) nounwind" [src/modules/uart_wrapper.h:59]
ST_1 : Operation 95 [1/1] (0.00ns)   --->   "%empty_9 = call i32 (...)* @_ssdm_op_SpecRegionEnd([15 x i8]* @p_str27, i32 %tmp_9)" [src/modules/uart_wrapper.h:59]
ST_1 : Operation 96 [1/1] (0.00ns)   --->   "br label %1" [src/modules/uart_wrapper.h:59]

 <State 2> : 3.91ns
ST_2 : Operation 97 [1/1] (3.90ns)   --->   "%tmp = call i8 @_ssdm_op_Read.ap_fifo.volatile.i8P(i8* %e)" [src/modules/uart_wrapper.h:54]   --->   Core 36 'FIFO_SRL' <Latency = 0> <II = 1> <Delay = 3.90> <Storage> <Opcode : 'read' 'write' 'nbread' 'nbwrite'> <Ports = 0> <Width = 32> <Depth = 0> <FIFO>

 <State 3> : 3.91ns
ST_3 : Operation 98 [1/1] (3.90ns)   --->   "%tmp_4 = call i8 @_ssdm_op_Read.ap_fifo.volatile.i8P(i8* %e)" [src/modules/uart_wrapper.h:55]   --->   Core 36 'FIFO_SRL' <Latency = 0> <II = 1> <Delay = 3.90> <Storage> <Opcode : 'read' 'write' 'nbread' 'nbwrite'> <Ports = 0> <Width = 32> <Depth = 0> <FIFO>

 <State 4> : 3.91ns
ST_4 : Operation 99 [1/1] (3.90ns)   --->   "%tmp_6 = call i8 @_ssdm_op_Read.ap_fifo.volatile.i8P(i8* %e)" [src/modules/uart_wrapper.h:56]   --->   Core 36 'FIFO_SRL' <Latency = 0> <II = 1> <Delay = 3.90> <Storage> <Opcode : 'read' 'write' 'nbread' 'nbwrite'> <Ports = 0> <Width = 32> <Depth = 0> <FIFO>

 <State 5> : 7.82ns
ST_5 : Operation 100 [1/1] (3.90ns)   --->   "%tmp_7 = call i8 @_ssdm_op_Read.ap_fifo.volatile.i8P(i8* %e)" [src/modules/uart_wrapper.h:57]   --->   Core 36 'FIFO_SRL' <Latency = 0> <II = 1> <Delay = 3.90> <Storage> <Opcode : 'read' 'write' 'nbread' 'nbwrite'> <Ports = 0> <Width = 32> <Depth = 0> <FIFO>
ST_5 : Operation 101 [1/1] (0.00ns)   --->   "%buffer = call i32 @_ssdm_op_BitConcatenate.i32.i8.i8.i8.i8(i8 %tmp_7, i8 %tmp_6, i8 %tmp_4, i8 %tmp)" [src/modules/uart_wrapper.h:57]
ST_5 : Operation 102 [1/1] (0.00ns)   --->   "%tmp_5 = bitcast i32 %buffer to float" [src/modules/uart_wrapper.h:59]
ST_5 : Operation 103 [1/1] (3.90ns)   --->   "call void @_ssdm_op_Write.ap_fifo.volatile.floatP(float* %FIFO_I_1, float %tmp_5)" [src/modules/uart_wrapper.h:59]   --->   Core 36 'FIFO_SRL' <Latency = 0> <II = 1> <Delay = 3.90> <Storage> <Opcode : 'read' 'write' 'nbread' 'nbwrite'> <Ports = 0> <Width = 32> <Depth = 0> <FIFO>
ST_5 : Operation 104 [1/1] (0.00ns)   --->   "br label %1" [src/modules/uart_wrapper.h:60]


============================================================
+ Verbose Summary: Binding
============================================================
STG Binding: 
---------------- STG Properties BEGIN ----------------
- Is combinational: 0
- Is one-state seq: 0
- Is datapath-only: 0
- Is pipelined: 0
- Is top level: 0
Port [ Return ] is wired: 1; IO mode=ap_ctrl_hs:ce=0
Port [ clk]:  wired=1; compound=0; hidden=1; nouse=1; global=0; static=0; extern=0; dir=0; type=0; pingpong=0; private_global=0; IO mode=ap_none:ce=0
Port [ reset]:  wired=1; compound=0; hidden=1; nouse=1; global=0; static=0; extern=0; dir=0; type=0; pingpong=0; private_global=0; IO mode=ap_none:ce=0
Port [ e]:  wired=1; compound=1; hidden=0; nouse=0; global=0; static=0; extern=0; dir=0; type=3; pingpong=0; private_global=0; IO mode=ap_fifo:ce=0
Port [ s]:  wired=1; compound=1; hidden=1; nouse=1; global=0; static=0; extern=0; dir=1; type=3; pingpong=0; private_global=0; IO mode=ap_fifo:ce=0
Port [ uart_wrapper_c_clk_m_if_Val]:  wired=1; compound=0; hidden=1; nouse=1; global=0; static=0; extern=0; dir=0; type=0; pingpong=0; private_global=0; IO mode=ap_none:ce=0
Port [ uart_wrapper_c_reset_m_if_Val]:  wired=1; compound=0; hidden=1; nouse=1; global=0; static=0; extern=0; dir=0; type=0; pingpong=0; private_global=0; IO mode=ap_none:ce=0
Port [ uart_wrapper_c_e_m_if_Val]:  wired=1; compound=1; hidden=1; nouse=1; global=0; static=0; extern=0; dir=0; type=3; pingpong=0; private_global=0; IO mode=ap_fifo:ce=0
Port [ uart_wrapper_c_s_m_if_Val]:  wired=1; compound=1; hidden=1; nouse=1; global=0; static=0; extern=0; dir=0; type=3; pingpong=0; private_global=0; IO mode=ap_fifo:ce=0
Port [ uart_wrapper_c_doub_to_split]:  wired=1; compound=0; hidden=1; nouse=1; global=0; static=0; extern=0; dir=0; type=0; pingpong=0; private_global=0; IO mode=ap_none:ce=0
Port [ uart_wrapper_c_doub_clk_m_if_Val]:  wired=1; compound=0; hidden=1; nouse=1; global=0; static=0; extern=0; dir=0; type=0; pingpong=0; private_global=0; IO mode=ap_none:ce=0
Port [ uart_wrapper_c_doub_reset_m_if_Val]:  wired=1; compound=0; hidden=1; nouse=1; global=0; static=0; extern=0; dir=0; type=0; pingpong=0; private_global=0; IO mode=ap_none:ce=0
Port [ uart_wrapper_c_doub_e_m_if_Val]:  wired=1; compound=1; hidden=1; nouse=1; global=0; static=0; extern=0; dir=0; type=3; pingpong=0; private_global=0; IO mode=ap_fifo:ce=0
Port [ uart_wrapper_c_doub_s1_m_if_Val]:  wired=1; compound=1; hidden=1; nouse=1; global=0; static=0; extern=0; dir=0; type=3; pingpong=0; private_global=0; IO mode=ap_fifo:ce=0
Port [ uart_wrapper_c_doub_s2_m_if_Val]:  wired=1; compound=1; hidden=1; nouse=1; global=0; static=0; extern=0; dir=0; type=3; pingpong=0; private_global=0; IO mode=ap_fifo:ce=0
Port [ uart_wrapper_c_comp_in1]:  wired=1; compound=0; hidden=1; nouse=1; global=0; static=0; extern=0; dir=0; type=0; pingpong=0; private_global=0; IO mode=ap_none:ce=0
Port [ uart_wrapper_c_comp_seuil]:  wired=1; compound=0; hidden=1; nouse=1; global=0; static=0; extern=0; dir=0; type=0; pingpong=0; private_global=0; IO mode=ap_none:ce=0
Port [ uart_wrapper_c_comp_result]:  wired=1; compound=0; hidden=1; nouse=1; global=0; static=0; extern=0; dir=0; type=0; pingpong=0; private_global=0; IO mode=ap_none:ce=0
Port [ uart_wrapper_c_comp_clk_m_if_Val]:  wired=1; compound=0; hidden=1; nouse=1; global=0; static=0; extern=0; dir=0; type=0; pingpong=0; private_global=0; IO mode=ap_none:ce=0
Port [ uart_wrapper_c_comp_reset_m_if_Val]:  wired=1; compound=0; hidden=1; nouse=1; global=0; static=0; extern=0; dir=0; type=0; pingpong=0; private_global=0; IO mode=ap_none:ce=0
Port [ uart_wrapper_c_comp_e1_m_if_Val]:  wired=1; compound=1; hidden=1; nouse=1; global=0; static=0; extern=0; dir=0; type=3; pingpong=0; private_global=0; IO mode=ap_fifo:ce=0
Port [ uart_wrapper_c_comp_e2_m_if_Val]:  wired=1; compound=1; hidden=1; nouse=1; global=0; static=0; extern=0; dir=0; type=3; pingpong=0; private_global=0; IO mode=ap_fifo:ce=0
Port [ uart_wrapper_c_comp_s_m_if_Val]:  wired=1; compound=1; hidden=1; nouse=1; global=0; static=0; extern=0; dir=0; type=3; pingpong=0; private_global=0; IO mode=ap_fifo:ce=0
Port [ uart_wrapper_c_f1_y0]:  wired=1; compound=0; hidden=1; nouse=1; global=0; static=0; extern=0; dir=0; type=0; pingpong=0; private_global=0; IO mode=ap_none:ce=0
Port [ uart_wrapper_c_f1_x0]:  wired=1; compound=0; hidden=1; nouse=1; global=0; static=0; extern=0; dir=0; type=0; pingpong=0; private_global=0; IO mode=ap_none:ce=0
Port [ uart_wrapper_c_f1_mem_x]:  wired=1; compound=1; hidden=1; nouse=1; global=0; static=0; extern=0; dir=3; type=1; pingpong=0; private_global=0; MemPort=[]; IO mode=ap_memory:ce=0
Port [ uart_wrapper_c_f1_mem_y]:  wired=1; compound=1; hidden=1; nouse=1; global=0; static=0; extern=0; dir=3; type=1; pingpong=0; private_global=0; MemPort=[]; IO mode=ap_memory:ce=0
Port [ uart_wrapper_c_f1_clk_m_if_Val]:  wired=1; compound=0; hidden=1; nouse=1; global=0; static=0; extern=0; dir=0; type=0; pingpong=0; private_global=0; IO mode=ap_none:ce=0
Port [ uart_wrapper_c_f1_reset_m_if_Val]:  wired=1; compound=0; hidden=1; nouse=1; global=0; static=0; extern=0; dir=0; type=0; pingpong=0; private_global=0; IO mode=ap_none:ce=0
Port [ uart_wrapper_c_f1_e_m_if_Val]:  wired=1; compound=1; hidden=1; nouse=1; global=0; static=0; extern=0; dir=0; type=3; pingpong=0; private_global=0; IO mode=ap_fifo:ce=0
Port [ uart_wrapper_c_f1_s_m_if_Val]:  wired=1; compound=1; hidden=1; nouse=1; global=0; static=0; extern=0; dir=0; type=3; pingpong=0; private_global=0; IO mode=ap_fifo:ce=0
Port [ uart_wrapper_c_car_x]:  wired=1; compound=0; hidden=1; nouse=1; global=0; static=0; extern=0; dir=0; type=0; pingpong=0; private_global=0; IO mode=ap_none:ce=0
Port [ uart_wrapper_c_car_clk_m_if_Val]:  wired=1; compound=0; hidden=1; nouse=1; global=0; static=0; extern=0; dir=0; type=0; pingpong=0; private_global=0; IO mode=ap_none:ce=0
Port [ uart_wrapper_c_car_reset_m_if_Val]:  wired=1; compound=0; hidden=1; nouse=1; global=0; static=0; extern=0; dir=0; type=0; pingpong=0; private_global=0; IO mode=ap_none:ce=0
Port [ uart_wrapper_c_car_e_m_if_Val]:  wired=1; compound=1; hidden=1; nouse=1; global=0; static=0; extern=0; dir=0; type=3; pingpong=0; private_global=0; IO mode=ap_fifo:ce=0
Port [ uart_wrapper_c_car_s_m_if_Val]:  wired=1; compound=1; hidden=1; nouse=1; global=0; static=0; extern=0; dir=0; type=3; pingpong=0; private_global=0; IO mode=ap_fifo:ce=0
Port [ uart_wrapper_c_f2_y0]:  wired=1; compound=0; hidden=1; nouse=1; global=0; static=0; extern=0; dir=0; type=0; pingpong=0; private_global=0; IO mode=ap_none:ce=0
Port [ uart_wrapper_c_f2_x0]:  wired=1; compound=0; hidden=1; nouse=1; global=0; static=0; extern=0; dir=0; type=0; pingpong=0; private_global=0; IO mode=ap_none:ce=0
Port [ uart_wrapper_c_f2_mem_x]:  wired=1; compound=1; hidden=1; nouse=1; global=0; static=0; extern=0; dir=3; type=1; pingpong=0; private_global=0; MemPort=[]; IO mode=ap_memory:ce=0
Port [ uart_wrapper_c_f2_mem_y]:  wired=1; compound=1; hidden=1; nouse=1; global=0; static=0; extern=0; dir=3; type=1; pingpong=0; private_global=0; MemPort=[]; IO mode=ap_memory:ce=0
Port [ uart_wrapper_c_f2_clk_m_if_Val]:  wired=1; compound=0; hidden=1; nouse=1; global=0; static=0; extern=0; dir=0; type=0; pingpong=0; private_global=0; IO mode=ap_none:ce=0
Port [ uart_wrapper_c_f2_reset_m_if_Val]:  wired=1; compound=0; hidden=1; nouse=1; global=0; static=0; extern=0; dir=0; type=0; pingpong=0; private_global=0; IO mode=ap_none:ce=0
Port [ uart_wrapper_c_f2_e_m_if_Val]:  wired=1; compound=1; hidden=1; nouse=1; global=0; static=0; extern=0; dir=0; type=3; pingpong=0; private_global=0; IO mode=ap_fifo:ce=0
Port [ uart_wrapper_c_f2_s_m_if_Val]:  wired=1; compound=1; hidden=1; nouse=1; global=0; static=0; extern=0; dir=0; type=3; pingpong=0; private_global=0; IO mode=ap_fifo:ce=0
Port [ uart_wrapper_c_rac_x]:  wired=1; compound=0; hidden=1; nouse=1; global=0; static=0; extern=0; dir=0; type=0; pingpong=0; private_global=0; IO mode=ap_none:ce=0
Port [ uart_wrapper_c_rac_clk_m_if_Val]:  wired=1; compound=0; hidden=1; nouse=1; global=0; static=0; extern=0; dir=0; type=0; pingpong=0; private_global=0; IO mode=ap_none:ce=0
Port [ uart_wrapper_c_rac_reset_m_if_Val]:  wired=1; compound=0; hidden=1; nouse=1; global=0; static=0; extern=0; dir=0; type=0; pingpong=0; private_global=0; IO mode=ap_none:ce=0
Port [ uart_wrapper_c_rac_e_m_if_Val]:  wired=1; compound=1; hidden=1; nouse=1; global=0; static=0; extern=0; dir=0; type=3; pingpong=0; private_global=0; IO mode=ap_fifo:ce=0
Port [ uart_wrapper_c_rac_s_m_if_Val]:  wired=1; compound=1; hidden=1; nouse=1; global=0; static=0; extern=0; dir=0; type=3; pingpong=0; private_global=0; IO mode=ap_fifo:ce=0
Port [ uart_wrapper_c_sig1_Val]:  wired=1; compound=1; hidden=1; nouse=1; global=0; static=0; extern=0; dir=0; type=3; pingpong=0; private_global=0; IO mode=ap_fifo:ce=0
Port [ uart_wrapper_c_sig2_Val]:  wired=1; compound=1; hidden=1; nouse=1; global=0; static=0; extern=0; dir=0; type=3; pingpong=0; private_global=0; IO mode=ap_fifo:ce=0
Port [ uart_wrapper_c_sig3_Val]:  wired=1; compound=1; hidden=1; nouse=1; global=0; static=0; extern=0; dir=0; type=3; pingpong=0; private_global=0; IO mode=ap_fifo:ce=0
Port [ uart_wrapper_c_sig4_Val]:  wired=1; compound=1; hidden=1; nouse=1; global=0; static=0; extern=0; dir=0; type=3; pingpong=0; private_global=0; IO mode=ap_fifo:ce=0
Port [ uart_wrapper_c_doub1_Val]:  wired=1; compound=1; hidden=1; nouse=1; global=0; static=0; extern=0; dir=0; type=3; pingpong=0; private_global=0; IO mode=ap_fifo:ce=0
Port [ uart_wrapper_c_doub2_Val]:  wired=1; compound=1; hidden=1; nouse=1; global=0; static=0; extern=0; dir=0; type=3; pingpong=0; private_global=0; IO mode=ap_fifo:ce=0
Port [ FIFO_I_1]:  wired=1; compound=1; hidden=0; nouse=0; global=0; static=0; extern=0; dir=1; type=3; pingpong=0; private_global=0; IO mode=ap_fifo:ce=0
Port [ FIFO_O_1]:  wired=1; compound=1; hidden=1; nouse=1; global=0; static=0; extern=0; dir=0; type=3; pingpong=0; private_global=0; IO mode=ap_fifo:ce=0
---------------- STG Properties END ------------------

---------------- Datapath Model BEGIN ----------------

<LifeTime>
<method=bitvector/>
StgValue_6     (specinterface  ) [ 000000]
StgValue_7     (specinterface  ) [ 000000]
StgValue_8     (specinterface  ) [ 000000]
StgValue_9     (specinterface  ) [ 000000]
StgValue_10    (specinterface  ) [ 000000]
StgValue_11    (specinterface  ) [ 000000]
StgValue_12    (specinterface  ) [ 000000]
StgValue_13    (specinterface  ) [ 000000]
StgValue_14    (specinterface  ) [ 000000]
StgValue_15    (specinterface  ) [ 000000]
StgValue_16    (specinterface  ) [ 000000]
StgValue_17    (specinterface  ) [ 000000]
StgValue_18    (specinterface  ) [ 000000]
StgValue_19    (specinterface  ) [ 000000]
StgValue_20    (specinterface  ) [ 000000]
StgValue_21    (specinterface  ) [ 000000]
StgValue_22    (specinterface  ) [ 000000]
StgValue_23    (specinterface  ) [ 000000]
StgValue_24    (specinterface  ) [ 000000]
StgValue_25    (specinterface  ) [ 000000]
StgValue_26    (specinterface  ) [ 000000]
StgValue_27    (specinterface  ) [ 000000]
StgValue_28    (specinterface  ) [ 000000]
StgValue_29    (specinterface  ) [ 000000]
StgValue_30    (specbitsmap    ) [ 000000]
StgValue_31    (specbitsmap    ) [ 000000]
StgValue_32    (specbitsmap    ) [ 000000]
StgValue_33    (specbitsmap    ) [ 000000]
StgValue_34    (specbitsmap    ) [ 000000]
StgValue_35    (specbitsmap    ) [ 000000]
StgValue_36    (specbitsmap    ) [ 000000]
StgValue_37    (specbitsmap    ) [ 000000]
StgValue_38    (specbitsmap    ) [ 000000]
StgValue_39    (specbitsmap    ) [ 000000]
StgValue_40    (specbitsmap    ) [ 000000]
StgValue_41    (specbitsmap    ) [ 000000]
StgValue_42    (specbitsmap    ) [ 000000]
StgValue_43    (specbitsmap    ) [ 000000]
StgValue_44    (specbitsmap    ) [ 000000]
StgValue_45    (specbitsmap    ) [ 000000]
StgValue_46    (specbitsmap    ) [ 000000]
StgValue_47    (specbitsmap    ) [ 000000]
StgValue_48    (specbitsmap    ) [ 000000]
StgValue_49    (specbitsmap    ) [ 000000]
StgValue_50    (specbitsmap    ) [ 000000]
StgValue_51    (specbitsmap    ) [ 000000]
StgValue_52    (specbitsmap    ) [ 000000]
StgValue_53    (specbitsmap    ) [ 000000]
StgValue_54    (specbitsmap    ) [ 000000]
StgValue_55    (specbitsmap    ) [ 000000]
StgValue_56    (specbitsmap    ) [ 000000]
StgValue_57    (specbitsmap    ) [ 000000]
StgValue_58    (specbitsmap    ) [ 000000]
StgValue_59    (specbitsmap    ) [ 000000]
StgValue_60    (specbitsmap    ) [ 000000]
StgValue_61    (specbitsmap    ) [ 000000]
StgValue_62    (specbitsmap    ) [ 000000]
StgValue_63    (specbitsmap    ) [ 000000]
StgValue_64    (specbitsmap    ) [ 000000]
StgValue_65    (specbitsmap    ) [ 000000]
StgValue_66    (specbitsmap    ) [ 000000]
StgValue_67    (specbitsmap    ) [ 000000]
StgValue_68    (specbitsmap    ) [ 000000]
StgValue_69    (specbitsmap    ) [ 000000]
StgValue_70    (specbitsmap    ) [ 000000]
StgValue_71    (specbitsmap    ) [ 000000]
StgValue_72    (specbitsmap    ) [ 000000]
StgValue_73    (specbitsmap    ) [ 000000]
StgValue_74    (specbitsmap    ) [ 000000]
StgValue_75    (specbitsmap    ) [ 000000]
StgValue_76    (specbitsmap    ) [ 000000]
StgValue_77    (specbitsmap    ) [ 000000]
StgValue_78    (specbitsmap    ) [ 000000]
StgValue_79    (specbitsmap    ) [ 000000]
StgValue_80    (specbitsmap    ) [ 000000]
StgValue_81    (specbitsmap    ) [ 000000]
StgValue_82    (specbitsmap    ) [ 000000]
StgValue_83    (specbitsmap    ) [ 000000]
StgValue_84    (specbitsmap    ) [ 000000]
StgValue_85    (specbitsmap    ) [ 000000]
StgValue_86    (specport       ) [ 000000]
StgValue_87    (specport       ) [ 000000]
StgValue_88    (specinterface  ) [ 000000]
StgValue_89    (specinterface  ) [ 000000]
StgValue_90    (specprocessdef ) [ 000000]
tmp_9          (specregionbegin) [ 000000]
StgValue_92    (specprotocol   ) [ 000000]
p_ssdm_reset_v (specstatebegin ) [ 000000]
empty          (specstateend   ) [ 000000]
empty_9        (specregionend  ) [ 000000]
StgValue_96    (br             ) [ 000000]
tmp            (read           ) [ 000111]
tmp_4          (read           ) [ 000011]
tmp_6          (read           ) [ 000001]
tmp_7          (read           ) [ 000000]
buffer         (bitconcatenate ) [ 000000]
tmp_5          (bitcast        ) [ 000000]
StgValue_103   (write          ) [ 000000]
StgValue_104   (br             ) [ 000000]
</LifeTime>

<model>

<comp_list>
<comp id="0" class="1000" name="clk">
<pin_list>
<pin id="1" dir="1" index="0" bw="1" slack="2147483647"/>
</pin_list>
<bind>
<StgValue><ssdm name="clk"/></StgValue>
</bind>
</comp>

<comp id="2" class="1000" name="reset">
<pin_list>
<pin id="3" dir="1" index="0" bw="1" slack="2147483647"/>
</pin_list>
<bind>
<StgValue><ssdm name="reset"/></StgValue>
</bind>
</comp>

<comp id="4" class="1000" name="e">
<pin_list>
<pin id="5" dir="1" index="0" bw="1" slack="0"/>
</pin_list>
<bind>
<StgValue><ssdm name="e"/></StgValue>
</bind>
</comp>

<comp id="6" class="1000" name="s">
<pin_list>
<pin id="7" dir="1" index="0" bw="1" slack="2147483647"/>
</pin_list>
<bind>
<StgValue><ssdm name="s"/></StgValue>
</bind>
</comp>

<comp id="8" class="1000" name="uart_wrapper_c_clk_m_if_Val">
<pin_list>
<pin id="9" dir="1" index="0" bw="1" slack="2147483647"/>
</pin_list>
<bind>
<StgValue><ssdm name="uart_wrapper_c_clk_m_if_Val"/></StgValue>
</bind>
</comp>

<comp id="10" class="1000" name="uart_wrapper_c_reset_m_if_Val">
<pin_list>
<pin id="11" dir="1" index="0" bw="1" slack="2147483647"/>
</pin_list>
<bind>
<StgValue><ssdm name="uart_wrapper_c_reset_m_if_Val"/></StgValue>
</bind>
</comp>

<comp id="12" class="1000" name="uart_wrapper_c_e_m_if_Val">
<pin_list>
<pin id="13" dir="1" index="0" bw="1" slack="2147483647"/>
</pin_list>
<bind>
<StgValue><ssdm name="uart_wrapper_c_e_m_if_Val"/></StgValue>
</bind>
</comp>

<comp id="14" class="1000" name="uart_wrapper_c_s_m_if_Val">
<pin_list>
<pin id="15" dir="1" index="0" bw="1" slack="2147483647"/>
</pin_list>
<bind>
<StgValue><ssdm name="uart_wrapper_c_s_m_if_Val"/></StgValue>
</bind>
</comp>

<comp id="16" class="1000" name="uart_wrapper_c_doub_to_split">
<pin_list>
<pin id="17" dir="1" index="0" bw="1" slack="2147483647"/>
</pin_list>
<bind>
<StgValue><ssdm name="uart_wrapper_c_doub_to_split"/></StgValue>
</bind>
</comp>

<comp id="18" class="1000" name="uart_wrapper_c_doub_clk_m_if_Val">
<pin_list>
<pin id="19" dir="1" index="0" bw="1" slack="2147483647"/>
</pin_list>
<bind>
<StgValue><ssdm name="uart_wrapper_c_doub_clk_m_if_Val"/></StgValue>
</bind>
</comp>

<comp id="20" class="1000" name="uart_wrapper_c_doub_reset_m_if_Val">
<pin_list>
<pin id="21" dir="1" index="0" bw="1" slack="2147483647"/>
</pin_list>
<bind>
<StgValue><ssdm name="uart_wrapper_c_doub_reset_m_if_Val"/></StgValue>
</bind>
</comp>

<comp id="22" class="1000" name="uart_wrapper_c_doub_e_m_if_Val">
<pin_list>
<pin id="23" dir="1" index="0" bw="1" slack="2147483647"/>
</pin_list>
<bind>
<StgValue><ssdm name="uart_wrapper_c_doub_e_m_if_Val"/></StgValue>
</bind>
</comp>

<comp id="24" class="1000" name="uart_wrapper_c_doub_s1_m_if_Val">
<pin_list>
<pin id="25" dir="1" index="0" bw="1" slack="2147483647"/>
</pin_list>
<bind>
<StgValue><ssdm name="uart_wrapper_c_doub_s1_m_if_Val"/></StgValue>
</bind>
</comp>

<comp id="26" class="1000" name="uart_wrapper_c_doub_s2_m_if_Val">
<pin_list>
<pin id="27" dir="1" index="0" bw="1" slack="2147483647"/>
</pin_list>
<bind>
<StgValue><ssdm name="uart_wrapper_c_doub_s2_m_if_Val"/></StgValue>
</bind>
</comp>

<comp id="28" class="1000" name="uart_wrapper_c_comp_in1">
<pin_list>
<pin id="29" dir="1" index="0" bw="1" slack="2147483647"/>
</pin_list>
<bind>
<StgValue><ssdm name="uart_wrapper_c_comp_in1"/></StgValue>
</bind>
</comp>

<comp id="30" class="1000" name="uart_wrapper_c_comp_seuil">
<pin_list>
<pin id="31" dir="1" index="0" bw="1" slack="2147483647"/>
</pin_list>
<bind>
<StgValue><ssdm name="uart_wrapper_c_comp_seuil"/></StgValue>
</bind>
</comp>

<comp id="32" class="1000" name="uart_wrapper_c_comp_result">
<pin_list>
<pin id="33" dir="1" index="0" bw="1" slack="2147483647"/>
</pin_list>
<bind>
<StgValue><ssdm name="uart_wrapper_c_comp_result"/></StgValue>
</bind>
</comp>

<comp id="34" class="1000" name="uart_wrapper_c_comp_clk_m_if_Val">
<pin_list>
<pin id="35" dir="1" index="0" bw="1" slack="2147483647"/>
</pin_list>
<bind>
<StgValue><ssdm name="uart_wrapper_c_comp_clk_m_if_Val"/></StgValue>
</bind>
</comp>

<comp id="36" class="1000" name="uart_wrapper_c_comp_reset_m_if_Val">
<pin_list>
<pin id="37" dir="1" index="0" bw="1" slack="2147483647"/>
</pin_list>
<bind>
<StgValue><ssdm name="uart_wrapper_c_comp_reset_m_if_Val"/></StgValue>
</bind>
</comp>

<comp id="38" class="1000" name="uart_wrapper_c_comp_e1_m_if_Val">
<pin_list>
<pin id="39" dir="1" index="0" bw="1" slack="2147483647"/>
</pin_list>
<bind>
<StgValue><ssdm name="uart_wrapper_c_comp_e1_m_if_Val"/></StgValue>
</bind>
</comp>

<comp id="40" class="1000" name="uart_wrapper_c_comp_e2_m_if_Val">
<pin_list>
<pin id="41" dir="1" index="0" bw="1" slack="2147483647"/>
</pin_list>
<bind>
<StgValue><ssdm name="uart_wrapper_c_comp_e2_m_if_Val"/></StgValue>
</bind>
</comp>

<comp id="42" class="1000" name="uart_wrapper_c_comp_s_m_if_Val">
<pin_list>
<pin id="43" dir="1" index="0" bw="1" slack="2147483647"/>
</pin_list>
<bind>
<StgValue><ssdm name="uart_wrapper_c_comp_s_m_if_Val"/></StgValue>
</bind>
</comp>

<comp id="44" class="1000" name="uart_wrapper_c_f1_y0">
<pin_list>
<pin id="45" dir="1" index="0" bw="1" slack="2147483647"/>
</pin_list>
<bind>
<StgValue><ssdm name="uart_wrapper_c_f1_y0"/></StgValue>
</bind>
</comp>

<comp id="46" class="1000" name="uart_wrapper_c_f1_x0">
<pin_list>
<pin id="47" dir="1" index="0" bw="1" slack="2147483647"/>
</pin_list>
<bind>
<StgValue><ssdm name="uart_wrapper_c_f1_x0"/></StgValue>
</bind>
</comp>

<comp id="48" class="1000" name="uart_wrapper_c_f1_mem_x">
<pin_list>
<pin id="49" dir="1" index="0" bw="1" slack="2147483647"/>
</pin_list>
<bind>
<StgValue><ssdm name="uart_wrapper_c_f1_mem_x"/></StgValue>
</bind>
</comp>

<comp id="50" class="1000" name="uart_wrapper_c_f1_mem_y">
<pin_list>
<pin id="51" dir="1" index="0" bw="1" slack="2147483647"/>
</pin_list>
<bind>
<StgValue><ssdm name="uart_wrapper_c_f1_mem_y"/></StgValue>
</bind>
</comp>

<comp id="52" class="1000" name="uart_wrapper_c_f1_clk_m_if_Val">
<pin_list>
<pin id="53" dir="1" index="0" bw="1" slack="2147483647"/>
</pin_list>
<bind>
<StgValue><ssdm name="uart_wrapper_c_f1_clk_m_if_Val"/></StgValue>
</bind>
</comp>

<comp id="54" class="1000" name="uart_wrapper_c_f1_reset_m_if_Val">
<pin_list>
<pin id="55" dir="1" index="0" bw="1" slack="2147483647"/>
</pin_list>
<bind>
<StgValue><ssdm name="uart_wrapper_c_f1_reset_m_if_Val"/></StgValue>
</bind>
</comp>

<comp id="56" class="1000" name="uart_wrapper_c_f1_e_m_if_Val">
<pin_list>
<pin id="57" dir="1" index="0" bw="1" slack="2147483647"/>
</pin_list>
<bind>
<StgValue><ssdm name="uart_wrapper_c_f1_e_m_if_Val"/></StgValue>
</bind>
</comp>

<comp id="58" class="1000" name="uart_wrapper_c_f1_s_m_if_Val">
<pin_list>
<pin id="59" dir="1" index="0" bw="1" slack="2147483647"/>
</pin_list>
<bind>
<StgValue><ssdm name="uart_wrapper_c_f1_s_m_if_Val"/></StgValue>
</bind>
</comp>

<comp id="60" class="1000" name="uart_wrapper_c_car_x">
<pin_list>
<pin id="61" dir="1" index="0" bw="1" slack="2147483647"/>
</pin_list>
<bind>
<StgValue><ssdm name="uart_wrapper_c_car_x"/></StgValue>
</bind>
</comp>

<comp id="62" class="1000" name="uart_wrapper_c_car_clk_m_if_Val">
<pin_list>
<pin id="63" dir="1" index="0" bw="1" slack="2147483647"/>
</pin_list>
<bind>
<StgValue><ssdm name="uart_wrapper_c_car_clk_m_if_Val"/></StgValue>
</bind>
</comp>

<comp id="64" class="1000" name="uart_wrapper_c_car_reset_m_if_Val">
<pin_list>
<pin id="65" dir="1" index="0" bw="1" slack="2147483647"/>
</pin_list>
<bind>
<StgValue><ssdm name="uart_wrapper_c_car_reset_m_if_Val"/></StgValue>
</bind>
</comp>

<comp id="66" class="1000" name="uart_wrapper_c_car_e_m_if_Val">
<pin_list>
<pin id="67" dir="1" index="0" bw="1" slack="2147483647"/>
</pin_list>
<bind>
<StgValue><ssdm name="uart_wrapper_c_car_e_m_if_Val"/></StgValue>
</bind>
</comp>

<comp id="68" class="1000" name="uart_wrapper_c_car_s_m_if_Val">
<pin_list>
<pin id="69" dir="1" index="0" bw="1" slack="2147483647"/>
</pin_list>
<bind>
<StgValue><ssdm name="uart_wrapper_c_car_s_m_if_Val"/></StgValue>
</bind>
</comp>

<comp id="70" class="1000" name="uart_wrapper_c_f2_y0">
<pin_list>
<pin id="71" dir="1" index="0" bw="1" slack="2147483647"/>
</pin_list>
<bind>
<StgValue><ssdm name="uart_wrapper_c_f2_y0"/></StgValue>
</bind>
</comp>

<comp id="72" class="1000" name="uart_wrapper_c_f2_x0">
<pin_list>
<pin id="73" dir="1" index="0" bw="1" slack="2147483647"/>
</pin_list>
<bind>
<StgValue><ssdm name="uart_wrapper_c_f2_x0"/></StgValue>
</bind>
</comp>

<comp id="74" class="1000" name="uart_wrapper_c_f2_mem_x">
<pin_list>
<pin id="75" dir="1" index="0" bw="1" slack="2147483647"/>
</pin_list>
<bind>
<StgValue><ssdm name="uart_wrapper_c_f2_mem_x"/></StgValue>
</bind>
</comp>

<comp id="76" class="1000" name="uart_wrapper_c_f2_mem_y">
<pin_list>
<pin id="77" dir="1" index="0" bw="1" slack="2147483647"/>
</pin_list>
<bind>
<StgValue><ssdm name="uart_wrapper_c_f2_mem_y"/></StgValue>
</bind>
</comp>

<comp id="78" class="1000" name="uart_wrapper_c_f2_clk_m_if_Val">
<pin_list>
<pin id="79" dir="1" index="0" bw="1" slack="2147483647"/>
</pin_list>
<bind>
<StgValue><ssdm name="uart_wrapper_c_f2_clk_m_if_Val"/></StgValue>
</bind>
</comp>

<comp id="80" class="1000" name="uart_wrapper_c_f2_reset_m_if_Val">
<pin_list>
<pin id="81" dir="1" index="0" bw="1" slack="2147483647"/>
</pin_list>
<bind>
<StgValue><ssdm name="uart_wrapper_c_f2_reset_m_if_Val"/></StgValue>
</bind>
</comp>

<comp id="82" class="1000" name="uart_wrapper_c_f2_e_m_if_Val">
<pin_list>
<pin id="83" dir="1" index="0" bw="1" slack="2147483647"/>
</pin_list>
<bind>
<StgValue><ssdm name="uart_wrapper_c_f2_e_m_if_Val"/></StgValue>
</bind>
</comp>

<comp id="84" class="1000" name="uart_wrapper_c_f2_s_m_if_Val">
<pin_list>
<pin id="85" dir="1" index="0" bw="1" slack="2147483647"/>
</pin_list>
<bind>
<StgValue><ssdm name="uart_wrapper_c_f2_s_m_if_Val"/></StgValue>
</bind>
</comp>

<comp id="86" class="1000" name="uart_wrapper_c_rac_x">
<pin_list>
<pin id="87" dir="1" index="0" bw="1" slack="2147483647"/>
</pin_list>
<bind>
<StgValue><ssdm name="uart_wrapper_c_rac_x"/></StgValue>
</bind>
</comp>

<comp id="88" class="1000" name="uart_wrapper_c_rac_clk_m_if_Val">
<pin_list>
<pin id="89" dir="1" index="0" bw="1" slack="2147483647"/>
</pin_list>
<bind>
<StgValue><ssdm name="uart_wrapper_c_rac_clk_m_if_Val"/></StgValue>
</bind>
</comp>

<comp id="90" class="1000" name="uart_wrapper_c_rac_reset_m_if_Val">
<pin_list>
<pin id="91" dir="1" index="0" bw="1" slack="2147483647"/>
</pin_list>
<bind>
<StgValue><ssdm name="uart_wrapper_c_rac_reset_m_if_Val"/></StgValue>
</bind>
</comp>

<comp id="92" class="1000" name="uart_wrapper_c_rac_e_m_if_Val">
<pin_list>
<pin id="93" dir="1" index="0" bw="1" slack="2147483647"/>
</pin_list>
<bind>
<StgValue><ssdm name="uart_wrapper_c_rac_e_m_if_Val"/></StgValue>
</bind>
</comp>

<comp id="94" class="1000" name="uart_wrapper_c_rac_s_m_if_Val">
<pin_list>
<pin id="95" dir="1" index="0" bw="1" slack="2147483647"/>
</pin_list>
<bind>
<StgValue><ssdm name="uart_wrapper_c_rac_s_m_if_Val"/></StgValue>
</bind>
</comp>

<comp id="96" class="1000" name="uart_wrapper_c_sig1_Val">
<pin_list>
<pin id="97" dir="1" index="0" bw="1" slack="2147483647"/>
</pin_list>
<bind>
<StgValue><ssdm name="uart_wrapper_c_sig1_Val"/></StgValue>
</bind>
</comp>

<comp id="98" class="1000" name="uart_wrapper_c_sig2_Val">
<pin_list>
<pin id="99" dir="1" index="0" bw="1" slack="2147483647"/>
</pin_list>
<bind>
<StgValue><ssdm name="uart_wrapper_c_sig2_Val"/></StgValue>
</bind>
</comp>

<comp id="100" class="1000" name="uart_wrapper_c_sig3_Val">
<pin_list>
<pin id="101" dir="1" index="0" bw="1" slack="2147483647"/>
</pin_list>
<bind>
<StgValue><ssdm name="uart_wrapper_c_sig3_Val"/></StgValue>
</bind>
</comp>

<comp id="102" class="1000" name="uart_wrapper_c_sig4_Val">
<pin_list>
<pin id="103" dir="1" index="0" bw="1" slack="2147483647"/>
</pin_list>
<bind>
<StgValue><ssdm name="uart_wrapper_c_sig4_Val"/></StgValue>
</bind>
</comp>

<comp id="104" class="1000" name="uart_wrapper_c_doub1_Val">
<pin_list>
<pin id="105" dir="1" index="0" bw="1" slack="2147483647"/>
</pin_list>
<bind>
<StgValue><ssdm name="uart_wrapper_c_doub1_Val"/></StgValue>
</bind>
</comp>

<comp id="106" class="1000" name="uart_wrapper_c_doub2_Val">
<pin_list>
<pin id="107" dir="1" index="0" bw="1" slack="2147483647"/>
</pin_list>
<bind>
<StgValue><ssdm name="uart_wrapper_c_doub2_Val"/></StgValue>
</bind>
</comp>

<comp id="108" class="1000" name="FIFO_I_1">
<pin_list>
<pin id="109" dir="1" index="0" bw="1" slack="0"/>
</pin_list>
<bind>
<StgValue><ssdm name="FIFO_I_1"/></StgValue>
</bind>
</comp>

<comp id="110" class="1000" name="FIFO_O_1">
<pin_list>
<pin id="111" dir="1" index="0" bw="1" slack="2147483647"/>
</pin_list>
<bind>
<StgValue><ssdm name="FIFO_O_1"/></StgValue>
</bind>
</comp>

<comp id="112" class="1001" name="const_112">
<pin_list>
<pin id="113" dir="1" index="0" bw="1" slack="2147483647"/>
</pin_list>
<bind>
<StgValue><ssdm name="_ssdm_op_SpecInterface"/></StgValue>
</bind>
</comp>

<comp id="114" class="1001" name="const_114">
<pin_list>
<pin id="115" dir="1" index="0" bw="1" slack="2147483647"/>
</pin_list>
<bind>
<StgValue><ssdm name="p_str18"/></StgValue>
</bind>
</comp>

<comp id="116" class="1001" name="const_116">
<pin_list>
<pin id="117" dir="1" index="0" bw="1" slack="2147483647"/>
</pin_list>
<bind>
<StgValue><ssdm name=""/></StgValue>
</bind>
</comp>

<comp id="118" class="1001" name="const_118">
<pin_list>
<pin id="119" dir="1" index="0" bw="1" slack="2147483647"/>
</pin_list>
<bind>
<StgValue><ssdm name="p_str19"/></StgValue>
</bind>
</comp>

<comp id="120" class="1001" name="const_120">
<pin_list>
<pin id="121" dir="1" index="0" bw="1" slack="2147483647"/>
</pin_list>
<bind>
<StgValue><ssdm name="_ssdm_op_SpecBitsMap"/></StgValue>
</bind>
</comp>

<comp id="122" class="1001" name="const_122">
<pin_list>
<pin id="123" dir="1" index="0" bw="1" slack="2147483647"/>
</pin_list>
<bind>
<StgValue><ssdm name="_ssdm_op_SpecPort"/></StgValue>
</bind>
</comp>

<comp id="124" class="1001" name="const_124">
<pin_list>
<pin id="125" dir="1" index="0" bw="1" slack="2147483647"/>
</pin_list>
<bind>
<StgValue><ssdm name="p_str12"/></StgValue>
</bind>
</comp>

<comp id="126" class="1001" name="const_126">
<pin_list>
<pin id="127" dir="1" index="0" bw="1" slack="2147483647"/>
</pin_list>
<bind>
<StgValue><ssdm name="p_str17"/></StgValue>
</bind>
</comp>

<comp id="128" class="1001" name="const_128">
<pin_list>
<pin id="129" dir="1" index="0" bw="1" slack="2147483647"/>
</pin_list>
<bind>
<StgValue><ssdm name="p_str14"/></StgValue>
</bind>
</comp>

<comp id="130" class="1001" name="const_130">
<pin_list>
<pin id="131" dir="1" index="0" bw="1" slack="2147483647"/>
</pin_list>
<bind>
<StgValue><ssdm name="p_str15"/></StgValue>
</bind>
</comp>

<comp id="132" class="1001" name="const_132">
<pin_list>
<pin id="133" dir="1" index="0" bw="1" slack="2147483647"/>
</pin_list>
<bind>
<StgValue><ssdm name="_ssdm_op_SpecProcessDef"/></StgValue>
</bind>
</comp>

<comp id="134" class="1001" name="const_134">
<pin_list>
<pin id="135" dir="1" index="0" bw="1" slack="2147483647"/>
</pin_list>
<bind>
<StgValue><ssdm name=""/></StgValue>
</bind>
</comp>

<comp id="136" class="1001" name="const_136">
<pin_list>
<pin id="137" dir="1" index="0" bw="1" slack="2147483647"/>
</pin_list>
<bind>
<StgValue><ssdm name="p_str13"/></StgValue>
</bind>
</comp>

<comp id="138" class="1001" name="const_138">
<pin_list>
<pin id="139" dir="1" index="0" bw="1" slack="2147483647"/>
</pin_list>
<bind>
<StgValue><ssdm name="_ssdm_op_SpecRegionBegin"/></StgValue>
</bind>
</comp>

<comp id="140" class="1001" name="const_140">
<pin_list>
<pin id="141" dir="1" index="0" bw="1" slack="2147483647"/>
</pin_list>
<bind>
<StgValue><ssdm name="p_str27"/></StgValue>
</bind>
</comp>

<comp id="142" class="1001" name="const_142">
<pin_list>
<pin id="143" dir="1" index="0" bw="1" slack="2147483647"/>
</pin_list>
<bind>
<StgValue><ssdm name="_ssdm_op_SpecProtocol"/></StgValue>
</bind>
</comp>

<comp id="144" class="1001" name="const_144">
<pin_list>
<pin id="145" dir="1" index="0" bw="1" slack="2147483647"/>
</pin_list>
<bind>
<StgValue><ssdm name=""/></StgValue>
</bind>
</comp>

<comp id="146" class="1001" name="const_146">
<pin_list>
<pin id="147" dir="1" index="0" bw="1" slack="2147483647"/>
</pin_list>
<bind>
<StgValue><ssdm name="_ssdm_op_SpecStateBegin"/></StgValue>
</bind>
</comp>

<comp id="148" class="1001" name="const_148">
<pin_list>
<pin id="149" dir="1" index="0" bw="1" slack="2147483647"/>
</pin_list>
<bind>
<StgValue><ssdm name="_ssdm_op_SpecStateEnd"/></StgValue>
</bind>
</comp>

<comp id="150" class="1001" name="const_150">
<pin_list>
<pin id="151" dir="1" index="0" bw="1" slack="2147483647"/>
</pin_list>
<bind>
<StgValue><ssdm name="_ssdm_op_SpecRegionEnd"/></StgValue>
</bind>
</comp>

<comp id="152" class="1001" name="const_152">
<pin_list>
<pin id="153" dir="1" index="0" bw="1" slack="0"/>
</pin_list>
<bind>
<StgValue><ssdm name="_ssdm_op_Read.ap_fifo.volatile.i8P"/></StgValue>
</bind>
</comp>

<comp id="154" class="1001" name="const_154">
<pin_list>
<pin id="155" dir="1" index="0" bw="1" slack="0"/>
</pin_list>
<bind>
<StgValue><ssdm name="_ssdm_op_BitConcatenate.i32.i8.i8.i8.i8"/></StgValue>
</bind>
</comp>

<comp id="156" class="1001" name="const_156">
<pin_list>
<pin id="157" dir="1" index="0" bw="1" slack="0"/>
</pin_list>
<bind>
<StgValue><ssdm name="_ssdm_op_Write.ap_fifo.volatile.floatP"/></StgValue>
</bind>
</comp>

<comp id="158" class="1004" name="grp_read_fu_158">
<pin_list>
<pin id="159" dir="0" index="0" bw="8" slack="0"/>
<pin id="160" dir="0" index="1" bw="8" slack="0"/>
<pin id="161" dir="1" index="2" bw="8" slack="0"/>
</pin_list>
<bind>
<opcode="read(1150) " fcode="read"/>
<opset="tmp/2 tmp_4/3 tmp_6/4 tmp_7/5 "/>
</bind>
</comp>

<comp id="164" class="1004" name="StgValue_103_write_fu_164">
<pin_list>
<pin id="165" dir="0" index="0" bw="0" slack="0"/>
<pin id="166" dir="0" index="1" bw="32" slack="0"/>
<pin id="167" dir="0" index="2" bw="32" slack="0"/>
<pin id="168" dir="1" index="3" bw="0" slack="2147483647"/>
</pin_list>
<bind>
<opcode="write(1151) " fcode="write"/>
<opset="StgValue_103/5 "/>
</bind>
</comp>

<comp id="171" class="1004" name="buffer_fu_171">
<pin_list>
<pin id="172" dir="0" index="0" bw="32" slack="0"/>
<pin id="173" dir="0" index="1" bw="8" slack="0"/>
<pin id="174" dir="0" index="2" bw="8" slack="1"/>
<pin id="175" dir="0" index="3" bw="8" slack="2"/>
<pin id="176" dir="0" index="4" bw="8" slack="3"/>
<pin id="177" dir="1" index="5" bw="32" slack="0"/>
</pin_list>
<bind>
<opcode="bitconcatenate(1004) " fcode="bitconcatenate"/>
<opset="buffer/5 "/>
</bind>
</comp>

<comp id="180" class="1004" name="tmp_5_fu_180">
<pin_list>
<pin id="181" dir="0" index="0" bw="32" slack="0"/>
<pin id="182" dir="1" index="1" bw="32" slack="0"/>
</pin_list>
<bind>
<opcode="bitcast(44) " fcode="bitcast"/>
<opset="tmp_5/5 "/>
</bind>
</comp>

<comp id="185" class="1005" name="tmp_reg_185">
<pin_list>
<pin id="186" dir="0" index="0" bw="8" slack="3"/>
<pin id="187" dir="1" index="1" bw="8" slack="3"/>
</pin_list>
<bind>
<opset="tmp "/>
</bind>
</comp>

<comp id="190" class="1005" name="tmp_4_reg_190">
<pin_list>
<pin id="191" dir="0" index="0" bw="8" slack="2"/>
<pin id="192" dir="1" index="1" bw="8" slack="2"/>
</pin_list>
<bind>
<opset="tmp_4 "/>
</bind>
</comp>

<comp id="195" class="1005" name="tmp_6_reg_195">
<pin_list>
<pin id="196" dir="0" index="0" bw="8" slack="1"/>
<pin id="197" dir="1" index="1" bw="8" slack="1"/>
</pin_list>
<bind>
<opset="tmp_6 "/>
</bind>
</comp>

</comp_list>

<net_list>
<net id="162"><net_src comp="152" pin="0"/><net_sink comp="158" pin=0"/></net>

<net id="163"><net_src comp="4" pin="0"/><net_sink comp="158" pin=1"/></net>

<net id="169"><net_src comp="156" pin="0"/><net_sink comp="164" pin=0"/></net>

<net id="170"><net_src comp="108" pin="0"/><net_sink comp="164" pin=1"/></net>

<net id="178"><net_src comp="154" pin="0"/><net_sink comp="171" pin=0"/></net>

<net id="179"><net_src comp="158" pin="2"/><net_sink comp="171" pin=1"/></net>

<net id="183"><net_src comp="171" pin="5"/><net_sink comp="180" pin=0"/></net>

<net id="184"><net_src comp="180" pin="1"/><net_sink comp="164" pin=2"/></net>

<net id="188"><net_src comp="158" pin="2"/><net_sink comp="185" pin=0"/></net>

<net id="189"><net_src comp="185" pin="1"/><net_sink comp="171" pin=4"/></net>

<net id="193"><net_src comp="158" pin="2"/><net_sink comp="190" pin=0"/></net>

<net id="194"><net_src comp="190" pin="1"/><net_sink comp="171" pin=3"/></net>

<net id="198"><net_src comp="158" pin="2"/><net_sink comp="195" pin=0"/></net>

<net id="199"><net_src comp="195" pin="1"/><net_sink comp="171" pin=2"/></net>

</net_list>

</model> 
---------------- Datapath Model END ------------------

* FSMD analyzer results:
  - Output states:
	Port: FIFO_I_1 | {5 }
 - Input state : 
	Port: uart_wrapper::do_action1 : e | {2 3 4 5 }
  - Chain level:
	State 1
		empty : 1
		empty_9 : 1
	State 2
	State 3
	State 4
	State 5
		tmp_5 : 1
		StgValue_103 : 2


============================================================
+ Verbose Summary: Datapath Resource usage 
============================================================

* Functional unit list:
|----------|---------------------------|
| Operation|      Functional Unit      |
|----------|---------------------------|
|   read   |      grp_read_fu_158      |
|----------|---------------------------|
|   write  | StgValue_103_write_fu_164 |
|----------|---------------------------|
|bitconcatenate|       buffer_fu_171       |
|----------|---------------------------|
|   Total  |                           |
|----------|---------------------------|

Memories:
N/A

* Register list:
+-------------+--------+
|             |   FF   |
+-------------+--------+
|tmp_4_reg_190|    8   |
|tmp_6_reg_195|    8   |
| tmp_reg_185 |    8   |
+-------------+--------+
|    Total    |   24   |
+-------------+--------+

* Multiplexer (MUX) list: 
|--------|------|------|------|--------|
|  Comp  |  Pin | Size |  BW  | S x BW |
|--------|------|------|------|--------|
|  Total |      |      |      |    0   |
|--------|------|------|------|--------|



* Summary:
+-----------+--------+
|           |   FF   |
+-----------+--------+
|  Function |    -   |
|   Memory  |    -   |
|Multiplexer|    -   |
|  Register |   24   |
+-----------+--------+
|   Total   |   24   |
+-----------+--------+
