

================================================================
== Vivado HLS Report for 'UartModOut_do_send'
================================================================
* Date:           Thu Dec 21 14:59:02 2017

* Version:        2017.3 (Build 2018833 on Wed Oct 04 20:30:40 MDT 2017)
* Project:        main_module
* Solution:       solution1
* Product family: artix7
* Target device:  xc7a100tcsg324-1


================================================================
== Performance Estimates
================================================================
+ Timing (ns): 
    * Summary: 
    +--------+-------+----------+------------+
    |  Clock | Target| Estimated| Uncertainty|
    +--------+-------+----------+------------+
    |ap_clk  |  10.00|      7.82|        1.25|
    +--------+-------+----------+------------+

+ Latency (clock cycles): 
    * Summary: 
    +-----+-----+-----+-----+---------+
    |  Latency  |  Interval | Pipeline|
    | min | max | min | max |   Type  |
    +-----+-----+-----+-----+---------+
    |    5|    5|    5|    5|   none  |
    +-----+-----+-----+-----+---------+

    + Detail: 
        * Instance: 
        N/A

        * Loop: 
        +----------+-----+-----+----------+-----------+-----------+------+----------+
        |          |  Latency  | Iteration|  Initiation Interval  | Trip |          |
        | Loop Name| min | max |  Latency |  achieved |   target  | Count| Pipelined|
        +----------+-----+-----+----------+-----------+-----------+------+----------+
        |- Loop 1  |    4|    4|         4|          -|          -|  inf |    no    |
        +----------+-----+-----+----------+-----------+-----------+------+----------+

============================================================
+ Verbose Summary: Synthesis Manager
============================================================
InlineROM: 1
ExposeGlobal: 0
============================================================
+ Verbose Summary: CDFG Model
============================================================
IsTopModel: 0
ResetActiveHigh: 1
IsCombinational: 0
IsDatapathOnly: 0
HasWiredReturn: 0
HasMFsm: 0
HasVarLatency: 1
IsPipeline: 0
IsRtlPipelined: 0
IsInstanceOverlapped: 0
IsDontTouch: 0
HasImplIP: 0
IsGatedGlobalClock: 0


============================================================
+ Verbose Summary: Schedule
============================================================
* Number of FSM states : 5
* Pipeline : 0
* Dataflow Pipeline: 0

* FSM state transitions: 
1 --> 
	2  / true
2 --> 
	3  / true
3 --> 
	4  / true
4 --> 
	5  / true
5 --> 
	2  / true

* FSM state operations: 

 <State 1> : 0.00ns
ST_1 : Operation 6 [1/1] (0.00ns)   --->   "call void (...)* @_ssdm_op_SpecBitsMap(float* %e), !map !765"
ST_1 : Operation 7 [1/1] (0.00ns)   --->   "call void (...)* @_ssdm_op_SpecBitsMap(i8* %s), !map !769"
ST_1 : Operation 8 [1/1] (0.00ns)   --->   "call void (...)* @_ssdm_op_SpecBitsMap(i1* %clk), !map !773"
ST_1 : Operation 9 [1/1] (0.00ns)   --->   "call void (...)* @_ssdm_op_SpecBitsMap(i1* %rst), !map !777"
ST_1 : Operation 10 [1/1] (0.00ns)   --->   "call void (...)* @_ssdm_op_SpecInterface(float* %e, [8 x i8]* @p_str11, i32 0, i32 0, [1 x i8]* @p_str112, i32 0, i32 0, [1 x i8]* @p_str112, [1 x i8]* @p_str112, [1 x i8]* @p_str112, i32 0, i32 0, i32 0, i32 0, [1 x i8]* @p_str112, [1 x i8]* @p_str112) nounwind" [src/modules/UartModOut.cpp:4]
ST_1 : Operation 11 [1/1] (0.00ns)   --->   "call void (...)* @_ssdm_op_SpecInterface(i8* %s, [8 x i8]* @p_str11, i32 0, i32 0, [1 x i8]* @p_str112, i32 0, i32 0, [1 x i8]* @p_str112, [1 x i8]* @p_str112, [1 x i8]* @p_str112, i32 0, i32 0, i32 0, i32 0, [1 x i8]* @p_str112, [1 x i8]* @p_str112) nounwind" [src/modules/UartModOut.cpp:5]
ST_1 : Operation 12 [1/1] (0.00ns)   --->   "call void (...)* @_ssdm_op_SpecPort([11 x i8]* @p_str213, i32 0, [7 x i8]* @p_str314, [4 x i8]* @p_str415, i32 0, i32 0, i1* %clk) nounwind" [src/modules/UartModOut.cpp:6]
ST_1 : Operation 13 [1/1] (0.00ns)   --->   "call void (...)* @_ssdm_op_SpecPort([11 x i8]* @p_str213, i32 0, [7 x i8]* @p_str314, [4 x i8]* @p_str516, i32 0, i32 0, i1* %rst) nounwind" [src/modules/UartModOut.cpp:7]
ST_1 : Operation 14 [1/1] (0.00ns)   --->   "call void (...)* @_ssdm_op_SpecProcessDef([11 x i8]* @p_str213, i32 2, [8 x i8]* @p_str617) nounwind" [src/modules/UartModOut.cpp:8]
ST_1 : Operation 15 [1/1] (0.00ns)   --->   "%tmp_7 = call i32 (...)* @_ssdm_op_SpecRegionBegin([15 x i8]* @p_str718)" [src/modules/UartModOut.cpp:8]
ST_1 : Operation 16 [1/1] (0.00ns)   --->   "call void (...)* @_ssdm_op_SpecProtocol(i32 1, [1 x i8]* @p_str112) nounwind" [src/modules/UartModOut.cpp:8]
ST_1 : Operation 17 [1/1] (0.00ns)   --->   "%p_ssdm_reset_v = call i32 (...)* @_ssdm_op_SpecStateBegin(i32 0, i32 0, i32 1) nounwind" [src/modules/UartModOut.cpp:8]
ST_1 : Operation 18 [1/1] (0.00ns)   --->   "%empty = call i32 (...)* @_ssdm_op_SpecStateEnd(i32 %p_ssdm_reset_v) nounwind" [src/modules/UartModOut.cpp:5]
ST_1 : Operation 19 [1/1] (0.00ns)   --->   "%empty_44 = call i32 (...)* @_ssdm_op_SpecRegionEnd([15 x i8]* @p_str718, i32 %tmp_7)" [src/modules/UartModOut.cpp:5]
ST_1 : Operation 20 [1/1] (0.00ns)   --->   "br label %1" [src/modules/UartModOut.cpp:5]

 <State 2> : 7.82ns
ST_2 : Operation 21 [1/1] (3.90ns)   --->   "%val = call float @_ssdm_op_Read.ap_fifo.volatile.floatP(float* %e)" [src/modules/UartModOut.cpp:9]   --->   Core 36 'FIFO_SRL' <Latency = 0> <II = 1> <Delay = 3.90> <Storage> <Opcode : 'read' 'write' 'nbread' 'nbwrite'> <Ports = 0> <Width = 8> <Depth = 0> <FIFO>
ST_2 : Operation 22 [1/1] (0.00ns)   --->   "%tmp28 = bitcast float %val to i32" [src/modules/UartModOut.cpp:9]
ST_2 : Operation 23 [1/1] (0.00ns)   --->   "%tmp_29 = trunc i32 %tmp28 to i8" [src/modules/UartModOut.cpp:11]
ST_2 : Operation 24 [1/1] (3.90ns)   --->   "call void @_ssdm_op_Write.ap_fifo.volatile.i8P(i8* %s, i8 %tmp_29)" [src/modules/UartModOut.cpp:11]   --->   Core 36 'FIFO_SRL' <Latency = 0> <II = 1> <Delay = 3.90> <Storage> <Opcode : 'read' 'write' 'nbread' 'nbwrite'> <Ports = 0> <Width = 8> <Depth = 0> <FIFO>
ST_2 : Operation 25 [1/1] (0.00ns)   --->   "%tmp_9 = call i8 @_ssdm_op_PartSelect.i8.i32.i32.i32(i32 %tmp28, i32 8, i32 15)" [src/modules/UartModOut.cpp:12]
ST_2 : Operation 26 [1/1] (0.00ns)   --->   "%tmp_11 = call i8 @_ssdm_op_PartSelect.i8.i32.i32.i32(i32 %tmp28, i32 16, i32 23)" [src/modules/UartModOut.cpp:13]
ST_2 : Operation 27 [1/1] (0.00ns)   --->   "%tmp_13 = call i8 @_ssdm_op_PartSelect.i8.i32.i32.i32(i32 %tmp28, i32 24, i32 31)" [src/modules/UartModOut.cpp:14]

 <State 3> : 3.91ns
ST_3 : Operation 28 [1/1] (3.90ns)   --->   "call void @_ssdm_op_Write.ap_fifo.volatile.i8P(i8* %s, i8 %tmp_9)" [src/modules/UartModOut.cpp:12]   --->   Core 36 'FIFO_SRL' <Latency = 0> <II = 1> <Delay = 3.90> <Storage> <Opcode : 'read' 'write' 'nbread' 'nbwrite'> <Ports = 0> <Width = 8> <Depth = 0> <FIFO>

 <State 4> : 3.91ns
ST_4 : Operation 29 [1/1] (3.90ns)   --->   "call void @_ssdm_op_Write.ap_fifo.volatile.i8P(i8* %s, i8 %tmp_11)" [src/modules/UartModOut.cpp:13]   --->   Core 36 'FIFO_SRL' <Latency = 0> <II = 1> <Delay = 3.90> <Storage> <Opcode : 'read' 'write' 'nbread' 'nbwrite'> <Ports = 0> <Width = 8> <Depth = 0> <FIFO>

 <State 5> : 3.91ns
ST_5 : Operation 30 [1/1] (3.90ns)   --->   "call void @_ssdm_op_Write.ap_fifo.volatile.i8P(i8* %s, i8 %tmp_13)" [src/modules/UartModOut.cpp:14]   --->   Core 36 'FIFO_SRL' <Latency = 0> <II = 1> <Delay = 3.90> <Storage> <Opcode : 'read' 'write' 'nbread' 'nbwrite'> <Ports = 0> <Width = 8> <Depth = 0> <FIFO>
ST_5 : Operation 31 [1/1] (0.00ns)   --->   "br label %1" [src/modules/UartModOut.cpp:15]


============================================================
+ Verbose Summary: Timing violations
============================================================
Target clock period: 10ns, clock uncertainty: 1.25ns.

 <State 1>: 0ns
The critical path consists of the following:

 <State 2>: 7.82ns
The critical path consists of the following:
	fifo read on port 'e' (src/modules/UartModOut.cpp:9) [21]  (3.91 ns)
	fifo write on port 's' (src/modules/UartModOut.cpp:11) [24]  (3.91 ns)

 <State 3>: 3.91ns
The critical path consists of the following:
	fifo write on port 's' (src/modules/UartModOut.cpp:12) [26]  (3.91 ns)

 <State 4>: 3.91ns
The critical path consists of the following:
	fifo write on port 's' (src/modules/UartModOut.cpp:13) [28]  (3.91 ns)

 <State 5>: 3.91ns
The critical path consists of the following:
	fifo write on port 's' (src/modules/UartModOut.cpp:14) [30]  (3.91 ns)


============================================================
+ Verbose Summary: Binding
============================================================
N/A
* FSMD analyzer results:
  - Output states:
 - Input state : 
  - Chain level:
	State 1
	State 2
	State 3
	State 4
	State 5


============================================================
+ Verbose Summary: Datapath Resource usage 
============================================================
N/A
