

================================================================
== Vivado HLS Report for 'Conversion'
================================================================
* Date:           Fri Nov 10 10:35:52 2017

* Version:        2017.3 (Build 2018833 on Wed Oct 04 20:30:40 MDT 2017)
* Project:        sc_loop
* Solution:       nexys4
* Product family: artix7
* Target device:  xc7a100tcsg324-1


================================================================
== Performance Estimates
================================================================
+ Timing (ns): 
    * Summary: 
    +--------+-------+----------+------------+
    |  Clock | Target| Estimated| Uncertainty|
    +--------+-------+----------+------------+
    |ap_clk  |  10.00|      7.82|        2.00|
    +--------+-------+----------+------------+

+ Latency (clock cycles): 
    * Summary: 
    +-----+-----+-----+-----+---------+
    |  Latency  |  Interval | Pipeline|
    | min | max | min | max |   Type  |
    +-----+-----+-----+-----+---------+
    |    0|    3|    1|    4|   none  |
    +-----+-----+-----+-----+---------+

    + Detail: 
        * Instance: 
        +------------------------------------+--------------------------+-----+-----+-----+-----+---------+
        |                                    |                          |  Latency  |  Interval | Pipeline|
        |              Instance              |          Module          | min | max | min | max |   Type  |
        +------------------------------------+--------------------------+-----+-----+-----+-----+---------+
        |grp_Conversion_do_conversion_fu_56  |Conversion_do_conversion  |    2|    2|    2|    2|   none  |
        +------------------------------------+--------------------------+-----+-----+-----+-----+---------+

        * Loop: 
        N/A

============================================================
+ Verbose Summary: Synthesis Manager
============================================================
InlineROM: 1
ExposeGlobal: 0
============================================================
+ Verbose Summary: CDFG Model
============================================================
IsTopModel: 1
ResetActiveHigh: 1
IsCombinational: 0
IsDatapathOnly: 0
HasWiredReturn: 1
HasMFsm: 0
HasVarLatency: 1
IsPipeline: 0
IsRtlPipelined: 0
IsInstanceOverlapped: 0
IsDontTouch: 0
HasImplIP: 0
IsGatedGlobalClock: 0


============================================================
+ Verbose Summary: Schedule
============================================================
* Number of FSM states : 2
* Pipeline : 0
* Dataflow Pipeline: 0

* FSM state transitions: 
1 --> 
	2  / (Conversion_ssdm_t)
2 --> 

* FSM state operations: 

 <State 1> : 0.00ns
ST_1 : Operation 3 [1/1] (0.00ns)   --->   "call void (...)* @_ssdm_op_SpecBitsMap(i1* %clk), !map !45"
ST_1 : Operation 4 [1/1] (0.00ns)   --->   "call void (...)* @_ssdm_op_SpecBitsMap(i1* %reset), !map !49"
ST_1 : Operation 5 [1/1] (0.00ns)   --->   "call void (...)* @_ssdm_op_SpecBitsMap(i8* %e), !map !53"
ST_1 : Operation 6 [1/1] (0.00ns)   --->   "call void (...)* @_ssdm_op_SpecBitsMap(i8* %s), !map !57"
ST_1 : Operation 7 [1/1] (0.00ns)   --->   "call void (...)* @_ssdm_op_SpecInterface(i8* %e, [8 x i8]* @p_str4, i32 0, i32 0, [1 x i8]* @p_str5, i32 0, i32 0, [1 x i8]* @p_str5, [1 x i8]* @p_str5, [1 x i8]* @p_str5, i32 0, i32 0, i32 0, i32 0, [1 x i8]* @p_str5, [1 x i8]* @p_str5) nounwind" [sc_loop/src/modules/Conversion.h:19]
ST_1 : Operation 8 [1/1] (0.00ns)   --->   "call void (...)* @_ssdm_op_SpecPort([1 x i8]* @p_str5, i32 4, [1 x i8]* @p_str5, [1 x i8]* @p_str5, i32 0, i32 0, i8* %e) nounwind" [sc_loop/src/modules/Conversion.h:19]
ST_1 : Operation 9 [1/1] (0.00ns)   --->   "call void (...)* @_ssdm_op_SpecInterface(i8* %s, [8 x i8]* @p_str4, i32 0, i32 0, [1 x i8]* @p_str5, i32 0, i32 0, [1 x i8]* @p_str5, [1 x i8]* @p_str5, [1 x i8]* @p_str5, i32 0, i32 0, i32 0, i32 0, [1 x i8]* @p_str5, [1 x i8]* @p_str5) nounwind" [sc_loop/src/modules/Conversion.h:19]
ST_1 : Operation 10 [1/1] (0.00ns)   --->   "call void (...)* @_ssdm_op_SpecPort([1 x i8]* @p_str5, i32 5, [1 x i8]* @p_str5, [1 x i8]* @p_str5, i32 0, i32 0, i8* %s) nounwind" [sc_loop/src/modules/Conversion.h:19]
ST_1 : Operation 11 [1/1] (0.00ns)   --->   "call void (...)* @_ssdm_op_SpecTopModule([11 x i8]* @p_str, [11 x i8]* @p_str) nounwind" [sc_loop/src/modules/Conversion.h:20]
ST_1 : Operation 12 [1/1] (0.00ns)   --->   "%Conversion_ssdm_t = load i1* @Conversion_ssdm_thread_M_do_conversion, align 1" [sc_loop/src/modules/Conversion.h:21]
ST_1 : Operation 13 [1/1] (0.00ns)   --->   "br i1 %Conversion_ssdm_t, label %1, label %2" [sc_loop/src/modules/Conversion.h:21]
ST_1 : Operation 14 [1/1] (0.00ns)   --->   "call void (...)* @_ssdm_op_SpecProcessDecl([11 x i8]* @p_str, i32 2, [14 x i8]* @p_str6) nounwind" [sc_loop/src/modules/Conversion.h:21]
ST_1 : Operation 15 [1/1] (0.00ns)   --->   "call void (...)* @_ssdm_op_SpecSensitive([14 x i8]* @p_str6, [4 x i8]* @p_str2, i1* %clk, i32 1) nounwind" [sc_loop/src/modules/Conversion.h:22]
ST_1 : Operation 16 [1/1] (0.00ns)   --->   "call void (...)* @_ssdm_op_SpecSensitive([14 x i8]* @p_str6, [6 x i8]* @p_str3, i1* %reset, i32 3) nounwind" [sc_loop/src/modules/Conversion.h:23]
ST_1 : Operation 17 [1/1] (0.00ns)   --->   "call void (...)* @_ssdm_op_SpecPort([11 x i8]* @p_str, i32 0, [7 x i8]* @p_str1, [4 x i8]* @p_str2, i32 0, i32 0, i1* %clk) nounwind" [sc_loop/src/modules/Conversion.h:24]
ST_1 : Operation 18 [1/1] (0.00ns)   --->   "call void (...)* @_ssdm_op_SpecPort([11 x i8]* @p_str, i32 0, [7 x i8]* @p_str1, [6 x i8]* @p_str3, i32 0, i32 0, i1* %reset) nounwind" [sc_loop/src/modules/Conversion.h:25]
ST_1 : Operation 19 [1/1] (0.00ns)   --->   "call void (...)* @_ssdm_op_SpecInterface(i8* %e, [8 x i8]* @p_str4, i32 0, i32 0, [1 x i8]* @p_str5, i32 0, i32 0, [1 x i8]* @p_str5, [1 x i8]* @p_str5, [1 x i8]* @p_str5, i32 0, i32 0, i32 0, i32 0, [1 x i8]* @p_str5, [1 x i8]* @p_str5) nounwind" [sc_loop/src/modules/Conversion.h:26]
ST_1 : Operation 20 [1/1] (0.00ns)   --->   "call void (...)* @_ssdm_op_SpecPort([11 x i8]* @p_str, i32 4, [16 x i8]* @p_str13, [2 x i8]* @p_str9, i32 0, i32 0, i8* %e) nounwind" [sc_loop/src/modules/Conversion.h:27]
ST_1 : Operation 21 [1/1] (0.00ns)   --->   "call void (...)* @_ssdm_op_SpecInterface(i8* %s, [8 x i8]* @p_str4, i32 0, i32 0, [1 x i8]* @p_str5, i32 0, i32 0, [1 x i8]* @p_str5, [1 x i8]* @p_str5, [1 x i8]* @p_str5, i32 0, i32 0, i32 0, i32 0, [1 x i8]* @p_str5, [1 x i8]* @p_str5) nounwind" [sc_loop/src/modules/Conversion.h:28]
ST_1 : Operation 22 [1/1] (0.00ns)   --->   "call void (...)* @_ssdm_op_SpecPort([11 x i8]* @p_str, i32 5, [16 x i8]* @p_str13, [2 x i8]* @p_str10, i32 0, i32 0, i8* %s) nounwind" [sc_loop/src/modules/Conversion.h:29]
ST_1 : Operation 23 [1/1] (0.00ns)   --->   "ret void" [sc_loop/src/modules/Conversion.h:23]
ST_1 : Operation 24 [2/2] (0.00ns)   --->   "call void @"Conversion::do_conversion"(i1* %clk, i1* %reset, i8* %e, i8* %s)" [sc_loop/src/modules/Conversion.h:21]   --->   Core 0 '' <Latency = 0> <II = 1> <Delay = 1.00> <Generic> <Opcode : >

 <State 2> : 0.00ns
ST_2 : Operation 25 [1/2] (0.00ns)   --->   "call void @"Conversion::do_conversion"(i1* %clk, i1* %reset, i8* %e, i8* %s)" [sc_loop/src/modules/Conversion.h:21]   --->   Core 0 '' <Latency = 0> <II = 1> <Delay = 1.00> <Generic> <Opcode : >
ST_2 : Operation 26 [1/1] (0.00ns)   --->   "unreachable"


============================================================
+ Verbose Summary: Binding
============================================================
STG Binding: 
---------------- STG Properties BEGIN ----------------
- Is combinational: 0
- Is one-state seq: 0
- Is datapath-only: 0
- Is pipelined: 0
- Is top level: 1
Port [ Return ] is wired: 1; IO mode=ap_ctrl_hs:ce=0
Port [ clk]:  wired=1; compound=0; hidden=0; nouse=1; global=0; static=0; extern=0; dir=0; type=0; pingpong=0; private_global=0; IO mode=ap_none:ce=0
Port [ reset]:  wired=1; compound=0; hidden=0; nouse=1; global=0; static=0; extern=0; dir=0; type=0; pingpong=0; private_global=0; IO mode=ap_none:ce=0
Port [ e]:  wired=1; compound=1; hidden=0; nouse=0; global=0; static=0; extern=0; dir=0; type=3; pingpong=0; private_global=0; IO mode=ap_fifo:ce=0
Port [ s]:  wired=1; compound=1; hidden=0; nouse=0; global=0; static=0; extern=0; dir=1; type=3; pingpong=0; private_global=0; IO mode=ap_fifo:ce=0
Port [ Conversion_ssdm_thread_M_do_conversion]:  wired=0; compound=0; hidden=1; nouse=0; global=1; static=0; extern=1; dir=0; type=0; pingpong=0; private_global=1; linkage=0; visibility=0; IO mode=ap_none:ce=0
---------------- STG Properties END ------------------

---------------- Datapath Model BEGIN ----------------

<LifeTime>
<method=bitvector/>
StgValue_3        (specbitsmap    ) [ 000]
StgValue_4        (specbitsmap    ) [ 000]
StgValue_5        (specbitsmap    ) [ 000]
StgValue_6        (specbitsmap    ) [ 000]
StgValue_7        (specinterface  ) [ 000]
StgValue_8        (specport       ) [ 000]
StgValue_9        (specinterface  ) [ 000]
StgValue_10       (specport       ) [ 000]
StgValue_11       (spectopmodule  ) [ 000]
Conversion_ssdm_t (load           ) [ 010]
StgValue_13       (br             ) [ 000]
StgValue_14       (specprocessdecl) [ 000]
StgValue_15       (specsensitive  ) [ 000]
StgValue_16       (specsensitive  ) [ 000]
StgValue_17       (specport       ) [ 000]
StgValue_18       (specport       ) [ 000]
StgValue_19       (specinterface  ) [ 000]
StgValue_20       (specport       ) [ 000]
StgValue_21       (specinterface  ) [ 000]
StgValue_22       (specport       ) [ 000]
StgValue_23       (ret            ) [ 000]
StgValue_25       (call           ) [ 000]
StgValue_26       (unreachable    ) [ 000]
</LifeTime>

<model>

<comp_list>
<comp id="0" class="1000" name="clk">
<pin_list>
<pin id="1" dir="1" index="0" bw="1" slack="0"/>
</pin_list>
<bind>
<StgValue><ssdm name="clk"/></StgValue>
</bind>
</comp>

<comp id="2" class="1000" name="reset">
<pin_list>
<pin id="3" dir="1" index="0" bw="1" slack="0"/>
</pin_list>
<bind>
<StgValue><ssdm name="reset"/></StgValue>
</bind>
</comp>

<comp id="4" class="1000" name="e">
<pin_list>
<pin id="5" dir="1" index="0" bw="1" slack="0"/>
</pin_list>
<bind>
<StgValue><ssdm name="e"/></StgValue>
</bind>
</comp>

<comp id="6" class="1000" name="s">
<pin_list>
<pin id="7" dir="1" index="0" bw="1" slack="0"/>
</pin_list>
<bind>
<StgValue><ssdm name="s"/></StgValue>
</bind>
</comp>

<comp id="8" class="1000" name="Conversion_ssdm_thread_M_do_conversion">
<pin_list>
<pin id="9" dir="1" index="0" bw="1" slack="0"/>
</pin_list>
<bind>
<StgValue><ssdm name="Conversion_ssdm_thread_M_do_conversion"/></StgValue>
</bind>
</comp>

<comp id="10" class="1001" name="const_10">
<pin_list>
<pin id="11" dir="1" index="0" bw="1" slack="2147483647"/>
</pin_list>
<bind>
<StgValue><ssdm name="_ssdm_op_SpecBitsMap"/></StgValue>
</bind>
</comp>

<comp id="12" class="1001" name="const_12">
<pin_list>
<pin id="13" dir="1" index="0" bw="1" slack="2147483647"/>
</pin_list>
<bind>
<StgValue><ssdm name="_ssdm_op_SpecInterface"/></StgValue>
</bind>
</comp>

<comp id="14" class="1001" name="const_14">
<pin_list>
<pin id="15" dir="1" index="0" bw="1" slack="2147483647"/>
</pin_list>
<bind>
<StgValue><ssdm name="p_str4"/></StgValue>
</bind>
</comp>

<comp id="16" class="1001" name="const_16">
<pin_list>
<pin id="17" dir="1" index="0" bw="1" slack="2147483647"/>
</pin_list>
<bind>
<StgValue><ssdm name=""/></StgValue>
</bind>
</comp>

<comp id="18" class="1001" name="const_18">
<pin_list>
<pin id="19" dir="1" index="0" bw="1" slack="2147483647"/>
</pin_list>
<bind>
<StgValue><ssdm name="p_str5"/></StgValue>
</bind>
</comp>

<comp id="20" class="1001" name="const_20">
<pin_list>
<pin id="21" dir="1" index="0" bw="1" slack="2147483647"/>
</pin_list>
<bind>
<StgValue><ssdm name="_ssdm_op_SpecPort"/></StgValue>
</bind>
</comp>

<comp id="22" class="1001" name="const_22">
<pin_list>
<pin id="23" dir="1" index="0" bw="1" slack="2147483647"/>
</pin_list>
<bind>
<StgValue><ssdm name=""/></StgValue>
</bind>
</comp>

<comp id="24" class="1001" name="const_24">
<pin_list>
<pin id="25" dir="1" index="0" bw="1" slack="2147483647"/>
</pin_list>
<bind>
<StgValue><ssdm name=""/></StgValue>
</bind>
</comp>

<comp id="26" class="1001" name="const_26">
<pin_list>
<pin id="27" dir="1" index="0" bw="1" slack="2147483647"/>
</pin_list>
<bind>
<StgValue><ssdm name="_ssdm_op_SpecTopModule"/></StgValue>
</bind>
</comp>

<comp id="28" class="1001" name="const_28">
<pin_list>
<pin id="29" dir="1" index="0" bw="1" slack="2147483647"/>
</pin_list>
<bind>
<StgValue><ssdm name="p_str"/></StgValue>
</bind>
</comp>

<comp id="30" class="1001" name="const_30">
<pin_list>
<pin id="31" dir="1" index="0" bw="1" slack="2147483647"/>
</pin_list>
<bind>
<StgValue><ssdm name="_ssdm_op_SpecProcessDecl"/></StgValue>
</bind>
</comp>

<comp id="32" class="1001" name="const_32">
<pin_list>
<pin id="33" dir="1" index="0" bw="1" slack="2147483647"/>
</pin_list>
<bind>
<StgValue><ssdm name=""/></StgValue>
</bind>
</comp>

<comp id="34" class="1001" name="const_34">
<pin_list>
<pin id="35" dir="1" index="0" bw="1" slack="2147483647"/>
</pin_list>
<bind>
<StgValue><ssdm name="p_str6"/></StgValue>
</bind>
</comp>

<comp id="36" class="1001" name="const_36">
<pin_list>
<pin id="37" dir="1" index="0" bw="1" slack="2147483647"/>
</pin_list>
<bind>
<StgValue><ssdm name="_ssdm_op_SpecSensitive"/></StgValue>
</bind>
</comp>

<comp id="38" class="1001" name="const_38">
<pin_list>
<pin id="39" dir="1" index="0" bw="1" slack="2147483647"/>
</pin_list>
<bind>
<StgValue><ssdm name="p_str2"/></StgValue>
</bind>
</comp>

<comp id="40" class="1001" name="const_40">
<pin_list>
<pin id="41" dir="1" index="0" bw="1" slack="2147483647"/>
</pin_list>
<bind>
<StgValue><ssdm name=""/></StgValue>
</bind>
</comp>

<comp id="42" class="1001" name="const_42">
<pin_list>
<pin id="43" dir="1" index="0" bw="1" slack="2147483647"/>
</pin_list>
<bind>
<StgValue><ssdm name="p_str3"/></StgValue>
</bind>
</comp>

<comp id="44" class="1001" name="const_44">
<pin_list>
<pin id="45" dir="1" index="0" bw="1" slack="2147483647"/>
</pin_list>
<bind>
<StgValue><ssdm name=""/></StgValue>
</bind>
</comp>

<comp id="46" class="1001" name="const_46">
<pin_list>
<pin id="47" dir="1" index="0" bw="1" slack="2147483647"/>
</pin_list>
<bind>
<StgValue><ssdm name="p_str1"/></StgValue>
</bind>
</comp>

<comp id="48" class="1001" name="const_48">
<pin_list>
<pin id="49" dir="1" index="0" bw="1" slack="2147483647"/>
</pin_list>
<bind>
<StgValue><ssdm name="p_str13"/></StgValue>
</bind>
</comp>

<comp id="50" class="1001" name="const_50">
<pin_list>
<pin id="51" dir="1" index="0" bw="1" slack="2147483647"/>
</pin_list>
<bind>
<StgValue><ssdm name="p_str9"/></StgValue>
</bind>
</comp>

<comp id="52" class="1001" name="const_52">
<pin_list>
<pin id="53" dir="1" index="0" bw="1" slack="2147483647"/>
</pin_list>
<bind>
<StgValue><ssdm name="p_str10"/></StgValue>
</bind>
</comp>

<comp id="54" class="1001" name="const_54">
<pin_list>
<pin id="55" dir="1" index="0" bw="1" slack="0"/>
</pin_list>
<bind>
<StgValue><ssdm name="Conversion::do_conversion"/></StgValue>
</bind>
</comp>

<comp id="56" class="1004" name="grp_Conversion_do_conversion_fu_56">
<pin_list>
<pin id="57" dir="0" index="0" bw="0" slack="0"/>
<pin id="58" dir="0" index="1" bw="1" slack="0"/>
<pin id="59" dir="0" index="2" bw="1" slack="0"/>
<pin id="60" dir="0" index="3" bw="8" slack="0"/>
<pin id="61" dir="0" index="4" bw="8" slack="0"/>
<pin id="62" dir="1" index="5" bw="0" slack="2147483647"/>
</pin_list>
<bind>
<opcode="call(48) " fcode="call"/>
<opset="StgValue_24/1 "/>
</bind>
</comp>

<comp id="68" class="1004" name="Conversion_ssdm_t_load_fu_68">
<pin_list>
<pin id="69" dir="0" index="0" bw="1" slack="0"/>
<pin id="70" dir="1" index="1" bw="1" slack="2147483647"/>
</pin_list>
<bind>
<opcode="load(27) " fcode="load"/>
<opset="Conversion_ssdm_t/1 "/>
</bind>
</comp>

</comp_list>

<net_list>
<net id="63"><net_src comp="54" pin="0"/><net_sink comp="56" pin=0"/></net>

<net id="64"><net_src comp="0" pin="0"/><net_sink comp="56" pin=1"/></net>

<net id="65"><net_src comp="2" pin="0"/><net_sink comp="56" pin=2"/></net>

<net id="66"><net_src comp="4" pin="0"/><net_sink comp="56" pin=3"/></net>

<net id="67"><net_src comp="6" pin="0"/><net_sink comp="56" pin=4"/></net>

<net id="71"><net_src comp="8" pin="0"/><net_sink comp="68" pin=0"/></net>

</net_list>

</model> 
---------------- Datapath Model END ------------------

* FSMD analyzer results:
  - Output states:
	Port: s | {1 2 }
 - Input state : 
	Port: Conversion::Conversion : e | {1 2 }
	Port: Conversion::Conversion : Conversion_ssdm_thread_M_do_conversion | {1 }
  - Chain level:
	State 1
		StgValue_13 : 1
	State 2


============================================================
+ Verbose Summary: Datapath Resource usage 
============================================================

* Functional unit list:
|----------|------------------------------------|
| Operation|           Functional Unit          |
|----------|------------------------------------|
|   call   | grp_Conversion_do_conversion_fu_56 |
|----------|------------------------------------|
|   Total  |                                    |
|----------|------------------------------------|

Memories:
N/A

* Register list:
N/A

* Multiplexer (MUX) list: 
|--------|------|------|------|--------|
|  Comp  |  Pin | Size |  BW  | S x BW |
|--------|------|------|------|--------|
|  Total |      |      |      |    0   |
|--------|------|------|------|--------|



* Summary:
+-----------+
|           |
+-----------+
|  Function |
|   Memory  |
|Multiplexer|
|  Register |
+-----------+
|   Total   |
+-----------+
