

================================================================
== Vivado HLS Report for 'Conversion_do_conversion'
================================================================
* Date:           Fri Nov 10 10:35:52 2017

* Version:        2017.3 (Build 2018833 on Wed Oct 04 20:30:40 MDT 2017)
* Project:        sc_loop
* Solution:       nexys4
* Product family: artix7
* Target device:  xc7a100tcsg324-1


================================================================
== Performance Estimates
================================================================
+ Timing (ns): 
    * Summary: 
    +--------+-------+----------+------------+
    |  Clock | Target| Estimated| Uncertainty|
    +--------+-------+----------+------------+
    |ap_clk  |  10.00|      7.82|        2.00|
    +--------+-------+----------+------------+

+ Latency (clock cycles): 
    * Summary: 
    +-----+-----+-----+-----+---------+
    |  Latency  |  Interval | Pipeline|
    | min | max | min | max |   Type  |
    +-----+-----+-----+-----+---------+
    |    2|    2|    2|    2|   none  |
    +-----+-----+-----+-----+---------+

    + Detail: 
        * Instance: 
        N/A

        * Loop: 
        +----------+-----+-----+----------+-----------+-----------+------+----------+
        |          |  Latency  | Iteration|  Initiation Interval  | Trip |          |
        | Loop Name| min | max |  Latency |  achieved |   target  | Count| Pipelined|
        +----------+-----+-----+----------+-----------+-----------+------+----------+
        |- Loop 1  |    1|    1|         1|          -|          -|  inf |    no    |
        +----------+-----+-----+----------+-----------+-----------+------+----------+



================================================================
== Utilization Estimates
================================================================
* Summary: 
+-----------------+---------+-------+--------+-------+
|       Name      | BRAM_18K| DSP48E|   FF   |  LUT  |
+-----------------+---------+-------+--------+-------+
|DSP              |        -|      -|       -|      -|
|Expression       |        -|      -|       0|      8|
|FIFO             |        -|      -|       -|      -|
|Instance         |        -|      -|       -|      -|
|Memory           |        -|      -|       -|      -|
|Multiplexer      |        -|      -|       -|     27|
|Register         |        -|      -|       2|      -|
+-----------------+---------+-------+--------+-------+
|Total            |        0|      0|       2|     35|
+-----------------+---------+-------+--------+-------+
|Available        |      270|    240|  126800|  63400|
+-----------------+---------+-------+--------+-------+
|Utilization (%)  |        0|      0|   ~0   |   ~0  |
+-----------------+---------+-------+--------+-------+

+ Detail: 
    * Instance: 
    N/A

    * DSP48: 
    N/A

    * Memory: 
    N/A

    * FIFO: 
    N/A

    * Expression: 
    +-----------------+----------+-------+---+----+------------+------------+
    |  Variable Name  | Operation| DSP48E| FF| LUT| Bitwidth P0| Bitwidth P1|
    +-----------------+----------+-------+---+----+------------+------------+
    |ap_block_state2  |    or    |      0|  0|   8|           1|           1|
    +-----------------+----------+-------+---+----+------------+------------+
    |Total            |          |      0|  0|   8|           1|           1|
    +-----------------+----------+-------+---+----+------------+------------+

    * Multiplexer: 
    +-----------+----+-----------+-----+-----------+
    |    Name   | LUT| Input Size| Bits| Total Bits|
    +-----------+----+-----------+-----+-----------+
    |ap_NS_fsm  |   9|          2|    1|          2|
    |e_blk_n    |   9|          2|    1|          2|
    |s_blk_n    |   9|          2|    1|          2|
    +-----------+----+-----------+-----+-----------+
    |Total      |  27|          6|    3|          6|
    +-----------+----+-----------+-----+-----------+

    * Register: 
    +-----------+---+----+-----+-----------+
    |    Name   | FF| LUT| Bits| Const Bits|
    +-----------+---+----+-----+-----------+
    |ap_CS_fsm  |  2|   0|    2|          0|
    +-----------+---+----+-----+-----------+
    |Total      |  2|   0|    2|          0|
    +-----------+---+----+-----+-----------+



================================================================
== Interface
================================================================
* Summary: 
+-----------+-----+-----+------------+---------------------------+--------------+
| RTL Ports | Dir | Bits|  Protocol  |       Source Object       |    C Type    |
+-----------+-----+-----+------------+---------------------------+--------------+
|ap_clk     |  in |    1| ap_ctrl_hs | Conversion::do_conversion | return value |
|ap_rst     |  in |    1| ap_ctrl_hs | Conversion::do_conversion | return value |
|e_dout     |  in |    8|   ap_fifo  |             e             |    pointer   |
|e_empty_n  |  in |    1|   ap_fifo  |             e             |    pointer   |
|e_read     | out |    1|   ap_fifo  |             e             |    pointer   |
|s_din      | out |    8|   ap_fifo  |             s             |    pointer   |
|s_full_n   |  in |    1|   ap_fifo  |             s             |    pointer   |
|s_write    | out |    1|   ap_fifo  |             s             |    pointer   |
+-----------+-----+-----+------------+---------------------------+--------------+

============================================================
+ Verbose Summary: Synthesis Manager
============================================================
InlineROM: 1
ExposeGlobal: 0
============================================================
+ Verbose Summary: CDFG Model
============================================================
IsTopModel: 0
ResetActiveHigh: 1
IsCombinational: 2
IsDatapathOnly: 2
HasWiredReturn: 1
HasMFsm: 0
HasVarLatency: 1
IsPipeline: 0
IsRtlPipelined: 0
IsInstanceOverlapped: 0
IsDontTouch: 0
HasImplIP: 0
IsGatedGlobalClock: 0


============================================================
+ Verbose Summary: Schedule
============================================================
* Number of FSM states : 2
* Pipeline : 0
* Dataflow Pipeline: 0

* FSM state transitions: 
1 --> 
	2  / true
2 --> 
	2  / true

* FSM state operations: 

 <State 1> : 0.00ns
ST_1 : Operation 3 [1/1] (0.00ns)   --->   "call void (...)* @_ssdm_op_SpecBitsMap(i1* %clk), !map !45"
ST_1 : Operation 4 [1/1] (0.00ns)   --->   "call void (...)* @_ssdm_op_SpecBitsMap(i1* %reset), !map !49"
ST_1 : Operation 5 [1/1] (0.00ns)   --->   "call void (...)* @_ssdm_op_SpecBitsMap(i8* %e), !map !53"
ST_1 : Operation 6 [1/1] (0.00ns)   --->   "call void (...)* @_ssdm_op_SpecBitsMap(i8* %s), !map !57"
ST_1 : Operation 7 [1/1] (0.00ns)   --->   "call void (...)* @_ssdm_op_SpecPort([11 x i8]* @p_str, i32 0, [7 x i8]* @p_str1, [4 x i8]* @p_str2, i32 0, i32 0, i1* %clk) nounwind" [sc_loop/src/modules/Conversion.cpp:12]
ST_1 : Operation 8 [1/1] (0.00ns)   --->   "call void (...)* @_ssdm_op_SpecPort([11 x i8]* @p_str, i32 0, [7 x i8]* @p_str1, [6 x i8]* @p_str3, i32 0, i32 0, i1* %reset) nounwind" [sc_loop/src/modules/Conversion.cpp:13]
ST_1 : Operation 9 [1/1] (0.00ns)   --->   "call void (...)* @_ssdm_op_SpecInterface(i8* %e, [8 x i8]* @p_str4, i32 0, i32 0, [1 x i8]* @p_str5, i32 0, i32 0, [1 x i8]* @p_str5, [1 x i8]* @p_str5, [1 x i8]* @p_str5, i32 0, i32 0, i32 0, i32 0, [1 x i8]* @p_str5, [1 x i8]* @p_str5) nounwind" [sc_loop/src/modules/Conversion.cpp:14]
ST_1 : Operation 10 [1/1] (0.00ns)   --->   "call void (...)* @_ssdm_op_SpecInterface(i8* %s, [8 x i8]* @p_str4, i32 0, i32 0, [1 x i8]* @p_str5, i32 0, i32 0, [1 x i8]* @p_str5, [1 x i8]* @p_str5, [1 x i8]* @p_str5, i32 0, i32 0, i32 0, i32 0, [1 x i8]* @p_str5, [1 x i8]* @p_str5) nounwind" [sc_loop/src/modules/Conversion.cpp:15]
ST_1 : Operation 11 [1/1] (0.00ns)   --->   "call void (...)* @_ssdm_op_SpecProcessDef([11 x i8]* @p_str, i32 2, [14 x i8]* @p_str6) nounwind" [sc_loop/src/modules/Conversion.cpp:16]
ST_1 : Operation 12 [1/1] (0.00ns)   --->   "%tmp_1 = call i32 (...)* @_ssdm_op_SpecRegionBegin([15 x i8]* @p_str7)" [sc_loop/src/modules/Conversion.cpp:16]
ST_1 : Operation 13 [1/1] (0.00ns)   --->   "call void (...)* @_ssdm_op_SpecProtocol(i32 1, [1 x i8]* @p_str5) nounwind" [sc_loop/src/modules/Conversion.cpp:16]
ST_1 : Operation 14 [1/1] (0.00ns)   --->   "%p_ssdm_reset_v = call i32 (...)* @_ssdm_op_SpecStateBegin(i32 0, i32 0, i32 1) nounwind" [sc_loop/src/modules/Conversion.cpp:16]
ST_1 : Operation 15 [1/1] (0.00ns)   --->   "%empty = call i32 (...)* @_ssdm_op_SpecStateEnd(i32 %p_ssdm_reset_v) nounwind" [sc_loop/src/modules/Conversion.cpp:13]
ST_1 : Operation 16 [1/1] (0.00ns)   --->   "%empty_9 = call i32 (...)* @_ssdm_op_SpecRegionEnd([15 x i8]* @p_str7, i32 %tmp_1)" [sc_loop/src/modules/Conversion.cpp:13]
ST_1 : Operation 17 [1/1] (0.00ns)   --->   "br label %1" [sc_loop/src/modules/Conversion.cpp:13]

 <State 2> : 7.82ns
ST_2 : Operation 18 [1/1] (3.90ns)   --->   "%tmp_3 = call i8 @_ssdm_op_Read.ap_fifo.volatile.i8P(i8* %e)" [sc_loop/src/modules/Conversion.cpp:16]   --->   Core 32 'FIFO' <Latency = 0> <II = 1> <Delay = 3.90> <Storage> <Opcode : 'read' 'write' 'nbread' 'nbwrite'> <Ports = 0> <Width = 8> <Depth = 0> <FIFO>
ST_2 : Operation 19 [1/1] (0.00ns)   --->   "%tmp = call i7 @_ssdm_op_PartSelect.i7.i8.i32.i32(i8 %tmp_3, i32 1, i32 7)" [sc_loop/src/modules/Conversion.cpp:16]
ST_2 : Operation 20 [1/1] (0.00ns)   --->   "%x = call i8 @_ssdm_op_BitConcatenate.i8.i7.i1(i7 %tmp, i1 false)" [sc_loop/src/modules/Conversion.cpp:21]
ST_2 : Operation 21 [1/1] (3.90ns)   --->   "call void @_ssdm_op_Write.ap_fifo.volatile.i8P(i8* %s, i8 %x)" [sc_loop/src/modules/Conversion.cpp:22]   --->   Core 32 'FIFO' <Latency = 0> <II = 1> <Delay = 3.90> <Storage> <Opcode : 'read' 'write' 'nbread' 'nbwrite'> <Ports = 0> <Width = 8> <Depth = 0> <FIFO>
ST_2 : Operation 22 [1/1] (0.00ns)   --->   "br label %1" [sc_loop/src/modules/Conversion.cpp:23]


============================================================
+ Verbose Summary: Binding
============================================================
STG Binding: 
---------------- STG Properties BEGIN ----------------
- Is combinational: 0
- Is one-state seq: 0
- Is datapath-only: 0
- Is pipelined: 0
- Is top level: 0
Port [ Return ] is wired: 1; IO mode=ap_ctrl_hs:ce=0
Port [ clk]:  wired=1; compound=0; hidden=1; nouse=1; global=0; static=0; extern=0; dir=0; type=0; pingpong=0; private_global=0; IO mode=ap_none:ce=0
Port [ reset]:  wired=1; compound=0; hidden=1; nouse=1; global=0; static=0; extern=0; dir=0; type=0; pingpong=0; private_global=0; IO mode=ap_none:ce=0
Port [ e]:  wired=1; compound=1; hidden=0; nouse=0; global=0; static=0; extern=0; dir=0; type=3; pingpong=0; private_global=0; IO mode=ap_fifo:ce=0
Port [ s]:  wired=1; compound=1; hidden=0; nouse=0; global=0; static=0; extern=0; dir=1; type=3; pingpong=0; private_global=0; IO mode=ap_fifo:ce=0
---------------- STG Properties END ------------------

---------------- Datapath Model BEGIN ----------------

<LifeTime>
<method=bitvector/>
StgValue_3     (specbitsmap    ) [ 000]
StgValue_4     (specbitsmap    ) [ 000]
StgValue_5     (specbitsmap    ) [ 000]
StgValue_6     (specbitsmap    ) [ 000]
StgValue_7     (specport       ) [ 000]
StgValue_8     (specport       ) [ 000]
StgValue_9     (specinterface  ) [ 000]
StgValue_10    (specinterface  ) [ 000]
StgValue_11    (specprocessdef ) [ 000]
tmp_1          (specregionbegin) [ 000]
StgValue_13    (specprotocol   ) [ 000]
p_ssdm_reset_v (specstatebegin ) [ 000]
empty          (specstateend   ) [ 000]
empty_9        (specregionend  ) [ 000]
StgValue_17    (br             ) [ 000]
tmp_3          (read           ) [ 000]
tmp            (partselect     ) [ 000]
x              (bitconcatenate ) [ 000]
StgValue_21    (write          ) [ 000]
StgValue_22    (br             ) [ 000]
</LifeTime>

<model>

<comp_list>
<comp id="0" class="1000" name="clk">
<pin_list>
<pin id="1" dir="1" index="0" bw="1" slack="2147483647"/>
</pin_list>
<bind>
<StgValue><ssdm name="clk"/></StgValue>
</bind>
</comp>

<comp id="2" class="1000" name="reset">
<pin_list>
<pin id="3" dir="1" index="0" bw="1" slack="2147483647"/>
</pin_list>
<bind>
<StgValue><ssdm name="reset"/></StgValue>
</bind>
</comp>

<comp id="4" class="1000" name="e">
<pin_list>
<pin id="5" dir="1" index="0" bw="1" slack="0"/>
</pin_list>
<bind>
<StgValue><ssdm name="e"/></StgValue>
</bind>
</comp>

<comp id="6" class="1000" name="s">
<pin_list>
<pin id="7" dir="1" index="0" bw="1" slack="0"/>
</pin_list>
<bind>
<StgValue><ssdm name="s"/></StgValue>
</bind>
</comp>

<comp id="8" class="1001" name="const_8">
<pin_list>
<pin id="9" dir="1" index="0" bw="1" slack="2147483647"/>
</pin_list>
<bind>
<StgValue><ssdm name="_ssdm_op_SpecBitsMap"/></StgValue>
</bind>
</comp>

<comp id="10" class="1001" name="const_10">
<pin_list>
<pin id="11" dir="1" index="0" bw="1" slack="2147483647"/>
</pin_list>
<bind>
<StgValue><ssdm name="_ssdm_op_SpecPort"/></StgValue>
</bind>
</comp>

<comp id="12" class="1001" name="const_12">
<pin_list>
<pin id="13" dir="1" index="0" bw="1" slack="2147483647"/>
</pin_list>
<bind>
<StgValue><ssdm name="p_str"/></StgValue>
</bind>
</comp>

<comp id="14" class="1001" name="const_14">
<pin_list>
<pin id="15" dir="1" index="0" bw="1" slack="2147483647"/>
</pin_list>
<bind>
<StgValue><ssdm name=""/></StgValue>
</bind>
</comp>

<comp id="16" class="1001" name="const_16">
<pin_list>
<pin id="17" dir="1" index="0" bw="1" slack="2147483647"/>
</pin_list>
<bind>
<StgValue><ssdm name="p_str1"/></StgValue>
</bind>
</comp>

<comp id="18" class="1001" name="const_18">
<pin_list>
<pin id="19" dir="1" index="0" bw="1" slack="2147483647"/>
</pin_list>
<bind>
<StgValue><ssdm name="p_str2"/></StgValue>
</bind>
</comp>

<comp id="20" class="1001" name="const_20">
<pin_list>
<pin id="21" dir="1" index="0" bw="1" slack="2147483647"/>
</pin_list>
<bind>
<StgValue><ssdm name="p_str3"/></StgValue>
</bind>
</comp>

<comp id="22" class="1001" name="const_22">
<pin_list>
<pin id="23" dir="1" index="0" bw="1" slack="2147483647"/>
</pin_list>
<bind>
<StgValue><ssdm name="_ssdm_op_SpecInterface"/></StgValue>
</bind>
</comp>

<comp id="24" class="1001" name="const_24">
<pin_list>
<pin id="25" dir="1" index="0" bw="1" slack="2147483647"/>
</pin_list>
<bind>
<StgValue><ssdm name="p_str4"/></StgValue>
</bind>
</comp>

<comp id="26" class="1001" name="const_26">
<pin_list>
<pin id="27" dir="1" index="0" bw="1" slack="2147483647"/>
</pin_list>
<bind>
<StgValue><ssdm name="p_str5"/></StgValue>
</bind>
</comp>

<comp id="28" class="1001" name="const_28">
<pin_list>
<pin id="29" dir="1" index="0" bw="1" slack="2147483647"/>
</pin_list>
<bind>
<StgValue><ssdm name="_ssdm_op_SpecProcessDef"/></StgValue>
</bind>
</comp>

<comp id="30" class="1001" name="const_30">
<pin_list>
<pin id="31" dir="1" index="0" bw="1" slack="2147483647"/>
</pin_list>
<bind>
<StgValue><ssdm name=""/></StgValue>
</bind>
</comp>

<comp id="32" class="1001" name="const_32">
<pin_list>
<pin id="33" dir="1" index="0" bw="1" slack="2147483647"/>
</pin_list>
<bind>
<StgValue><ssdm name="p_str6"/></StgValue>
</bind>
</comp>

<comp id="34" class="1001" name="const_34">
<pin_list>
<pin id="35" dir="1" index="0" bw="1" slack="2147483647"/>
</pin_list>
<bind>
<StgValue><ssdm name="_ssdm_op_SpecRegionBegin"/></StgValue>
</bind>
</comp>

<comp id="36" class="1001" name="const_36">
<pin_list>
<pin id="37" dir="1" index="0" bw="1" slack="2147483647"/>
</pin_list>
<bind>
<StgValue><ssdm name="p_str7"/></StgValue>
</bind>
</comp>

<comp id="38" class="1001" name="const_38">
<pin_list>
<pin id="39" dir="1" index="0" bw="1" slack="2147483647"/>
</pin_list>
<bind>
<StgValue><ssdm name="_ssdm_op_SpecProtocol"/></StgValue>
</bind>
</comp>

<comp id="40" class="1001" name="const_40">
<pin_list>
<pin id="41" dir="1" index="0" bw="1" slack="0"/>
</pin_list>
<bind>
<StgValue><ssdm name=""/></StgValue>
</bind>
</comp>

<comp id="42" class="1001" name="const_42">
<pin_list>
<pin id="43" dir="1" index="0" bw="1" slack="2147483647"/>
</pin_list>
<bind>
<StgValue><ssdm name="_ssdm_op_SpecStateBegin"/></StgValue>
</bind>
</comp>

<comp id="44" class="1001" name="const_44">
<pin_list>
<pin id="45" dir="1" index="0" bw="1" slack="2147483647"/>
</pin_list>
<bind>
<StgValue><ssdm name="_ssdm_op_SpecStateEnd"/></StgValue>
</bind>
</comp>

<comp id="46" class="1001" name="const_46">
<pin_list>
<pin id="47" dir="1" index="0" bw="1" slack="2147483647"/>
</pin_list>
<bind>
<StgValue><ssdm name="_ssdm_op_SpecRegionEnd"/></StgValue>
</bind>
</comp>

<comp id="48" class="1001" name="const_48">
<pin_list>
<pin id="49" dir="1" index="0" bw="1" slack="0"/>
</pin_list>
<bind>
<StgValue><ssdm name="_ssdm_op_Read.ap_fifo.volatile.i8P"/></StgValue>
</bind>
</comp>

<comp id="50" class="1001" name="const_50">
<pin_list>
<pin id="51" dir="1" index="0" bw="1" slack="0"/>
</pin_list>
<bind>
<StgValue><ssdm name="_ssdm_op_PartSelect.i7.i8.i32.i32"/></StgValue>
</bind>
</comp>

<comp id="52" class="1001" name="const_52">
<pin_list>
<pin id="53" dir="1" index="0" bw="1" slack="0"/>
</pin_list>
<bind>
<StgValue><ssdm name=""/></StgValue>
</bind>
</comp>

<comp id="54" class="1001" name="const_54">
<pin_list>
<pin id="55" dir="1" index="0" bw="1" slack="0"/>
</pin_list>
<bind>
<StgValue><ssdm name="_ssdm_op_BitConcatenate.i8.i7.i1"/></StgValue>
</bind>
</comp>

<comp id="56" class="1001" name="const_56">
<pin_list>
<pin id="57" dir="1" index="0" bw="1" slack="0"/>
</pin_list>
<bind>
<StgValue><ssdm name=""/></StgValue>
</bind>
</comp>

<comp id="58" class="1001" name="const_58">
<pin_list>
<pin id="59" dir="1" index="0" bw="1" slack="0"/>
</pin_list>
<bind>
<StgValue><ssdm name="_ssdm_op_Write.ap_fifo.volatile.i8P"/></StgValue>
</bind>
</comp>

<comp id="60" class="1004" name="tmp_3_read_fu_60">
<pin_list>
<pin id="61" dir="0" index="0" bw="8" slack="0"/>
<pin id="62" dir="0" index="1" bw="8" slack="0"/>
<pin id="63" dir="1" index="2" bw="8" slack="0"/>
</pin_list>
<bind>
<opcode="read(1150) " fcode="read"/>
<opset="tmp_3/2 "/>
</bind>
</comp>

<comp id="66" class="1004" name="StgValue_21_write_fu_66">
<pin_list>
<pin id="67" dir="0" index="0" bw="0" slack="0"/>
<pin id="68" dir="0" index="1" bw="8" slack="0"/>
<pin id="69" dir="0" index="2" bw="8" slack="0"/>
<pin id="70" dir="1" index="3" bw="0" slack="2147483647"/>
</pin_list>
<bind>
<opcode="write(1151) " fcode="write"/>
<opset="StgValue_21/2 "/>
</bind>
</comp>

<comp id="73" class="1004" name="tmp_fu_73">
<pin_list>
<pin id="74" dir="0" index="0" bw="7" slack="0"/>
<pin id="75" dir="0" index="1" bw="8" slack="0"/>
<pin id="76" dir="0" index="2" bw="1" slack="0"/>
<pin id="77" dir="0" index="3" bw="4" slack="0"/>
<pin id="78" dir="1" index="4" bw="7" slack="0"/>
</pin_list>
<bind>
<opcode="partselect(1002) " fcode="partselect"/>
<opset="tmp/2 "/>
</bind>
</comp>

<comp id="83" class="1004" name="x_fu_83">
<pin_list>
<pin id="84" dir="0" index="0" bw="8" slack="0"/>
<pin id="85" dir="0" index="1" bw="7" slack="0"/>
<pin id="86" dir="0" index="2" bw="1" slack="0"/>
<pin id="87" dir="1" index="3" bw="8" slack="0"/>
</pin_list>
<bind>
<opcode="bitconcatenate(1004) " fcode="bitconcatenate"/>
<opset="x/2 "/>
</bind>
</comp>

</comp_list>

<net_list>
<net id="64"><net_src comp="48" pin="0"/><net_sink comp="60" pin=0"/></net>

<net id="65"><net_src comp="4" pin="0"/><net_sink comp="60" pin=1"/></net>

<net id="71"><net_src comp="58" pin="0"/><net_sink comp="66" pin=0"/></net>

<net id="72"><net_src comp="6" pin="0"/><net_sink comp="66" pin=1"/></net>

<net id="79"><net_src comp="50" pin="0"/><net_sink comp="73" pin=0"/></net>

<net id="80"><net_src comp="60" pin="2"/><net_sink comp="73" pin=1"/></net>

<net id="81"><net_src comp="40" pin="0"/><net_sink comp="73" pin=2"/></net>

<net id="82"><net_src comp="52" pin="0"/><net_sink comp="73" pin=3"/></net>

<net id="88"><net_src comp="54" pin="0"/><net_sink comp="83" pin=0"/></net>

<net id="89"><net_src comp="73" pin="4"/><net_sink comp="83" pin=1"/></net>

<net id="90"><net_src comp="56" pin="0"/><net_sink comp="83" pin=2"/></net>

<net id="91"><net_src comp="83" pin="3"/><net_sink comp="66" pin=2"/></net>

</net_list>

</model> 
---------------- Datapath Model END ------------------

* FSMD analyzer results:
  - Output states:
	Port: s | {2 }
 - Input state : 
	Port: Conversion::do_conversion : e | {2 }
  - Chain level:
	State 1
		empty : 1
		empty_9 : 1
	State 2
		x : 1
		StgValue_21 : 2


============================================================
+ Verbose Summary: Datapath Resource usage 
============================================================

* Functional unit list:
|----------|-------------------------|
| Operation|     Functional Unit     |
|----------|-------------------------|
|   read   |     tmp_3_read_fu_60    |
|----------|-------------------------|
|   write  | StgValue_21_write_fu_66 |
|----------|-------------------------|
|partselect|        tmp_fu_73        |
|----------|-------------------------|
|bitconcatenate|         x_fu_83         |
|----------|-------------------------|
|   Total  |                         |
|----------|-------------------------|

Memories:
N/A

* Register list:
N/A

* Multiplexer (MUX) list: 
|--------|------|------|------|--------|
|  Comp  |  Pin | Size |  BW  | S x BW |
|--------|------|------|------|--------|
|  Total |      |      |      |    0   |
|--------|------|------|------|--------|



* Summary:
+-----------+
|           |
+-----------+
|  Function |
|   Memory  |
|Multiplexer|
|  Register |
+-----------+
|   Total   |
+-----------+
