

================================================================
== Vivado HLS Report for 'comparateur'
================================================================
* Date:           Thu Dec 21 14:59:12 2017

* Version:        2017.3 (Build 2018833 on Wed Oct 04 20:30:40 MDT 2017)
* Project:        main_module
* Solution:       solution1
* Product family: artix7
* Target device:  xc7a100tcsg324-1


================================================================
== Performance Estimates
================================================================
+ Timing (ns): 
    * Summary: 
    +--------+-------+----------+------------+
    |  Clock | Target| Estimated| Uncertainty|
    +--------+-------+----------+------------+
    |ap_clk  |  10.00|      8.07|        1.25|
    +--------+-------+----------+------------+

+ Latency (clock cycles): 
    * Summary: 
    +-----+-----+-----+-----+---------+
    |  Latency  |  Interval | Pipeline|
    | min | max | min | max |   Type  |
    +-----+-----+-----+-----+---------+
    |    0|   13|    1|   14|   none  |
    +-----+-----+-----+-----+---------+

    + Detail: 
        * Instance: 
        +-------------------------------+---------------------+-----+-----+-----+-----+---------+
        |                               |                     |  Latency  |  Interval | Pipeline|
        |            Instance           |        Module       | min | max | min | max |   Type  |
        +-------------------------------+---------------------+-----+-----+-----+-----+---------+
        |grp_comparateur_do_comp_fu_74  |comparateur_do_comp  |   12|   12|   12|   12|   none  |
        +-------------------------------+---------------------+-----+-----+-----+-----+---------+

        * Loop: 
        N/A



================================================================
== Utilization Estimates
================================================================
* Summary: 
+-----------------+---------+-------+--------+-------+
|       Name      | BRAM_18K| DSP48E|   FF   |  LUT  |
+-----------------+---------+-------+--------+-------+
|DSP              |        -|      -|       -|      -|
|Expression       |        -|      -|       -|      -|
|FIFO             |        -|      -|       -|      -|
|Instance         |        -|      0|     581|   1196|
|Memory           |        -|      -|       -|      -|
|Multiplexer      |        -|      -|       -|      -|
|Register         |        -|      -|       -|      -|
+-----------------+---------+-------+--------+-------+
|Total            |        0|      0|     581|   1196|
+-----------------+---------+-------+--------+-------+
|Available        |      270|    240|  126800|  63400|
+-----------------+---------+-------+--------+-------+
|Utilization (%)  |        0|      0|   ~0   |      1|
+-----------------+---------+-------+--------+-------+

+ Detail: 
    * Instance: 
    +-------------------------------+---------------------+---------+-------+-----+------+
    |            Instance           |        Module       | BRAM_18K| DSP48E|  FF |  LUT |
    +-------------------------------+---------------------+---------+-------+-----+------+
    |grp_comparateur_do_comp_fu_74  |comparateur_do_comp  |        0|      0|  581|  1196|
    +-------------------------------+---------------------+---------+-------+-----+------+
    |Total                          |                     |        0|      0|  581|  1196|
    +-------------------------------+---------------------+---------+-------+-----+------+

    * DSP48: 
    N/A

    * Memory: 
    N/A

    * FIFO: 
    N/A

    * Expression: 
    N/A

    * Multiplexer: 
    N/A

    * Register: 
    N/A



================================================================
== Interface
================================================================
* Summary: 
+------------+-----+-----+------------+----------------------------+--------------+
|  RTL Ports | Dir | Bits|  Protocol  |        Source Object       |    C Type    |
+------------+-----+-----+------------+----------------------------+--------------+
|clk         |  in |    1| ap_ctrl_hs | comparateur::comparateur.1 | return value |
|reset       |  in |    1| ap_ctrl_hs | comparateur::comparateur.1 | return value |
|e1_dout     |  in |   32|   ap_fifo  |             e1             |    pointer   |
|e1_empty_n  |  in |    1|   ap_fifo  |             e1             |    pointer   |
|e1_read     | out |    1|   ap_fifo  |             e1             |    pointer   |
|e2_dout     |  in |   32|   ap_fifo  |             e2             |    pointer   |
|e2_empty_n  |  in |    1|   ap_fifo  |             e2             |    pointer   |
|e2_read     | out |    1|   ap_fifo  |             e2             |    pointer   |
|s_din       | out |   32|   ap_fifo  |              s             |    pointer   |
|s_full_n    |  in |    1|   ap_fifo  |              s             |    pointer   |
|s_write     | out |    1|   ap_fifo  |              s             |    pointer   |
+------------+-----+-----+------------+----------------------------+--------------+

