

================================================================
== Vivado HLS Report for 'top_level'
================================================================
* Date:           Wed Jan 17 14:58:13 2018

* Version:        2017.3 (Build 2018833 on Wed Oct 04 20:30:40 MDT 2017)
* Project:        main_module
* Solution:       solution1
* Product family: artix7
* Target device:  xc7a100tcsg324-1


================================================================
== Performance Estimates
================================================================
+ Timing (ns): 
    * Summary: 
    +--------+-------+----------+------------+
    |  Clock | Target| Estimated| Uncertainty|
    +--------+-------+----------+------------+
    |ap_clk  |  10.00|      8.61|        1.25|
    +--------+-------+----------+------------+

+ Latency (clock cycles): 
    * Summary: 
    +-----+-----+-----+-----+---------+
    |  Latency  |  Interval | Pipeline|
    | min | max | min | max |   Type  |
    +-----+-----+-----+-----+---------+
    |    1|   29|    2|   30|   none  |
    +-----+-----+-----+-----+---------+

    + Detail: 
        * Instance: 
        +------------------------+-------------+-----+-----+-----+-----+---------+
        |                        |             |  Latency  |  Interval | Pipeline|
        |        Instance        |    Module   | min | max | min | max |   Type  |
        +------------------------+-------------+-----+-----+-----+-----+---------+
        |grp_doubleur_fu_176     |doubleur     |    0|    3|    1|    4|   none  |
        |grp_comparateur_fu_194  |comparateur  |    0|   13|    1|   14|   none  |
        |grp_filtre1_fu_216      |filtre1      |    0|   24|    1|   25|   none  |
        |grp_carre_fu_238        |carre        |    0|    8|    1|    9|   none  |
        |grp_filtre2_fu_254      |filtre2      |    0|   24|    1|   25|   none  |
        |grp_racine_fu_276       |racine       |    0|   28|    1|   29|   none  |
        +------------------------+-------------+-----+-----+-----+-----+---------+

        * Loop: 
        N/A



================================================================
== Utilization Estimates
================================================================
* Summary: 
+-----------------+---------+-------+--------+-------+
|       Name      | BRAM_18K| DSP48E|   FF   |  LUT  |
+-----------------+---------+-------+--------+-------+
|DSP              |        -|      -|       -|      -|
|Expression       |        -|      -|       -|      -|
|FIFO             |       96|      -|     900|   2922|
|Instance         |        0|     56|    6043|   6576|
|Memory           |        -|      -|       -|      -|
|Multiplexer      |        -|      -|       -|      -|
|Register         |        -|      -|       -|      -|
+-----------------+---------+-------+--------+-------+
|Total            |       96|     56|    6943|   9498|
+-----------------+---------+-------+--------+-------+
|Available        |      270|    240|  126800|  63400|
+-----------------+---------+-------+--------+-------+
|Utilization (%)  |       35|     23|       5|     14|
+-----------------+---------+-------+--------+-------+

+ Detail: 
    * Instance: 
    +------------------------+-------------+---------+-------+------+------+
    |        Instance        |    Module   | BRAM_18K| DSP48E|  FF  |  LUT |
    +------------------------+-------------+---------+-------+------+------+
    |grp_carre_fu_238        |carre        |        0|      3|   214|   196|
    |grp_comparateur_fu_194  |comparateur  |        0|      0|   581|  1196|
    |grp_doubleur_fu_176     |doubleur     |        0|      0|     2|    44|
    |grp_filtre1_fu_216      |filtre1      |        0|     25|  2070|  1718|
    |grp_filtre2_fu_254      |filtre2      |        0|     25|  2070|  1703|
    |grp_racine_fu_276       |racine       |        0|      3|  1106|  1719|
    +------------------------+-------------+---------+-------+------+------+
    |Total                   |             |        0|     56|  6043|  6576|
    +------------------------+-------------+---------+-------+------+------+

    * DSP48: 
    N/A

    * Memory: 
    N/A

    * FIFO: 
    +----------------+---------+-----+-----+------+-----+---------+
    |      Name      | BRAM_18K|  FF | LUT | Depth| Bits| Size:D*B|
    +----------------+---------+-----+-----+------+-----+---------+
    |doub1_1_fifo_U  |       16|  150|  487|  8192|   32|   262144|
    |doub2_1_fifo_U  |       16|  150|  487|  8192|   32|   262144|
    |fifo1_1_fifo_U  |       16|  150|  487|  8192|   32|   262144|
    |fifo2_1_fifo_U  |       16|  150|  487|  8192|   32|   262144|
    |fifo3_1_fifo_U  |       16|  150|  487|  8192|   32|   262144|
    |fifo4_1_fifo_U  |       16|  150|  487|  8192|   32|   262144|
    +----------------+---------+-----+-----+------+-----+---------+
    |Total           |       96|  900| 2922| 49152|  192|  1572864|
    +----------------+---------+-----+-----+------+-----+---------+

    * Expression: 
    N/A

    * Multiplexer: 
    N/A

    * Register: 
    N/A



================================================================
== Interface
================================================================
* Summary: 
+-----------+-----+-----+------------+------------------------+--------------+
| RTL Ports | Dir | Bits|  Protocol  |      Source Object     |    C Type    |
+-----------+-----+-----+------------+------------------------+--------------+
|clk        |  in |    1| ap_ctrl_hs | top_level::top_level.1 | return value |
|reset      |  in |    1| ap_ctrl_hs | top_level::top_level.1 | return value |
|e_dout     |  in |   32|   ap_fifo  |            e           |    pointer   |
|e_empty_n  |  in |    1|   ap_fifo  |            e           |    pointer   |
|e_read     | out |    1|   ap_fifo  |            e           |    pointer   |
|s_din      | out |   32|   ap_fifo  |            s           |    pointer   |
|s_full_n   |  in |    1|   ap_fifo  |            s           |    pointer   |
|s_write    | out |    1|   ap_fifo  |            s           |    pointer   |
+-----------+-----+-----+------------+------------------------+--------------+

