

================================================================
== Vivado HLS Report for 'UartModOut'
================================================================
* Date:           Thu Dec 21 14:59:04 2017

* Version:        2017.3 (Build 2018833 on Wed Oct 04 20:30:40 MDT 2017)
* Project:        main_module
* Solution:       solution1
* Product family: artix7
* Target device:  xc7a100tcsg324-1


================================================================
== Performance Estimates
================================================================
+ Timing (ns): 
    * Summary: 
    +--------+-------+----------+------------+
    |  Clock | Target| Estimated| Uncertainty|
    +--------+-------+----------+------------+
    |ap_clk  |  10.00|      7.82|        1.25|
    +--------+-------+----------+------------+

+ Latency (clock cycles): 
    * Summary: 
    +-----+-----+-----+-----+---------+
    |  Latency  |  Interval | Pipeline|
    | min | max | min | max |   Type  |
    +-----+-----+-----+-----+---------+
    |    0|    6|    1|    7|   none  |
    +-----+-----+-----+-----+---------+

    + Detail: 
        * Instance: 
        +------------------------------+--------------------+-----+-----+-----+-----+---------+
        |                              |                    |  Latency  |  Interval | Pipeline|
        |           Instance           |       Module       | min | max | min | max |   Type  |
        +------------------------------+--------------------+-----+-----+-----+-----+---------+
        |grp_UartModOut_do_send_fu_58  |UartModOut_do_send  |    5|    5|    5|    5|   none  |
        +------------------------------+--------------------+-----+-----+-----+-----+---------+

        * Loop: 
        N/A



================================================================
== Utilization Estimates
================================================================
* Summary: 
+-----------------+---------+-------+--------+-------+
|       Name      | BRAM_18K| DSP48E|   FF   |  LUT  |
+-----------------+---------+-------+--------+-------+
|DSP              |        -|      -|       -|      -|
|Expression       |        -|      -|       -|      -|
|FIFO             |        -|      -|       -|      -|
|Instance         |        -|      -|      29|     80|
|Memory           |        -|      -|       -|      -|
|Multiplexer      |        -|      -|       -|      -|
|Register         |        -|      -|       -|      -|
+-----------------+---------+-------+--------+-------+
|Total            |        0|      0|      29|     80|
+-----------------+---------+-------+--------+-------+
|Available        |      270|    240|  126800|  63400|
+-----------------+---------+-------+--------+-------+
|Utilization (%)  |        0|      0|   ~0   |   ~0  |
+-----------------+---------+-------+--------+-------+

+ Detail: 
    * Instance: 
    +------------------------------+--------------------+---------+-------+----+----+
    |           Instance           |       Module       | BRAM_18K| DSP48E| FF | LUT|
    +------------------------------+--------------------+---------+-------+----+----+
    |grp_UartModOut_do_send_fu_58  |UartModOut_do_send  |        0|      0|  29|  80|
    +------------------------------+--------------------+---------+-------+----+----+
    |Total                         |                    |        0|      0|  29|  80|
    +------------------------------+--------------------+---------+-------+----+----+

    * DSP48: 
    N/A

    * Memory: 
    N/A

    * FIFO: 
    N/A

    * Expression: 
    N/A

    * Multiplexer: 
    N/A

    * Register: 
    N/A



================================================================
== Interface
================================================================
* Summary: 
+-----------+-----+-----+------------+--------------------------+--------------+
| RTL Ports | Dir | Bits|  Protocol  |       Source Object      |    C Type    |
+-----------+-----+-----+------------+--------------------------+--------------+
|e_dout     |  in |   32|   ap_fifo  |             e            |    pointer   |
|e_empty_n  |  in |    1|   ap_fifo  |             e            |    pointer   |
|e_read     | out |    1|   ap_fifo  |             e            |    pointer   |
|s_din      | out |    8|   ap_fifo  |             s            |    pointer   |
|s_full_n   |  in |    1|   ap_fifo  |             s            |    pointer   |
|s_write    | out |    1|   ap_fifo  |             s            |    pointer   |
|clk        |  in |    1| ap_ctrl_hs | UartModOut::UartModOut.1 | return value |
|rst        |  in |    1| ap_ctrl_hs | UartModOut::UartModOut.1 | return value |
+-----------+-----+-----+------------+--------------------------+--------------+

