INFO: [SIM 2] *************** CSIM start ***************
INFO: [SIM 4] CSIM will launch GCC as the compiler.
   Compiling ../../../src/main.cpp in debug mode
   Compiling ../../../src/modules/Conversion.cpp in debug mode
   Generating csim.exe
Initialisation des composants...
Creation des signaux d'interconnexion...
Mapping des composants...
Lancement de la simulation du circuit...
Time = 0 s => Valeur emise : 17767

Info: (I804) /IEEE_Std_1666/deprecated: all waits except wait() and wait(N)
             are deprecated for SC_CTHREAD, use an SC_THREAD instead
Time = 0 s => Valeur recue : 104
Time = 10 ns => Valeur emise : 9158
Time = 10 ns => Valeur recue : -57
Time = 20 ns => Valeur emise : 39017
Time = 20 ns => Valeur recue : 106
Time = 30 ns => Valeur emise : 18547
Time = 40 ns => Valeur emise : 56401
Time = 40 ns => Valeur recue : 116
Time = 40 ns => Valeur recue : 82
Time = 50 ns => Valeur emise : 23807
Time = 60 ns => Valeur emise : 37962
Time = 60 ns => Valeur recue : 0
Time = 60 ns => Valeur recue : 75
Time = 70 ns => Valeur emise : 22764
Time = 80 ns => Valeur emise : 7977
Time = 80 ns => Valeur recue : -19
Time = 80 ns => Valeur recue : 42
Time = 90 ns => Valeur emise : 31949
Time = 100 ns => Valeur emise : 22714
Time = 100 ns => Valeur recue : -50
Time = 100 ns => Valeur recue : -69
Time = 110 ns => Valeur emise : 55211
Time = 120 ns => Valeur emise : 16882
Time = 120 ns => Valeur recue : -84
Time = 120 ns => Valeur recue : -13
Time = 130 ns => Valeur emise : 7931
Time = 140 ns => Valeur emise : 43491
Time = 140 ns => Valeur recue : -4
Time = 140 ns => Valeur recue : -28
Time = 150 ns => Valeur emise : 57670
Time = 160 ns => Valeur emise : 124
Time = 160 ns => Valeur recue : 71
Time = 160 ns => Valeur recue : 125
Time = 170 ns => Valeur emise : 25282
Time = 180 ns => Valeur emise : 2132
Time = 180 ns => Valeur recue : -61
Time = 180 ns => Valeur recue : 85
Time = 190 ns => Valeur emise : 10232
Time = 200 ns => Valeur emise : 8987
Time = 200 ns => Valeur recue : -7
Time = 200 ns => Valeur recue : 28
Time = 210 ns => Valeur emise : 59880
Time = 220 ns => Valeur emise : 52711
Time = 220 ns => Valeur recue : -23
Time = 220 ns => Valeur recue : -24
Time = 230 ns => Valeur emise : 17293
Time = 240 ns => Valeur emise : 3958
Time = 240 ns => Valeur recue : -114
Time = 240 ns => Valeur recue : 119
Time = 250 ns => Valeur emise : 9562
Time = 260 ns => Valeur emise : 63790
Time = 260 ns => Valeur recue : 91
Time = 260 ns => Valeur recue : 47
Time = 270 ns => Valeur emise : 29283
Time = 280 ns => Valeur emise : 49715
Time = 280 ns => Valeur recue : 100
Time = 280 ns => Valeur recue : 52
Time = 290 ns => Valeur emise : 55199
Time = 300 ns => Valeur emise : 50377
Time = 300 ns => Valeur recue : -96
Time = 300 ns => Valeur recue : -54
Time = 310 ns => Valeur emise : 1946
Time = 320 ns => Valeur emise : 64358
Time = 320 ns => Valeur recue : -101
Time = 320 ns => Valeur recue : 103
Time = 330 ns => Valeur emise : 23858
Time = 340 ns => Valeur emise : 20493
Time = 340 ns => Valeur recue : 51
Time = 340 ns => Valeur recue : 14
Time = 350 ns => Valeur emise : 55223
Time = 360 ns => Valeur emise : 47665
Time = 360 ns => Valeur recue : -72
Time = 360 ns => Valeur recue : 50
Time = 370 ns => Valeur emise : 58456
Time = 380 ns => Valeur emise : 12451
Time = 380 ns => Valeur recue : 89
Time = 380 ns => Valeur recue : -92
Time = 390 ns => Valeur emise : 55642
Time = 400 ns => Valeur emise : 24869
Time = 400 ns => Valeur recue : 91
Time = 400 ns => Valeur recue : 38
Time = 410 ns => Valeur emise : 35165
Time = 420 ns => Valeur emise : 45317
Time = 420 ns => Valeur recue : 94
Time = 420 ns => Valeur recue : 6
Time = 430 ns => Valeur emise : 41751
Time = 440 ns => Valeur emise : 43096
Time = 440 ns => Valeur recue : 24
Time = 440 ns => Valeur recue : 89
Time = 450 ns => Valeur emise : 23273
Time = 460 ns => Valeur emise : 33886
Time = 460 ns => Valeur recue : -22
Time = 460 ns => Valeur recue : 95
Time = 470 ns => Valeur emise : 43220
Time = 480 ns => Valeur emise : 48555
Time = 480 ns => Valeur recue : -43
Time = 480 ns => Valeur recue : -84
Time = 490 ns => Valeur emise : 36018
Time = 500 ns => Valeur emise : 53453
Time = 500 ns => Valeur recue : -77
Time = 500 ns => Valeur recue : -50
Time = 510 ns => Valeur emise : 57542
Time = 520 ns => Valeur emise : 30363
Time = 520 ns => Valeur recue : -57
Time = 520 ns => Valeur recue : -100
Time = 530 ns => Valeur emise : 40628
Time = 540 ns => Valeur emise : 9300
Time = 540 ns => Valeur recue : -75
Time = 540 ns => Valeur recue : 85
Time = 550 ns => Valeur emise : 34321
Time = 560 ns => Valeur emise : 50190
Time = 560 ns => Valeur recue : 18
Time = 560 ns => Valeur recue : 15
Time = 570 ns => Valeur emise : 7554
Time = 580 ns => Valeur emise : 63604
Time = 580 ns => Valeur recue : -125
Time = 580 ns => Valeur recue : 117
Time = 590 ns => Valeur emise : 34369
Time = 600 ns => Valeur emise : 62753
Time = 600 ns => Valeur recue : 66
Time = 600 ns => Valeur recue : 34
Time = 610 ns => Valeur emise : 48445
Time = 620 ns => Valeur emise : 36316
Time = 620 ns => Valeur recue : 62
Time = 620 ns => Valeur recue : -35
Time = 630 ns => Valeur emise : 61575
Time = 640 ns => Valeur emise : 6768
Time = 640 ns => Valeur recue : -120
Time = 640 ns => Valeur recue : 113
Time = 650 ns => Valeur emise : 56809
Time = 660 ns => Valeur emise : 51262
Time = 660 ns => Valeur recue : -22
Time = 660 ns => Valeur recue : 63
Time = 670 ns => Valeur emise : 54433
Time = 680 ns => Valeur emise : 49729
Time = 680 ns => Valeur recue : -94
Time = 680 ns => Valeur recue : 66
Time = 690 ns => Valeur emise : 63713
Time = 700 ns => Valeur emise : 44540
Time = 700 ns => Valeur recue : -30
Time = 700 ns => Valeur recue : -3
Time = 710 ns => Valeur emise : 9063
Time = 720 ns => Valeur emise : 33342
Time = 720 ns => Valeur recue : 104
Time = 720 ns => Valeur recue : 63
Time = 730 ns => Valeur emise : 24321
Time = 740 ns => Valeur emise : 50814
Time = 740 ns => Valeur recue : 2
Time = 740 ns => Valeur recue : 127
Time = 750 ns => Valeur emise : 10903
Time = 760 ns => Valeur emise : 47594
Time = 760 ns => Valeur recue : -104
Time = 760 ns => Valeur recue : -21
Time = 770 ns => Valeur emise : 19164
Time = 780 ns => Valeur emise : 54123
Time = 780 ns => Valeur recue : -35
Time = 780 ns => Valeur recue : 108
Time = 790 ns => Valeur emise : 30614
Time = 800 ns => Valeur emise : 55183
Time = 800 ns => Valeur recue : -105
Time = 800 ns => Valeur recue : -112
Time = 810 ns => Valeur emise : 42040
Time = 820 ns => Valeur emise : 22620
Time = 820 ns => Valeur recue : 57
Time = 820 ns => Valeur recue : 93
Time = 830 ns => Valeur emise : 20010
Time = 840 ns => Valeur emise : 17132
Time = 840 ns => Valeur recue : 43
Time = 840 ns => Valeur recue : -19
Time = 850 ns => Valeur emise : 31920
Time = 860 ns => Valeur emise : 54331
Time = 860 ns => Valeur recue : -79
Time = 860 ns => Valeur recue : 60
Time = 870 ns => Valeur emise : 1787
Time = 880 ns => Valeur emise : 39474
Time = 880 ns => Valeur recue : -4
Time = 880 ns => Valeur recue : 51
Time = 890 ns => Valeur emise : 52399
Time = 900 ns => Valeur emise : 36156
Time = 900 ns => Valeur recue : -80
Time = 900 ns => Valeur recue : 61
Time = 910 ns => Valeur emise : 36692
Time = 920 ns => Valeur emise : 35308
Time = 920 ns => Valeur recue : 85
Time = 920 ns => Valeur recue : -19
Time = 930 ns => Valeur emise : 6936
Time = 940 ns => Valeur emise : 32731
Time = 940 ns => Valeur recue : 25
Time = 940 ns => Valeur recue : -36
Time = 950 ns => Valeur emise : 42076
Time = 960 ns => Valeur emise : 63746
Time = 960 ns => Valeur recue : 93
Time = 960 ns => Valeur recue : 3
Time = 970 ns => Valeur emise : 18458
Time = 980 ns => Valeur emise : 30974
Time = 980 ns => Valeur recue : 27
Time = 980 ns => Valeur recue : -1
Time = 990 ns => Valeur emise : 47939
Time = 1 us => Valeur emise : 16635
Time = 1 us => Valeur recue : 68
Time = 1 us => Valeur recue : -4
Time = 1010 ns => Valeur emise : 9978
Time = 1020 ns => Valeur emise : 57002
Time = 1020 ns => Valeur recue : -5
Time = 1020 ns => Valeur recue : -85
Time = 1030 ns => Valeur emise : 49978
Time = 1040 ns => Valeur emise : 34299
Time = 1040 ns => Valeur recue : 59
Time = 1040 ns => Valeur recue : -4
Time = 1050 ns => Valeur emise : 42281
Time = 1060 ns => Valeur emise : 60881
Time = 1060 ns => Valeur recue : 42
Time = 1060 ns => Valeur recue : -46
Time = 1070 ns => Valeur emise : 16358
Time = 1080 ns => Valeur emise : 61445
Time = 1080 ns => Valeur recue : -25
Time = 1080 ns => Valeur recue : 6
Time = 1090 ns => Valeur emise : 49468
Time = 1100 ns => Valeur emise : 46972
Time = 1100 ns => Valeur recue : 61
Time = 1100 ns => Valeur recue : 125
Time = 1110 ns => Valeur emise : 51092
Time = 1120 ns => Valeur emise : 25973
Time = 1120 ns => Valeur recue : -107
Time = 1120 ns => Valeur recue : 118
Time = 1130 ns => Valeur emise : 4056
Time = 1140 ns => Valeur emise : 5566
Time = 1140 ns => Valeur recue : -39
Time = 1140 ns => Valeur recue : -65
Time = 1150 ns => Valeur emise : 43105
Time = 1160 ns => Valeur emise : 35977
Time = 1160 ns => Valeur recue : 98
Time = 1160 ns => Valeur recue : -118
Time = 1170 ns => Valeur emise : 59897
Time = 1180 ns => Valeur emise : 44892
Time = 1180 ns => Valeur recue : -6
Time = 1180 ns => Valeur recue : 93
Time = 1190 ns => Valeur emise : 9915
Time = 1200 ns => Valeur emise : 46760
Time = 1200 ns => Valeur recue : -68
Time = 1200 ns => Valeur recue : -87
Time = 1210 ns => Valeur emise : 15513
Time = 1220 ns => Valeur emise : 46607
Time = 1220 ns => Valeur recue : -102
Time = 1220 ns => Valeur recue : 16
Time = 1230 ns => Valeur emise : 16533
Time = 1240 ns => Valeur emise : 22449
Time = 1240 ns => Valeur recue : -106
Time = 1240 ns => Valeur recue : -78
Time = 1250 ns => Valeur emise : 13803
Time = 1260 ns => Valeur emise : 58609
Time = 1260 ns => Valeur recue : -20
Time = 1260 ns => Valeur recue : -14
Time = 1270 ns => Valeur emise : 20659
Time = 1280 ns => Valeur emise : 32261
Time = 1280 ns => Valeur recue : -76
Time = 1280 ns => Valeur recue : 6
Time = 1290 ns => Valeur emise : 24047
Time = 1300 ns => Valeur emise : 3063
Time = 1300 ns => Valeur recue : -16
Time = 1300 ns => Valeur recue : -8
Time = 1310 ns => Valeur emise : 48896
Time = 1320 ns => Valeur emise : 34025
Time = 1320 ns => Valeur recue : 1
Time = 1320 ns => Valeur recue : -22
Time = 1330 ns => Valeur emise : 60065
Time = 1340 ns => Valeur emise : 33338
Time = 1340 ns => Valeur recue : -94
Time = 1340 ns => Valeur recue : 59
Time = 1350 ns => Valeur emise : 2789
Time = 1360 ns => Valeur emise : 36810
Time = 1360 ns => Valeur recue : -26
Time = 1360 ns => Valeur recue : -53
Time = 1370 ns => Valeur emise : 28683
Time = 1380 ns => Valeur emise : 19147
Time = 1380 ns => Valeur recue : 12
Time = 1380 ns => Valeur recue : -52
Time = 1390 ns => Valeur emise : 32720
Time = 1400 ns => Valeur emise : 12616
Time = 1400 ns => Valeur recue : -47
Time = 1400 ns => Valeur recue : 73
Time = 1410 ns => Valeur emise : 583
Time = 1420 ns => Valeur emise : 18276
Time = 1420 ns => Valeur recue : 72
Time = 1420 ns => Valeur recue : 101
Time = 1430 ns => Valeur emise : 38589
Time = 1440 ns => Valeur emise : 4639
Time = 1440 ns => Valeur recue : -66
Time = 1440 ns => Valeur recue : 32
Time = 1450 ns => Valeur emise : 23843
Time = 1460 ns => Valeur emise : 16158
Time = 1460 ns => Valeur recue : 36
Time = 1460 ns => Valeur recue : 31
Time = 1470 ns => Valeur emise : 40616
Time = 1480 ns => Valeur emise : 18204
Time = 1480 ns => Valeur recue : -87
Time = 1480 ns => Valeur recue : 29
Time = 1490 ns => Valeur emise : 61051
Time = 1500 ns => Valeur emise : 50532
Time = 1500 ns => Valeur recue : 124
Time = 1500 ns => Valeur recue : 101
Time = 1510 ns => Valeur emise : 64965
Time = 1520 ns => Valeur emise : 11028
Time = 1520 ns => Valeur recue : -58
Time = 1520 ns => Valeur recue : 21
Time = 1530 ns => Valeur emise : 31603
Time = 1540 ns => Valeur emise : 15962
Time = 1540 ns => Valeur recue : 116
Time = 1540 ns => Valeur recue : 91
Time = 1550 ns => Valeur emise : 33477
Time = 1560 ns => Valeur emise : 45406
Time = 1560 ns => Valeur recue : -58
Time = 1560 ns => Valeur recue : 95
Time = 1570 ns => Valeur emise : 9035
Time = 1580 ns => Valeur emise : 54137
Time = 1580 ns => Valeur recue : 76
Time = 1580 ns => Valeur recue : 122
Time = 1590 ns => Valeur emise : 12131
Time = 1600 ns => Valeur emise : 33083
Time = 1600 ns => Valeur recue : 100
Time = 1600 ns => Valeur recue : 60
Time = 1610 ns => Valeur emise : 57200
Time = 1620 ns => Valeur emise : 61028
Time = 1620 ns => Valeur recue : 113
Time = 1620 ns => Valeur recue : 101
Time = 1630 ns => Valeur emise : 1572
Time = 1640 ns => Valeur emise : 51729
Time = 1640 ns => Valeur recue : 37
Time = 1640 ns => Valeur recue : 18
Time = 1650 ns => Valeur emise : 28830
Time = 1660 ns => Valeur emise : 4361
Time = 1660 ns => Valeur recue : -97
Time = 1660 ns => Valeur recue : 10
Time = 1670 ns => Valeur emise : 23004
Time = 1680 ns => Valeur emise : 57514
Time = 1680 ns => Valeur recue : -35
Time = 1680 ns => Valeur recue : -85
Time = 1690 ns => Valeur emise : 23508
Time = 1700 ns => Valeur emise : 55724
Time = 1700 ns => Valeur recue : -43
Time = 1700 ns => Valeur recue : -83
Time = 1710 ns => Valeur emise : 4594
Time = 1720 ns => Valeur emise : 24091
Time = 1720 ns => Valeur recue : -13
Time = 1720 ns => Valeur recue : 28
Time = 1730 ns => Valeur emise : 8464
Time = 1740 ns => Valeur emise : 43183
Time = 1740 ns => Valeur recue : 17
Time = 1740 ns => Valeur recue : -80
Time = 1750 ns => Valeur emise : 28731
Time = 1760 ns => Valeur emise : 32307
Time = 1760 ns => Valeur recue : 60
Time = 1760 ns => Valeur recue : 52
Time = 1770 ns => Valeur emise : 59341
Time = 1780 ns => Valeur emise : 3811
Time = 1780 ns => Valeur recue : -50
Time = 1780 ns => Valeur recue : -28
Time = 1790 ns => Valeur emise : 50512
Time = 1800 ns => Valeur emise : 54856
Time = 1800 ns => Valeur recue : 81
Time = 1800 ns => Valeur recue : 73
Time = 1810 ns => Valeur emise : 54343
Time = 1820 ns => Valeur emise : 49941
Time = 1820 ns => Valeur recue : 72
Time = 1820 ns => Valeur recue : 22
Time = 1830 ns => Valeur emise : 348
Time = 1840 ns => Valeur emise : 20411
Time = 1840 ns => Valeur recue : 93
Time = 1840 ns => Valeur recue : -68
Time = 1850 ns => Valeur emise : 367
Time = 1860 ns => Valeur emise : 33826
Time = 1860 ns => Valeur recue : 112
Time = 1860 ns => Valeur recue : 35
Time = 1870 ns => Valeur emise : 281
Time = 1880 ns => Valeur emise : 9402
Time = 1880 ns => Valeur recue : 26
Time = 1880 ns => Valeur recue : -69
Time = 1890 ns => Valeur emise : 22427
Time = 1900 ns => Valeur emise : 12413
Time = 1900 ns => Valeur recue : -100
Time = 1900 ns => Valeur recue : 126
Time = 1910 ns => Valeur emise : 42485
Time = 1920 ns => Valeur emise : 14091
Time = 1920 ns => Valeur recue : -10
Time = 1920 ns => Valeur recue : 12
Time = 1930 ns => Valeur emise : 7905
Time = 1940 ns => Valeur emise : 44058
Time = 1940 ns => Valeur recue : -30
Time = 1940 ns => Valeur recue : 27
Time = 1950 ns => Valeur emise : 284
Time = 1960 ns => Valeur emise : 36735
Time = 1960 ns => Valeur recue : 29
Time = 1960 ns => Valeur recue : -128
Time = 1970 ns => Valeur emise : 48419
Time = 1980 ns => Valeur emise : 23288
Time = 1980 ns => Valeur recue : 36
Time = 1980 ns => Valeur recue : -7
Time = 1990 ns => Valeur emise : 28713
Time = 2 us => Valeur emise : 6392
Time = 2 us => Valeur recue : 42
Time = 2 us => Valeur recue : -7
Time = 2010 ns => Valeur emise : 13476
Time = 2020 ns => Valeur emise : 33307
Time = 2020 ns => Valeur recue : -91
Time = 2020 ns => Valeur recue : 28
Time = 2030 ns => Valeur emise : 30483
Time = 2040 ns => Valeur emise : 21941
Time = 2040 ns => Valeur recue : 20
Time = 2040 ns => Valeur recue : -74
Time = 2050 ns => Valeur emise : 10954
Time = 2060 ns => Valeur emise : 59214
Time = 2060 ns => Valeur recue : -53
Time = 2060 ns => Valeur recue : 79
Time = 2070 ns => Valeur emise : 54248
Time = 2080 ns => Valeur emise : 4760
Time = 2080 ns => Valeur recue : -23
Time = 2080 ns => Valeur recue : -103
Time = 2090 ns => Valeur emise : 63026
Time = 2100 ns => Valeur emise : 39224
Time = 2100 ns => Valeur recue : 51
Time = 2100 ns => Valeur recue : 57
Time = 2110 ns => Valeur emise : 59616
Time = 2120 ns => Valeur emise : 51833
Time = 2120 ns => Valeur recue : -31
Time = 2120 ns => Valeur recue : 122
Time = 2130 ns => Valeur emise : 23629
Time = 2140 ns => Valeur emise : 59965
Time = 2140 ns => Valeur recue : 78
Time = 2140 ns => Valeur recue : 62
Time = 2150 ns => Valeur emise : 6708
Time = 2160 ns => Valeur emise : 23996
Time = 2160 ns => Valeur recue : 53
Time = 2160 ns => Valeur recue : -67
Time = 2170 ns => Valeur emise : 28255
Time = 2180 ns => Valeur emise : 6990
Time = 2180 ns => Valeur recue : 96
Time = 2180 ns => Valeur recue : 79
Time = 2190 ns => Valeur emise : 33399
Time = 2200 ns => Valeur emise : 50682
Time = 2200 ns => Valeur recue : 120
Time = 2200 ns => Valeur recue : -5
Time = 2210 ns => Valeur emise : 19403
Time = 2220 ns => Valeur emise : 10348
Time = 2220 ns => Valeur recue : -52
Time = 2220 ns => Valeur recue : 109
Time = 2230 ns => Valeur emise : 64773
Time = 2240 ns => Valeur emise : 27308
Time = 2240 ns => Valeur recue : 6
Time = 2240 ns => Valeur recue : -83
Time = 2250 ns => Valeur emise : 54406
Time = 2260 ns => Valeur emise : 65057
Time = 2260 ns => Valeur recue : -121
Time = 2260 ns => Valeur recue : 34
Time = 2270 ns => Valeur emise : 64043
Time = 2280 ns => Valeur emise : 37290
Time = 2280 ns => Valeur recue : 44
Time = 2280 ns => Valeur recue : -85
Time = 2290 ns => Valeur emise : 22810
Time = 2300 ns => Valeur emise : 27221
Time = 2300 ns => Valeur recue : 27
Time = 2300 ns => Valeur recue : 86
Time = 2310 ns => Valeur emise : 43682
Time = 2320 ns => Valeur emise : 36286
Time = 2320 ns => Valeur recue : -93
Time = 2320 ns => Valeur recue : -65
Time = 2330 ns => Valeur emise : 60528
Time = 2340 ns => Valeur emise : 8629
Time = 2340 ns => Valeur recue : 113
Time = 2340 ns => Valeur recue : -74
Time = 2350 ns => Valeur emise : 58227
Time = 2360 ns => Valeur emise : 5947
Time = 2360 ns => Valeur recue : 116
Time = 2360 ns => Valeur recue : 60
Time = 2370 ns => Valeur emise : 2308
Time = 2380 ns => Valeur emise : 46940
Time = 2380 ns => Valeur recue : 5
Time = 2380 ns => Valeur recue : 93
Time = 2390 ns => Valeur emise : 10707
Time = 2400 ns => Valeur emise : 65334
Time = 2400 ns => Valeur recue : -44
Time = 2400 ns => Valeur recue : 55
Time = 2410 ns => Valeur emise : 20628
Time = 2420 ns => Valeur emise : 4787
Time = 2420 ns => Valeur recue : -107
Time = 2420 ns => Valeur recue : -76
Time = 2430 ns => Valeur emise : 51631
Time = 2440 ns => Valeur emise : 44258
Time = 2440 ns => Valeur recue : -80
Time = 2440 ns => Valeur recue : -29
Time = 2450 ns => Valeur emise : 64752
Time = 2460 ns => Valeur emise : 58340
Time = 2460 ns => Valeur recue : -15
Time = 2460 ns => Valeur recue : -27
Time = 2470 ns => Valeur emise : 2718
Time = 2480 ns => Valeur emise : 27471
Time = 2480 ns => Valeur recue : -97
Time = 2480 ns => Valeur recue : 80
Time = 2490 ns => Valeur emise : 65330
Time = 2500 ns => Valeur emise : 36117
Time = 2500 ns => Valeur recue : 51
Time = 2500 ns => Valeur recue : 22
Time = 2510 ns => Valeur emise : 12617
Time = 2520 ns => Valeur emise : 19197
Time = 2520 ns => Valeur recue : 74
Time = 2520 ns => Valeur recue : -2
Time = 2530 ns => Valeur emise : 46466
Time = 2540 ns => Valeur emise : 11854
Time = 2540 ns => Valeur recue : -125
Time = 2540 ns => Valeur recue : 79
Time = 2550 ns => Valeur emise : 46505
Time = 2560 ns => Valeur emise : 35336
Time = 2560 ns => Valeur recue : -86
Time = 2560 ns => Valeur recue : 9
Time = 2570 ns => Valeur emise : 11376
Time = 2580 ns => Valeur emise : 45012
Time = 2580 ns => Valeur recue : 113
Time = 2580 ns => Valeur recue : -43
Time = 2590 ns => Valeur emise : 7090
Time = 2600 ns => Valeur emise : 34186
Time = 2600 ns => Valeur recue : -77
Time = 2600 ns => Valeur recue : -117
Time = 2610 ns => Valeur emise : 6697
Time = 2620 ns => Valeur emise : 50772
Time = 2620 ns => Valeur recue : 42
Time = 2620 ns => Valeur recue : 85
Time = 2630 ns => Valeur emise : 4936
Time = 2640 ns => Valeur emise : 1690
Time = 2640 ns => Valeur recue : 73
Time = 2640 ns => Valeur recue : -101
Time = 2650 ns => Valeur emise : 59402
Time = 2660 ns => Valeur emise : 63164
Time = 2660 ns => Valeur recue : 11
Time = 2660 ns => Valeur recue : -67
Time = 2670 ns => Valeur emise : 7637
Time = 2680 ns => Valeur emise : 61710
Time = 2680 ns => Valeur recue : -42
Time = 2680 ns => Valeur recue : 15
Time = 2690 ns => Valeur emise : 44568
Time = 2700 ns => Valeur emise : 18344
Time = 2700 ns => Valeur recue : 25
Time = 2700 ns => Valeur recue : -87
Time = 2710 ns => Valeur emise : 61508
Time = 2720 ns => Valeur emise : 65196
Time = 2720 ns => Valeur recue : 69
Time = 2720 ns => Valeur recue : -83
Time = 2730 ns => Valeur emise : 23131
Time = 2740 ns => Valeur emise : 47603
Time = 2740 ns => Valeur recue : 92
Time = 2740 ns => Valeur recue : -12
Time = 2750 ns => Valeur emise : 43918
Time = 2760 ns => Valeur emise : 22348
Time = 2760 ns => Valeur recue : -113
Time = 2760 ns => Valeur recue : 77
Time = 2770 ns => Valeur emise : 40407
Time = 2780 ns => Valeur emise : 46637
Time = 2780 ns => Valeur recue : -40
Time = 2780 ns => Valeur recue : 46
Time = 2790 ns => Valeur emise : 49819
Time = 2800 ns => Valeur emise : 40201
Time = 2800 ns => Valeur recue : -100
Time = 2800 ns => Valeur recue : 10
Time = 2810 ns => Valeur emise : 17218
Time = 2820 ns => Valeur emise : 62437
Time = 2820 ns => Valeur recue : 67
Time = 2820 ns => Valeur recue : -26
Time = 2830 ns => Valeur emise : 59398
Time = 2840 ns => Valeur emise : 63684
Time = 2840 ns => Valeur recue : 7
Time = 2840 ns => Valeur recue : -59
Time = 2850 ns => Valeur emise : 8755
Time = 2860 ns => Valeur emise : 40367
Time = 2860 ns => Valeur recue : 52
Time = 2860 ns => Valeur recue : -80
Time = 2870 ns => Valeur emise : 33485
Time = 2880 ns => Valeur emise : 20131
Time = 2880 ns => Valeur recue : -50
Time = 2880 ns => Valeur recue : -92
Time = 2890 ns => Valeur emise : 19844
Time = 2900 ns => Valeur emise : 40575
Time = 2900 ns => Valeur recue : -123
Time = 2900 ns => Valeur recue : -128
Time = 2910 ns => Valeur emise : 54317
Time = 2920 ns => Valeur emise : 26541
Time = 2920 ns => Valeur recue : 46
Time = 2920 ns => Valeur recue : -82
Time = 2930 ns => Valeur emise : 25812
Time = 2940 ns => Valeur emise : 59254
Time = 2940 ns => Valeur recue : -43
Time = 2940 ns => Valeur recue : 119
Time = 2950 ns => Valeur emise : 28231
Time = 2960 ns => Valeur emise : 19678
Time = 2960 ns => Valeur recue : 72
Time = 2960 ns => Valeur recue : -33
Time = 2970 ns => Valeur emise : 56882
Time = 2980 ns => Valeur emise : 35868
Time = 2980 ns => Valeur recue : 51
Time = 2980 ns => Valeur recue : 29
Time = 2990 ns => Valeur emise : 15852
Time = 3 us => Valeur emise : 35914
Time = 3 us => Valeur recue : -19
Time = 3 us => Valeur recue : 75
Time = 3010 ns => Valeur emise : 54212
Time = 3020 ns => Valeur emise : 11824
Time = 3020 ns => Valeur recue : -59
Time = 3020 ns => Valeur recue : 49
Time = 3030 ns => Valeur emise : 35574
Time = 3040 ns => Valeur emise : 11808
Time = 3040 ns => Valeur recue : -9
Time = 3040 ns => Valeur recue : 33
Time = 3050 ns => Valeur emise : 59427
Time = 3060 ns => Valeur emise : 13957
Time = 3060 ns => Valeur recue : 36
Time = 3060 ns => Valeur recue : -122
Time = 3070 ns => Valeur emise : 34156
Time = 3080 ns => Valeur emise : 34299
Time = 3080 ns => Valeur recue : 109
Time = 3080 ns => Valeur recue : -4
Time = 3090 ns => Valeur emise : 60594
Time = 3100 ns => Valeur emise : 18439
Time = 3100 ns => Valeur recue : -77
Time = 3100 ns => Valeur recue : 8
Time = 3110 ns => Valeur emise : 8964
Time = 3120 ns => Valeur emise : 12276
Time = 3120 ns => Valeur recue : 5
Time = 3120 ns => Valeur recue : -11
Time = 3130 ns => Valeur emise : 15340
Time = 3140 ns => Valeur emise : 2827
Time = 3140 ns => Valeur recue : -19
Time = 3140 ns => Valeur recue : 12
Time = 3150 ns => Valeur emise : 10425
Time = 3160 ns => Valeur emise : 24096
Time = 3160 ns => Valeur recue : -70
Time = 3160 ns => Valeur recue : 33
Time = 3170 ns => Valeur emise : 43194
Time = 3180 ns => Valeur emise : 43910
Time = 3180 ns => Valeur recue : -69
Time = 3180 ns => Valeur recue : -121
Time = 3190 ns => Valeur emise : 44227
Time = 3200 ns => Valeur emise : 63038
Time = 3200 ns => Valeur recue : -60
Time = 3200 ns => Valeur recue : 63
Time = 3210 ns => Valeur emise : 18949
Time = 3220 ns => Valeur emise : 33009
Time = 3220 ns => Valeur recue : 6
Time = 3220 ns => Valeur recue : -14
Time = 3230 ns => Valeur emise : 24044
Time = 3240 ns => Valeur emise : 44761
Time = 3240 ns => Valeur recue : -19
Time = 3240 ns => Valeur recue : -38
Time = 3250 ns => Valeur emise : 26727
Time = 3260 ns => Valeur emise : 52275
Time = 3260 ns => Valeur recue : 104
Time = 3260 ns => Valeur recue : 52
Time = 3270 ns => Valeur emise : 64439
Time = 3280 ns => Valeur emise : 18073
Time = 3280 ns => Valeur recue : -72
Time = 3280 ns => Valeur recue : -102
Time = 3290 ns => Valeur emise : 22608
Time = 3300 ns => Valeur emise : 14755
Time = 3300 ns => Valeur recue : 81
Time = 3300 ns => Valeur recue : -92
Time = 3310 ns => Valeur emise : 53987
Time = 3320 ns => Valeur emise : 11284
Time = 3320 ns => Valeur recue : -28
Time = 3320 ns => Valeur recue : 21
Time = 3330 ns => Valeur emise : 26579
Time = 3340 ns => Valeur emise : 24025
Time = 3340 ns => Valeur recue : -44
Time = 3340 ns => Valeur recue : -38
Time = 3350 ns => Valeur emise : 23092
Time = 3360 ns => Valeur emise : 20471
Time = 3360 ns => Valeur recue : 53
Time = 3360 ns => Valeur recue : -8
Time = 3370 ns => Valeur emise : 37982
Time = 3380 ns => Valeur emise : 57248
Time = 3380 ns => Valeur recue : 95
Time = 3380 ns => Valeur recue : -95
Time = 3390 ns => Valeur emise : 54770
Time = 3400 ns => Valeur emise : 33040
Time = 3400 ns => Valeur recue : -13
Time = 3400 ns => Valeur recue : 17
Time = 3410 ns => Valeur emise : 10152
Time = 3420 ns => Valeur emise : 63734
Time = 3420 ns => Valeur recue : -87
Time = 3420 ns => Valeur recue : -9
Time = 3430 ns => Valeur emise : 45317
Time = 3440 ns => Valeur emise : 25492
Time = 3440 ns => Valeur recue : 6
Time = 3440 ns => Valeur recue : -107
Time = 3450 ns => Valeur emise : 1025
Time = 3460 ns => Valeur emise : 55742
Time = 3460 ns => Valeur recue : 2
Time = 3460 ns => Valeur recue : -65
Time = 3470 ns => Valeur emise : 49588
Time = 3480 ns => Valeur emise : 44220
Time = 3480 ns => Valeur recue : -75
Time = 3480 ns => Valeur recue : -67
Time = 3490 ns => Valeur emise : 34116
Time = 3500 ns => Valeur emise : 28280
Time = 3500 ns => Valeur recue : 69
Time = 3500 ns => Valeur recue : 121
Time = 3510 ns => Valeur emise : 41722
Time = 3520 ns => Valeur emise : 53065
Time = 3520 ns => Valeur recue : -5
Time = 3520 ns => Valeur recue : 74
Time = 3530 ns => Valeur emise : 61289
Time = 3540 ns => Valeur emise : 230
Time = 3540 ns => Valeur recue : 106
Time = 3540 ns => Valeur recue : -25
Time = 3550 ns => Valeur emise : 32291
Time = 3560 ns => Valeur emise : 22480
Time = 3560 ns => Valeur recue : 36
Time = 3560 ns => Valeur recue : -47
Time = 3570 ns => Valeur emise : 52506
Time = 3580 ns => Valeur emise : 31194
Time = 3580 ns => Valeur recue : 27
Time = 3580 ns => Valeur recue : -37
Time = 3590 ns => Valeur emise : 40553
Time = 3600 ns => Valeur emise : 9578
Time = 3600 ns => Valeur recue : 106
Time = 3600 ns => Valeur recue : 107
Time = 3610 ns => Valeur emise : 45950
Time = 3620 ns => Valeur emise : 29004
Time = 3620 ns => Valeur recue : 127
Time = 3620 ns => Valeur recue : 77
Time = 3630 ns => Valeur emise : 20862
Time = 3640 ns => Valeur emise : 6993
Time = 3640 ns => Valeur recue : 127
Time = 3640 ns => Valeur recue : 82
Time = 3650 ns => Valeur emise : 53029
Time = 3660 ns => Valeur emise : 43955
Time = 3660 ns => Valeur recue : 38
Time = 3660 ns => Valeur recue : -76
Time = 3670 ns => Valeur emise : 27464
Time = 3680 ns => Valeur emise : 25476
Time = 3680 ns => Valeur recue : 73
Time = 3680 ns => Valeur recue : -123
Time = 3690 ns => Valeur emise : 35667
Time = 3700 ns => Valeur emise : 16698
Time = 3700 ns => Valeur recue : 84
Time = 3700 ns => Valeur recue : 59
Time = 3710 ns => Valeur emise : 58516
Time = 3720 ns => Valeur emise : 45819
Time = 3720 ns => Valeur recue : -107
Time = 3720 ns => Valeur recue : -4
Time = 3730 ns => Valeur emise : 14897
Time = 3740 ns => Valeur emise : 38297
Time = 3740 ns => Valeur recue : 50
Time = 3740 ns => Valeur recue : -102
Time = 3750 ns => Valeur emise : 5776
Time = 3760 ns => Valeur emise : 15922
Time = 3760 ns => Valeur recue : -111
Time = 3760 ns => Valeur recue : 51
Time = 3770 ns => Valeur emise : 28503
Time = 3780 ns => Valeur emise : 55364
Time = 3780 ns => Valeur recue : 88
Time = 3780 ns => Valeur recue : 69
Time = 3790 ns => Valeur emise : 60142
Time = 3800 ns => Valeur emise : 62619
Time = 3800 ns => Valeur recue : -17
Time = 3800 ns => Valeur recue : -100
Time = 3810 ns => Valeur emise : 18108
Time = 3820 ns => Valeur emise : 36329
Time = 3820 ns => Valeur recue : -67
Time = 3820 ns => Valeur recue : -22
Time = 3830 ns => Valeur emise : 50149
Time = 3840 ns => Valeur emise : 13861
Time = 3840 ns => Valeur recue : -26
Time = 3840 ns => Valeur recue : 38
Time = 3850 ns => Valeur emise : 36559
Time = 3860 ns => Valeur emise : 16904
Time = 3860 ns => Valeur recue : -48
Time = 3860 ns => Valeur recue : 9
Time = 3870 ns => Valeur emise : 36341
Time = 3880 ns => Valeur emise : 23529
Time = 3880 ns => Valeur recue : -10
Time = 3880 ns => Valeur recue : -22
Time = 3890 ns => Valeur emise : 48098
Time = 3900 ns => Valeur emise : 11358
Time = 3900 ns => Valeur recue : -29
Time = 3900 ns => Valeur recue : 95
Time = 3910 ns => Valeur emise : 33107
Time = 3920 ns => Valeur emise : 28512
Time = 3920 ns => Valeur recue : 84
Time = 3920 ns => Valeur recue : 97
Time = 3930 ns => Valeur emise : 40362
Time = 3940 ns => Valeur emise : 53970
Time = 3940 ns => Valeur recue : -85
Time = 3940 ns => Valeur recue : -45
Time = 3950 ns => Valeur emise : 35506
Time = 3960 ns => Valeur emise : 27856
Time = 3960 ns => Valeur recue : -77
Time = 3960 ns => Valeur recue : -47
Time = 3970 ns => Valeur emise : 32389
Time = 3980 ns => Valeur emise : 62970
Time = 3980 ns => Valeur recue : -122
Time = 3980 ns => Valeur recue : -5
Time = 3990 ns => Valeur emise : 53332
Time = 4 us => Valeur emise : 2520
Time = 4 us => Valeur recue : 85
Time = 4 us => Valeur recue : -39
Time = 4010 ns => Valeur emise : 14133
Time = 4020 ns => Valeur emise : 46312
Time = 4020 ns => Valeur recue : 54
Time = 4020 ns => Valeur recue : -23
Time = 4030 ns => Valeur emise : 48340
Time = 4040 ns => Valeur emise : 29030
Time = 4040 ns => Valeur recue : -43
Time = 4040 ns => Valeur recue : 103
Time = 4050 ns => Valeur emise : 19074
Time = 4060 ns => Valeur emise : 54116
Time = 4060 ns => Valeur recue : -125
Time = 4060 ns => Valeur recue : 101
Time = 4070 ns => Valeur emise : 44952
Time = 4080 ns => Valeur emise : 47577
Time = 4080 ns => Valeur recue : -103
Time = 4080 ns => Valeur recue : -38
Time = 4090 ns => Valeur emise : 43944
Time = 4100 ns => Valeur emise : 39559
Time = 4100 ns => Valeur recue : -87
Time = 4100 ns => Valeur recue : -120
Time = 4110 ns => Valeur emise : 44661
Time = 4120 ns => Valeur emise : 62053
Time = 4120 ns => Valeur recue : 118
Time = 4120 ns => Valeur recue : 102
Time = 4130 ns => Valeur emise : 10352
Time = 4140 ns => Valeur emise : 29274
Time = 4140 ns => Valeur recue : 113
Time = 4140 ns => Valeur recue : 91
Time = 4150 ns => Valeur emise : 10378
Time = 4160 ns => Valeur emise : 46911
Time = 4160 ns => Valeur recue : -117
Time = 4160 ns => Valeur recue : 64
Time = 4170 ns => Valeur emise : 46178
Time = 4180 ns => Valeur emise : 46720
Time = 4180 ns => Valeur recue : 99
Time = 4180 ns => Valeur recue : -127
Time = 4190 ns => Valeur emise : 4905
Time = 4200 ns => Valeur emise : 28740
Time = 4200 ns => Valeur recue : 42
Time = 4200 ns => Valeur recue : 69
Time = 4210 ns => Valeur emise : 58078
Time = 4220 ns => Valeur emise : 38012
Time = 4220 ns => Valeur recue : -33
Time = 4220 ns => Valeur recue : 125
Time = 4230 ns => Valeur emise : 57253
Time = 4240 ns => Valeur emise : 32905
Time = 4240 ns => Valeur recue : -90
Time = 4240 ns => Valeur recue : -118
Time = 4250 ns => Valeur emise : 26446
Time = 4260 ns => Valeur emise : 27223
Time = 4260 ns => Valeur recue : 79
Time = 4260 ns => Valeur recue : 88
Time = 4270 ns => Valeur emise : 60761
Time = 4280 ns => Valeur emise : 58835
Time = 4280 ns => Valeur recue : 90
Time = 4280 ns => Valeur recue : -44
Time = 4290 ns => Valeur emise : 24657
Time = 4300 ns => Valeur emise : 48557
Time = 4300 ns => Valeur recue : 82
Time = 4300 ns => Valeur recue : -82
Time = 4310 ns => Valeur emise : 61356
Time = 4320 ns => Valeur emise : 38790
Time = 4320 ns => Valeur recue : -83
Time = 4320 ns => Valeur recue : -121
Time = 4330 ns => Valeur emise : 29333
Time = 4340 ns => Valeur emise : 44160
Time = 4340 ns => Valeur recue : -106
Time = 4340 ns => Valeur recue : -127
Time = 4350 ns => Valeur emise : 2284
Time = 4360 ns => Valeur emise : 48407
Time = 4360 ns => Valeur recue : -19
Time = 4360 ns => Valeur recue : 24
Time = 4370 ns => Valeur emise : 32740
Time = 4380 ns => Valeur emise : 47237
Time = 4380 ns => Valeur recue : -27
Time = 4380 ns => Valeur recue : -122
Time = 4390 ns => Valeur emise : 30449
Time = 4400 ns => Valeur emise : 11148
Time = 4400 ns => Valeur recue : -14
Time = 4400 ns => Valeur recue : -115
Time = 4410 ns => Valeur emise : 21260
Time = 4420 ns => Valeur emise : 9574
Time = 4420 ns => Valeur recue : 13
Time = 4420 ns => Valeur recue : 103
Time = 4430 ns => Valeur emise : 7665
Time = 4440 ns => Valeur emise : 31612
Time = 4440 ns => Valeur recue : -14
Time = 4440 ns => Valeur recue : 125
Time = 4450 ns => Valeur emise : 38848
Time = 4460 ns => Valeur emise : 18044
Time = 4460 ns => Valeur recue : -63
Time = 4460 ns => Valeur recue : 125
Time = 4470 ns => Valeur emise : 12987
Time = 4480 ns => Valeur emise : 19490
Time = 4480 ns => Valeur recue : -68
Time = 4480 ns => Valeur recue : 35
Time = 4490 ns => Valeur emise : 64764
Time = 4500 ns => Valeur emise : 17892
Time = 4500 ns => Valeur recue : -3
Time = 4500 ns => Valeur recue : -27
Time = 4510 ns => Valeur emise : 48230
Time = 4520 ns => Valeur emise : 57306
Time = 4520 ns => Valeur recue : 103
Time = 4520 ns => Valeur recue : -37
Time = 4530 ns => Valeur emise : 55905
Time = 4540 ns => Valeur emise : 39947
Time = 4540 ns => Valeur recue : 98
Time = 4540 ns => Valeur recue : 12
Time = 4550 ns => Valeur emise : 24675
Time = 4560 ns => Valeur emise : 16815
Time = 4560 ns => Valeur recue : 100
Time = 4560 ns => Valeur recue : -80
Time = 4570 ns => Valeur emise : 1634
Time = 4580 ns => Valeur emise : 19900
Time = 4580 ns => Valeur recue : 99
Time = 4580 ns => Valeur recue : -67
Time = 4590 ns => Valeur emise : 10115
Time = 4600 ns => Valeur emise : 26292
Time = 4600 ns => Valeur recue : -124
Time = 4600 ns => Valeur recue : -75
Time = 4610 ns => Valeur emise : 2921
Time = 4620 ns => Valeur emise : 5935
Time = 4620 ns => Valeur recue : 106
Time = 4620 ns => Valeur recue : 48
Time = 4630 ns => Valeur emise : 65082
Time = 4640 ns => Valeur emise : 32255
Time = 4640 ns => Valeur recue : 59
Time = 4640 ns => Valeur recue : 0
Time = 4650 ns => Valeur emise : 50095
Time = 4660 ns => Valeur emise : 1831
Time = 4660 ns => Valeur recue : -80
Time = 4660 ns => Valeur recue : 40
Time = 4670 ns => Valeur emise : 15126
Time = 4680 ns => Valeur emise : 17299
Time = 4680 ns => Valeur recue : 23
Time = 4680 ns => Valeur recue : -108
Time = 4690 ns => Valeur emise : 49068
Time = 4700 ns => Valeur emise : 45575
Time = 4700 ns => Valeur recue : -83
Time = 4700 ns => Valeur recue : 8
Time = 4710 ns => Valeur emise : 28447
Time = 4720 ns => Valeur emise : 4792
Time = 4720 ns => Valeur recue : 32
Time = 4720 ns => Valeur recue : -71
Time = 4730 ns => Valeur emise : 55149
Time = 4740 ns => Valeur emise : 36113
Time = 4740 ns => Valeur recue : 110
Time = 4740 ns => Valeur recue : 18
Time = 4750 ns => Valeur emise : 36404
Time = 4760 ns => Valeur emise : 28461
Time = 4760 ns => Valeur recue : 53
Time = 4760 ns => Valeur recue : 46
Time = 4770 ns => Valeur emise : 54157
Time = 4780 ns => Valeur emise : 49391
Time = 4780 ns => Valeur recue : -114
Time = 4780 ns => Valeur recue : -16
Time = 4790 ns => Valeur emise : 47951
Time = 4800 ns => Valeur emise : 53385
Time = 4800 ns => Valeur recue : 80
Time = 4800 ns => Valeur recue : -118
Time = 4810 ns => Valeur emise : 1748
Time = 4820 ns => Valeur emise : 30646
Time = 4820 ns => Valeur recue : -43
Time = 4820 ns => Valeur recue : -73
Time = 4830 ns => Valeur emise : 45155
Time = 4840 ns => Valeur emise : 57653
Time = 4840 ns => Valeur recue : 100
Time = 4840 ns => Valeur recue : 54
Time = 4850 ns => Valeur emise : 5057
Time = 4860 ns => Valeur emise : 4295
Time = 4860 ns => Valeur recue : -62
Time = 4860 ns => Valeur recue : -56
Time = 4870 ns => Valeur emise : 8932
Time = 4880 ns => Valeur emise : 6692
Time = 4880 ns => Valeur recue : -27
Time = 4880 ns => Valeur recue : 37
Time = 4890 ns => Valeur emise : 24195
Time = 4900 ns => Valeur emise : 19047
Time = 4900 ns => Valeur recue : -124
Time = 4900 ns => Valeur recue : 104
Time = 4910 ns => Valeur emise : 32984
Time = 4920 ns => Valeur emise : 27117
Time = 4920 ns => Valeur recue : -39
Time = 4920 ns => Valeur recue : -18
Time = 4930 ns => Valeur emise : 24982
Time = 4940 ns => Valeur emise : 32530
Time = 4940 ns => Valeur recue : -105
Time = 4940 ns => Valeur recue : 19
Time = 4950 ns => Valeur emise : 59372
Time = 4960 ns => Valeur emise : 9541
Time = 4960 ns => Valeur recue : -19
Time = 4960 ns => Valeur recue : 70
Time = 4970 ns => Valeur emise : 34361
Time = 4980 ns => Valeur emise : 8962
Time = 4980 ns => Valeur recue : 58
Time = 4980 ns => Valeur recue : 3
Time = 4990 ns => Valeur emise : 26840
Time = 5 us => Valeur emise : 17893
Time = 5 us => Valeur recue : -39
Time = 5 us => Valeur recue : -26
Time = 5010 ns => Valeur emise : 54538
Time = 5020 ns => Valeur emise : 55288
Time = 5020 ns => Valeur recue : 11
Time = 5020 ns => Valeur recue : -7
Time = 5030 ns => Valeur emise : 22685
Time = 5040 ns => Valeur emise : 44151
Time = 5040 ns => Valeur recue : -98
Time = 5040 ns => Valeur recue : 120
Time = 5050 ns => Valeur emise : 25865
Time = 5060 ns => Valeur emise : 59089
Time = 5060 ns => Valeur recue : 10
Time = 5060 ns => Valeur recue : -46
Time = 5070 ns => Valeur emise : 7077
Time = 5080 ns => Valeur emise : 14486
Time = 5080 ns => Valeur recue : -90
Time = 5080 ns => Valeur recue : -105
Time = 5090 ns => Valeur emise : 42945
Time = 5100 ns => Valeur emise : 55028
Time = 5100 ns => Valeur recue : -62
Time = 5100 ns => Valeur recue : -11
Time = 5110 ns => Valeur emise : 2335
Time = 5120 ns => Valeur emise : 44693
Time = 5120 ns => Valeur recue : 32
Time = 5120 ns => Valeur recue : -106
Time = 5130 ns => Valeur emise : 20138
Time = 5140 ns => Valeur emise : 47490
Time = 5140 ns => Valeur recue : -85
Time = 5140 ns => Valeur recue : -125
Time = 5150 ns => Valeur emise : 36810
Time = 5160 ns => Valeur emise : 25196
Time = 5160 ns => Valeur recue : -53
Time = 5160 ns => Valeur recue : 109
Time = 5170 ns => Valeur emise : 51785
Time = 5180 ns => Valeur emise : 45742
Time = 5180 ns => Valeur recue : 74
Time = 5180 ns => Valeur recue : -81
Time = 5190 ns => Valeur emise : 31888
Time = 5200 ns => Valeur emise : 10445
Time = 5200 ns => Valeur recue : -111
Time = 5200 ns => Valeur recue : -50
Time = 5210 ns => Valeur emise : 64790
Time = 5220 ns => Valeur emise : 64872
Time = 5220 ns => Valeur recue : 23
Time = 5220 ns => Valeur recue : 105
Time = 5230 ns => Valeur emise : 37562
Time = 5240 ns => Valeur emise : 24236
Time = 5240 ns => Valeur recue : -69
Time = 5240 ns => Valeur recue : -83
Time = 5250 ns => Valeur emise : 31866
Time = 5260 ns => Valeur emise : 31398
Time = 5260 ns => Valeur recue : 123
Time = 5260 ns => Valeur recue : -89
Time = 5270 ns => Valeur emise : 33778
Time = 5280 ns => Valeur emise : 692
Time = 5280 ns => Valeur recue : -13
Time = 5280 ns => Valeur recue : -75
Time = 5290 ns => Valeur emise : 40360
Time = 5300 ns => Valeur emise : 60618
Time = 5300 ns => Valeur recue : -87
Time = 5300 ns => Valeur recue : -53
Time = 5310 ns => Valeur emise : 18585
Time = 5320 ns => Valeur emise : 29362
Time = 5320 ns => Valeur recue : -102
Time = 5320 ns => Valeur recue : -77
Time = 5330 ns => Valeur emise : 50370
Time = 5340 ns => Valeur emise : 41271
Time = 5340 ns => Valeur recue : -61
Time = 5340 ns => Valeur recue : 56
Time = 5350 ns => Valeur emise : 7978
Time = 5360 ns => Valeur emise : 10699
Time = 5360 ns => Valeur recue : 43
Time = 5360 ns => Valeur recue : -52
Time = 5370 ns => Valeur emise : 34824
Time = 5380 ns => Valeur emise : 15055
Time = 5380 ns => Valeur recue : 9
Time = 5380 ns => Valeur recue : -48
Time = 5390 ns => Valeur emise : 25185
Time = 5400 ns => Valeur emise : 12233
Time = 5400 ns => Valeur recue : 98
Time = 5400 ns => Valeur recue : -54
Time = 5410 ns => Valeur emise : 4547
Time = 5420 ns => Valeur emise : 27520
Time = 5420 ns => Valeur recue : -60
Time = 5420 ns => Valeur recue : -127
Time = 5430 ns => Valeur emise : 56926
Time = 5440 ns => Valeur emise : 24686
Time = 5440 ns => Valeur recue : 95
Time = 5440 ns => Valeur recue : 111
Time = 5450 ns => Valeur emise : 9475
Time = 5460 ns => Valeur emise : 28200
Time = 5460 ns => Valeur recue : 4
Time = 5460 ns => Valeur recue : 41
Time = 5470 ns => Valeur emise : 49882
Time = 5480 ns => Valeur emise : 61260
Time = 5480 ns => Valeur recue : -37
Time = 5480 ns => Valeur recue : 77
Time = 5490 ns => Valeur emise : 8407
Time = 5500 ns => Valeur emise : 16234
Time = 5500 ns => Valeur recue : -40
Time = 5500 ns => Valeur recue : 107
Time = 5510 ns => Valeur emise : 6169
Time = 5520 ns => Valeur emise : 7661
Time = 5520 ns => Valeur recue : 26
Time = 5520 ns => Valeur recue : -18
Time = 5530 ns => Valeur emise : 15570
Time = 5540 ns => Valeur emise : 43731
Time = 5540 ns => Valeur recue : -45
Time = 5540 ns => Valeur recue : -44
Time = 5550 ns => Valeur emise : 31897
Time = 5560 ns => Valeur emise : 47436
Time = 5560 ns => Valeur recue : -102
Time = 5560 ns => Valeur recue : 77
Time = 5570 ns => Valeur emise : 9593
Time = 5580 ns => Valeur emise : 139
Time = 5580 ns => Valeur recue : 122
Time = 5580 ns => Valeur recue : -116
Time = 5590 ns => Valeur emise : 48128
Time = 5600 ns => Valeur emise : 49954
Time = 5600 ns => Valeur recue : 1
Time = 5600 ns => Valeur recue : 35
Time = 5610 ns => Valeur emise : 60758
Time = 5620 ns => Valeur emise : 1178
Time = 5620 ns => Valeur recue : 87
Time = 5620 ns => Valeur recue : -101
Time = 5630 ns => Valeur emise : 13780
Time = 5640 ns => Valeur emise : 45592
Time = 5640 ns => Valeur recue : -43
Time = 5640 ns => Valeur recue : 25
Time = 5650 ns => Valeur emise : 42449
Time = 5660 ns => Valeur emise : 21758
Time = 5660 ns => Valeur recue : -46
Time = 5660 ns => Valeur recue : -1
Time = 5670 ns => Valeur emise : 56292
Time = 5680 ns => Valeur emise : 11737
Time = 5680 ns => Valeur recue : -27
Time = 5680 ns => Valeur recue : -38
Time = 5690 ns => Valeur emise : 36813
Time = 5700 ns => Valeur emise : 15941
Time = 5700 ns => Valeur recue : -50
Time = 5700 ns => Valeur recue : 70
Time = 5710 ns => Valeur emise : 23971
Time = 5720 ns => Valeur emise : 41361
Time = 5720 ns => Valeur recue : -92
Time = 5720 ns => Valeur recue : -110
Time = 5730 ns => Valeur emise : 43462
Time = 5740 ns => Valeur emise : 15361
Time = 5740 ns => Valeur recue : -57
Time = 5740 ns => Valeur recue : 2
Time = 5750 ns => Valeur emise : 511
Time = 5760 ns => Valeur emise : 52937
Time = 5760 ns => Valeur recue : 0
Time = 5760 ns => Valeur recue : -54
Time = 5770 ns => Valeur emise : 43562
Time = 5780 ns => Valeur emise : 50393
Time = 5780 ns => Valeur recue : 43
Time = 5780 ns => Valeur recue : -38
Time = 5790 ns => Valeur emise : 48661
Time = 5800 ns => Valeur emise : 51969
Time = 5800 ns => Valeur recue : 22
Time = 5800 ns => Valeur recue : 2
Time = 5810 ns => Valeur emise : 1091
Time = 5820 ns => Valeur emise : 54831
Time = 5820 ns => Valeur recue : 68
Time = 5820 ns => Valeur recue : 48
Time = 5830 ns => Valeur emise : 59630
Time = 5840 ns => Valeur emise : 16661
Time = 5840 ns => Valeur recue : -17
Time = 5840 ns => Valeur recue : 22
Time = 5850 ns => Valeur emise : 33026
Time = 5860 ns => Valeur emise : 25991
Time = 5860 ns => Valeur recue : 3
Time = 5860 ns => Valeur recue : -120
Time = 5870 ns => Valeur emise : 64097
Time = 5880 ns => Valeur emise : 42620
Time = 5880 ns => Valeur recue : 98
Time = 5880 ns => Valeur recue : 125
Time = 5890 ns => Valeur emise : 26131
Time = 5900 ns => Valeur emise : 46690
Time = 5900 ns => Valeur recue : 20
Time = 5900 ns => Valeur recue : 99
Time = 5910 ns => Valeur emise : 27038
Time = 5920 ns => Valeur emise : 21353
Time = 5920 ns => Valeur recue : -97
Time = 5920 ns => Valeur recue : 106
Time = 5930 ns => Valeur emise : 47868
Time = 5940 ns => Valeur emise : 40818
Time = 5940 ns => Valeur recue : -3
Time = 5940 ns => Valeur recue : 115
Time = 5950 ns => Valeur emise : 1409
Time = 5960 ns => Valeur emise : 24781
Time = 5960 ns => Valeur recue : -126
Time = 5960 ns => Valeur recue : -50
Time = 5970 ns => Valeur emise : 62577
Time = 5980 ns => Valeur emise : 57701
Time = 5980 ns => Valeur recue : 114
Time = 5980 ns => Valeur recue : 102
Time = 5990 ns => Valeur emise : 36518
Time = 6 us => Valeur emise : 33854
Time = 6 us => Valeur recue : -89
Time = 6 us => Valeur recue : 63
Time = 6010 ns => Valeur emise : 8107
Time = 6020 ns => Valeur emise : 60489
Time = 6020 ns => Valeur recue : -84
Time = 6020 ns => Valeur recue : 74
Time = 6030 ns => Valeur emise : 9679
Time = 6040 ns => Valeur emise : 51569
Time = 6040 ns => Valeur recue : -48
Time = 6040 ns => Valeur recue : 114
Time = 6050 ns => Valeur emise : 10315
Time = 6060 ns => Valeur emise : 10190
Time = 6060 ns => Valeur recue : 76
Time = 6060 ns => Valeur recue : -49
Time = 6070 ns => Valeur emise : 38970
Time = 6080 ns => Valeur emise : 53877
Time = 6080 ns => Valeur recue : 59
Time = 6080 ns => Valeur recue : 118
Time = 6090 ns => Valeur emise : 60583
Time = 6100 ns => Valeur emise : 22095
Time = 6100 ns => Valeur recue : -88
Time = 6100 ns => Valeur recue : 80
Time = 6110 ns => Valeur emise : 40310
Time = 6120 ns => Valeur emise : 61674
Time = 6120 ns => Valeur recue : 119
Time = 6120 ns => Valeur recue : -21
Time = 6130 ns => Valeur emise : 11390
Time = 6140 ns => Valeur emise : 34404
Time = 6140 ns => Valeur recue : 127
Time = 6140 ns => Valeur recue : 101
Time = 6150 ns => Valeur emise : 12799
Time = 6160 ns => Valeur emise : 44417
Time = 6160 ns => Valeur recue : 0
Time = 6160 ns => Valeur recue : -126
Time = 6170 ns => Valeur emise : 60395
Time = 6180 ns => Valeur emise : 11361
Time = 6180 ns => Valeur recue : -20
Time = 6180 ns => Valeur recue : 98
Time = 6190 ns => Valeur emise : 21501
Time = 6200 ns => Valeur emise : 20990
Time = 6200 ns => Valeur recue : -2
Time = 6200 ns => Valeur recue : -1
Time = 6210 ns => Valeur emise : 58051
Time = 6220 ns => Valeur emise : 48539
Time = 6220 ns => Valeur recue : -60
Time = 6220 ns => Valeur recue : -100
Time = 6230 ns => Valeur emise : 42343
Time = 6240 ns => Valeur emise : 40383
Time = 6240 ns => Valeur recue : 104
Time = 6240 ns => Valeur recue : -64
Time = 6250 ns => Valeur emise : 23821
Time = 6260 ns => Valeur emise : 43753
Time = 6260 ns => Valeur recue : 14
Time = 6260 ns => Valeur recue : -22
Time = 6270 ns => Valeur emise : 65164
Time = 6280 ns => Valeur emise : 20862
Time = 6280 ns => Valeur recue : -115
Time = 6280 ns => Valeur recue : 127
Time = 6290 ns => Valeur emise : 35918
Time = 6300 ns => Valeur emise : 36146
Time = 6300 ns => Valeur recue : 79
Time = 6300 ns => Valeur recue : 51
Time = 6310 ns => Valeur emise : 54717
Time = 6320 ns => Valeur emise : 44025
Time = 6320 ns => Valeur recue : -66
Time = 6320 ns => Valeur recue : -6
Time = 6330 ns => Valeur emise : 31100
Time = 6340 ns => Valeur emise : 64396
Time = 6340 ns => Valeur recue : 125
Time = 6340 ns => Valeur recue : -115
Time = 6350 ns => Valeur emise : 30058
Time = 6360 ns => Valeur emise : 41415
Time = 6360 ns => Valeur recue : 107
Time = 6360 ns => Valeur recue : -56
Time = 6370 ns => Valeur emise : 9051
Time = 6380 ns => Valeur emise : 3492
Time = 6380 ns => Valeur recue : 92
Time = 6380 ns => Valeur recue : -91
Time = 6390 ns => Valeur emise : 29756
Time = 6400 ns => Valeur emise : 4098
Time = 6400 ns => Valeur recue : 61
Time = 6400 ns => Valeur recue : 3
Time = 6410 ns => Valeur emise : 25588
Time = 6420 ns => Valeur emise : 4530
Time = 6420 ns => Valeur recue : -11
Time = 6420 ns => Valeur recue : -77
Time = 6430 ns => Valeur emise : 237
Time = 6440 ns => Valeur emise : 36978
Time = 6440 ns => Valeur recue : -18
Time = 6440 ns => Valeur recue : 115
Time = 6450 ns => Valeur emise : 38934
Time = 6460 ns => Valeur emise : 13036
Time = 6460 ns => Valeur recue : 23
Time = 6460 ns => Valeur recue : -19
Time = 6470 ns => Valeur emise : 15859
Time = 6480 ns => Valeur emise : 33793
Time = 6480 ns => Valeur recue : -12
Time = 6480 ns => Valeur recue : 2
Time = 6490 ns => Valeur emise : 24397
Time = 6500 ns => Valeur emise : 37360
Time = 6500 ns => Valeur recue : 78
Time = 6500 ns => Valeur recue : -15
Time = 6510 ns => Valeur emise : 54784
Time = 6520 ns => Valeur emise : 16912
Time = 6520 ns => Valeur recue : 1
Time = 6520 ns => Valeur recue : 17
Time = 6530 ns => Valeur emise : 20363
Time = 6540 ns => Valeur emise : 31591
Time = 6540 ns => Valeur recue : -116
Time = 6540 ns => Valeur recue : 104
Time = 6550 ns => Valeur emise : 57295
Time = 6560 ns => Valeur emise : 44185
Time = 6560 ns => Valeur recue : -48
Time = 6560 ns => Valeur recue : -102
Time = 6570 ns => Valeur emise : 9808
Time = 6580 ns => Valeur emise : 56923
Time = 6580 ns => Valeur recue : 81
Time = 6580 ns => Valeur recue : 92
Time = 6590 ns => Valeur emise : 65047
Time = 6600 ns => Valeur emise : 45727
Time = 6600 ns => Valeur recue : 24
Time = 6600 ns => Valeur recue : -96
Time = 6610 ns => Valeur emise : 27534
Time = 6620 ns => Valeur emise : 54228
Time = 6620 ns => Valeur recue : -113
Time = 6620 ns => Valeur recue : -43
Time = 6630 ns => Valeur emise : 24216
Time = 6640 ns => Valeur emise : 58634
Time = 6640 ns => Valeur recue : -103
Time = 6640 ns => Valeur recue : 11
Time = 6650 ns => Valeur emise : 53089
Time = 6660 ns => Valeur emise : 54275
Time = 6660 ns => Valeur recue : 98
Time = 6660 ns => Valeur recue : 4
Time = 6670 ns => Valeur emise : 34513
Time = 6680 ns => Valeur emise : 62140
Time = 6680 ns => Valeur recue : -46
Time = 6680 ns => Valeur recue : -67
Time = 6690 ns => Valeur emise : 57767
Time = 6700 ns => Valeur emise : 64269
Time = 6700 ns => Valeur recue : -88
Time = 6700 ns => Valeur recue : 14
Time = 6710 ns => Valeur emise : 702
Time = 6720 ns => Valeur emise : 17819
Time = 6720 ns => Valeur recue : -65
Time = 6720 ns => Valeur recue : -100
Time = 6730 ns => Valeur emise : 3263
Time = 6740 ns => Valeur emise : 939
Time = 6740 ns => Valeur recue : -64
Time = 6740 ns => Valeur recue : -84
Time = 6750 ns => Valeur emise : 54798
Time = 6760 ns => Valeur emise : 42197
Time = 6760 ns => Valeur recue : 15
Time = 6760 ns => Valeur recue : -42
Time = 6770 ns => Valeur emise : 13976
Time = 6780 ns => Valeur emise : 5121
Time = 6780 ns => Valeur recue : -103
Time = 6780 ns => Valeur recue : 2
Time = 6790 ns => Valeur emise : 10454
Time = 6800 ns => Valeur emise : 38373
Time = 6800 ns => Valeur recue : -41
Time = 6800 ns => Valeur recue : -26
Time = 6810 ns => Valeur emise : 42482
Time = 6820 ns => Valeur emise : 65238
Time = 6820 ns => Valeur recue : -13
Time = 6820 ns => Valeur recue : -41
Time = 6830 ns => Valeur emise : 55286
Time = 6840 ns => Valeur emise : 62845
Time = 6840 ns => Valeur recue : -9
Time = 6840 ns => Valeur recue : 126
Time = 6850 ns => Valeur emise : 31294
Time = 6860 ns => Valeur emise : 47045
Time = 6860 ns => Valeur recue : 63
Time = 6860 ns => Valeur recue : -58
Time = 6870 ns => Valeur emise : 41494
Time = 6880 ns => Valeur emise : 41102
Time = 6880 ns => Valeur recue : 23
Time = 6880 ns => Valeur recue : -113
Time = 6890 ns => Valeur emise : 38433
Time = 6900 ns => Valeur emise : 41006
Time = 6900 ns => Valeur recue : 34
Time = 6900 ns => Valeur recue : 47
Time = 6910 ns => Valeur emise : 21293
Time = 6920 ns => Valeur emise : 431
Time = 6920 ns => Valeur recue : 46
Time = 6920 ns => Valeur recue : -80
Time = 6930 ns => Valeur emise : 29698
Time = 6940 ns => Valeur emise : 45510
Time = 6940 ns => Valeur recue : 3
Time = 6940 ns => Valeur recue : -57
Time = 6950 ns => Valeur emise : 59065
Time = 6960 ns => Valeur emise : 17251
Time = 6960 ns => Valeur recue : -70
Time = 6960 ns => Valeur recue : 100
Time = 6970 ns => Valeur emise : 34249
Time = 6980 ns => Valeur emise : 28042
Time = 6980 ns => Valeur recue : -54
Time = 6980 ns => Valeur recue : -117
Time = 6990 ns => Valeur emise : 13855
Time = 7 us => Valeur emise : 26480
Time = 7 us => Valeur recue : 32
Time = 7 us => Valeur recue : 113
Time = 7010 ns => Valeur emise : 26775
Time = 7020 ns => Valeur emise : 14558
Time = 7020 ns => Valeur recue : -104
Time = 7020 ns => Valeur recue : -33
Time = 7030 ns => Valeur emise : 44300
Time = 7040 ns => Valeur emise : 30038
Time = 7040 ns => Valeur recue : 13
Time = 7040 ns => Valeur recue : 87
Time = 7050 ns => Valeur emise : 15497
Time = 7060 ns => Valeur emise : 33562
Time = 7060 ns => Valeur recue : -118
Time = 7060 ns => Valeur recue : 27
Time = 7070 ns => Valeur emise : 6699
Time = 7080 ns => Valeur emise : 29473
Time = 7080 ns => Valeur recue : 44
Time = 7080 ns => Valeur recue : 34
Time = 7090 ns => Valeur emise : 38683
Time = 7100 ns => Valeur emise : 17153
Time = 7100 ns => Valeur recue : 28
Time = 7100 ns => Valeur recue : 2
Time = 7110 ns => Valeur emise : 2311
Time = 7120 ns => Valeur emise : 15629
Time = 7120 ns => Valeur recue : 8
Time = 7120 ns => Valeur recue : 14
Time = 7130 ns => Valeur emise : 16856
Time = 7140 ns => Valeur emise : 57597
Time = 7140 ns => Valeur recue : -39
Time = 7140 ns => Valeur recue : -2
Time = 7150 ns => Valeur emise : 12939
Time = 7160 ns => Valeur emise : 48150
Time = 7160 ns => Valeur recue : -116
Time = 7160 ns => Valeur recue : 23
Time = 7170 ns => Valeur emise : 39106
Time = 7180 ns => Valeur emise : 54433
Time = 7180 ns => Valeur recue : -61
Time = 7180 ns => Valeur recue : -94
Time = 7190 ns => Valeur emise : 23716
Time = 7200 ns => Valeur emise : 12003
Time = 7200 ns => Valeur recue : -91
Time = 7200 ns => Valeur recue : -28
Time = 7210 ns => Valeur emise : 29903
Time = 7220 ns => Valeur emise : 45010
Time = 7220 ns => Valeur recue : -48
Time = 7220 ns => Valeur recue : -45
Time = 7230 ns => Valeur emise : 12434
Time = 7240 ns => Valeur emise : 59602
Time = 7240 ns => Valeur recue : -109
Time = 7240 ns => Valeur recue : -45
Time = 7250 ns => Valeur emise : 24984
Time = 7260 ns => Valeur emise : 5963
Time = 7260 ns => Valeur recue : -103
Time = 7260 ns => Valeur recue : 76
Time = 7270 ns => Valeur emise : 11317
Time = 7280 ns => Valeur emise : 59233
Time = 7280 ns => Valeur recue : 54
Time = 7280 ns => Valeur recue : 98
Time = 7290 ns => Valeur emise : 34005
Time = 7300 ns => Valeur emise : 25173
Time = 7300 ns => Valeur recue : -42
Time = 7300 ns => Valeur recue : 86
Time = 7310 ns => Valeur emise : 20177
Time = 7320 ns => Valeur emise : 60780
Time = 7320 ns => Valeur recue : -46
Time = 7320 ns => Valeur recue : 109
Time = 7330 ns => Valeur emise : 39731
Time = 7340 ns => Valeur emise : 64477
Time = 7340 ns => Valeur recue : 52
Time = 7340 ns => Valeur recue : -34
Time = 7350 ns => Valeur emise : 25282
Time = 7360 ns => Valeur emise : 55228
Time = 7360 ns => Valeur recue : -61
Time = 7360 ns => Valeur recue : -67
Time = 7370 ns => Valeur emise : 32503
Time = 7380 ns => Valeur emise : 31981
Time = 7380 ns => Valeur recue : -8
Time = 7380 ns => Valeur recue : -18
Time = 7390 ns => Valeur emise : 19166
Time = 7400 ns => Valeur emise : 5651
Time = 7400 ns => Valeur recue : -33
Time = 7400 ns => Valeur recue : 20
Time = 7410 ns => Valeur emise : 49135
Time = 7420 ns => Valeur emise : 21477
Time = 7420 ns => Valeur recue : -16
Time = 7420 ns => Valeur recue : -26
Time = 7430 ns => Valeur emise : 21280
Time = 7440 ns => Valeur emise : 455
Time = 7440 ns => Valeur recue : 33
Time = 7440 ns => Valeur recue : -56
Time = 7450 ns => Valeur emise : 13538
Time = 7460 ns => Valeur emise : 34219
Time = 7460 ns => Valeur recue : -29
Time = 7460 ns => Valeur recue : -84
Time = 7470 ns => Valeur emise : 48605
Time = 7480 ns => Valeur emise : 52644
Time = 7480 ns => Valeur recue : -34
Time = 7480 ns => Valeur recue : -91
Time = 7490 ns => Valeur emise : 23117
Time = 7500 ns => Valeur emise : 6785
Time = 7500 ns => Valeur recue : 78
Time = 7500 ns => Valeur recue : -126
Time = 7510 ns => Valeur emise : 64648
Time = 7520 ns => Valeur emise : 53020
Time = 7520 ns => Valeur recue : -119
Time = 7520 ns => Valeur recue : 29
Time = 7530 ns => Valeur emise : 51795
Time = 7540 ns => Valeur emise : 11546
Time = 7540 ns => Valeur recue : 84
Time = 7540 ns => Valeur recue : 27
Time = 7550 ns => Valeur emise : 47086
Time = 7560 ns => Valeur emise : 11243
Time = 7560 ns => Valeur recue : -17
Time = 7560 ns => Valeur recue : -20
Time = 7570 ns => Valeur emise : 17510
Time = 7580 ns => Valeur emise : 58404
Time = 7580 ns => Valeur recue : 103
Time = 7580 ns => Valeur recue : 37
Time = 7590 ns => Valeur emise : 4940
Time = 7600 ns => Valeur emise : 51515
Time = 7600 ns => Valeur recue : 77
Time = 7600 ns => Valeur recue : 60
Time = 7610 ns => Valeur emise : 18041
Time = 7620 ns => Valeur emise : 25118
Time = 7620 ns => Valeur recue : 122
Time = 7620 ns => Valeur recue : 31
Time = 7630 ns => Valeur emise : 46760
Time = 7640 ns => Valeur emise : 57772
Time = 7640 ns => Valeur recue : -87
Time = 7640 ns => Valeur recue : -83
Time = 7650 ns => Valeur emise : 24059
Time = 7660 ns => Valeur emise : 6506
Time = 7660 ns => Valeur recue : -4
Time = 7660 ns => Valeur recue : 107
Time = 7670 ns => Valeur emise : 47464
Time = 7680 ns => Valeur emise : 56563
Time = 7680 ns => Valeur recue : 105
Time = 7680 ns => Valeur recue : -12
Time = 7690 ns => Valeur emise : 38488
Time = 7700 ns => Valeur emise : 1094
Time = 7700 ns => Valeur recue : 89
Time = 7700 ns => Valeur recue : 71
Time = 7710 ns => Valeur emise : 62214
Time = 7720 ns => Valeur emise : 22087
Time = 7720 ns => Valeur recue : 7
Time = 7720 ns => Valeur recue : 72
Time = 7730 ns => Valeur emise : 22571
Time = 7740 ns => Valeur emise : 17958
Time = 7740 ns => Valeur recue : 44
Time = 7740 ns => Valeur recue : 39
Time = 7750 ns => Valeur emise : 22542
Time = 7760 ns => Valeur emise : 36109
Time = 7760 ns => Valeur recue : 15
Time = 7760 ns => Valeur recue : 14
Time = 7770 ns => Valeur emise : 52178
Time = 7780 ns => Valeur emise : 5611
Time = 7780 ns => Valeur recue : -45
Time = 7780 ns => Valeur recue : -20
Time = 7790 ns => Valeur emise : 23218
Time = 7800 ns => Valeur emise : 9759
Time = 7800 ns => Valeur recue : -77
Time = 7800 ns => Valeur recue : 32
Time = 7810 ns => Valeur emise : 12396
Time = 7820 ns => Valeur emise : 22330
Time = 7820 ns => Valeur recue : 109
Time = 7820 ns => Valeur recue : 59
Time = 7830 ns => Valeur emise : 62779
Time = 7840 ns => Valeur emise : 64192
Time = 7840 ns => Valeur recue : 60
Time = 7840 ns => Valeur recue : -63
Time = 7850 ns => Valeur emise : 33876
Time = 7860 ns => Valeur emise : 44330
Time = 7860 ns => Valeur recue : 85
Time = 7860 ns => Valeur recue : 43
Time = 7870 ns => Valeur emise : 9899
Time = 7880 ns => Valeur emise : 51386
Time = 7880 ns => Valeur recue : -84
Time = 7880 ns => Valeur recue : -69
Time = 7890 ns => Valeur emise : 37198
Time = 7900 ns => Valeur emise : 14840
Time = 7900 ns => Valeur recue : 79
Time = 7900 ns => Valeur recue : -7
Time = 7910 ns => Valeur emise : 37366
Time = 7920 ns => Valeur emise : 55239
Time = 7920 ns => Valeur recue : -9
Time = 7920 ns => Valeur recue : -56
Time = 7930 ns => Valeur emise : 39958
Time = 7940 ns => Valeur emise : 18590
Time = 7940 ns => Valeur recue : 23
Time = 7940 ns => Valeur recue : -97
Time = 7950 ns => Valeur emise : 47475
Time = 7960 ns => Valeur emise : 64017
Time = 7960 ns => Valeur recue : 116
Time = 7960 ns => Valeur recue : 18
Time = 7970 ns => Valeur emise : 25096
Time = 7980 ns => Valeur emise : 29403
Time = 7980 ns => Valeur recue : 9
Time = 7980 ns => Valeur recue : -36
Time = 7990 ns => Valeur emise : 55044
Time = 8 us => Valeur emise : 63584
Time = 8 us => Valeur recue : 5
Time = 8 us => Valeur recue : 97
Time = 8010 ns => Valeur emise : 30498
Time = 8020 ns => Valeur emise : 51722
Time = 8020 ns => Valeur recue : 35
Time = 8020 ns => Valeur recue : 11
Time = 8030 ns => Valeur emise : 20135
Time = 8040 ns => Valeur emise : 53069
Time = 8040 ns => Valeur recue : -88
Time = 8040 ns => Valeur recue : 78
Time = 8050 ns => Valeur emise : 4145
Time = 8060 ns => Valeur emise : 42677
Time = 8060 ns => Valeur recue : 50
Time = 8060 ns => Valeur recue : -74
Time = 8070 ns => Valeur emise : 23643
Time = 8080 ns => Valeur emise : 56323
Time = 8080 ns => Valeur recue : 92
Time = 8080 ns => Valeur recue : 4
Time = 8090 ns => Valeur emise : 48288
Time = 8100 ns => Valeur emise : 46861
Time = 8100 ns => Valeur recue : -95
Time = 8100 ns => Valeur recue : 14
Time = 8110 ns => Valeur emise : 546
Time = 8120 ns => Valeur emise : 60685
Time = 8120 ns => Valeur recue : 35
Time = 8120 ns => Valeur recue : 14
Time = 8130 ns => Valeur emise : 3655
Time = 8140 ns => Valeur emise : 63325
Time = 8140 ns => Valeur recue : 72
Time = 8140 ns => Valeur recue : 94
Time = 8150 ns => Valeur emise : 59341
Time = 8160 ns => Valeur emise : 37531
Time = 8160 ns => Valeur recue : -50
Time = 8160 ns => Valeur recue : -100
Time = 8170 ns => Valeur emise : 42119
Time = 8180 ns => Valeur emise : 3704
Time = 8180 ns => Valeur recue : -120
Time = 8180 ns => Valeur recue : 121
Time = 8190 ns => Valeur emise : 23382
Time = 8200 ns => Valeur emise : 13781
Time = 8200 ns => Valeur recue : 87
Time = 8200 ns => Valeur recue : -42
Time = 8210 ns => Valeur emise : 18544
Time = 8220 ns => Valeur emise : 60748
Time = 8220 ns => Valeur recue : 113
Time = 8220 ns => Valeur recue : 77
Time = 8230 ns => Valeur emise : 3484
Time = 8240 ns => Valeur emise : 58502
Time = 8240 ns => Valeur recue : -99
Time = 8240 ns => Valeur recue : -121
Time = 8250 ns => Valeur emise : 13802
Time = 8260 ns => Valeur emise : 50959
Time = 8260 ns => Valeur recue : -21
Time = 8260 ns => Valeur recue : 16
Time = 8270 ns => Valeur emise : 56984
Time = 8280 ns => Valeur emise : 38898
Time = 8280 ns => Valeur recue : -103
Time = 8280 ns => Valeur recue : -13
Time = 8290 ns => Valeur emise : 14827
Time = 8300 ns => Valeur emise : 46492
Time = 8300 ns => Valeur recue : -20
Time = 8300 ns => Valeur recue : -99
Time = 8310 ns => Valeur emise : 36947
Time = 8320 ns => Valeur emise : 45325
Time = 8320 ns => Valeur recue : 84
Time = 8320 ns => Valeur recue : 14
Time = 8330 ns => Valeur emise : 32679
Time = 8340 ns => Valeur emise : 57082
Time = 8340 ns => Valeur recue : -88
Time = 8340 ns => Valeur recue : -5
Time = 8350 ns => Valeur emise : 32858
Time = 8360 ns => Valeur emise : 36824
Time = 8360 ns => Valeur recue : 91
Time = 8360 ns => Valeur recue : -39
Time = 8370 ns => Valeur emise : 34224
Time = 8380 ns => Valeur emise : 56501
Time = 8380 ns => Valeur recue : -79
Time = 8380 ns => Valeur recue : -74
Time = 8390 ns => Valeur emise : 27611
Time = 8400 ns => Valeur emise : 16976
Time = 8400 ns => Valeur recue : -36
Time = 8400 ns => Valeur recue : 81
Time = 8410 ns => Valeur emise : 37826
Time = 8420 ns => Valeur emise : 28157
Time = 8420 ns => Valeur recue : -61
Time = 8420 ns => Valeur recue : -2
Time = 8430 ns => Valeur emise : 12125
Time = 8440 ns => Valeur emise : 41481
Time = 8440 ns => Valeur recue : 94
Time = 8440 ns => Valeur recue : 10
Time = 8450 ns => Valeur emise : 25946
Time = 8460 ns => Valeur emise : 5930
Time = 8460 ns => Valeur recue : 91
Time = 8460 ns => Valeur recue : 43
Time = 8470 ns => Valeur emise : 13477
Time = 8480 ns => Valeur emise : 2530
Time = 8480 ns => Valeur recue : -90
Time = 8480 ns => Valeur recue : -29
Time = 8490 ns => Valeur emise : 9635
Time = 8500 ns => Valeur emise : 36859
Time = 8500 ns => Valeur recue : -92
Time = 8500 ns => Valeur recue : -4
Time = 8510 ns => Valeur emise : 16311
Time = 8520 ns => Valeur emise : 28179
Time = 8520 ns => Valeur recue : -72
Time = 8520 ns => Valeur recue : 20
Time = 8530 ns => Valeur emise : 32071
Time = 8540 ns => Valeur emise : 19796
Time = 8540 ns => Valeur recue : 72
Time = 8540 ns => Valeur recue : 85
Time = 8550 ns => Valeur emise : 21146
Time = 8560 ns => Valeur emise : 45873
Time = 8560 ns => Valeur recue : -101
Time = 8560 ns => Valeur recue : 50
Time = 8570 ns => Valeur emise : 5219
Time = 8580 ns => Valeur emise : 12594
Time = 8580 ns => Valeur recue : 100
Time = 8580 ns => Valeur recue : 51
Time = 8590 ns => Valeur emise : 19235
Time = 8600 ns => Valeur emise : 20046
Time = 8600 ns => Valeur recue : 36
Time = 8600 ns => Valeur recue : 79
Time = 8610 ns => Valeur emise : 59086
Time = 8620 ns => Valeur emise : 56182
Time = 8620 ns => Valeur recue : -49
Time = 8620 ns => Valeur recue : 119
Time = 8630 ns => Valeur emise : 65371
Time = 8640 ns => Valeur emise : 26229
Time = 8640 ns => Valeur recue : 92
Time = 8640 ns => Valeur recue : 118
Time = 8650 ns => Valeur emise : 47729
Time = 8660 ns => Valeur emise : 32694
Time = 8660 ns => Valeur recue : 114
Time = 8660 ns => Valeur recue : -73
Time = 8670 ns => Valeur emise : 63053
Time = 8680 ns => Valeur emise : 16417
Time = 8680 ns => Valeur recue : 78
Time = 8680 ns => Valeur recue : 34
Time = 8690 ns => Valeur emise : 23659
Time = 8700 ns => Valeur emise : 25128
Time = 8700 ns => Valeur recue : 108
Time = 8700 ns => Valeur recue : 41
Time = 8710 ns => Valeur emise : 33393
Time = 8720 ns => Valeur emise : 61486
Time = 8720 ns => Valeur recue : 114
Time = 8720 ns => Valeur recue : 47
Time = 8730 ns => Valeur emise : 53285
Time = 8740 ns => Valeur emise : 45519
Time = 8740 ns => Valeur recue : 38
Time = 8740 ns => Valeur recue : -48
Time = 8750 ns => Valeur emise : 37431
Time = 8760 ns => Valeur emise : 13696
Time = 8760 ns => Valeur recue : 56
Time = 8760 ns => Valeur recue : -127
Time = 8770 ns => Valeur emise : 51449
Time = 8780 ns => Valeur emise : 50908
Time = 8780 ns => Valeur recue : -6
Time = 8780 ns => Valeur recue : -35
Time = 8790 ns => Valeur emise : 16226
Time = 8800 ns => Valeur emise : 61084
Time = 8800 ns => Valeur recue : 99
Time = 8800 ns => Valeur recue : -99
Time = 8810 ns => Valeur emise : 22231
Time = 8820 ns => Valeur emise : 32537
Time = 8820 ns => Valeur recue : -40
Time = 8820 ns => Valeur recue : 26
Time = 8830 ns => Valeur emise : 23728
Time = 8840 ns => Valeur emise : 54302
Time = 8840 ns => Valeur recue : -79
Time = 8840 ns => Valeur recue : 31
Time = 8850 ns => Valeur emise : 52333
Time = 8860 ns => Valeur emise : 44874
Time = 8860 ns => Valeur recue : 110
Time = 8860 ns => Valeur recue : 75
Time = 8870 ns => Valeur emise : 34639
Time = 8880 ns => Valeur emise : 57553
Time = 8880 ns => Valeur recue : 80
Time = 8880 ns => Valeur recue : -46
Time = 8890 ns => Valeur emise : 57468
Time = 8900 ns => Valeur emise : 53875
Time = 8900 ns => Valeur recue : 125
Time = 8900 ns => Valeur recue : 116
Time = 8910 ns => Valeur emise : 12063
Time = 8920 ns => Valeur emise : 51018
Time = 8920 ns => Valeur recue : 32
Time = 8920 ns => Valeur recue : 75
Time = 8930 ns => Valeur emise : 44521
Time = 8940 ns => Valeur emise : 11899
Time = 8940 ns => Valeur recue : -22
Time = 8940 ns => Valeur recue : 124
Time = 8950 ns => Valeur emise : 11712
Time = 8960 ns => Valeur emise : 26714
Time = 8960 ns => Valeur recue : -63
Time = 8960 ns => Valeur recue : 91
Time = 8970 ns => Valeur emise : 44593
Time = 8980 ns => Valeur emise : 9229
Time = 8980 ns => Valeur recue : 50
Time = 8980 ns => Valeur recue : 14
Time = 8990 ns => Valeur emise : 43131
Time = 9 us => Valeur emise : 2716
Time = 9 us => Valeur recue : 124
Time = 9 us => Valeur recue : -99
Time = 9010 ns => Valeur emise : 34358
Time = 9020 ns => Valeur emise : 10989
Time = 9020 ns => Valeur recue : 55
Time = 9020 ns => Valeur recue : -18
Time = 9030 ns => Valeur emise : 64202
Time = 9040 ns => Valeur emise : 22107
Time = 9040 ns => Valeur recue : -53
Time = 9040 ns => Valeur recue : 92
Time = 9050 ns => Valeur emise : 56508
Time = 9060 ns => Valeur emise : 36098
Time = 9060 ns => Valeur recue : -67
Time = 9060 ns => Valeur recue : 3
Time = 9070 ns => Valeur emise : 35803
Time = 9080 ns => Valeur emise : 42421
Time = 9080 ns => Valeur recue : -36
Time = 9080 ns => Valeur recue : -74
Time = 9090 ns => Valeur emise : 21470
Time = 9100 ns => Valeur emise : 52029
Time = 9100 ns => Valeur recue : -33
Time = 9100 ns => Valeur recue : 62
Time = 9110 ns => Valeur emise : 37970
Time = 9120 ns => Valeur emise : 43702
Time = 9120 ns => Valeur recue : 83
Time = 9120 ns => Valeur recue : -73
Time = 9130 ns => Valeur emise : 19031
Time = 9140 ns => Valeur emise : 61698
Time = 9140 ns => Valeur recue : 88
Time = 9140 ns => Valeur recue : 3
Time = 9150 ns => Valeur emise : 32468
Time = 9160 ns => Valeur emise : 5828
Time = 9160 ns => Valeur recue : -43
Time = 9160 ns => Valeur recue : -59
Time = 9170 ns => Valeur emise : 41036
Time = 9180 ns => Valeur emise : 1572
Time = 9180 ns => Valeur recue : 77
Time = 9180 ns => Valeur recue : 37
Time = 9190 ns => Valeur emise : 63381
Time = 9200 ns => Valeur emise : 32968
Time = 9200 ns => Valeur recue : -106
Time = 9200 ns => Valeur recue : -55
Time = 9210 ns => Valeur emise : 55447
Time = 9220 ns => Valeur emise : 9909
Time = 9220 ns => Valeur recue : -104
Time = 9220 ns => Valeur recue : -74
Time = 9230 ns => Valeur emise : 18450
Time = 9240 ns => Valeur emise : 34432
Time = 9240 ns => Valeur recue : 19
Time = 9240 ns => Valeur recue : -127
Time = 9250 ns => Valeur emise : 21808
Time = 9260 ns => Valeur emise : 30162
Time = 9260 ns => Valeur recue : 49
Time = 9260 ns => Valeur recue : -45
Time = 9270 ns => Valeur emise : 61147
Time = 9280 ns => Valeur emise : 865
Time = 9280 ns => Valeur recue : -36
Time = 9280 ns => Valeur recue : 98
Time = 9290 ns => Valeur emise : 39392
Time = 9300 ns => Valeur emise : 38742
Time = 9300 ns => Valeur recue : -31
Time = 9300 ns => Valeur recue : 87
Time = 9310 ns => Valeur emise : 3581
Time = 9320 ns => Valeur emise : 8214
Time = 9320 ns => Valeur recue : -2
Time = 9320 ns => Valeur recue : 23
Time = 9330 ns => Valeur emise : 49731
Time = 9340 ns => Valeur emise : 2248
Time = 9340 ns => Valeur recue : 68
Time = 9340 ns => Valeur recue : -55
Time = 9350 ns => Valeur emise : 30321
Time = 9360 ns => Valeur emise : 40703
Time = 9360 ns => Valeur recue : 114
Time = 9360 ns => Valeur recue : 0
Time = 9370 ns => Valeur emise : 38346
Time = 9380 ns => Valeur emise : 589
Time = 9380 ns => Valeur recue : -53
Time = 9380 ns => Valeur recue : 78
Time = 9390 ns => Valeur emise : 17589
Time = 9400 ns => Valeur emise : 59816
Time = 9400 ns => Valeur recue : -74
Time = 9400 ns => Valeur recue : -87
Time = 9410 ns => Valeur emise : 52618
Time = 9420 ns => Valeur emise : 55559
Time = 9420 ns => Valeur recue : -117
Time = 9420 ns => Valeur recue : 8
Time = 9430 ns => Valeur emise : 37982
Time = 9440 ns => Valeur emise : 6113
Time = 9440 ns => Valeur recue : 95
Time = 9440 ns => Valeur recue : -30
Time = 9450 ns => Valeur emise : 51721
Time = 9460 ns => Valeur emise : 4915
Time = 9460 ns => Valeur recue : 10
Time = 9460 ns => Valeur recue : 52
Time = 9470 ns => Valeur emise : 11942
Time = 9480 ns => Valeur emise : 27221
Time = 9480 ns => Valeur recue : -89
Time = 9480 ns => Valeur recue : 86
Time = 9490 ns => Valeur emise : 6487
Time = 9500 ns => Valeur emise : 9787
Time = 9500 ns => Valeur recue : 88
Time = 9500 ns => Valeur recue : 60
Time = 9510 ns => Valeur emise : 60189
Time = 9520 ns => Valeur emise : 61934
Time = 9520 ns => Valeur recue : 30
Time = 9520 ns => Valeur recue : -17
Time = 9530 ns => Valeur emise : 19696
Time = 9540 ns => Valeur emise : 13103
Time = 9540 ns => Valeur recue : -15
Time = 9540 ns => Valeur recue : 48
Time = 9550 ns => Valeur emise : 30830
Time = 9560 ns => Valeur emise : 41504
Time = 9560 ns => Valeur recue : 111
Time = 9560 ns => Valeur recue : 33
Time = 9570 ns => Valeur emise : 43266
Time = 9580 ns => Valeur emise : 26441
Time = 9580 ns => Valeur recue : 3
Time = 9580 ns => Valeur recue : 74
Time = 9590 ns => Valeur emise : 42369
Time = 9600 ns => Valeur emise : 17122
Time = 9600 ns => Valeur recue : -126
Time = 9600 ns => Valeur recue : -29
Time = 9610 ns => Valeur emise : 65184
Time = 9620 ns => Valeur emise : 45951
Time = 9620 ns => Valeur recue : -95
Time = 9620 ns => Valeur recue : -128
Time = 9630 ns => Valeur emise : 25336
Time = 9640 ns => Valeur emise : 49379
Time = 9640 ns => Valeur recue : -7
Time = 9640 ns => Valeur recue : -28
Time = 9650 ns => Valeur emise : 48199
Time = 9660 ns => Valeur emise : 55657
Time = 9660 ns => Valeur recue : 72
Time = 9660 ns => Valeur recue : 106
Time = 9670 ns => Valeur emise : 24547
Time = 9680 ns => Valeur emise : 21009
Time = 9680 ns => Valeur recue : -28
Time = 9680 ns => Valeur recue : 18
Time = 9690 ns => Valeur emise : 56246
Time = 9700 ns => Valeur emise : 42136
Time = 9700 ns => Valeur recue : -73
Time = 9700 ns => Valeur recue : -103
Time = 9710 ns => Valeur emise : 15289
Time = 9720 ns => Valeur emise : 43329
Time = 9720 ns => Valeur recue : -70
Time = 9720 ns => Valeur recue : 66
Time = 9730 ns => Valeur emise : 32159
Time = 9740 ns => Valeur emise : 53272
Time = 9740 ns => Valeur recue : -96
Time = 9740 ns => Valeur recue : 25
Time = 9750 ns => Valeur emise : 49442
Time = 9760 ns => Valeur emise : 18344
Time = 9760 ns => Valeur recue : 35
Time = 9760 ns => Valeur recue : -87
Time = 9770 ns => Valeur emise : 58187
Time = 9780 ns => Valeur emise : 61384
Time = 9780 ns => Valeur recue : 76
Time = 9780 ns => Valeur recue : -55
Time = 9790 ns => Valeur emise : 45565
Time = 9800 ns => Valeur emise : 64674
Time = 9800 ns => Valeur recue : -2
Time = 9800 ns => Valeur recue : -93
Time = 9810 ns => Valeur emise : 5636
Time = 9820 ns => Valeur emise : 40218
Time = 9820 ns => Valeur recue : 5
Time = 9820 ns => Valeur recue : 27
Time = 9830 ns => Valeur emise : 61072
Time = 9840 ns => Valeur emise : 25332
Time = 9840 ns => Valeur recue : -111
Time = 9840 ns => Valeur recue : -11
Time = 9850 ns => Valeur emise : 53321
Time = 9860 ns => Valeur emise : 26366
Time = 9860 ns => Valeur recue : 74
Time = 9860 ns => Valeur recue : -1
Time = 9870 ns => Valeur emise : 1301
Time = 9880 ns => Valeur emise : 31051
Time = 9880 ns => Valeur recue : 22
Time = 9880 ns => Valeur recue : 76
Time = 9890 ns => Valeur emise : 52808
Time = 9900 ns => Valeur emise : 43670
Time = 9900 ns => Valeur recue : 73
Time = 9900 ns => Valeur recue : -105
Time = 9910 ns => Valeur emise : 48173
Time = 9920 ns => Valeur emise : 52456
Time = 9920 ns => Valeur recue : 46
Time = 9920 ns => Valeur recue : -23
Time = 9930 ns => Valeur emise : 24085
Time = 9940 ns => Valeur emise : 7973
Time = 9940 ns => Valeur recue : 22
Time = 9940 ns => Valeur recue : 38
Time = 9950 ns => Valeur emise : 36299
Time = 9960 ns => Valeur emise : 6748
Time = 9960 ns => Valeur recue : -52
Time = 9960 ns => Valeur recue : 93
Time = 9970 ns => Valeur emise : 63631
Time = 9980 ns => Valeur emise : 60846
Time = 9980 ns => Valeur recue : -112
Time = 9980 ns => Valeur recue : -81
Time = 9990 ns => Valeur emise : 27757
Time = 10 us => Valeur emise : 54341
Time = 10 us => Valeur recue : 110
Time = 10 us => Valeur recue : 70
Time = 10010 ns => Valeur emise : 37446
Time = 10020 ns => Valeur emise : 43047
Time = 10020 ns => Valeur recue : 71
Time = 10020 ns => Valeur recue : 40
Fin de la simulation du circuit...
INFO: [SIM 1] CSim done with 0 errors.
INFO: [SIM 3] *************** CSIM finish ***************
