
*** Running vivado
    with args -log turbo_uart.vds -m64 -product Vivado -mode batch -messageDb vivado.pb -notrace -source turbo_uart.tcl


****** Vivado v2017.3 (64-bit)
  **** SW Build 2018833 on Wed Oct  4 19:58:07 MDT 2017
  **** IP Build 2016188 on Wed Oct  4 21:52:56 MDT 2017
    ** Copyright 1986-2017 Xilinx, Inc. All Rights Reserved.

source turbo_uart.tcl -notrace
Command: synth_design -top turbo_uart -part xc7a100tcsg324-1
Starting synth_design
Attempting to get a license for feature 'Synthesis' and/or device 'xc7a100t'
INFO: [Common 17-349] Got license for feature 'Synthesis' and/or device 'xc7a100t'
INFO: Launching helper process for spawning children vivado processes
INFO: Helper process launched with PID 12254 
---------------------------------------------------------------------------------
Starting RTL Elaboration : Time (s): cpu = 00:00:08 ; elapsed = 00:00:09 . Memory (MB): peak = 1251.137 ; gain = 77.996 ; free physical = 632 ; free virtual = 11779
---------------------------------------------------------------------------------
INFO: [Synth 8-638] synthesizing module 'turbo_uart' [/home/lucas/Documents/Projet_avance_SE/Lucas_commit/rtl_uart_nexys_4/vivado/rtl_uart.srcs/sources_1/imports/src/uart.vhd:17]
INFO: [Synth 8-638] synthesizing module 'UART_recv' [/home/lucas/Documents/Projet_avance_SE/Lucas_commit/rtl_uart_nexys_4/src/uart_recv.vhd:35]
INFO: [Synth 8-256] done synthesizing module 'UART_recv' (1#1) [/home/lucas/Documents/Projet_avance_SE/Lucas_commit/rtl_uart_nexys_4/src/uart_recv.vhd:35]
INFO: [Synth 8-638] synthesizing module 'UART_fifoed_send' [/home/lucas/Documents/Projet_avance_SE/Lucas_commit/rtl_uart_nexys_4/src/UART_fifoed_send_V1.vhd:33]
	Parameter fifo_size bound to: 2048 - type: integer 
	Parameter fifo_almost bound to: 508 - type: integer 
	Parameter drop_oldest_when_full bound to: 0 - type: bool 
	Parameter asynch_fifo_full bound to: 1 - type: bool 
INFO: [Synth 8-256] done synthesizing module 'UART_fifoed_send' (2#1) [/home/lucas/Documents/Projet_avance_SE/Lucas_commit/rtl_uart_nexys_4/src/UART_fifoed_send_V1.vhd:33]
INFO: [Synth 8-3491] module 'Conversion_0' declared at '/home/lucas/Documents/Projet_avance_SE/Lucas_commit/rtl_uart_nexys_4/vivado/rtl_uart.runs/synth_1/.Xil/Vivado-12247-lucas-PC/realtime/Conversion_0_stub.vhdl:5' bound to instance 'conv' of component 'Conversion_0' [/home/lucas/Documents/Projet_avance_SE/Lucas_commit/rtl_uart_nexys_4/vivado/rtl_uart.srcs/sources_1/imports/src/uart.vhd:100]
INFO: [Synth 8-638] synthesizing module 'Conversion_0' [/home/lucas/Documents/Projet_avance_SE/Lucas_commit/rtl_uart_nexys_4/vivado/rtl_uart.runs/synth_1/.Xil/Vivado-12247-lucas-PC/realtime/Conversion_0_stub.vhdl:19]
INFO: [Synth 8-256] done synthesizing module 'turbo_uart' (3#1) [/home/lucas/Documents/Projet_avance_SE/Lucas_commit/rtl_uart_nexys_4/vivado/rtl_uart.srcs/sources_1/imports/src/uart.vhd:17]
---------------------------------------------------------------------------------
Finished RTL Elaboration : Time (s): cpu = 00:00:09 ; elapsed = 00:00:10 . Memory (MB): peak = 1293.668 ; gain = 120.527 ; free physical = 640 ; free virtual = 11787
---------------------------------------------------------------------------------

Report Check Netlist: 
+------+------------------+-------+---------+-------+------------------+
|      |Item              |Errors |Warnings |Status |Description       |
+------+------------------+-------+---------+-------+------------------+
|1     |multi_driven_nets |      0|        0|Passed |Multi driven nets |
+------+------------------+-------+---------+-------+------------------+
---------------------------------------------------------------------------------
Finished RTL Optimization Phase 1 : Time (s): cpu = 00:00:09 ; elapsed = 00:00:10 . Memory (MB): peak = 1293.668 ; gain = 120.527 ; free physical = 640 ; free virtual = 11787
---------------------------------------------------------------------------------
INFO: [Device 21-403] Loading part xc7a100tcsg324-1
INFO: [Project 1-570] Preparing netlist for logic optimization

Processing XDC Constraints
Initializing timing engine
Parsing XDC File [/home/lucas/Documents/Projet_avance_SE/Lucas_commit/rtl_uart_nexys_4/vivado/rtl_uart.runs/synth_1/.Xil/Vivado-12247-lucas-PC/dcp3/Conversion_0_in_context.xdc] for cell 'conv'
Finished Parsing XDC File [/home/lucas/Documents/Projet_avance_SE/Lucas_commit/rtl_uart_nexys_4/vivado/rtl_uart.runs/synth_1/.Xil/Vivado-12247-lucas-PC/dcp3/Conversion_0_in_context.xdc] for cell 'conv'
Parsing XDC File [/home/lucas/Documents/Projet_avance_SE/Lucas_commit/rtl_uart_nexys_4/xdc/Nexys4_Master.xdc]
Finished Parsing XDC File [/home/lucas/Documents/Projet_avance_SE/Lucas_commit/rtl_uart_nexys_4/xdc/Nexys4_Master.xdc]
INFO: [Project 1-236] Implementation specific constraints were found while reading constraint file [/home/lucas/Documents/Projet_avance_SE/Lucas_commit/rtl_uart_nexys_4/xdc/Nexys4_Master.xdc]. These constraints will be ignored for synthesis but will be used in implementation. Impacted constraints are listed in the file [.Xil/turbo_uart_propImpl.xdc].
Resolution: To avoid this warning, move constraints listed in [.Xil/turbo_uart_propImpl.xdc] to another XDC file and exclude this new file from synthesis with the used_in_synthesis property (File Properties dialog in GUI) and re-run elaboration/synthesis.
Completed Processing XDC Constraints

INFO: [Project 1-111] Unisim Transformation Summary:
No Unisim elements were transformed.

Constraint Validation Runtime : Time (s): cpu = 00:00:00 ; elapsed = 00:00:00.01 . Memory (MB): peak = 1634.238 ; gain = 0.000 ; free physical = 380 ; free virtual = 11527
---------------------------------------------------------------------------------
Finished Constraint Validation : Time (s): cpu = 00:00:27 ; elapsed = 00:00:41 . Memory (MB): peak = 1634.238 ; gain = 461.098 ; free physical = 451 ; free virtual = 11599
---------------------------------------------------------------------------------
---------------------------------------------------------------------------------
Start Loading Part and Timing Information
---------------------------------------------------------------------------------
Loading part: xc7a100tcsg324-1
---------------------------------------------------------------------------------
Finished Loading Part and Timing Information : Time (s): cpu = 00:00:27 ; elapsed = 00:00:41 . Memory (MB): peak = 1634.238 ; gain = 461.098 ; free physical = 451 ; free virtual = 11599
---------------------------------------------------------------------------------
---------------------------------------------------------------------------------
Start Applying 'set_property' XDC Constraints
---------------------------------------------------------------------------------
Applied set_property DONT_TOUCH = true for conv. (constraint file  auto generated constraint, line ).
---------------------------------------------------------------------------------
Finished applying 'set_property' XDC Constraints : Time (s): cpu = 00:00:27 ; elapsed = 00:00:41 . Memory (MB): peak = 1634.238 ; gain = 461.098 ; free physical = 453 ; free virtual = 11600
---------------------------------------------------------------------------------
INFO: [Synth 8-802] inferred FSM for state register 'state_reg' in module 'UART_recv'
INFO: [Synth 8-5546] ROM "state" won't be mapped to RAM because it is too sparse
INFO: [Synth 8-5544] ROM "nbbits" won't be mapped to Block RAM because address size (3) smaller than threshold (5)
INFO: [Synth 8-5544] ROM "nbbits" won't be mapped to Block RAM because address size (3) smaller than threshold (5)
INFO: [Synth 8-5544] ROM "state" won't be mapped to Block RAM because address size (1) smaller than threshold (5)
INFO: [Synth 8-5544] ROM "state" won't be mapped to Block RAM because address size (1) smaller than threshold (5)
INFO: [Synth 8-5544] ROM "state" won't be mapped to Block RAM because address size (1) smaller than threshold (5)
WARNING: [Synth 8-6014] Unused sequential element nbbits_reg was removed.  [/home/lucas/Documents/Projet_avance_SE/Lucas_commit/rtl_uart_nexys_4/src/uart_recv.vhd:83]
INFO: [Synth 8-5546] ROM "fifo_empty" won't be mapped to RAM because it is too sparse
INFO: [Synth 8-5546] ROM "top" won't be mapped to RAM because it is too sparse
WARNING: [Synth 8-6014] Unused sequential element n_elements_reg was removed.  [/home/lucas/Documents/Projet_avance_SE/Lucas_commit/rtl_uart_nexys_4/src/UART_fifoed_send_V1.vhd:82]
WARNING: [Synth 8-6014] Unused sequential element input_data_reg was removed.  [/home/lucas/Documents/Projet_avance_SE/Lucas_commit/rtl_uart_nexys_4/vivado/rtl_uart.srcs/sources_1/imports/src/uart.vhd:53]
WARNING: [Synth 8-6014] Unused sequential element output_data_reg was removed.  [/home/lucas/Documents/Projet_avance_SE/Lucas_commit/rtl_uart_nexys_4/vivado/rtl_uart.srcs/sources_1/imports/src/uart.vhd:64]
---------------------------------------------------------------------------------------------------
                   State |                     New Encoding |                Previous Encoding 
---------------------------------------------------------------------------------------------------
                    idle |                              000 |                              000
           zero_as_input |                              001 |                              001
           wait_next_bit |                              010 |                              010
              bit_sample |                              011 |                              011
            bit_received |                              100 |                              100
           wait_stop_bit |                              101 |                              101
        last_bit_is_zero |                              110 |                              110
---------------------------------------------------------------------------------------------------
INFO: [Synth 8-3354] encoded FSM with state register 'state_reg' using encoding 'sequential' in module 'UART_recv'
---------------------------------------------------------------------------------
Finished RTL Optimization Phase 2 : Time (s): cpu = 00:00:28 ; elapsed = 00:00:42 . Memory (MB): peak = 1634.238 ; gain = 461.098 ; free physical = 444 ; free virtual = 11591
---------------------------------------------------------------------------------

Report RTL Partitions: 
+-+--------------+------------+----------+
| |RTL Partition |Replication |Instances |
+-+--------------+------------+----------+
+-+--------------+------------+----------+
---------------------------------------------------------------------------------
Start RTL Component Statistics 
---------------------------------------------------------------------------------
Detailed RTL Component Info : 
+---Adders : 
	   2 Input     12 Bit       Adders := 1     
	   2 Input     11 Bit       Adders := 2     
	   2 Input     10 Bit       Adders := 2     
	   2 Input      4 Bit       Adders := 2     
+---Registers : 
	               11 Bit    Registers := 1     
	               10 Bit    Registers := 2     
	                9 Bit    Registers := 1     
	                8 Bit    Registers := 2     
	                4 Bit    Registers := 2     
	                1 Bit    Registers := 3     
+---RAMs : 
	              16K Bit         RAMs := 1     
+---Muxes : 
	   3 Input     16 Bit        Muxes := 1     
	   2 Input     12 Bit        Muxes := 1     
	   2 Input     11 Bit        Muxes := 2     
	   2 Input     10 Bit        Muxes := 2     
	   7 Input     10 Bit        Muxes := 1     
	   3 Input     10 Bit        Muxes := 1     
	   4 Input      9 Bit        Muxes := 1     
	   3 Input      9 Bit        Muxes := 1     
	   2 Input      9 Bit        Muxes := 1     
	   3 Input      7 Bit        Muxes := 1     
	   4 Input      4 Bit        Muxes := 1     
	   2 Input      4 Bit        Muxes := 1     
	  12 Input      3 Bit        Muxes := 1     
	   3 Input      3 Bit        Muxes := 1     
	   2 Input      1 Bit        Muxes := 11    
	   7 Input      1 Bit        Muxes := 1     
---------------------------------------------------------------------------------
Finished RTL Component Statistics 
---------------------------------------------------------------------------------
---------------------------------------------------------------------------------
Start RTL Hierarchical Component Statistics 
---------------------------------------------------------------------------------
Hierarchical RTL Component report 
Module turbo_uart 
Detailed RTL Component Info : 
+---Muxes : 
	   3 Input     16 Bit        Muxes := 1     
Module UART_recv 
Detailed RTL Component Info : 
+---Adders : 
	   2 Input     10 Bit       Adders := 1     
	   2 Input      4 Bit       Adders := 1     
+---Registers : 
	               10 Bit    Registers := 1     
	                8 Bit    Registers := 2     
	                4 Bit    Registers := 1     
	                1 Bit    Registers := 3     
+---Muxes : 
	   2 Input     10 Bit        Muxes := 2     
	   7 Input     10 Bit        Muxes := 1     
	   3 Input      7 Bit        Muxes := 1     
	  12 Input      3 Bit        Muxes := 1     
	   2 Input      1 Bit        Muxes := 5     
	   7 Input      1 Bit        Muxes := 1     
Module UART_fifoed_send 
Detailed RTL Component Info : 
+---Adders : 
	   2 Input     12 Bit       Adders := 1     
	   2 Input     11 Bit       Adders := 2     
	   2 Input     10 Bit       Adders := 1     
	   2 Input      4 Bit       Adders := 1     
+---Registers : 
	               11 Bit    Registers := 1     
	               10 Bit    Registers := 1     
	                9 Bit    Registers := 1     
	                4 Bit    Registers := 1     
+---RAMs : 
	              16K Bit         RAMs := 1     
+---Muxes : 
	   2 Input     12 Bit        Muxes := 1     
	   2 Input     11 Bit        Muxes := 2     
	   3 Input     10 Bit        Muxes := 1     
	   4 Input      9 Bit        Muxes := 1     
	   3 Input      9 Bit        Muxes := 1     
	   2 Input      9 Bit        Muxes := 1     
	   4 Input      4 Bit        Muxes := 1     
	   2 Input      4 Bit        Muxes := 1     
	   3 Input      3 Bit        Muxes := 1     
	   2 Input      1 Bit        Muxes := 6     
---------------------------------------------------------------------------------
Finished RTL Hierarchical Component Statistics
---------------------------------------------------------------------------------
---------------------------------------------------------------------------------
Start Part Resource Summary
---------------------------------------------------------------------------------
Part Resources:
DSPs: 240 (col length:80)
BRAMs: 270 (col length: RAMB18 80 RAMB36 40)
---------------------------------------------------------------------------------
Finished Part Resource Summary
---------------------------------------------------------------------------------
---------------------------------------------------------------------------------
Start Cross Boundary and Area Optimization
---------------------------------------------------------------------------------
INFO: [Synth 8-5546] ROM "rcv/state" won't be mapped to RAM because it is too sparse
INFO: [Synth 8-5546] ROM "snd/top" won't be mapped to RAM because it is too sparse
WARNING: [Synth 8-6014] Unused sequential element rcv/nbbits_reg was removed.  [/home/lucas/Documents/Projet_avance_SE/Lucas_commit/rtl_uart_nexys_4/src/uart_recv.vhd:83]
WARNING: [Synth 8-6014] Unused sequential element snd/n_elements_reg was removed.  [/home/lucas/Documents/Projet_avance_SE/Lucas_commit/rtl_uart_nexys_4/src/UART_fifoed_send_V1.vhd:82]
WARNING: [Synth 8-6014] Unused sequential element output_data_reg was removed.  [/home/lucas/Documents/Projet_avance_SE/Lucas_commit/rtl_uart_nexys_4/vivado/rtl_uart.srcs/sources_1/imports/src/uart.vhd:64]
WARNING: [Synth 8-6014] Unused sequential element input_data_reg was removed.  [/home/lucas/Documents/Projet_avance_SE/Lucas_commit/rtl_uart_nexys_4/vivado/rtl_uart.srcs/sources_1/imports/src/uart.vhd:53]
INFO: [Synth 8-3886] merging instance 'snd/read_index_reg_rep[0]' (FDRE) to 'snd/read_index_reg[0]'
INFO: [Synth 8-3886] merging instance 'snd/read_index_reg_rep[1]' (FDRE) to 'snd/read_index_reg[1]'
INFO: [Synth 8-3886] merging instance 'snd/read_index_reg_rep[2]' (FDRE) to 'snd/read_index_reg[2]'
INFO: [Synth 8-3886] merging instance 'snd/read_index_reg_rep[3]' (FDRE) to 'snd/read_index_reg[3]'
INFO: [Synth 8-3886] merging instance 'snd/read_index_reg_rep[4]' (FDRE) to 'snd/read_index_reg[4]'
INFO: [Synth 8-3886] merging instance 'snd/read_index_reg_rep[5]' (FDRE) to 'snd/read_index_reg[5]'
INFO: [Synth 8-3886] merging instance 'snd/read_index_reg_rep[9]' (FDRE) to 'snd/read_index_reg[9]'
INFO: [Synth 8-3886] merging instance 'snd/read_index_reg_rep[10]' (FDRE) to 'snd/read_index_reg[10]'
INFO: [Synth 8-3886] merging instance 'snd/read_index_reg_rep[8]' (FDRE) to 'snd/read_index_reg[8]'
INFO: [Synth 8-3886] merging instance 'snd/read_index_reg_rep[7]' (FDRE) to 'snd/read_index_reg[7]'
INFO: [Synth 8-3886] merging instance 'snd/read_index_reg_rep[6]' (FDRE) to 'snd/read_index_reg[6]'
---------------------------------------------------------------------------------
Finished Cross Boundary and Area Optimization : Time (s): cpu = 00:00:29 ; elapsed = 00:00:43 . Memory (MB): peak = 1634.238 ; gain = 461.098 ; free physical = 429 ; free virtual = 11576
---------------------------------------------------------------------------------
---------------------------------------------------------------------------------
Start ROM, RAM, DSP and Shift Register Reporting
---------------------------------------------------------------------------------

Distributed RAM: Preliminary Mapping  Report (see note below)
+------------+--------------+-----------+----------------------+------------------------------+
|Module Name | RTL Object   | Inference | Size (Depth x Width) | Primitives                   | 
+------------+--------------+-----------+----------------------+------------------------------+
|turbo_uart  | snd/FIFO_reg | Implied   | 2 K x 8              | RAM64X1D x 64  RAM64M x 64   | 
+------------+--------------+-----------+----------------------+------------------------------+

Note: The table above is a preliminary report that shows the Distributed RAMs at the current stage of the synthesis flow. Some Distributed RAMs may be reimplemented as non Distributed RAM primitives later in the synthesis flow. Multiple instantiated RAMs are reported only once.
---------------------------------------------------------------------------------
Finished ROM, RAM, DSP and Shift Register Reporting
---------------------------------------------------------------------------------

Report RTL Partitions: 
+-+--------------+------------+----------+
| |RTL Partition |Replication |Instances |
+-+--------------+------------+----------+
+-+--------------+------------+----------+
---------------------------------------------------------------------------------
Start Applying XDC Timing Constraints
---------------------------------------------------------------------------------
---------------------------------------------------------------------------------
Finished Applying XDC Timing Constraints : Time (s): cpu = 00:00:37 ; elapsed = 00:00:54 . Memory (MB): peak = 1634.238 ; gain = 461.098 ; free physical = 309 ; free virtual = 11457
---------------------------------------------------------------------------------
---------------------------------------------------------------------------------
Start Timing Optimization
---------------------------------------------------------------------------------
---------------------------------------------------------------------------------
Finished Timing Optimization : Time (s): cpu = 00:00:37 ; elapsed = 00:00:54 . Memory (MB): peak = 1634.238 ; gain = 461.098 ; free physical = 305 ; free virtual = 11452
---------------------------------------------------------------------------------
---------------------------------------------------------------------------------
Start ROM, RAM, DSP and Shift Register Reporting
---------------------------------------------------------------------------------

Distributed RAM: Final Mapping  Report
+------------+--------------+-----------+----------------------+------------------------------+
|Module Name | RTL Object   | Inference | Size (Depth x Width) | Primitives                   | 
+------------+--------------+-----------+----------------------+------------------------------+
|turbo_uart  | snd/FIFO_reg | Implied   | 2 K x 8              | RAM64X1D x 64  RAM64M x 64   | 
+------------+--------------+-----------+----------------------+------------------------------+

---------------------------------------------------------------------------------
Finished ROM, RAM, DSP and Shift Register Reporting
---------------------------------------------------------------------------------

Report RTL Partitions: 
+-+--------------+------------+----------+
| |RTL Partition |Replication |Instances |
+-+--------------+------------+----------+
+-+--------------+------------+----------+
---------------------------------------------------------------------------------
Start Technology Mapping
---------------------------------------------------------------------------------
---------------------------------------------------------------------------------
Finished Technology Mapping : Time (s): cpu = 00:00:38 ; elapsed = 00:00:55 . Memory (MB): peak = 1634.238 ; gain = 461.098 ; free physical = 302 ; free virtual = 11450
---------------------------------------------------------------------------------

Report RTL Partitions: 
+-+--------------+------------+----------+
| |RTL Partition |Replication |Instances |
+-+--------------+------------+----------+
+-+--------------+------------+----------+
---------------------------------------------------------------------------------
Start IO Insertion
---------------------------------------------------------------------------------
---------------------------------------------------------------------------------
Start Flattening Before IO Insertion
---------------------------------------------------------------------------------
---------------------------------------------------------------------------------
Finished Flattening Before IO Insertion
---------------------------------------------------------------------------------
---------------------------------------------------------------------------------
Start Final Netlist Cleanup
---------------------------------------------------------------------------------
---------------------------------------------------------------------------------
Finished Final Netlist Cleanup
---------------------------------------------------------------------------------
---------------------------------------------------------------------------------
Finished IO Insertion : Time (s): cpu = 00:00:38 ; elapsed = 00:00:55 . Memory (MB): peak = 1634.238 ; gain = 461.098 ; free physical = 304 ; free virtual = 11451
---------------------------------------------------------------------------------

Report Check Netlist: 
+------+------------------+-------+---------+-------+------------------+
|      |Item              |Errors |Warnings |Status |Description       |
+------+------------------+-------+---------+-------+------------------+
|1     |multi_driven_nets |      0|        0|Passed |Multi driven nets |
+------+------------------+-------+---------+-------+------------------+
---------------------------------------------------------------------------------
Start Renaming Generated Instances
---------------------------------------------------------------------------------
---------------------------------------------------------------------------------
Finished Renaming Generated Instances : Time (s): cpu = 00:00:38 ; elapsed = 00:00:55 . Memory (MB): peak = 1634.238 ; gain = 461.098 ; free physical = 304 ; free virtual = 11451
---------------------------------------------------------------------------------

Report RTL Partitions: 
+-+--------------+------------+----------+
| |RTL Partition |Replication |Instances |
+-+--------------+------------+----------+
+-+--------------+------------+----------+
---------------------------------------------------------------------------------
Start Rebuilding User Hierarchy
---------------------------------------------------------------------------------
---------------------------------------------------------------------------------
Finished Rebuilding User Hierarchy : Time (s): cpu = 00:00:38 ; elapsed = 00:00:55 . Memory (MB): peak = 1634.238 ; gain = 461.098 ; free physical = 304 ; free virtual = 11451
---------------------------------------------------------------------------------
---------------------------------------------------------------------------------
Start Renaming Generated Ports
---------------------------------------------------------------------------------
---------------------------------------------------------------------------------
Finished Renaming Generated Ports : Time (s): cpu = 00:00:38 ; elapsed = 00:00:55 . Memory (MB): peak = 1634.238 ; gain = 461.098 ; free physical = 304 ; free virtual = 11451
---------------------------------------------------------------------------------
---------------------------------------------------------------------------------
Start Handling Custom Attributes
---------------------------------------------------------------------------------
---------------------------------------------------------------------------------
Finished Handling Custom Attributes : Time (s): cpu = 00:00:38 ; elapsed = 00:00:55 . Memory (MB): peak = 1634.238 ; gain = 461.098 ; free physical = 304 ; free virtual = 11451
---------------------------------------------------------------------------------
---------------------------------------------------------------------------------
Start Renaming Generated Nets
---------------------------------------------------------------------------------
---------------------------------------------------------------------------------
Finished Renaming Generated Nets : Time (s): cpu = 00:00:38 ; elapsed = 00:00:55 . Memory (MB): peak = 1634.238 ; gain = 461.098 ; free physical = 304 ; free virtual = 11451
---------------------------------------------------------------------------------
---------------------------------------------------------------------------------
Start Writing Synthesis Report
---------------------------------------------------------------------------------

Report BlackBoxes: 
+------+--------------+----------+
|      |BlackBox name |Instances |
+------+--------------+----------+
|1     |Conversion_0  |         1|
+------+--------------+----------+

Report Cell Usage: 
+------+--------------------+------+
|      |Cell                |Count |
+------+--------------------+------+
|1     |Conversion_0_bbox_0 |     1|
|2     |BUFG                |     1|
|3     |CARRY4              |    14|
|4     |LUT1                |    18|
|5     |LUT2                |    18|
|6     |LUT3                |    16|
|7     |LUT4                |    32|
|8     |LUT5                |    44|
|9     |LUT6                |   141|
|10    |MUXF7               |    42|
|11    |MUXF8               |    14|
|12    |RAM64M              |    64|
|13    |RAM64X1D            |    64|
|14    |FDRE                |   123|
|15    |FDSE                |    12|
|16    |IBUF                |     5|
|17    |OBUF                |    17|
+------+--------------------+------+

Report Instance Areas: 
+------+---------+-----------------+------+
|      |Instance |Module           |Cells |
+------+---------+-----------------+------+
|1     |top      |                 |   635|
|2     |  rcv    |UART_recv        |   101|
|3     |  snd    |UART_fifoed_send |   443|
+------+---------+-----------------+------+
---------------------------------------------------------------------------------
Finished Writing Synthesis Report : Time (s): cpu = 00:00:38 ; elapsed = 00:00:55 . Memory (MB): peak = 1634.238 ; gain = 461.098 ; free physical = 304 ; free virtual = 11451
---------------------------------------------------------------------------------
Synthesis finished with 0 errors, 0 critical warnings and 8 warnings.
Synthesis Optimization Runtime : Time (s): cpu = 00:00:29 ; elapsed = 00:00:34 . Memory (MB): peak = 1634.238 ; gain = 120.527 ; free physical = 358 ; free virtual = 11506
Synthesis Optimization Complete : Time (s): cpu = 00:00:39 ; elapsed = 00:00:56 . Memory (MB): peak = 1634.246 ; gain = 461.098 ; free physical = 362 ; free virtual = 11509
INFO: [Project 1-571] Translating synthesized netlist
INFO: [Netlist 29-17] Analyzing 203 Unisim elements for replacement
INFO: [Netlist 29-28] Unisim Transformation completed in 0 CPU seconds
INFO: [Project 1-570] Preparing netlist for logic optimization
INFO: [Opt 31-138] Pushed 0 inverter(s) to 0 load pin(s).
INFO: [Project 1-111] Unisim Transformation Summary:
  A total of 128 instances were transformed.
  RAM64M => RAM64M (RAMD64E, RAMD64E, RAMD64E, RAMD64E): 64 instances
  RAM64X1D => RAM64X1D (RAMD64E, RAMD64E): 64 instances

INFO: [Common 17-83] Releasing license: Synthesis
43 Infos, 8 Warnings, 0 Critical Warnings and 0 Errors encountered.
synth_design completed successfully
synth_design: Time (s): cpu = 00:00:40 ; elapsed = 00:00:57 . Memory (MB): peak = 1634.246 ; gain = 474.480 ; free physical = 353 ; free virtual = 11501
INFO: [Common 17-1381] The checkpoint '/home/lucas/Documents/Projet_avance_SE/Lucas_commit/rtl_uart_nexys_4/vivado/rtl_uart.runs/synth_1/turbo_uart.dcp' has been generated.
INFO: [runtcl-4] Executing : report_utilization -file turbo_uart_utilization_synth.rpt -pb turbo_uart_utilization_synth.pb
report_utilization: Time (s): cpu = 00:00:00.16 ; elapsed = 00:00:00.17 . Memory (MB): peak = 1658.250 ; gain = 0.000 ; free physical = 351 ; free virtual = 11498
INFO: [Common 17-206] Exiting Vivado at Fri Nov 10 11:38:08 2017...
