Copyright 1986-2017 Xilinx, Inc. All Rights Reserved.
------------------------------------------------------------------------------------
| Tool Version : Vivado v.2017.3 (win64) Build 2018833 Wed Oct  4 19:58:22 MDT 2017
| Date         : Thu Dec 21 15:06:32 2017
| Host         : XAVIERMARINB4D2 running 64-bit Service Pack 1  (build 7601)
| Command      : report_timing -file ./report/top_level_timing_synth.rpt
| Design       : top_level
| Device       : 7a100t-csg324
| Speed File   : -1  PRODUCTION 1.19 2017-08-11
------------------------------------------------------------------------------------

Timing Report

Slack (MET) :             1.551ns  (required time - arrival time)
  Source:                 grp_filtre2_fu_342/grp_filtre2_do_filtre_fu_72/filtre2_dadd_64nskbM_U58/top_level_ap_dadd_4_full_dsp_64_u/U0/i_synth/ADDSUB_OP.ADDSUB/SPEED_OP.LOGIC.OP/EXP/NUMB_CMP/FAST_CMP.CMP_TOP/C_CHAIN/CHAIN_GEN[15].CARRYS_DEL.NEED_DEL.CARRYS_FD/C
                            (rising edge-triggered cell FDRE clocked by clk  {rise@0.000ns fall@5.000ns period=10.000ns})
  Destination:            grp_filtre2_fu_342/grp_filtre2_do_filtre_fu_72/filtre2_dadd_64nskbM_U58/top_level_ap_dadd_4_full_dsp_64_u/U0/i_synth/ADDSUB_OP.ADDSUB/SPEED_OP.LOGIC.OP/ALIGN_BLK/FRAC_ADDSUB/DSP_ADD.FRAC_ADDSUB/DSP48E1_ADD.DSP48E1_ADD/DSP/CARRYIN
                            (rising edge-triggered cell DSP48E1 clocked by clk  {rise@0.000ns fall@5.000ns period=10.000ns})
  Path Group:             clk
  Path Type:              Setup (Max at Slow Process Corner)
  Requirement:            10.000ns  (clk rise@10.000ns - clk rise@0.000ns)
  Data Path Delay:        7.067ns  (logic 2.806ns (39.706%)  route 4.261ns (60.294%))
  Logic Levels:           11  (CARRY4=3 LUT2=1 LUT3=1 LUT4=2 LUT6=2 MUXF7=1 MUXF8=1)
  Clock Path Skew:        -0.049ns (DCD - SCD + CPR)
    Destination Clock Delay (DCD):    0.924ns = ( 10.924 - 10.000 ) 
    Source Clock Delay      (SCD):    0.973ns
    Clock Pessimism Removal (CPR):    0.000ns
  Clock Uncertainty:      0.035ns  ((TSJ^2 + TIJ^2)^1/2 + DJ) / 2 + PE
    Total System Jitter     (TSJ):    0.071ns
    Total Input Jitter      (TIJ):    0.000ns
    Discrete Jitter          (DJ):    0.000ns
    Phase Error              (PE):    0.000ns

    Location             Delay type                Incr(ns)  Path(ns)    Netlist Resource(s)
  -------------------------------------------------------------------    -------------------
                         (clock clk rise edge)        0.000     0.000 r  
                                                      0.000     0.000 r  clk (IN)
                         net (fo=2633, unset)         0.973     0.973    grp_filtre2_fu_342/grp_filtre2_do_filtre_fu_72/filtre2_dadd_64nskbM_U58/top_level_ap_dadd_4_full_dsp_64_u/U0/i_synth/ADDSUB_OP.ADDSUB/SPEED_OP.LOGIC.OP/EXP/NUMB_CMP/FAST_CMP.CMP_TOP/C_CHAIN/aclk
                         FDRE                                         r  grp_filtre2_fu_342/grp_filtre2_do_filtre_fu_72/filtre2_dadd_64nskbM_U58/top_level_ap_dadd_4_full_dsp_64_u/U0/i_synth/ADDSUB_OP.ADDSUB/SPEED_OP.LOGIC.OP/EXP/NUMB_CMP/FAST_CMP.CMP_TOP/C_CHAIN/CHAIN_GEN[15].CARRYS_DEL.NEED_DEL.CARRYS_FD/C
  -------------------------------------------------------------------    -------------------
                         FDRE (Prop_fdre_C_Q)         0.362     1.335 r  grp_filtre2_fu_342/grp_filtre2_do_filtre_fu_72/filtre2_dadd_64nskbM_U58/top_level_ap_dadd_4_full_dsp_64_u/U0/i_synth/ADDSUB_OP.ADDSUB/SPEED_OP.LOGIC.OP/EXP/NUMB_CMP/FAST_CMP.CMP_TOP/C_CHAIN/CHAIN_GEN[15].CARRYS_DEL.NEED_DEL.CARRYS_FD/Q
                         net (fo=5, unplaced)         0.791     2.126    grp_filtre2_fu_342/grp_filtre2_do_filtre_fu_72/filtre2_dadd_64nskbM_U58/top_level_ap_dadd_4_full_dsp_64_u/U0/i_synth/ADDSUB_OP.ADDSUB/SPEED_OP.LOGIC.OP/EXP/NUMB_CMP/FAST_CMP.CMP_TOP/C_CHAIN/CARRYS_OUT[0]
                         LUT3 (Prop_lut3_I0_O)        0.295     2.421 r  grp_filtre2_fu_342/grp_filtre2_do_filtre_fu_72/filtre2_dadd_64nskbM_U58/top_level_ap_dadd_4_full_dsp_64_u/U0/i_synth/ADDSUB_OP.ADDSUB/SPEED_OP.LOGIC.OP/EXP/NUMB_CMP/FAST_CMP.CMP_TOP/C_CHAIN/CHAIN_GEN[0].C_MUX.CARRY_MUX_i_2/O
                         net (fo=107, unplaced)       0.550     2.971    grp_filtre2_fu_342/grp_filtre2_do_filtre_fu_72/filtre2_dadd_64nskbM_U58/top_level_ap_dadd_4_full_dsp_64_u/U0/i_synth/ADDSUB_OP.ADDSUB/SPEED_OP.LOGIC.OP/A_IP_DELAY/i_pipe/b_largest
                         LUT6 (Prop_lut6_I4_O)        0.124     3.095 f  grp_filtre2_fu_342/grp_filtre2_do_filtre_fu_72/filtre2_dadd_64nskbM_U58/top_level_ap_dadd_4_full_dsp_64_u/U0/i_synth/ADDSUB_OP.ADDSUB/SPEED_OP.LOGIC.OP/A_IP_DELAY/i_pipe/CHAIN_GEN[1].C_MUX.CARRY_MUX_i_3__0/O
                         net (fo=3, unplaced)         0.750     3.845    grp_filtre2_fu_342/grp_filtre2_do_filtre_fu_72/filtre2_dadd_64nskbM_U58/top_level_ap_dadd_4_full_dsp_64_u/U0/i_synth/ADDSUB_OP.ADDSUB/SPEED_OP.LOGIC.OP/A_IP_DELAY/i_pipe/DSP_17[1]
                         LUT4 (Prop_lut4_I1_O)        0.124     3.969 r  grp_filtre2_fu_342/grp_filtre2_do_filtre_fu_72/filtre2_dadd_64nskbM_U58/top_level_ap_dadd_4_full_dsp_64_u/U0/i_synth/ADDSUB_OP.ADDSUB/SPEED_OP.LOGIC.OP/A_IP_DELAY/i_pipe/CHAIN_GEN[1].C_MUX.CARRY_MUX_i_1__0/O
                         net (fo=1, unplaced)         0.000     3.969    grp_filtre2_fu_342/grp_filtre2_do_filtre_fu_72/filtre2_dadd_64nskbM_U58/top_level_ap_dadd_4_full_dsp_64_u/U0/i_synth/ADDSUB_OP.ADDSUB/SPEED_OP.LOGIC.OP/ALIGN_BLK/ALIGN_SHIFT/ALIGN_Z_D/EQ_ZERO/CARRY_ZERO_DET/opt_has_pipe.first_q_reg[49][1]
                         CARRY4 (Prop_carry4_S[1]_CO[3])
                                                      0.533     4.502 r  grp_filtre2_fu_342/grp_filtre2_do_filtre_fu_72/filtre2_dadd_64nskbM_U58/top_level_ap_dadd_4_full_dsp_64_u/U0/i_synth/ADDSUB_OP.ADDSUB/SPEED_OP.LOGIC.OP/ALIGN_BLK/ALIGN_SHIFT/ALIGN_Z_D/EQ_ZERO/CARRY_ZERO_DET/CHAIN_GEN[0].C_MUX.CARRY_MUX_CARRY4/CO[3]
                         net (fo=2, unplaced)         0.000     4.502    grp_filtre2_fu_342/grp_filtre2_do_filtre_fu_72/filtre2_dadd_64nskbM_U58/top_level_ap_dadd_4_full_dsp_64_u/U0/i_synth/ADDSUB_OP.ADDSUB/SPEED_OP.LOGIC.OP/ALIGN_BLK/ALIGN_SHIFT/ALIGN_Z_D/EQ_ZERO/CARRY_ZERO_DET/opt_has_pipe.first_q_reg[0][3]
                         CARRY4 (Prop_carry4_CI_CO[3])
                                                      0.117     4.619 r  grp_filtre2_fu_342/grp_filtre2_do_filtre_fu_72/filtre2_dadd_64nskbM_U58/top_level_ap_dadd_4_full_dsp_64_u/U0/i_synth/ADDSUB_OP.ADDSUB/SPEED_OP.LOGIC.OP/ALIGN_BLK/ALIGN_SHIFT/ALIGN_Z_D/EQ_ZERO/CARRY_ZERO_DET/CHAIN_GEN[4].C_MUX.CARRY_MUX_CARRY4/CO[3]
                         net (fo=2, unplaced)         0.000     4.619    grp_filtre2_fu_342/grp_filtre2_do_filtre_fu_72/filtre2_dadd_64nskbM_U58/top_level_ap_dadd_4_full_dsp_64_u/U0/i_synth/ADDSUB_OP.ADDSUB/SPEED_OP.LOGIC.OP/ALIGN_BLK/ALIGN_SHIFT/ALIGN_Z_D/EQ_ZERO/CARRY_ZERO_DET/opt_has_pipe.first_q_reg[0][7]
                         CARRY4 (Prop_carry4_CI_CO[1])
                                                      0.179     4.798 f  grp_filtre2_fu_342/grp_filtre2_do_filtre_fu_72/filtre2_dadd_64nskbM_U58/top_level_ap_dadd_4_full_dsp_64_u/U0/i_synth/ADDSUB_OP.ADDSUB/SPEED_OP.LOGIC.OP/ALIGN_BLK/ALIGN_SHIFT/ALIGN_Z_D/EQ_ZERO/CARRY_ZERO_DET/CHAIN_GEN[8].C_MUX.CARRY_MUX_CARRY4/CO[1]
                         net (fo=1, unplaced)         0.312     5.110    grp_filtre2_fu_342/grp_filtre2_do_filtre_fu_72/filtre2_dadd_64nskbM_U58/top_level_ap_dadd_4_full_dsp_64_u/U0/i_synth/ADDSUB_OP.ADDSUB/SPEED_OP.LOGIC.OP/EXP/BMA_EXP_DELAY/i_pipe/opt_has_pipe.first_q_reg[49][9]
                         LUT6 (Prop_lut6_I0_O)        0.332     5.442 f  grp_filtre2_fu_342/grp_filtre2_do_filtre_fu_72/filtre2_dadd_64nskbM_U58/top_level_ap_dadd_4_full_dsp_64_u/U0/i_synth/ADDSUB_OP.ADDSUB/SPEED_OP.LOGIC.OP/EXP/BMA_EXP_DELAY/i_pipe/MUX_LOOP[2].OTHER_LEVELS.DO_CHUNKS[0].LUT6_STRUCT_MUX.MUX1_i_3/O
                         net (fo=1, unplaced)         0.732     6.174    grp_filtre2_fu_342/grp_filtre2_do_filtre_fu_72/filtre2_dadd_64nskbM_U58/top_level_ap_dadd_4_full_dsp_64_u/U0/i_synth/ADDSUB_OP.ADDSUB/SPEED_OP.LOGIC.OP/EXP/BMA_EXP_DELAY/i_pipe/MUX_LOOP[2].OTHER_LEVELS.DO_CHUNKS[0].LUT6_STRUCT_MUX.MUX1_i_3_n_0
                         LUT4 (Prop_lut4_I0_O)        0.124     6.298 f  grp_filtre2_fu_342/grp_filtre2_do_filtre_fu_72/filtre2_dadd_64nskbM_U58/top_level_ap_dadd_4_full_dsp_64_u/U0/i_synth/ADDSUB_OP.ADDSUB/SPEED_OP.LOGIC.OP/EXP/BMA_EXP_DELAY/i_pipe/MUX_LOOP[2].OTHER_LEVELS.DO_CHUNKS[0].LUT6_STRUCT_MUX.MUX1_i_1/O
                         net (fo=1, unplaced)         0.000     6.298    grp_filtre2_fu_342/grp_filtre2_do_filtre_fu_72/filtre2_dadd_64nskbM_U58/top_level_ap_dadd_4_full_dsp_64_u/U0/i_synth/ADDSUB_OP.ADDSUB/SPEED_OP.LOGIC.OP/ALIGN_BLK/ALIGN_SHIFT/ALIGN_Z_D/zero_det_unreg[1]_3[2]
                         MUXF7 (Prop_muxf7_I0_O)      0.209     6.507 f  grp_filtre2_fu_342/grp_filtre2_do_filtre_fu_72/filtre2_dadd_64nskbM_U58/top_level_ap_dadd_4_full_dsp_64_u/U0/i_synth/ADDSUB_OP.ADDSUB/SPEED_OP.LOGIC.OP/ALIGN_BLK/ALIGN_SHIFT/ALIGN_Z_D/MUX_LOOP[2].OTHER_LEVELS.DO_CHUNKS[0].LUT6_STRUCT_MUX.MUX1/O
                         net (fo=1, unplaced)         0.000     6.507    grp_filtre2_fu_342/grp_filtre2_do_filtre_fu_72/filtre2_dadd_64nskbM_U58/top_level_ap_dadd_4_full_dsp_64_u/U0/i_synth/ADDSUB_OP.ADDSUB/SPEED_OP.LOGIC.OP/ALIGN_BLK/ALIGN_SHIFT/ALIGN_Z_D/mux0_1
                         MUXF8 (Prop_muxf8_I1_O)      0.088     6.595 f  grp_filtre2_fu_342/grp_filtre2_do_filtre_fu_72/filtre2_dadd_64nskbM_U58/top_level_ap_dadd_4_full_dsp_64_u/U0/i_synth/ADDSUB_OP.ADDSUB/SPEED_OP.LOGIC.OP/ALIGN_BLK/ALIGN_SHIFT/ALIGN_Z_D/MUX_LOOP[2].OTHER_LEVELS.DO_CHUNKS[0].LUT6_STRUCT_MUX.MUX2/O
                         net (fo=2, unplaced)         0.323     6.918    grp_filtre2_fu_342/grp_filtre2_do_filtre_fu_72/filtre2_dadd_64nskbM_U58/top_level_ap_dadd_4_full_dsp_64_u/U0/i_synth/ADDSUB_OP.ADDSUB/SPEED_OP.LOGIC.OP/EXP/SUB_DELAY/i_pipe/zeros_add
                         LUT2 (Prop_lut2_I1_O)        0.319     7.237 r  grp_filtre2_fu_342/grp_filtre2_do_filtre_fu_72/filtre2_dadd_64nskbM_U58/top_level_ap_dadd_4_full_dsp_64_u/U0/i_synth/ADDSUB_OP.ADDSUB/SPEED_OP.LOGIC.OP/EXP/SUB_DELAY/i_pipe/DSP_i_1__0/O
                         net (fo=1, unplaced)         0.803     8.040    grp_filtre2_fu_342/grp_filtre2_do_filtre_fu_72/filtre2_dadd_64nskbM_U58/top_level_ap_dadd_4_full_dsp_64_u/U0/i_synth/ADDSUB_OP.ADDSUB/SPEED_OP.LOGIC.OP/ALIGN_BLK/FRAC_ADDSUB/DSP_ADD.FRAC_ADDSUB/DSP48E1_ADD.DSP48E1_ADD/opt_has_pipe.first_q_reg[0]_1
                         DSP48E1                                      r  grp_filtre2_fu_342/grp_filtre2_do_filtre_fu_72/filtre2_dadd_64nskbM_U58/top_level_ap_dadd_4_full_dsp_64_u/U0/i_synth/ADDSUB_OP.ADDSUB/SPEED_OP.LOGIC.OP/ALIGN_BLK/FRAC_ADDSUB/DSP_ADD.FRAC_ADDSUB/DSP48E1_ADD.DSP48E1_ADD/DSP/CARRYIN
  -------------------------------------------------------------------    -------------------

                         (clock clk rise edge)       10.000    10.000 r  
                                                      0.000    10.000 r  clk (IN)
                         net (fo=2633, unset)         0.924    10.924    grp_filtre2_fu_342/grp_filtre2_do_filtre_fu_72/filtre2_dadd_64nskbM_U58/top_level_ap_dadd_4_full_dsp_64_u/U0/i_synth/ADDSUB_OP.ADDSUB/SPEED_OP.LOGIC.OP/ALIGN_BLK/FRAC_ADDSUB/DSP_ADD.FRAC_ADDSUB/DSP48E1_ADD.DSP48E1_ADD/aclk
                         DSP48E1                                      r  grp_filtre2_fu_342/grp_filtre2_do_filtre_fu_72/filtre2_dadd_64nskbM_U58/top_level_ap_dadd_4_full_dsp_64_u/U0/i_synth/ADDSUB_OP.ADDSUB/SPEED_OP.LOGIC.OP/ALIGN_BLK/FRAC_ADDSUB/DSP_ADD.FRAC_ADDSUB/DSP48E1_ADD.DSP48E1_ADD/DSP/CLK
                         clock pessimism              0.000    10.924    
                         clock uncertainty           -0.035    10.889    
                         DSP48E1 (Setup_dsp48e1_CLK_CARRYIN)
                                                     -1.298     9.591    grp_filtre2_fu_342/grp_filtre2_do_filtre_fu_72/filtre2_dadd_64nskbM_U58/top_level_ap_dadd_4_full_dsp_64_u/U0/i_synth/ADDSUB_OP.ADDSUB/SPEED_OP.LOGIC.OP/ALIGN_BLK/FRAC_ADDSUB/DSP_ADD.FRAC_ADDSUB/DSP48E1_ADD.DSP48E1_ADD/DSP
  -------------------------------------------------------------------
                         required time                          9.591    
                         arrival time                          -8.040    
  -------------------------------------------------------------------
                         slack                                  1.551    




