==============================================================
File generated by Vivado(TM) HLS - High-Level Synthesis from C, C++ and SystemC
Version: 2017.3
Copyright (C) 1986-2017 Xilinx, Inc. All Rights Reserved.

==============================================================

INFO: [SYN 201-201] Setting up clock 'default' with a period of 10ns.
INFO: [HLS 200-10] Setting target device to 'xc7a100tcsg324-1'
INFO: [COSIM 212-2] Generating simulation wrapper in SystemC ...
INFO: [COSIM 212-47] Using Modelsim for RTL simulation.
ERROR: [COSIM 212-104] Cannot find Mentor Graphics ModelSim. Make sure it is accessible through the PATH variable.
ERROR: [COSIM 212-4] *** C/RTL co-simulation finished: FAIL ***
command 'ap_source' returned error code
    while executing
"source Y:/Documents/MesDocuments/Cours_nsave/Enseirb-E3_nsave/pr310/git/Xavier_commit/hls/main_module/solution1/cosim.tcl"
    invoked from within
"hls::main Y:/Documents/MesDocuments/Cours_nsave/Enseirb-E3_nsave/pr310/git/Xavier_commit/hls/main_module/solution1/cosim.tcl"
    ("uplevel" body line 1)
    invoked from within
"uplevel 1 hls::main {*}$args"
    (procedure "hls_proc" line 5)
    invoked from within
"hls_proc $argv"
