Copyright 1986-2017 Xilinx, Inc. All Rights Reserved.
------------------------------------------------------------------------------------
| Tool Version : Vivado v.2017.3 (win64) Build 2018833 Wed Oct  4 19:58:22 MDT 2017
| Date         : Thu Jan 18 15:05:58 2018
| Host         : XAVIERMARINB4D2 running 64-bit Service Pack 1  (build 7601)
| Command      : report_control_sets -file turbo_uart_control_sets_placed.rpt
| Design       : turbo_uart
| Device       : xc7a100t
------------------------------------------------------------------------------------

Control Set Information

Table of Contents
-----------------
1. Summary
2. Flip-Flop Distribution

1. Summary
----------

+-------------------------------+-------+
|             Status            | Count |
+-------------------------------+-------+
| Number of unique control sets |    59 |
+-------------------------------+-------+


2. Flip-Flop Distribution
-------------------------

+--------------+-----------------------+------------------------+-----------------+--------------+
| Clock Enable | Synchronous Set/Reset | Asynchronous Set/Reset | Total Registers | Total Slices |
+--------------+-----------------------+------------------------+-----------------+--------------+
| No           | No                    | No                     |              50 |           14 |
| No           | No                    | Yes                    |               0 |            0 |
| No           | Yes                   | No                     |              84 |           36 |
| Yes          | No                    | No                     |             126 |           29 |
| Yes          | No                    | Yes                    |               0 |            0 |
| Yes          | Yes                   | No                     |             254 |           62 |
+--------------+-----------------------+------------------------+-----------------+--------------+


