
*** Running vivado
    with args -log Conversion_0.vds -m64 -product Vivado -mode batch -messageDb vivado.pb -notrace -source Conversion_0.tcl


****** Vivado v2017.3 (64-bit)
  **** SW Build 2018833 on Wed Oct  4 19:58:07 MDT 2017
  **** IP Build 2016188 on Wed Oct  4 21:52:56 MDT 2017
    ** Copyright 1986-2017 Xilinx, Inc. All Rights Reserved.

source Conversion_0.tcl -notrace
Command: synth_design -top Conversion_0 -part xc7a100tcsg324-1 -mode out_of_context
Starting synth_design
Attempting to get a license for feature 'Synthesis' and/or device 'xc7a100t'
INFO: [Common 17-349] Got license for feature 'Synthesis' and/or device 'xc7a100t'
INFO: Launching helper process for spawning children vivado processes
INFO: Helper process launched with PID 13413 
---------------------------------------------------------------------------------
Starting RTL Elaboration : Time (s): cpu = 00:00:08 ; elapsed = 00:00:09 . Memory (MB): peak = 1254.914 ; gain = 75.996 ; free physical = 377 ; free virtual = 7552
---------------------------------------------------------------------------------
INFO: [Synth 8-638] synthesizing module 'Conversion_0' [/home/cedric/Documents/Cours_2A/Toto/Projet_avance_SE/rtl_uart_nexys_4/vivado/rtl_uart.srcs/sources_1/ip/Conversion_0/synth/Conversion_0.vhd:69]
INFO: [Synth 8-3491] module 'Conversion' declared at '/home/cedric/Documents/Cours_2A/Toto/Projet_avance_SE/rtl_uart_nexys_4/vivado/rtl_uart.srcs/sources_1/ip/Conversion_0/hdl/vhdl/Conversion.vhd:12' bound to instance 'U0' of component 'Conversion' [/home/cedric/Documents/Cours_2A/Toto/Projet_avance_SE/rtl_uart_nexys_4/vivado/rtl_uart.srcs/sources_1/ip/Conversion_0/synth/Conversion_0.vhd:101]
INFO: [Synth 8-638] synthesizing module 'Conversion' [/home/cedric/Documents/Cours_2A/Toto/Projet_avance_SE/rtl_uart_nexys_4/vivado/rtl_uart.srcs/sources_1/ip/Conversion_0/hdl/vhdl/Conversion.vhd:25]
INFO: [Synth 8-3491] module 'Conversion_do_conversion' declared at '/home/cedric/Documents/Cours_2A/Toto/Projet_avance_SE/rtl_uart_nexys_4/vivado/rtl_uart.srcs/sources_1/ip/Conversion_0/hdl/vhdl/Conversion_do_conversion.vhd:12' bound to instance 'grp_Conversion_do_conversion_fu_56' of component 'Conversion_do_conversion' [/home/cedric/Documents/Cours_2A/Toto/Projet_avance_SE/rtl_uart_nexys_4/vivado/rtl_uart.srcs/sources_1/ip/Conversion_0/hdl/vhdl/Conversion.vhd:52]
INFO: [Synth 8-638] synthesizing module 'Conversion_do_conversion' [/home/cedric/Documents/Cours_2A/Toto/Projet_avance_SE/rtl_uart_nexys_4/vivado/rtl_uart.srcs/sources_1/ip/Conversion_0/hdl/vhdl/Conversion_do_conversion.vhd:25]
INFO: [Synth 8-5534] Detected attribute (* fsm_encoding = "none" *) [/home/cedric/Documents/Cours_2A/Toto/Projet_avance_SE/rtl_uart_nexys_4/vivado/rtl_uart.srcs/sources_1/ip/Conversion_0/hdl/vhdl/Conversion_do_conversion.vhd:36]
INFO: [Synth 8-5534] Detected attribute (* fsm_encoding = "none" *) [/home/cedric/Documents/Cours_2A/Toto/Projet_avance_SE/rtl_uart_nexys_4/vivado/rtl_uart.srcs/sources_1/ip/Conversion_0/hdl/vhdl/Conversion_do_conversion.vhd:39]
INFO: [Synth 8-5534] Detected attribute (* fsm_encoding = "none" *) [/home/cedric/Documents/Cours_2A/Toto/Projet_avance_SE/rtl_uart_nexys_4/vivado/rtl_uart.srcs/sources_1/ip/Conversion_0/hdl/vhdl/Conversion_do_conversion.vhd:42]
INFO: [Synth 8-256] done synthesizing module 'Conversion_do_conversion' (1#1) [/home/cedric/Documents/Cours_2A/Toto/Projet_avance_SE/rtl_uart_nexys_4/vivado/rtl_uart.srcs/sources_1/ip/Conversion_0/hdl/vhdl/Conversion_do_conversion.vhd:25]
INFO: [Synth 8-256] done synthesizing module 'Conversion' (2#1) [/home/cedric/Documents/Cours_2A/Toto/Projet_avance_SE/rtl_uart_nexys_4/vivado/rtl_uart.srcs/sources_1/ip/Conversion_0/hdl/vhdl/Conversion.vhd:25]
INFO: [Synth 8-256] done synthesizing module 'Conversion_0' (3#1) [/home/cedric/Documents/Cours_2A/Toto/Projet_avance_SE/rtl_uart_nexys_4/vivado/rtl_uart.srcs/sources_1/ip/Conversion_0/synth/Conversion_0.vhd:69]
---------------------------------------------------------------------------------
Finished RTL Elaboration : Time (s): cpu = 00:00:09 ; elapsed = 00:00:10 . Memory (MB): peak = 1297.453 ; gain = 118.535 ; free physical = 387 ; free virtual = 7562
---------------------------------------------------------------------------------

Report Check Netlist: 
+------+------------------+-------+---------+-------+------------------+
|      |Item              |Errors |Warnings |Status |Description       |
+------+------------------+-------+---------+-------+------------------+
|1     |multi_driven_nets |      0|        0|Passed |Multi driven nets |
+------+------------------+-------+---------+-------+------------------+
---------------------------------------------------------------------------------
Finished RTL Optimization Phase 1 : Time (s): cpu = 00:00:09 ; elapsed = 00:00:10 . Memory (MB): peak = 1297.453 ; gain = 118.535 ; free physical = 388 ; free virtual = 7563
---------------------------------------------------------------------------------
INFO: [Device 21-403] Loading part xc7a100tcsg324-1
INFO: [Project 1-570] Preparing netlist for logic optimization

Processing XDC Constraints
Initializing timing engine
Parsing XDC File [/home/cedric/Documents/Cours_2A/Toto/Projet_avance_SE/rtl_uart_nexys_4/vivado/rtl_uart.srcs/sources_1/ip/Conversion_0/constraints/Conversion_ooc.xdc] for cell 'U0'
Finished Parsing XDC File [/home/cedric/Documents/Cours_2A/Toto/Projet_avance_SE/rtl_uart_nexys_4/vivado/rtl_uart.srcs/sources_1/ip/Conversion_0/constraints/Conversion_ooc.xdc] for cell 'U0'
Parsing XDC File [/home/cedric/Documents/Cours_2A/Toto/Projet_avance_SE/rtl_uart_nexys_4/vivado/rtl_uart.runs/Conversion_0_synth_1/dont_touch.xdc]
Finished Parsing XDC File [/home/cedric/Documents/Cours_2A/Toto/Projet_avance_SE/rtl_uart_nexys_4/vivado/rtl_uart.runs/Conversion_0_synth_1/dont_touch.xdc]
Completed Processing XDC Constraints

INFO: [Project 1-111] Unisim Transformation Summary:
No Unisim elements were transformed.

Constraint Validation Runtime : Time (s): cpu = 00:00:00 ; elapsed = 00:00:00 . Memory (MB): peak = 1623.266 ; gain = 0.000 ; free physical = 181 ; free virtual = 7275
---------------------------------------------------------------------------------
Finished Constraint Validation : Time (s): cpu = 00:00:25 ; elapsed = 00:00:40 . Memory (MB): peak = 1623.270 ; gain = 444.352 ; free physical = 248 ; free virtual = 7342
---------------------------------------------------------------------------------
---------------------------------------------------------------------------------
Start Loading Part and Timing Information
---------------------------------------------------------------------------------
Loading part: xc7a100tcsg324-1
---------------------------------------------------------------------------------
Finished Loading Part and Timing Information : Time (s): cpu = 00:00:25 ; elapsed = 00:00:40 . Memory (MB): peak = 1623.270 ; gain = 444.352 ; free physical = 248 ; free virtual = 7342
---------------------------------------------------------------------------------
---------------------------------------------------------------------------------
Start Applying 'set_property' XDC Constraints
---------------------------------------------------------------------------------
Applied set_property DONT_TOUCH = true for U0. (constraint file  /home/cedric/Documents/Cours_2A/Toto/Projet_avance_SE/rtl_uart_nexys_4/vivado/rtl_uart.runs/Conversion_0_synth_1/dont_touch.xdc, line 9).
---------------------------------------------------------------------------------
Finished applying 'set_property' XDC Constraints : Time (s): cpu = 00:00:25 ; elapsed = 00:00:40 . Memory (MB): peak = 1623.270 ; gain = 444.352 ; free physical = 249 ; free virtual = 7343
---------------------------------------------------------------------------------
INFO: [Synth 8-4490] FSM extraction disabled for register 'ap_CS_fsm_reg' through user attribute
---------------------------------------------------------------------------------
Finished RTL Optimization Phase 2 : Time (s): cpu = 00:00:26 ; elapsed = 00:00:40 . Memory (MB): peak = 1623.270 ; gain = 444.352 ; free physical = 241 ; free virtual = 7335
---------------------------------------------------------------------------------

Report RTL Partitions: 
+-+--------------+------------+----------+
| |RTL Partition |Replication |Instances |
+-+--------------+------------+----------+
+-+--------------+------------+----------+
---------------------------------------------------------------------------------
Start RTL Component Statistics 
---------------------------------------------------------------------------------
Detailed RTL Component Info : 
+---Adders : 
	   2 Input      8 Bit       Adders := 1     
+---Registers : 
	                8 Bit    Registers := 1     
	                3 Bit    Registers := 1     
+---Muxes : 
	   5 Input      3 Bit        Muxes := 1     
---------------------------------------------------------------------------------
Finished RTL Component Statistics 
---------------------------------------------------------------------------------
---------------------------------------------------------------------------------
Start RTL Hierarchical Component Statistics 
---------------------------------------------------------------------------------
Hierarchical RTL Component report 
Module Conversion_do_conversion 
Detailed RTL Component Info : 
+---Adders : 
	   2 Input      8 Bit       Adders := 1     
+---Registers : 
	                8 Bit    Registers := 1     
	                3 Bit    Registers := 1     
+---Muxes : 
	   5 Input      3 Bit        Muxes := 1     
---------------------------------------------------------------------------------
Finished RTL Hierarchical Component Statistics
---------------------------------------------------------------------------------
---------------------------------------------------------------------------------
Start Part Resource Summary
---------------------------------------------------------------------------------
Part Resources:
DSPs: 240 (col length:80)
BRAMs: 270 (col length: RAMB18 80 RAMB36 40)
---------------------------------------------------------------------------------
Finished Part Resource Summary
---------------------------------------------------------------------------------
---------------------------------------------------------------------------------
Start Cross Boundary and Area Optimization
---------------------------------------------------------------------------------
WARNING: [Synth 8-3332] Sequential element (grp_Conversion_do_conversion_fu_56/ap_CS_fsm_reg[0]) is unused and will be removed from module Conversion.
---------------------------------------------------------------------------------
Finished Cross Boundary and Area Optimization : Time (s): cpu = 00:00:26 ; elapsed = 00:00:40 . Memory (MB): peak = 1623.273 ; gain = 444.355 ; free physical = 230 ; free virtual = 7325
---------------------------------------------------------------------------------

Report RTL Partitions: 
+-+--------------+------------+----------+
| |RTL Partition |Replication |Instances |
+-+--------------+------------+----------+
+-+--------------+------------+----------+
---------------------------------------------------------------------------------
Start Applying XDC Timing Constraints
---------------------------------------------------------------------------------
---------------------------------------------------------------------------------
Finished Applying XDC Timing Constraints : Time (s): cpu = 00:00:33 ; elapsed = 00:00:50 . Memory (MB): peak = 1623.273 ; gain = 444.355 ; free physical = 132 ; free virtual = 7206
---------------------------------------------------------------------------------
---------------------------------------------------------------------------------
Start Timing Optimization
---------------------------------------------------------------------------------
---------------------------------------------------------------------------------
Finished Timing Optimization : Time (s): cpu = 00:00:33 ; elapsed = 00:00:50 . Memory (MB): peak = 1623.273 ; gain = 444.355 ; free physical = 131 ; free virtual = 7205
---------------------------------------------------------------------------------

Report RTL Partitions: 
+-+--------------+------------+----------+
| |RTL Partition |Replication |Instances |
+-+--------------+------------+----------+
+-+--------------+------------+----------+
---------------------------------------------------------------------------------
Start Technology Mapping
---------------------------------------------------------------------------------
---------------------------------------------------------------------------------
Finished Technology Mapping : Time (s): cpu = 00:00:33 ; elapsed = 00:00:50 . Memory (MB): peak = 1623.273 ; gain = 444.355 ; free physical = 134 ; free virtual = 7206
---------------------------------------------------------------------------------

Report RTL Partitions: 
+-+--------------+------------+----------+
| |RTL Partition |Replication |Instances |
+-+--------------+------------+----------+
+-+--------------+------------+----------+
---------------------------------------------------------------------------------
Start IO Insertion
---------------------------------------------------------------------------------
---------------------------------------------------------------------------------
Start Flattening Before IO Insertion
---------------------------------------------------------------------------------
---------------------------------------------------------------------------------
Finished Flattening Before IO Insertion
---------------------------------------------------------------------------------
---------------------------------------------------------------------------------
Start Final Netlist Cleanup
---------------------------------------------------------------------------------
---------------------------------------------------------------------------------
Finished Final Netlist Cleanup
---------------------------------------------------------------------------------
---------------------------------------------------------------------------------
Finished IO Insertion : Time (s): cpu = 00:00:33 ; elapsed = 00:00:51 . Memory (MB): peak = 1623.273 ; gain = 444.355 ; free physical = 134 ; free virtual = 7206
---------------------------------------------------------------------------------

Report Check Netlist: 
+------+------------------+-------+---------+-------+------------------+
|      |Item              |Errors |Warnings |Status |Description       |
+------+------------------+-------+---------+-------+------------------+
|1     |multi_driven_nets |      0|        0|Passed |Multi driven nets |
+------+------------------+-------+---------+-------+------------------+
---------------------------------------------------------------------------------
Start Renaming Generated Instances
---------------------------------------------------------------------------------
---------------------------------------------------------------------------------
Finished Renaming Generated Instances : Time (s): cpu = 00:00:33 ; elapsed = 00:00:51 . Memory (MB): peak = 1623.273 ; gain = 444.355 ; free physical = 134 ; free virtual = 7206
---------------------------------------------------------------------------------

Report RTL Partitions: 
+-+--------------+------------+----------+
| |RTL Partition |Replication |Instances |
+-+--------------+------------+----------+
+-+--------------+------------+----------+
---------------------------------------------------------------------------------
Start Rebuilding User Hierarchy
---------------------------------------------------------------------------------
---------------------------------------------------------------------------------
Finished Rebuilding User Hierarchy : Time (s): cpu = 00:00:33 ; elapsed = 00:00:51 . Memory (MB): peak = 1623.273 ; gain = 444.355 ; free physical = 134 ; free virtual = 7206
---------------------------------------------------------------------------------
---------------------------------------------------------------------------------
Start Renaming Generated Ports
---------------------------------------------------------------------------------
---------------------------------------------------------------------------------
Finished Renaming Generated Ports : Time (s): cpu = 00:00:33 ; elapsed = 00:00:51 . Memory (MB): peak = 1623.273 ; gain = 444.355 ; free physical = 134 ; free virtual = 7206
---------------------------------------------------------------------------------
---------------------------------------------------------------------------------
Start Handling Custom Attributes
---------------------------------------------------------------------------------
---------------------------------------------------------------------------------
Finished Handling Custom Attributes : Time (s): cpu = 00:00:33 ; elapsed = 00:00:51 . Memory (MB): peak = 1623.273 ; gain = 444.355 ; free physical = 134 ; free virtual = 7206
---------------------------------------------------------------------------------
---------------------------------------------------------------------------------
Start Renaming Generated Nets
---------------------------------------------------------------------------------
---------------------------------------------------------------------------------
Finished Renaming Generated Nets : Time (s): cpu = 00:00:33 ; elapsed = 00:00:51 . Memory (MB): peak = 1623.273 ; gain = 444.355 ; free physical = 134 ; free virtual = 7206
---------------------------------------------------------------------------------
---------------------------------------------------------------------------------
Start Writing Synthesis Report
---------------------------------------------------------------------------------

Report BlackBoxes: 
+-+--------------+----------+
| |BlackBox name |Instances |
+-+--------------+----------+
+-+--------------+----------+

Report Cell Usage: 
+------+-----+------+
|      |Cell |Count |
+------+-----+------+
|1     |LUT1 |     1|
|2     |LUT2 |     4|
|3     |LUT3 |     2|
|4     |LUT4 |     1|
|5     |LUT5 |     3|
|6     |LUT6 |     2|
|7     |FDRE |    10|
+------+-----+------+

Report Instance Areas: 
+------+---------------------------------------+-------------------------+------+
|      |Instance                               |Module                   |Cells |
+------+---------------------------------------+-------------------------+------+
|1     |top                                    |                         |    23|
|2     |  U0                                   |Conversion               |    23|
|3     |    grp_Conversion_do_conversion_fu_56 |Conversion_do_conversion |    23|
+------+---------------------------------------+-------------------------+------+
---------------------------------------------------------------------------------
Finished Writing Synthesis Report : Time (s): cpu = 00:00:33 ; elapsed = 00:00:51 . Memory (MB): peak = 1623.273 ; gain = 444.355 ; free physical = 134 ; free virtual = 7206
---------------------------------------------------------------------------------
Synthesis finished with 0 errors, 0 critical warnings and 1 warnings.
Synthesis Optimization Runtime : Time (s): cpu = 00:00:26 ; elapsed = 00:00:31 . Memory (MB): peak = 1623.273 ; gain = 118.539 ; free physical = 189 ; free virtual = 7261
Synthesis Optimization Complete : Time (s): cpu = 00:00:33 ; elapsed = 00:00:51 . Memory (MB): peak = 1623.273 ; gain = 444.355 ; free physical = 189 ; free virtual = 7261
INFO: [Project 1-571] Translating synthesized netlist
INFO: [Project 1-570] Preparing netlist for logic optimization
INFO: [Opt 31-138] Pushed 0 inverter(s) to 0 load pin(s).
INFO: [Project 1-111] Unisim Transformation Summary:
No Unisim elements were transformed.

INFO: [Common 17-83] Releasing license: Synthesis
21 Infos, 1 Warnings, 0 Critical Warnings and 0 Errors encountered.
synth_design completed successfully
synth_design: Time (s): cpu = 00:00:35 ; elapsed = 00:00:52 . Memory (MB): peak = 1623.273 ; gain = 457.727 ; free physical = 194 ; free virtual = 7266
INFO: [Common 17-1381] The checkpoint '/home/cedric/Documents/Cours_2A/Toto/Projet_avance_SE/rtl_uart_nexys_4/vivado/rtl_uart.runs/Conversion_0_synth_1/Conversion_0.dcp' has been generated.
INFO: [Coretcl 2-1482] Added synthesis output to IP cache for IP /home/cedric/Documents/Cours_2A/Toto/Projet_avance_SE/rtl_uart_nexys_4/vivado/rtl_uart.srcs/sources_1/ip/Conversion_0/Conversion_0.xci
INFO: [Coretcl 2-1174] Renamed 2 cell refs.
INFO: [Common 17-1381] The checkpoint '/home/cedric/Documents/Cours_2A/Toto/Projet_avance_SE/rtl_uart_nexys_4/vivado/rtl_uart.runs/Conversion_0_synth_1/Conversion_0.dcp' has been generated.
INFO: [runtcl-4] Executing : report_utilization -file Conversion_0_utilization_synth.rpt -pb Conversion_0_utilization_synth.pb
report_utilization: Time (s): cpu = 00:00:00.10 ; elapsed = 00:00:00.11 . Memory (MB): peak = 1647.285 ; gain = 0.000 ; free physical = 196 ; free virtual = 7268
INFO: [Common 17-206] Exiting Vivado at Wed Oct 25 18:24:31 2017...
